
AVRASM ver. 2.1.30  C:\Users\Alpha\Desktop\CodevisionAz5\Debug\List\a5.asm Tue Aug 11 03:18:20 2020

C:\Users\Alpha\Desktop\CodevisionAz5\Debug\List\a5.asm(1088): warning: Register r5 already defined by the .DEF directive
C:\Users\Alpha\Desktop\CodevisionAz5\Debug\List\a5.asm(1089): warning: Register r4 already defined by the .DEF directive
C:\Users\Alpha\Desktop\CodevisionAz5\Debug\List\a5.asm(1090): warning: Register r7 already defined by the .DEF directive
                 
                 
                 ;CodeVisionAVR C Compiler V3.14 Advanced
                 ;(C) Copyright 1998-2014 Pavel Haiduc, HP InfoTech s.r.l.
                 ;http://www.hpinfotech.com
                 
                 ;Build configuration    : Debug
                 ;Chip type              : ATmega32
                 ;Program type           : Application
                 ;Clock frequency        : 1.000000 MHz
                 ;Memory model           : Small
                 ;Optimize for           : Size
                 ;(s)printf features     : int, width
                 ;(s)scanf features      : int, width
                 ;External RAM size      : 0
                 ;Data Stack size        : 512 byte(s)
                 ;Heap size              : 0 byte(s)
                 ;Promote 'char' to 'int': Yes
                 ;'char' is unsigned     : Yes
                 ;8 bit enums            : Yes
                 ;Global 'const' stored in FLASH: Yes
                 ;Enhanced function parameter passing: Yes
                 ;Enhanced core instructions: On
                 ;Automatic register allocation for global variables: On
                 ;Smart register allocation: On
                 
                 	#define _MODEL_SMALL_
                 
                 	#pragma AVRPART ADMIN PART_NAME ATmega32
                 	#pragma AVRPART MEMORY PROG_FLASH 32768
                 	#pragma AVRPART MEMORY EEPROM 1024
                 	#pragma AVRPART MEMORY INT_SRAM SIZE 2048
                 	#pragma AVRPART MEMORY INT_SRAM START_ADDR 0x60
                 
                 	#define CALL_SUPPORTED 1
                 
                 	.LISTMAC
                 	.EQU UDRE=0x5
                 	.EQU RXC=0x7
                 	.EQU USR=0xB
                 	.EQU UDR=0xC
                 	.EQU SPSR=0xE
                 	.EQU SPDR=0xF
                 	.EQU EERE=0x0
                 	.EQU EEWE=0x1
                 	.EQU EEMWE=0x2
                 	.EQU EECR=0x1C
                 	.EQU EEDR=0x1D
                 	.EQU EEARL=0x1E
                 	.EQU EEARH=0x1F
                 	.EQU WDTCR=0x21
                 	.EQU MCUCR=0x35
                 	.EQU GICR=0x3B
                 	.EQU SPL=0x3D
                 	.EQU SPH=0x3E
                 	.EQU SREG=0x3F
                 
                 	.DEF R0X0=R0
                 	.DEF R0X1=R1
                 	.DEF R0X2=R2
                 	.DEF R0X3=R3
                 	.DEF R0X4=R4
                 	.DEF R0X5=R5
                 	.DEF R0X6=R6
                 	.DEF R0X7=R7
                 	.DEF R0X8=R8
                 	.DEF R0X9=R9
                 	.DEF R0XA=R10
                 	.DEF R0XB=R11
                 	.DEF R0XC=R12
                 	.DEF R0XD=R13
                 	.DEF R0XE=R14
                 	.DEF R0XF=R15
                 	.DEF R0X10=R16
                 	.DEF R0X11=R17
                 	.DEF R0X12=R18
                 	.DEF R0X13=R19
                 	.DEF R0X14=R20
                 	.DEF R0X15=R21
                 	.DEF R0X16=R22
                 	.DEF R0X17=R23
                 	.DEF R0X18=R24
                 	.DEF R0X19=R25
                 	.DEF R0X1A=R26
                 	.DEF R0X1B=R27
                 	.DEF R0X1C=R28
                 	.DEF R0X1D=R29
                 	.DEF R0X1E=R30
                 	.DEF R0X1F=R31
                 
                 	.EQU __SRAM_START=0x0060
                 	.EQU __SRAM_END=0x085F
                 	.EQU __DSTACK_SIZE=0x0200
                 	.EQU __HEAP_SIZE=0x0000
                 	.EQU __CLEAR_SRAM_SIZE=__SRAM_END-__SRAM_START+1
                 
                 	.MACRO __CPD1N
                 	CPI  R30,LOW(@0)
                 	LDI  R26,HIGH(@0)
                 	CPC  R31,R26
                 	LDI  R26,BYTE3(@0)
                 	CPC  R22,R26
                 	LDI  R26,BYTE4(@0)
                 	CPC  R23,R26
                 	.ENDM
                 
                 	.MACRO __CPD2N
                 	CPI  R26,LOW(@0)
                 	LDI  R30,HIGH(@0)
                 	CPC  R27,R30
                 	LDI  R30,BYTE3(@0)
                 	CPC  R24,R30
                 	LDI  R30,BYTE4(@0)
                 	CPC  R25,R30
                 	.ENDM
                 
                 	.MACRO __CPWRR
                 	CP   R@0,R@2
                 	CPC  R@1,R@3
                 	.ENDM
                 
                 	.MACRO __CPWRN
                 	CPI  R@0,LOW(@2)
                 	LDI  R30,HIGH(@2)
                 	CPC  R@1,R30
                 	.ENDM
                 
                 	.MACRO __ADDB1MN
                 	SUBI R30,LOW(-@0-(@1))
                 	.ENDM
                 
                 	.MACRO __ADDB2MN
                 	SUBI R26,LOW(-@0-(@1))
                 	.ENDM
                 
                 	.MACRO __ADDW1MN
                 	SUBI R30,LOW(-@0-(@1))
                 	SBCI R31,HIGH(-@0-(@1))
                 	.ENDM
                 
                 	.MACRO __ADDW2MN
                 	SUBI R26,LOW(-@0-(@1))
                 	SBCI R27,HIGH(-@0-(@1))
                 	.ENDM
                 
                 	.MACRO __ADDW1FN
                 	SUBI R30,LOW(-2*@0-(@1))
                 	SBCI R31,HIGH(-2*@0-(@1))
                 	.ENDM
                 
                 	.MACRO __ADDD1FN
                 	SUBI R30,LOW(-2*@0-(@1))
                 	SBCI R31,HIGH(-2*@0-(@1))
                 	SBCI R22,BYTE3(-2*@0-(@1))
                 	.ENDM
                 
                 	.MACRO __ADDD1N
                 	SUBI R30,LOW(-@0)
                 	SBCI R31,HIGH(-@0)
                 	SBCI R22,BYTE3(-@0)
                 	SBCI R23,BYTE4(-@0)
                 	.ENDM
                 
                 	.MACRO __ADDD2N
                 	SUBI R26,LOW(-@0)
                 	SBCI R27,HIGH(-@0)
                 	SBCI R24,BYTE3(-@0)
                 	SBCI R25,BYTE4(-@0)
                 	.ENDM
                 
                 	.MACRO __SUBD1N
                 	SUBI R30,LOW(@0)
                 	SBCI R31,HIGH(@0)
                 	SBCI R22,BYTE3(@0)
                 	SBCI R23,BYTE4(@0)
                 	.ENDM
                 
                 	.MACRO __SUBD2N
                 	SUBI R26,LOW(@0)
                 	SBCI R27,HIGH(@0)
                 	SBCI R24,BYTE3(@0)
                 	SBCI R25,BYTE4(@0)
                 	.ENDM
                 
                 	.MACRO __ANDBMNN
                 	LDS  R30,@0+(@1)
                 	ANDI R30,LOW(@2)
                 	STS  @0+(@1),R30
                 	.ENDM
                 
                 	.MACRO __ANDWMNN
                 	LDS  R30,@0+(@1)
                 	ANDI R30,LOW(@2)
                 	STS  @0+(@1),R30
                 	LDS  R30,@0+(@1)+1
                 	ANDI R30,HIGH(@2)
                 	STS  @0+(@1)+1,R30
                 	.ENDM
                 
                 	.MACRO __ANDD1N
                 	ANDI R30,LOW(@0)
                 	ANDI R31,HIGH(@0)
                 	ANDI R22,BYTE3(@0)
                 	ANDI R23,BYTE4(@0)
                 	.ENDM
                 
                 	.MACRO __ANDD2N
                 	ANDI R26,LOW(@0)
                 	ANDI R27,HIGH(@0)
                 	ANDI R24,BYTE3(@0)
                 	ANDI R25,BYTE4(@0)
                 	.ENDM
                 
                 	.MACRO __ORBMNN
                 	LDS  R30,@0+(@1)
                 	ORI  R30,LOW(@2)
                 	STS  @0+(@1),R30
                 	.ENDM
                 
                 	.MACRO __ORWMNN
                 	LDS  R30,@0+(@1)
                 	ORI  R30,LOW(@2)
                 	STS  @0+(@1),R30
                 	LDS  R30,@0+(@1)+1
                 	ORI  R30,HIGH(@2)
                 	STS  @0+(@1)+1,R30
                 	.ENDM
                 
                 	.MACRO __ORD1N
                 	ORI  R30,LOW(@0)
                 	ORI  R31,HIGH(@0)
                 	ORI  R22,BYTE3(@0)
                 	ORI  R23,BYTE4(@0)
                 	.ENDM
                 
                 	.MACRO __ORD2N
                 	ORI  R26,LOW(@0)
                 	ORI  R27,HIGH(@0)
                 	ORI  R24,BYTE3(@0)
                 	ORI  R25,BYTE4(@0)
                 	.ENDM
                 
                 	.MACRO __DELAY_USB
                 	LDI  R24,LOW(@0)
                 __DELAY_USB_LOOP:
                 	DEC  R24
                 	BRNE __DELAY_USB_LOOP
                 	.ENDM
                 
                 	.MACRO __DELAY_USW
                 	LDI  R24,LOW(@0)
                 	LDI  R25,HIGH(@0)
                 __DELAY_USW_LOOP:
                 	SBIW R24,1
                 	BRNE __DELAY_USW_LOOP
                 	.ENDM
                 
                 	.MACRO __GETD1S
                 	LDD  R30,Y+@0
                 	LDD  R31,Y+@0+1
                 	LDD  R22,Y+@0+2
                 	LDD  R23,Y+@0+3
                 	.ENDM
                 
                 	.MACRO __GETD2S
                 	LDD  R26,Y+@0
                 	LDD  R27,Y+@0+1
                 	LDD  R24,Y+@0+2
                 	LDD  R25,Y+@0+3
                 	.ENDM
                 
                 	.MACRO __PUTD1S
                 	STD  Y+@0,R30
                 	STD  Y+@0+1,R31
                 	STD  Y+@0+2,R22
                 	STD  Y+@0+3,R23
                 	.ENDM
                 
                 	.MACRO __PUTD2S
                 	STD  Y+@0,R26
                 	STD  Y+@0+1,R27
                 	STD  Y+@0+2,R24
                 	STD  Y+@0+3,R25
                 	.ENDM
                 
                 	.MACRO __PUTDZ2
                 	STD  Z+@0,R26
                 	STD  Z+@0+1,R27
                 	STD  Z+@0+2,R24
                 	STD  Z+@0+3,R25
                 	.ENDM
                 
                 	.MACRO __CLRD1S
                 	STD  Y+@0,R30
                 	STD  Y+@0+1,R30
                 	STD  Y+@0+2,R30
                 	STD  Y+@0+3,R30
                 	.ENDM
                 
                 	.MACRO __POINTB1MN
                 	LDI  R30,LOW(@0+(@1))
                 	.ENDM
                 
                 	.MACRO __POINTW1MN
                 	LDI  R30,LOW(@0+(@1))
                 	LDI  R31,HIGH(@0+(@1))
                 	.ENDM
                 
                 	.MACRO __POINTD1M
                 	LDI  R30,LOW(@0)
                 	LDI  R31,HIGH(@0)
                 	LDI  R22,BYTE3(@0)
                 	LDI  R23,BYTE4(@0)
                 	.ENDM
                 
                 	.MACRO __POINTW1FN
                 	LDI  R30,LOW(2*@0+(@1))
                 	LDI  R31,HIGH(2*@0+(@1))
                 	.ENDM
                 
                 	.MACRO __POINTD1FN
                 	LDI  R30,LOW(2*@0+(@1))
                 	LDI  R31,HIGH(2*@0+(@1))
                 	LDI  R22,BYTE3(2*@0+(@1))
                 	LDI  R23,BYTE4(2*@0+(@1))
                 	.ENDM
                 
                 	.MACRO __POINTB2MN
                 	LDI  R26,LOW(@0+(@1))
                 	.ENDM
                 
                 	.MACRO __POINTW2MN
                 	LDI  R26,LOW(@0+(@1))
                 	LDI  R27,HIGH(@0+(@1))
                 	.ENDM
                 
                 	.MACRO __POINTW2FN
                 	LDI  R26,LOW(2*@0+(@1))
                 	LDI  R27,HIGH(2*@0+(@1))
                 	.ENDM
                 
                 	.MACRO __POINTD2FN
                 	LDI  R26,LOW(2*@0+(@1))
                 	LDI  R27,HIGH(2*@0+(@1))
                 	LDI  R24,BYTE3(2*@0+(@1))
                 	LDI  R25,BYTE4(2*@0+(@1))
                 	.ENDM
                 
                 	.MACRO __POINTBRM
                 	LDI  R@0,LOW(@1)
                 	.ENDM
                 
                 	.MACRO __POINTWRM
                 	LDI  R@0,LOW(@2)
                 	LDI  R@1,HIGH(@2)
                 	.ENDM
                 
                 	.MACRO __POINTBRMN
                 	LDI  R@0,LOW(@1+(@2))
                 	.ENDM
                 
                 	.MACRO __POINTWRMN
                 	LDI  R@0,LOW(@2+(@3))
                 	LDI  R@1,HIGH(@2+(@3))
                 	.ENDM
                 
                 	.MACRO __POINTWRFN
                 	LDI  R@0,LOW(@2*2+(@3))
                 	LDI  R@1,HIGH(@2*2+(@3))
                 	.ENDM
                 
                 	.MACRO __GETD1N
                 	LDI  R30,LOW(@0)
                 	LDI  R31,HIGH(@0)
                 	LDI  R22,BYTE3(@0)
                 	LDI  R23,BYTE4(@0)
                 	.ENDM
                 
                 	.MACRO __GETD2N
                 	LDI  R26,LOW(@0)
                 	LDI  R27,HIGH(@0)
                 	LDI  R24,BYTE3(@0)
                 	LDI  R25,BYTE4(@0)
                 	.ENDM
                 
                 	.MACRO __GETB1MN
                 	LDS  R30,@0+(@1)
                 	.ENDM
                 
                 	.MACRO __GETB1HMN
                 	LDS  R31,@0+(@1)
                 	.ENDM
                 
                 	.MACRO __GETW1MN
                 	LDS  R30,@0+(@1)
                 	LDS  R31,@0+(@1)+1
                 	.ENDM
                 
                 	.MACRO __GETD1MN
                 	LDS  R30,@0+(@1)
                 	LDS  R31,@0+(@1)+1
                 	LDS  R22,@0+(@1)+2
                 	LDS  R23,@0+(@1)+3
                 	.ENDM
                 
                 	.MACRO __GETBRMN
                 	LDS  R@0,@1+(@2)
                 	.ENDM
                 
                 	.MACRO __GETWRMN
                 	LDS  R@0,@2+(@3)
                 	LDS  R@1,@2+(@3)+1
                 	.ENDM
                 
                 	.MACRO __GETWRZ
                 	LDD  R@0,Z+@2
                 	LDD  R@1,Z+@2+1
                 	.ENDM
                 
                 	.MACRO __GETD2Z
                 	LDD  R26,Z+@0
                 	LDD  R27,Z+@0+1
                 	LDD  R24,Z+@0+2
                 	LDD  R25,Z+@0+3
                 	.ENDM
                 
                 	.MACRO __GETB2MN
                 	LDS  R26,@0+(@1)
                 	.ENDM
                 
                 	.MACRO __GETW2MN
                 	LDS  R26,@0+(@1)
                 	LDS  R27,@0+(@1)+1
                 	.ENDM
                 
                 	.MACRO __GETD2MN
                 	LDS  R26,@0+(@1)
                 	LDS  R27,@0+(@1)+1
                 	LDS  R24,@0+(@1)+2
                 	LDS  R25,@0+(@1)+3
                 	.ENDM
                 
                 	.MACRO __PUTB1MN
                 	STS  @0+(@1),R30
                 	.ENDM
                 
                 	.MACRO __PUTW1MN
                 	STS  @0+(@1),R30
                 	STS  @0+(@1)+1,R31
                 	.ENDM
                 
                 	.MACRO __PUTD1MN
                 	STS  @0+(@1),R30
                 	STS  @0+(@1)+1,R31
                 	STS  @0+(@1)+2,R22
                 	STS  @0+(@1)+3,R23
                 	.ENDM
                 
                 	.MACRO __PUTB1EN
                 	LDI  R26,LOW(@0+(@1))
                 	LDI  R27,HIGH(@0+(@1))
                 	CALL __EEPROMWRB
                 	.ENDM
                 
                 	.MACRO __PUTW1EN
                 	LDI  R26,LOW(@0+(@1))
                 	LDI  R27,HIGH(@0+(@1))
                 	CALL __EEPROMWRW
                 	.ENDM
                 
                 	.MACRO __PUTD1EN
                 	LDI  R26,LOW(@0+(@1))
                 	LDI  R27,HIGH(@0+(@1))
                 	CALL __EEPROMWRD
                 	.ENDM
                 
                 	.MACRO __PUTBR0MN
                 	STS  @0+(@1),R0
                 	.ENDM
                 
                 	.MACRO __PUTBMRN
                 	STS  @0+(@1),R@2
                 	.ENDM
                 
                 	.MACRO __PUTWMRN
                 	STS  @0+(@1),R@2
                 	STS  @0+(@1)+1,R@3
                 	.ENDM
                 
                 	.MACRO __PUTBZR
                 	STD  Z+@1,R@0
                 	.ENDM
                 
                 	.MACRO __PUTWZR
                 	STD  Z+@2,R@0
                 	STD  Z+@2+1,R@1
                 	.ENDM
                 
                 	.MACRO __GETW1R
                 	MOV  R30,R@0
                 	MOV  R31,R@1
                 	.ENDM
                 
                 	.MACRO __GETW2R
                 	MOV  R26,R@0
                 	MOV  R27,R@1
                 	.ENDM
                 
                 	.MACRO __GETWRN
                 	LDI  R@0,LOW(@2)
                 	LDI  R@1,HIGH(@2)
                 	.ENDM
                 
                 	.MACRO __PUTW1R
                 	MOV  R@0,R30
                 	MOV  R@1,R31
                 	.ENDM
                 
                 	.MACRO __PUTW2R
                 	MOV  R@0,R26
                 	MOV  R@1,R27
                 	.ENDM
                 
                 	.MACRO __ADDWRN
                 	SUBI R@0,LOW(-@2)
                 	SBCI R@1,HIGH(-@2)
                 	.ENDM
                 
                 	.MACRO __ADDWRR
                 	ADD  R@0,R@2
                 	ADC  R@1,R@3
                 	.ENDM
                 
                 	.MACRO __SUBWRN
                 	SUBI R@0,LOW(@2)
                 	SBCI R@1,HIGH(@2)
                 	.ENDM
                 
                 	.MACRO __SUBWRR
                 	SUB  R@0,R@2
                 	SBC  R@1,R@3
                 	.ENDM
                 
                 	.MACRO __ANDWRN
                 	ANDI R@0,LOW(@2)
                 	ANDI R@1,HIGH(@2)
                 	.ENDM
                 
                 	.MACRO __ANDWRR
                 	AND  R@0,R@2
                 	AND  R@1,R@3
                 	.ENDM
                 
                 	.MACRO __ORWRN
                 	ORI  R@0,LOW(@2)
                 	ORI  R@1,HIGH(@2)
                 	.ENDM
                 
                 	.MACRO __ORWRR
                 	OR   R@0,R@2
                 	OR   R@1,R@3
                 	.ENDM
                 
                 	.MACRO __EORWRR
                 	EOR  R@0,R@2
                 	EOR  R@1,R@3
                 	.ENDM
                 
                 	.MACRO __GETWRS
                 	LDD  R@0,Y+@2
                 	LDD  R@1,Y+@2+1
                 	.ENDM
                 
                 	.MACRO __PUTBSR
                 	STD  Y+@1,R@0
                 	.ENDM
                 
                 	.MACRO __PUTWSR
                 	STD  Y+@2,R@0
                 	STD  Y+@2+1,R@1
                 	.ENDM
                 
                 	.MACRO __MOVEWRR
                 	MOV  R@0,R@2
                 	MOV  R@1,R@3
                 	.ENDM
                 
                 	.MACRO __INWR
                 	IN   R@0,@2
                 	IN   R@1,@2+1
                 	.ENDM
                 
                 	.MACRO __OUTWR
                 	OUT  @2+1,R@1
                 	OUT  @2,R@0
                 	.ENDM
                 
                 	.MACRO __CALL1MN
                 	LDS  R30,@0+(@1)
                 	LDS  R31,@0+(@1)+1
                 	ICALL
                 	.ENDM
                 
                 	.MACRO __CALL1FN
                 	LDI  R30,LOW(2*@0+(@1))
                 	LDI  R31,HIGH(2*@0+(@1))
                 	CALL __GETW1PF
                 	ICALL
                 	.ENDM
                 
                 	.MACRO __CALL2EN
                 	PUSH R26
                 	PUSH R27
                 	LDI  R26,LOW(@0+(@1))
                 	LDI  R27,HIGH(@0+(@1))
                 	CALL __EEPROMRDW
                 	POP  R27
                 	POP  R26
                 	ICALL
                 	.ENDM
                 
                 	.MACRO __CALL2EX
                 	SUBI R26,LOW(-@0)
                 	SBCI R27,HIGH(-@0)
                 	CALL __EEPROMRDD
                 	ICALL
                 	.ENDM
                 
                 	.MACRO __GETW1STACK
                 	IN   R30,SPL
                 	IN   R31,SPH
                 	ADIW R30,@0+1
                 	LD   R0,Z+
                 	LD   R31,Z
                 	MOV  R30,R0
                 	.ENDM
                 
                 	.MACRO __GETD1STACK
                 	IN   R30,SPL
                 	IN   R31,SPH
                 	ADIW R30,@0+1
                 	LD   R0,Z+
                 	LD   R1,Z+
                 	LD   R22,Z
                 	MOVW R30,R0
                 	.ENDM
                 
                 	.MACRO __NBST
                 	BST  R@0,@1
                 	IN   R30,SREG
                 	LDI  R31,0x40
                 	EOR  R30,R31
                 	OUT  SREG,R30
                 	.ENDM
                 
                 
                 	.MACRO __PUTB1SN
                 	LDD  R26,Y+@0
                 	LDD  R27,Y+@0+1
                 	SUBI R26,LOW(-@1)
                 	SBCI R27,HIGH(-@1)
                 	ST   X,R30
                 	.ENDM
                 
                 	.MACRO __PUTW1SN
                 	LDD  R26,Y+@0
                 	LDD  R27,Y+@0+1
                 	SUBI R26,LOW(-@1)
                 	SBCI R27,HIGH(-@1)
                 	ST   X+,R30
                 	ST   X,R31
                 	.ENDM
                 
                 	.MACRO __PUTD1SN
                 	LDD  R26,Y+@0
                 	LDD  R27,Y+@0+1
                 	SUBI R26,LOW(-@1)
                 	SBCI R27,HIGH(-@1)
                 	CALL __PUTDP1
                 	.ENDM
                 
                 	.MACRO __PUTB1SNS
                 	LDD  R26,Y+@0
                 	LDD  R27,Y+@0+1
                 	ADIW R26,@1
                 	ST   X,R30
                 	.ENDM
                 
                 	.MACRO __PUTW1SNS
                 	LDD  R26,Y+@0
                 	LDD  R27,Y+@0+1
                 	ADIW R26,@1
                 	ST   X+,R30
                 	ST   X,R31
                 	.ENDM
                 
                 	.MACRO __PUTD1SNS
                 	LDD  R26,Y+@0
                 	LDD  R27,Y+@0+1
                 	ADIW R26,@1
                 	CALL __PUTDP1
                 	.ENDM
                 
                 	.MACRO __PUTB1PMN
                 	LDS  R26,@0
                 	LDS  R27,@0+1
                 	SUBI R26,LOW(-@1)
                 	SBCI R27,HIGH(-@1)
                 	ST   X,R30
                 	.ENDM
                 
                 	.MACRO __PUTW1PMN
                 	LDS  R26,@0
                 	LDS  R27,@0+1
                 	SUBI R26,LOW(-@1)
                 	SBCI R27,HIGH(-@1)
                 	ST   X+,R30
                 	ST   X,R31
                 	.ENDM
                 
                 	.MACRO __PUTD1PMN
                 	LDS  R26,@0
                 	LDS  R27,@0+1
                 	SUBI R26,LOW(-@1)
                 	SBCI R27,HIGH(-@1)
                 	CALL __PUTDP1
                 	.ENDM
                 
                 	.MACRO __PUTB1PMNS
                 	LDS  R26,@0
                 	LDS  R27,@0+1
                 	ADIW R26,@1
                 	ST   X,R30
                 	.ENDM
                 
                 	.MACRO __PUTW1PMNS
                 	LDS  R26,@0
                 	LDS  R27,@0+1
                 	ADIW R26,@1
                 	ST   X+,R30
                 	ST   X,R31
                 	.ENDM
                 
                 	.MACRO __PUTD1PMNS
                 	LDS  R26,@0
                 	LDS  R27,@0+1
                 	ADIW R26,@1
                 	CALL __PUTDP1
                 	.ENDM
                 
                 	.MACRO __PUTB1RN
                 	MOVW R26,R@0
                 	SUBI R26,LOW(-@1)
                 	SBCI R27,HIGH(-@1)
                 	ST   X,R30
                 	.ENDM
                 
                 	.MACRO __PUTW1RN
                 	MOVW R26,R@0
                 	SUBI R26,LOW(-@1)
                 	SBCI R27,HIGH(-@1)
                 	ST   X+,R30
                 	ST   X,R31
                 	.ENDM
                 
                 	.MACRO __PUTD1RN
                 	MOVW R26,R@0
                 	SUBI R26,LOW(-@1)
                 	SBCI R27,HIGH(-@1)
                 	CALL __PUTDP1
                 	.ENDM
                 
                 	.MACRO __PUTB1RNS
                 	MOVW R26,R@0
                 	ADIW R26,@1
                 	ST   X,R30
                 	.ENDM
                 
                 	.MACRO __PUTW1RNS
                 	MOVW R26,R@0
                 	ADIW R26,@1
                 	ST   X+,R30
                 	ST   X,R31
                 	.ENDM
                 
                 	.MACRO __PUTD1RNS
                 	MOVW R26,R@0
                 	ADIW R26,@1
                 	CALL __PUTDP1
                 	.ENDM
                 
                 	.MACRO __PUTB1RON
                 	MOV  R26,R@0
                 	MOV  R27,R@1
                 	SUBI R26,LOW(-@2)
                 	SBCI R27,HIGH(-@2)
                 	ST   X,R30
                 	.ENDM
                 
                 	.MACRO __PUTW1RON
                 	MOV  R26,R@0
                 	MOV  R27,R@1
                 	SUBI R26,LOW(-@2)
                 	SBCI R27,HIGH(-@2)
                 	ST   X+,R30
                 	ST   X,R31
                 	.ENDM
                 
                 	.MACRO __PUTD1RON
                 	MOV  R26,R@0
                 	MOV  R27,R@1
                 	SUBI R26,LOW(-@2)
                 	SBCI R27,HIGH(-@2)
                 	CALL __PUTDP1
                 	.ENDM
                 
                 	.MACRO __PUTB1RONS
                 	MOV  R26,R@0
                 	MOV  R27,R@1
                 	ADIW R26,@2
                 	ST   X,R30
                 	.ENDM
                 
                 	.MACRO __PUTW1RONS
                 	MOV  R26,R@0
                 	MOV  R27,R@1
                 	ADIW R26,@2
                 	ST   X+,R30
                 	ST   X,R31
                 	.ENDM
                 
                 	.MACRO __PUTD1RONS
                 	MOV  R26,R@0
                 	MOV  R27,R@1
                 	ADIW R26,@2
                 	CALL __PUTDP1
                 	.ENDM
                 
                 
                 	.MACRO __GETB1SX
                 	MOVW R30,R28
                 	SUBI R30,LOW(-@0)
                 	SBCI R31,HIGH(-@0)
                 	LD   R30,Z
                 	.ENDM
                 
                 	.MACRO __GETB1HSX
                 	MOVW R30,R28
                 	SUBI R30,LOW(-@0)
                 	SBCI R31,HIGH(-@0)
                 	LD   R31,Z
                 	.ENDM
                 
                 	.MACRO __GETW1SX
                 	MOVW R30,R28
                 	SUBI R30,LOW(-@0)
                 	SBCI R31,HIGH(-@0)
                 	LD   R0,Z+
                 	LD   R31,Z
                 	MOV  R30,R0
                 	.ENDM
                 
                 	.MACRO __GETD1SX
                 	MOVW R30,R28
                 	SUBI R30,LOW(-@0)
                 	SBCI R31,HIGH(-@0)
                 	LD   R0,Z+
                 	LD   R1,Z+
                 	LD   R22,Z+
                 	LD   R23,Z
                 	MOVW R30,R0
                 	.ENDM
                 
                 	.MACRO __GETB2SX
                 	MOVW R26,R28
                 	SUBI R26,LOW(-@0)
                 	SBCI R27,HIGH(-@0)
                 	LD   R26,X
                 	.ENDM
                 
                 	.MACRO __GETW2SX
                 	MOVW R26,R28
                 	SUBI R26,LOW(-@0)
                 	SBCI R27,HIGH(-@0)
                 	LD   R0,X+
                 	LD   R27,X
                 	MOV  R26,R0
                 	.ENDM
                 
                 	.MACRO __GETD2SX
                 	MOVW R26,R28
                 	SUBI R26,LOW(-@0)
                 	SBCI R27,HIGH(-@0)
                 	LD   R0,X+
                 	LD   R1,X+
                 	LD   R24,X+
                 	LD   R25,X
                 	MOVW R26,R0
                 	.ENDM
                 
                 	.MACRO __GETBRSX
                 	MOVW R30,R28
                 	SUBI R30,LOW(-@1)
                 	SBCI R31,HIGH(-@1)
                 	LD   R@0,Z
                 	.ENDM
                 
                 	.MACRO __GETWRSX
                 	MOVW R30,R28
                 	SUBI R30,LOW(-@2)
                 	SBCI R31,HIGH(-@2)
                 	LD   R@0,Z+
                 	LD   R@1,Z
                 	.ENDM
                 
                 	.MACRO __GETBRSX2
                 	MOVW R26,R28
                 	SUBI R26,LOW(-@1)
                 	SBCI R27,HIGH(-@1)
                 	LD   R@0,X
                 	.ENDM
                 
                 	.MACRO __GETWRSX2
                 	MOVW R26,R28
                 	SUBI R26,LOW(-@2)
                 	SBCI R27,HIGH(-@2)
                 	LD   R@0,X+
                 	LD   R@1,X
                 	.ENDM
                 
                 	.MACRO __LSLW8SX
                 	MOVW R30,R28
                 	SUBI R30,LOW(-@0)
                 	SBCI R31,HIGH(-@0)
                 	LD   R31,Z
                 	CLR  R30
                 	.ENDM
                 
                 	.MACRO __PUTB1SX
                 	MOVW R26,R28
                 	SUBI R26,LOW(-@0)
                 	SBCI R27,HIGH(-@0)
                 	ST   X,R30
                 	.ENDM
                 
                 	.MACRO __PUTW1SX
                 	MOVW R26,R28
                 	SUBI R26,LOW(-@0)
                 	SBCI R27,HIGH(-@0)
                 	ST   X+,R30
                 	ST   X,R31
                 	.ENDM
                 
                 	.MACRO __PUTD1SX
                 	MOVW R26,R28
                 	SUBI R26,LOW(-@0)
                 	SBCI R27,HIGH(-@0)
                 	ST   X+,R30
                 	ST   X+,R31
                 	ST   X+,R22
                 	ST   X,R23
                 	.ENDM
                 
                 	.MACRO __CLRW1SX
                 	MOVW R26,R28
                 	SUBI R26,LOW(-@0)
                 	SBCI R27,HIGH(-@0)
                 	ST   X+,R30
                 	ST   X,R30
                 	.ENDM
                 
                 	.MACRO __CLRD1SX
                 	MOVW R26,R28
                 	SUBI R26,LOW(-@0)
                 	SBCI R27,HIGH(-@0)
                 	ST   X+,R30
                 	ST   X+,R30
                 	ST   X+,R30
                 	ST   X,R30
                 	.ENDM
                 
                 	.MACRO __PUTB2SX
                 	MOVW R30,R28
                 	SUBI R30,LOW(-@0)
                 	SBCI R31,HIGH(-@0)
                 	ST   Z,R26
                 	.ENDM
                 
                 	.MACRO __PUTW2SX
                 	MOVW R30,R28
                 	SUBI R30,LOW(-@0)
                 	SBCI R31,HIGH(-@0)
                 	ST   Z+,R26
                 	ST   Z,R27
                 	.ENDM
                 
                 	.MACRO __PUTD2SX
                 	MOVW R30,R28
                 	SUBI R30,LOW(-@0)
                 	SBCI R31,HIGH(-@0)
                 	ST   Z+,R26
                 	ST   Z+,R27
                 	ST   Z+,R24
                 	ST   Z,R25
                 	.ENDM
                 
                 	.MACRO __PUTBSRX
                 	MOVW R30,R28
                 	SUBI R30,LOW(-@1)
                 	SBCI R31,HIGH(-@1)
                 	ST   Z,R@0
                 	.ENDM
                 
                 	.MACRO __PUTWSRX
                 	MOVW R30,R28
                 	SUBI R30,LOW(-@2)
                 	SBCI R31,HIGH(-@2)
                 	ST   Z+,R@0
                 	ST   Z,R@1
                 	.ENDM
                 
                 	.MACRO __PUTB1SNX
                 	MOVW R26,R28
                 	SUBI R26,LOW(-@0)
                 	SBCI R27,HIGH(-@0)
                 	LD   R0,X+
                 	LD   R27,X
                 	MOV  R26,R0
                 	SUBI R26,LOW(-@1)
                 	SBCI R27,HIGH(-@1)
                 	ST   X,R30
                 	.ENDM
                 
                 	.MACRO __PUTW1SNX
                 	MOVW R26,R28
                 	SUBI R26,LOW(-@0)
                 	SBCI R27,HIGH(-@0)
                 	LD   R0,X+
                 	LD   R27,X
                 	MOV  R26,R0
                 	SUBI R26,LOW(-@1)
                 	SBCI R27,HIGH(-@1)
                 	ST   X+,R30
                 	ST   X,R31
                 	.ENDM
                 
                 	.MACRO __PUTD1SNX
                 	MOVW R26,R28
                 	SUBI R26,LOW(-@0)
                 	SBCI R27,HIGH(-@0)
                 	LD   R0,X+
                 	LD   R27,X
                 	MOV  R26,R0
                 	SUBI R26,LOW(-@1)
                 	SBCI R27,HIGH(-@1)
                 	ST   X+,R30
                 	ST   X+,R31
                 	ST   X+,R22
                 	ST   X,R23
                 	.ENDM
                 
                 	.MACRO __MULBRR
                 	MULS R@0,R@1
                 	MOVW R30,R0
                 	.ENDM
                 
                 	.MACRO __MULBRRU
                 	MUL  R@0,R@1
                 	MOVW R30,R0
                 	.ENDM
                 
                 	.MACRO __MULBRR0
                 	MULS R@0,R@1
                 	.ENDM
                 
                 	.MACRO __MULBRRU0
                 	MUL  R@0,R@1
                 	.ENDM
                 
                 	.MACRO __MULBNWRU
                 	LDI  R26,@2
                 	MUL  R26,R@0
                 	MOVW R30,R0
                 	MUL  R26,R@1
                 	ADD  R31,R0
                 	.ENDM
                 
                 ;NAME DEFINITIONS FOR GLOBAL VARIABLES ALLOCATED TO REGISTERS
                 	.DEF __lcd_x=R5
                 	.DEF __lcd_y=R4
                 	.DEF __lcd_maxx=R7
                 
                 	.CSEG
                 	.ORG 0x00
                 
                 ;START OF CODE MARKER
                 __START_OF_CODE:
                 
                 ;INTERRUPT VECTORS
000000 940c 0058 	JMP  __RESET
000002 940c 0000 	JMP  0x00
000004 940c 0000 	JMP  0x00
000006 940c 0000 	JMP  0x00
000008 940c 0000 	JMP  0x00
00000a 940c 0000 	JMP  0x00
00000c 940c 0000 	JMP  0x00
00000e 940c 0000 	JMP  0x00
000010 940c 0000 	JMP  0x00
000012 940c 0000 	JMP  0x00
000014 940c 0000 	JMP  0x00
000016 940c 0000 	JMP  0x00
000018 940c 0000 	JMP  0x00
00001a 940c 0000 	JMP  0x00
00001c 940c 0000 	JMP  0x00
00001e 940c 0000 	JMP  0x00
000020 940c 0000 	JMP  0x00
000022 940c 0000 	JMP  0x00
000024 940c 0000 	JMP  0x00
000026 940c 0000 	JMP  0x00
000028 940c 0000 	JMP  0x00
                 
                 _tbl10_G100:
00002a 2710
00002b 03e8
00002c 0064
00002d 000a      	.DB  0x10,0x27,0xE8,0x3,0x64,0x0,0xA,0x0
00002e 0001      	.DB  0x1,0x0
                 _tbl16_G100:
00002f 1000
000030 0100
000031 0010
000032 0001      	.DB  0x0,0x10,0x0,0x1,0x10,0x0,0x1,0x0
                 
                 _0x3:
000033 2414
000034 8144
000035 2212
000036 8242      	.DB  0x14,0x24,0x44,0x81,0x12,0x22,0x42,0x82
000037 2111
000038 8441
000039 2818
00003a 8848      	.DB  0x11,0x21,0x41,0x84,0x18,0x28,0x48,0x88
00003b 0201
00003c f403
00003d 0504
00003e f306      	.DB  0x1,0x2,0x3,0xF4,0x4,0x5,0x6,0xF3
00003f 0807
000040 f209
000041 000a
000042 f10c      	.DB  0x7,0x8,0x9,0xF2,0xA,0x0,0xC,0xF1
                 _0x0:
000043 656b
000044 2079
000045 3a3a
000046 2520      	.DB  0x6B,0x65,0x79,0x20,0x3A,0x3A,0x20,0x25
000047 0064
000048 6565
000049 7270
00004a 6d6f      	.DB  0x64,0x0,0x65,0x65,0x70,0x72,0x6F,0x6D
00004b 3a20
00004c 253a
00004d 0064
00004e 656b      	.DB  0x20,0x3A,0x3A,0x25,0x64,0x0,0x6B,0x65
00004f 2079
000050 3a3a
000051 2520
000052 0063      	.DB  0x79,0x20,0x3A,0x3A,0x20,0x25,0x63,0x0
                 _0x2020003:
000053 c080      	.DB  0x80,0xC0
                 
                 __GLOBAL_INI_TBL:
000054 0002      	.DW  0x02
000055 0270      	.DW  __base_y_G101
000056 00a6      	.DW  _0x2020003*2
                 
                 _0xFFFFFFFF:
000057 0000      	.DW  0
                 
                 #define __GLOBAL_INI_TBL_PRESENT 1
                 
                 __RESET:
000058 94f8      	CLI
000059 27ee      	CLR  R30
00005a bbec      	OUT  EECR,R30
                 
                 ;INTERRUPT VECTORS ARE PLACED
                 ;AT THE START OF FLASH
00005b e0f1      	LDI  R31,1
00005c bffb      	OUT  GICR,R31
00005d bfeb      	OUT  GICR,R30
00005e bfe5      	OUT  MCUCR,R30
                 
                 ;CLEAR R2-R14
00005f e08d      	LDI  R24,(14-2)+1
000060 e0a2      	LDI  R26,2
000061 27bb      	CLR  R27
                 __CLEAR_REG:
000062 93ed      	ST   X+,R30
000063 958a      	DEC  R24
000064 f7e9      	BRNE __CLEAR_REG
                 
                 ;CLEAR SRAM
000065 e080      	LDI  R24,LOW(__CLEAR_SRAM_SIZE)
000066 e098      	LDI  R25,HIGH(__CLEAR_SRAM_SIZE)
000067 e6a0      	LDI  R26,__SRAM_START
                 __CLEAR_SRAM:
000068 93ed      	ST   X+,R30
000069 9701      	SBIW R24,1
00006a f7e9      	BRNE __CLEAR_SRAM
                 
                 ;GLOBAL VARIABLES INITIALIZATION
00006b eae8      	LDI  R30,LOW(__GLOBAL_INI_TBL*2)
00006c e0f0      	LDI  R31,HIGH(__GLOBAL_INI_TBL*2)
                 __GLOBAL_INI_NEXT:
00006d 9185      	LPM  R24,Z+
00006e 9195      	LPM  R25,Z+
00006f 9700      	SBIW R24,0
000070 f061      	BREQ __GLOBAL_INI_END
000071 91a5      	LPM  R26,Z+
000072 91b5      	LPM  R27,Z+
000073 9005      	LPM  R0,Z+
000074 9015      	LPM  R1,Z+
000075 01bf      	MOVW R22,R30
000076 01f0      	MOVW R30,R0
                 __GLOBAL_INI_LOOP:
000077 9005      	LPM  R0,Z+
000078 920d      	ST   X+,R0
000079 9701      	SBIW R24,1
00007a f7e1      	BRNE __GLOBAL_INI_LOOP
00007b 01fb      	MOVW R30,R22
00007c cff0      	RJMP __GLOBAL_INI_NEXT
                 __GLOBAL_INI_END:
                 
                 ;HARDWARE STACK POINTER INITIALIZATION
00007d e5ef      	LDI  R30,LOW(__SRAM_END-__HEAP_SIZE)
00007e bfed      	OUT  SPL,R30
00007f e0e8      	LDI  R30,HIGH(__SRAM_END-__HEAP_SIZE)
000080 bfee      	OUT  SPH,R30
                 
                 ;DATA STACK POINTER INITIALIZATION
000081 e6c0      	LDI  R28,LOW(__SRAM_START+__DSTACK_SIZE)
000082 e0d2      	LDI  R29,HIGH(__SRAM_START+__DSTACK_SIZE)
                 
000083 940c 0085 	JMP  _main
                 
                 	.ESEG
                 	.ORG 0
                 
                 	.DSEG
                 	.ORG 0x260
                 
                 	.CSEG
                 ;/*******************************************************
                 ;This program was created by the
                 ;CodeWizardAVR V3.14 Advanced
                 ;Automatic Program Generator
                 ;© Copyright 1998-2014 Pavel Haiduc, HP InfoTech s.r.l.
                 ;http://www.hpinfotech.com
                 ;
                 ;Project :
                 ;Version :
                 ;Date    : 8/10/2020
                 ;Author  :
                 ;Company :
                 ;Comments:
                 ;
                 ;
                 ;Chip type               : ATmega32
                 ;Program type            : Application
                 ;AVR Core Clock frequency: 1.000000 MHz
                 ;Memory model            : Small
                 ;External RAM size       : 0
                 ;Data Stack size         : 512
                 ;*******************************************************/
                 ;
                 ;#include <mega32.h>
                 	#ifndef __SLEEP_DEFINED__
                 	#define __SLEEP_DEFINED__
                 	.EQU __se_bit=0x80
                 	.EQU __sm_mask=0x70
                 	.EQU __sm_powerdown=0x20
                 	.EQU __sm_powersave=0x30
                 	.EQU __sm_standby=0x60
                 	.EQU __sm_ext_standby=0x70
                 	.EQU __sm_adc_noise_red=0x10
                 	.SET power_ctrl_reg=mcucr
                 	#endif
                 ;#include <stdio.h>
                 ;#include <delay.h>
                 ;// Alphanumeric LCD functions
                 ;#include <alcd.h>
                 ;
                 ;// Declare your global variables here
                 ;eeprom unsigned int finalRes;
                 ;char lcd_buffer[16];
                 ;int read_key();
                 ;
                 ;void main(void)
                 ; 0000 0024 {
                 
                 	.CSEG
                 _main:
                 ; .FSTART _main
                 ; 0000 0025 // Declare your local variables here
                 ; 0000 0026 int i;
                 ; 0000 0027 unsigned char key_num,scan_res,final_key;
                 ; 0000 0028 unsigned char key_convert[16]={0x01,0x02,0x03,0xF4,
                 ; 0000 0029                                0x04,0x05,0x06,0xF3,
                 ; 0000 002A                                0x07,0x08,0x09,0xF2,
                 ; 0000 002B                                0x0A,0x00,0x0C,0xF1};
                 ; 0000 002C unsigned char key_table[16]={0x14,0x24,0x44,0x81,
                 ; 0000 002D                              0x12,0x22,0x42,0x82,
                 ; 0000 002E                              0x11,0x21,0x41,0x84,
                 ; 0000 002F                              0x18,0x28,0x48,0x88};
                 ; 0000 0030 
                 ; 0000 0031 
                 ; 0000 0032 
                 ; 0000 0033 
                 ; 0000 0034 // Input/Output Ports initialization
                 ; 0000 0035 // Port A initialization
                 ; 0000 0036 // Function: Bit7=In Bit6=In Bit5=In Bit4=In Bit3=In Bit2=In Bit1=In Bit0=In
                 ; 0000 0037 DDRA=(0<<DDA7) | (0<<DDA6) | (0<<DDA5) | (0<<DDA4) | (0<<DDA3) | (0<<DDA2) | (0<<DDA1) | (0<<DDA0);
000085 97a0      	SBIW R28,32
000086 e280      	LDI  R24,32
000087 e0a0      	LDI  R26,LOW(0)
000088 e0b0      	LDI  R27,HIGH(0)
000089 e6e6      	LDI  R30,LOW(_0x3*2)
00008a e0f0      	LDI  R31,HIGH(_0x3*2)
00008b 940e 03fb 	CALL __INITLOCB
                 ;	i -> R16,R17
                 ;	key_num -> R19
                 ;	scan_res -> R18
                 ;	final_key -> R21
                 ;	key_convert -> Y+16
                 ;	key_table -> Y+0
00008d e0e0      	LDI  R30,LOW(0)
00008e bbea      	OUT  0x1A,R30
                 ; 0000 0038 // State: Bit7=T Bit6=T Bit5=T Bit4=T Bit3=T Bit2=T Bit1=T Bit0=T
                 ; 0000 0039 PORTA=(0<<PORTA7) | (0<<PORTA6) | (0<<PORTA5) | (0<<PORTA4) | (0<<PORTA3) | (0<<PORTA2) | (0<<PORTA1) | (0<<PORTA0);
00008f bbeb      	OUT  0x1B,R30
                 ; 0000 003A 
                 ; 0000 003B // Port B initialization
                 ; 0000 003C // Function: Bit7=In Bit6=In Bit5=In Bit4=In Bit3=In Bit2=In Bit1=In Bit0=In
                 ; 0000 003D DDRB=(0<<DDB7) | (0<<DDB6) | (0<<DDB5) | (0<<DDB4) | (0<<DDB3) | (0<<DDB2) | (0<<DDB1) | (0<<DDB0);
000090 bbe7      	OUT  0x17,R30
                 ; 0000 003E // State: Bit7=T Bit6=T Bit5=T Bit4=T Bit3=T Bit2=T Bit1=T Bit0=T
                 ; 0000 003F PORTB=(0<<PORTB7) | (0<<PORTB6) | (0<<PORTB5) | (0<<PORTB4) | (0<<PORTB3) | (0<<PORTB2) | (0<<PORTB1) | (0<<PORTB0);
000091 bbe8      	OUT  0x18,R30
                 ; 0000 0040 
                 ; 0000 0041 // Port C initialization
                 ; 0000 0042 // Function: Bit7=In Bit6=In Bit5=In Bit4=In Bit3=In Bit2=In Bit1=In Bit0=In
                 ; 0000 0043 DDRC=(0<<DDC7) | (0<<DDC6) | (0<<DDC5) | (0<<DDC4) | (0<<DDC3) | (0<<DDC2) | (0<<DDC1) | (0<<DDC0);
000092 bbe4      	OUT  0x14,R30
                 ; 0000 0044 // State: Bit7=T Bit6=T Bit5=T Bit4=T Bit3=T Bit2=T Bit1=T Bit0=T
                 ; 0000 0045 PORTC=(0<<PORTC7) | (0<<PORTC6) | (0<<PORTC5) | (0<<PORTC4) | (0<<PORTC3) | (0<<PORTC2) | (0<<PORTC1) | (0<<PORTC0);
000093 bbe5      	OUT  0x15,R30
                 ; 0000 0046 
                 ; 0000 0047 // Port D initialization
                 ; 0000 0048 // Function: Bit7=In Bit6=In Bit5=In Bit4=In Bit3=In Bit2=In Bit1=In Bit0=In
                 ; 0000 0049 DDRD=(0<<DDD7) | (0<<DDD6) | (0<<DDD5) | (0<<DDD4) | (0<<DDD3) | (0<<DDD2) | (0<<DDD1) | (0<<DDD0);
000094 bbe1      	OUT  0x11,R30
                 ; 0000 004A // State: Bit7=T Bit6=T Bit5=T Bit4=T Bit3=T Bit2=T Bit1=T Bit0=T
                 ; 0000 004B PORTD=(0<<PORTD7) | (0<<PORTD6) | (0<<PORTD5) | (0<<PORTD4) | (0<<PORTD3) | (0<<PORTD2) | (0<<PORTD1) | (0<<PORTD0);
000095 bbe2      	OUT  0x12,R30
                 ; 0000 004C 
                 ; 0000 004D // Timer/Counter 0 initialization
                 ; 0000 004E // Clock source: System Clock
                 ; 0000 004F // Clock value: Timer 0 Stopped
                 ; 0000 0050 // Mode: Normal top=0xFF
                 ; 0000 0051 // OC0 output: Disconnected
                 ; 0000 0052 TCCR0=(0<<WGM00) | (0<<COM01) | (0<<COM00) | (0<<WGM01) | (0<<CS02) | (0<<CS01) | (0<<CS00);
000096 bfe3      	OUT  0x33,R30
                 ; 0000 0053 TCNT0=0x00;
000097 bfe2      	OUT  0x32,R30
                 ; 0000 0054 OCR0=0x00;
000098 bfec      	OUT  0x3C,R30
                 ; 0000 0055 
                 ; 0000 0056 // Timer/Counter 1 initialization
                 ; 0000 0057 // Clock source: System Clock
                 ; 0000 0058 // Clock value: Timer1 Stopped
                 ; 0000 0059 // Mode: Normal top=0xFFFF
                 ; 0000 005A // OC1A output: Disconnected
                 ; 0000 005B // OC1B output: Disconnected
                 ; 0000 005C // Noise Canceler: Off
                 ; 0000 005D // Input Capture on Falling Edge
                 ; 0000 005E // Timer1 Overflow Interrupt: Off
                 ; 0000 005F // Input Capture Interrupt: Off
                 ; 0000 0060 // Compare A Match Interrupt: Off
                 ; 0000 0061 // Compare B Match Interrupt: Off
                 ; 0000 0062 TCCR1A=(0<<COM1A1) | (0<<COM1A0) | (0<<COM1B1) | (0<<COM1B0) | (0<<WGM11) | (0<<WGM10);
000099 bdef      	OUT  0x2F,R30
                 ; 0000 0063 TCCR1B=(0<<ICNC1) | (0<<ICES1) | (0<<WGM13) | (0<<WGM12) | (0<<CS12) | (0<<CS11) | (0<<CS10);
00009a bdee      	OUT  0x2E,R30
                 ; 0000 0064 TCNT1H=0x00;
00009b bded      	OUT  0x2D,R30
                 ; 0000 0065 TCNT1L=0x00;
00009c bdec      	OUT  0x2C,R30
                 ; 0000 0066 ICR1H=0x00;
00009d bde7      	OUT  0x27,R30
                 ; 0000 0067 ICR1L=0x00;
00009e bde6      	OUT  0x26,R30
                 ; 0000 0068 OCR1AH=0x00;
00009f bdeb      	OUT  0x2B,R30
                 ; 0000 0069 OCR1AL=0x00;
0000a0 bdea      	OUT  0x2A,R30
                 ; 0000 006A OCR1BH=0x00;
0000a1 bde9      	OUT  0x29,R30
                 ; 0000 006B OCR1BL=0x00;
0000a2 bde8      	OUT  0x28,R30
                 ; 0000 006C 
                 ; 0000 006D // Timer/Counter 2 initialization
                 ; 0000 006E // Clock source: System Clock
                 ; 0000 006F // Clock value: Timer2 Stopped
                 ; 0000 0070 // Mode: Normal top=0xFF
                 ; 0000 0071 // OC2 output: Disconnected
                 ; 0000 0072 ASSR=0<<AS2;
0000a3 bde2      	OUT  0x22,R30
                 ; 0000 0073 TCCR2=(0<<PWM2) | (0<<COM21) | (0<<COM20) | (0<<CTC2) | (0<<CS22) | (0<<CS21) | (0<<CS20);
0000a4 bde5      	OUT  0x25,R30
                 ; 0000 0074 TCNT2=0x00;
0000a5 bde4      	OUT  0x24,R30
                 ; 0000 0075 OCR2=0x00;
0000a6 bde3      	OUT  0x23,R30
                 ; 0000 0076 
                 ; 0000 0077 // Timer(s)/Counter(s) Interrupt(s) initialization
                 ; 0000 0078 TIMSK=(0<<OCIE2) | (0<<TOIE2) | (0<<TICIE1) | (0<<OCIE1A) | (0<<OCIE1B) | (0<<TOIE1) | (0<<OCIE0) | (0<<TOIE0);
0000a7 bfe9      	OUT  0x39,R30
                 ; 0000 0079 
                 ; 0000 007A // External Interrupt(s) initialization
                 ; 0000 007B // INT0: Off
                 ; 0000 007C // INT1: Off
                 ; 0000 007D // INT2: Off
                 ; 0000 007E MCUCR=(0<<ISC11) | (0<<ISC10) | (0<<ISC01) | (0<<ISC00);
0000a8 bfe5      	OUT  0x35,R30
                 ; 0000 007F MCUCSR=(0<<ISC2);
0000a9 bfe4      	OUT  0x34,R30
                 ; 0000 0080 
                 ; 0000 0081 // USART initialization
                 ; 0000 0082 // USART disabled
                 ; 0000 0083 UCSRB=(0<<RXCIE) | (0<<TXCIE) | (0<<UDRIE) | (0<<RXEN) | (0<<TXEN) | (0<<UCSZ2) | (0<<RXB8) | (0<<TXB8);
0000aa b9ea      	OUT  0xA,R30
                 ; 0000 0084 
                 ; 0000 0085 // Analog Comparator initialization
                 ; 0000 0086 // Analog Comparator: Off
                 ; 0000 0087 // The Analog Comparator's positive input is
                 ; 0000 0088 // connected to the AIN0 pin
                 ; 0000 0089 // The Analog Comparator's negative input is
                 ; 0000 008A // connected to the AIN1 pin
                 ; 0000 008B ACSR=(1<<ACD) | (0<<ACBG) | (0<<ACO) | (0<<ACI) | (0<<ACIE) | (0<<ACIC) | (0<<ACIS1) | (0<<ACIS0);
0000ab e8e0      	LDI  R30,LOW(128)
0000ac b9e8      	OUT  0x8,R30
                 ; 0000 008C SFIOR=(0<<ACME);
0000ad e0e0      	LDI  R30,LOW(0)
0000ae bfe0      	OUT  0x30,R30
                 ; 0000 008D 
                 ; 0000 008E // ADC initialization
                 ; 0000 008F // ADC disabled
                 ; 0000 0090 ADCSRA=(0<<ADEN) | (0<<ADSC) | (0<<ADATE) | (0<<ADIF) | (0<<ADIE) | (0<<ADPS2) | (0<<ADPS1) | (0<<ADPS0);
0000af b9e6      	OUT  0x6,R30
                 ; 0000 0091 
                 ; 0000 0092 // SPI initialization
                 ; 0000 0093 // SPI disabled
                 ; 0000 0094 SPCR=(0<<SPIE) | (0<<SPE) | (0<<DORD) | (0<<MSTR) | (0<<CPOL) | (0<<CPHA) | (0<<SPR1) | (0<<SPR0);
0000b0 b9ed      	OUT  0xD,R30
                 ; 0000 0095 
                 ; 0000 0096 // TWI initialization
                 ; 0000 0097 // TWI disabled
                 ; 0000 0098 TWCR=(0<<TWEA) | (0<<TWSTA) | (0<<TWSTO) | (0<<TWEN) | (0<<TWIE);
0000b1 bfe6      	OUT  0x36,R30
                 ; 0000 0099 
                 ; 0000 009A // Alphanumeric LCD initialization
                 ; 0000 009B // Connections are specified in the
                 ; 0000 009C // Project|Configure|C Compiler|Libraries|Alphanumeric LCD menu:
                 ; 0000 009D // RS - PORTB Bit 0
                 ; 0000 009E // RD - PORTB Bit 1
                 ; 0000 009F // EN - PORTB Bit 2
                 ; 0000 00A0 // D4 - PORTB Bit 4
                 ; 0000 00A1 // D5 - PORTB Bit 5
                 ; 0000 00A2 // D6 - PORTB Bit 6
                 ; 0000 00A3 // D7 - PORTB Bit 7
                 ; 0000 00A4 // Characters/line: 16
                 ; 0000 00A5 lcd_init(16);
0000b2 e1a0      	LDI  R26,LOW(16)
0000b3 940e 0313 	CALL _lcd_init
                 ; 0000 00A6 while (1){
                 _0x4:
                 ; 0000 00A7        int read_num;
                 ; 0000 00A8        DDRD=0x0F;
0000b5 9722      	SBIW R28,2
                 ;	key_convert -> Y+18
                 ;	key_table -> Y+2
                 ;	read_num -> Y+0
0000b6 e0ef      	LDI  R30,LOW(15)
0000b7 bbe1      	OUT  0x11,R30
                 ; 0000 00A9        PORTD=0x0F;
0000b8 bbe2      	OUT  0x12,R30
                 ; 0000 00AA        delay_ms(3);
0000b9 940e 0359 	CALL SUBOPT_0x0
                 ; 0000 00AB        scan_res=PIND;
0000bb b320      	IN   R18,16
                 ; 0000 00AC 
                 ; 0000 00AD        DDRD=0xF0;
0000bc efe0      	LDI  R30,LOW(240)
0000bd bbe1      	OUT  0x11,R30
                 ; 0000 00AE        PORTD=0xF0;
0000be bbe2      	OUT  0x12,R30
                 ; 0000 00AF        delay_ms(3);
0000bf 940e 0359 	CALL SUBOPT_0x0
                 ; 0000 00B0 
                 ; 0000 00B1        scan_res=scan_res&PIND;
0000c1 b3e0      	IN   R30,0x10
0000c2 232e      	AND  R18,R30
                 ; 0000 00B2 
                 ; 0000 00B3        delay_ms(15);
0000c3 e0af      	LDI  R26,LOW(15)
0000c4 e0b0      	LDI  R27,0
0000c5 940e 03a5 	CALL _delay_ms
                 ; 0000 00B4 
                 ; 0000 00B5        final_key=0;
0000c7 e050      	LDI  R21,LOW(0)
                 ; 0000 00B6 
                 ; 0000 00B7        if(scan_res!=0x00){
0000c8 3020      	CPI  R18,0
0000c9 f1e9      	BREQ _0x7
                 ; 0000 00B8             for(i=0;i<16;i++){
                +
0000ca e000     +LDI R16 , LOW ( 0 )
0000cb e010     +LDI R17 , HIGH ( 0 )
                 	__GETWRN 16,17,0
                 _0x9:
                +
0000cc 3100     +CPI R16 , LOW ( 16 )
0000cd e0e0     +LDI R30 , HIGH ( 16 )
0000ce 071e     +CPC R17 , R30
                 	__CPWRN 16,17,16
0000cf f47c      	BRGE _0xA
                 ; 0000 00B9                 if(scan_res==key_table[i]){
0000d0 01de      	MOVW R26,R28
0000d1 9612      	ADIW R26,2
0000d2 0fa0      	ADD  R26,R16
0000d3 1fb1      	ADC  R27,R17
0000d4 91ec      	LD   R30,X
0000d5 17e2      	CP   R30,R18
0000d6 f429      	BRNE _0xB
                 ; 0000 00BA                     final_key=key_convert[i];
0000d7 01de      	MOVW R26,R28
0000d8 9652      	ADIW R26,18
0000d9 0fa0      	ADD  R26,R16
0000da 1fb1      	ADC  R27,R17
0000db 915c      	LD   R21,X
                 ; 0000 00BB                 }
                 ; 0000 00BC             }
                 _0xB:
                +
0000dc 5f0f     +SUBI R16 , LOW ( - 1 )
0000dd 4f1f     +SBCI R17 , HIGH ( - 1 )
                 	__ADDWRN 16,17,1
0000de cfed      	RJMP _0x9
                 _0xA:
                 ; 0000 00BD 
                 ; 0000 00BE            finalRes=final_key;
0000df 2fe5      	MOV  R30,R21
0000e0 e0a0      	LDI  R26,LOW(_finalRes)
0000e1 e0b0      	LDI  R27,HIGH(_finalRes)
0000e2 e0f0      	LDI  R31,0
0000e3 940e 03d4 	CALL __EEPROMWRW
                 ; 0000 00BF            lcd_clear();
0000e5 940e 02df 	CALL _lcd_clear
                 ; 0000 00C0            lcd_gotoxy(0,0);
0000e7 e0e0      	LDI  R30,LOW(0)
0000e8 93ea      	ST   -Y,R30
0000e9 e0a0      	LDI  R26,LOW(0)
0000ea 940e 035d 	CALL SUBOPT_0x1
                 ; 0000 00C1            sprintf(lcd_buffer,"key :: %d",final_key);
                +
0000ec e8e6     +LDI R30 , LOW ( 2 * _0x0 + ( 0 ) )
0000ed e0f0     +LDI R31 , HIGH ( 2 * _0x0 + ( 0 ) )
                 	__POINTW1FN _0x0,0
0000ee 93fa      	ST   -Y,R31
0000ef 93ea      	ST   -Y,R30
0000f0 2fe5      	MOV  R30,R21
0000f1 27ff      	CLR  R31
0000f2 2766      	CLR  R22
0000f3 2777      	CLR  R23
0000f4 940e 0364 	CALL SUBOPT_0x2
                 ; 0000 00C2            lcd_puts(lcd_buffer);
                 ; 0000 00C3            delay_ms(500);
                 ; 0000 00C4            lcd_gotoxy(0,1);
0000f6 e0e0      	LDI  R30,LOW(0)
0000f7 93ea      	ST   -Y,R30
0000f8 e0a1      	LDI  R26,LOW(1)
0000f9 940e 035d 	CALL SUBOPT_0x1
                 ; 0000 00C5            sprintf(lcd_buffer,"eeprom ::%d",finalRes);
                +
0000fb e9e0     +LDI R30 , LOW ( 2 * _0x0 + ( 10 ) )
0000fc e0f0     +LDI R31 , HIGH ( 2 * _0x0 + ( 10 ) )
                 	__POINTW1FN _0x0,10
0000fd 93fa      	ST   -Y,R31
0000fe 93ea      	ST   -Y,R30
0000ff e0a0      	LDI  R26,LOW(_finalRes)
000100 e0b0      	LDI  R27,HIGH(_finalRes)
000101 940e 03c4 	CALL __EEPROMRDW
000103 2766      	CLR  R22
000104 2777      	CLR  R23
000105 940e 0364 	CALL SUBOPT_0x2
                 ; 0000 00C6            lcd_puts(lcd_buffer);
                 ; 0000 00C7            delay_ms(500);
                 ; 0000 00C8         }
                 ; 0000 00C9 
                 ; 0000 00CA 
                 ; 0000 00CB       }
                 _0x7:
000107 9622      	ADIW R28,2
000108 cfac      	RJMP _0x4
                 ; 0000 00CC }
                 _0xC:
000109 cfff      	RJMP _0xC
                 ; .FEND
                 ;
                 ;
                 ;int read_key(){
                 ; 0000 00CF int read_key(){
                 ; 0000 00D0     char key;
                 ; 0000 00D1     key=PIND;
                 ;	key -> R17
                 ; 0000 00D2     lcd_clear();
                 ; 0000 00D3     lcd_gotoxy(0,0);
                 ; 0000 00D4     sprintf(lcd_buffer,"key :: %c",key);
                 ; 0000 00D5     lcd_puts(lcd_buffer);
                 ; 0000 00D6     switch(key){
                 ; 0000 00D7         case 0x28:
                 ; 0000 00D8             return 1;
                 ; 0000 00D9         case 0x24:
                 ; 0000 00DA             return 2;
                 ; 0000 00DB         case 0x22:
                 ; 0000 00DC             return 3;
                 ; 0000 00DD         case 0x48:
                 ; 0000 00DE             return 4;
                 ; 0000 00DF         case 0x44:
                 ; 0000 00E0             return 5;
                 ; 0000 00E1         case 0x42:
                 ; 0000 00E2             return 6;
                 ; 0000 00E3         case 0x88:
                 ; 0000 00E4             return 7;
                 ; 0000 00E5         case 0x84:
                 ; 0000 00E6             return 8;
                 ; 0000 00E7         case 0x82:
                 ; 0000 00E8             return 9;
                 ; 0000 00E9         case 0x14:
                 ; 0000 00EA             return 0;
                 ; 0000 00EB         default:
                 ; 0000 00EC             return -1;
                 ; 0000 00ED     }
                 ; 0000 00EE }
                 ;
                 	#ifndef __SLEEP_DEFINED__
                 	#endif
                 
                 	.CSEG
                 _put_buff_G100:
                 ; .FSTART _put_buff_G100
00010a 93ba      	ST   -Y,R27
00010b 93aa      	ST   -Y,R26
00010c 931a      	ST   -Y,R17
00010d 930a      	ST   -Y,R16
00010e 81aa      	LDD  R26,Y+2
00010f 81bb      	LDD  R27,Y+2+1
000110 9612      	ADIW R26,2
000111 940e 03b7 	CALL __GETW1P
000113 9730      	SBIW R30,0
000114 f159      	BREQ _0x2000010
000115 81aa      	LDD  R26,Y+2
000116 81bb      	LDD  R27,Y+2+1
000117 9614      	ADIW R26,4
000118 940e 03b7 	CALL __GETW1P
00011a 018f      	MOVW R16,R30
00011b 9730      	SBIW R30,0
00011c f061      	BREQ _0x2000012
                +
00011d 3002     +CPI R16 , LOW ( 2 )
00011e e0e0     +LDI R30 , HIGH ( 2 )
00011f 071e     +CPC R17 , R30
                 	__CPWRN 16,17,2
000120 f098      	BRLO _0x2000013
000121 01f8      	MOVW R30,R16
000122 9731      	SBIW R30,1
000123 018f      	MOVW R16,R30
                +
000124 81aa     +LDD R26 , Y + 2
000125 81bb     +LDD R27 , Y + 2 + 1
000126 9614     +ADIW R26 , 4
000127 93ed     +ST X + , R30
000128 93fc     +ST X , R31
                 	__PUTW1SNS 2,4
                 _0x2000012:
000129 81aa      	LDD  R26,Y+2
00012a 81bb      	LDD  R27,Y+2+1
00012b 9612      	ADIW R26,2
00012c 91ed      	LD   R30,X+
00012d 91fd      	LD   R31,X+
00012e 9631      	ADIW R30,1
00012f 93fe      	ST   -X,R31
000130 93ee      	ST   -X,R30
000131 9731      	SBIW R30,1
000132 81ac      	LDD  R26,Y+4
000133 83a0      	STD  Z+0,R26
                 _0x2000013:
000134 81aa      	LDD  R26,Y+2
000135 81bb      	LDD  R27,Y+2+1
000136 940e 03b7 	CALL __GETW1P
000138 23ff      	TST  R31
000139 f02a      	BRMI _0x2000014
00013a 91ed      	LD   R30,X+
00013b 91fd      	LD   R31,X+
00013c 9631      	ADIW R30,1
00013d 93fe      	ST   -X,R31
00013e 93ee      	ST   -X,R30
                 _0x2000014:
00013f c006      	RJMP _0x2000015
                 _0x2000010:
000140 81aa      	LDD  R26,Y+2
000141 81bb      	LDD  R27,Y+2+1
000142 efef      	LDI  R30,LOW(65535)
000143 efff      	LDI  R31,HIGH(65535)
000144 93ed      	ST   X+,R30
000145 93fc      	ST   X,R31
                 _0x2000015:
000146 8119      	LDD  R17,Y+1
000147 8108      	LDD  R16,Y+0
000148 9625      	ADIW R28,5
000149 9508      	RET
                 ; .FEND
                 __print_G100:
                 ; .FSTART __print_G100
00014a 93ba      	ST   -Y,R27
00014b 93aa      	ST   -Y,R26
00014c 9726      	SBIW R28,6
00014d 940e 03ed 	CALL __SAVELOCR6
00014f e010      	LDI  R17,0
000150 85ac      	LDD  R26,Y+12
000151 85bd      	LDD  R27,Y+12+1
000152 e0e0      	LDI  R30,LOW(0)
000153 e0f0      	LDI  R31,HIGH(0)
000154 93ed      	ST   X+,R30
000155 93fc      	ST   X,R31
                 _0x2000016:
000156 89ea      	LDD  R30,Y+18
000157 89fb      	LDD  R31,Y+18+1
000158 9631      	ADIW R30,1
000159 8bea      	STD  Y+18,R30
00015a 8bfb      	STD  Y+18+1,R31
00015b 9731      	SBIW R30,1
00015c 91e4      	LPM  R30,Z
00015d 2f2e      	MOV  R18,R30
00015e 30e0      	CPI  R30,0
00015f f409      	BRNE PC+2
000160 c115      	RJMP _0x2000018
000161 2fe1      	MOV  R30,R17
000162 30e0      	CPI  R30,0
000163 f439      	BRNE _0x200001C
000164 3225      	CPI  R18,37
000165 f411      	BRNE _0x200001D
000166 e011      	LDI  R17,LOW(1)
000167 c002      	RJMP _0x200001E
                 _0x200001D:
000168 940e 0372 	CALL SUBOPT_0x3
                 _0x200001E:
00016a c10a      	RJMP _0x200001B
                 _0x200001C:
00016b 30e1      	CPI  R30,LOW(0x1)
00016c f4a9      	BRNE _0x200001F
00016d 3225      	CPI  R18,37
00016e f419      	BRNE _0x2000020
00016f 940e 0372 	CALL SUBOPT_0x3
000171 c102      	RJMP _0x20000CC
                 _0x2000020:
000172 e012      	LDI  R17,LOW(2)
000173 e040      	LDI  R20,LOW(0)
000174 e000      	LDI  R16,LOW(0)
000175 322d      	CPI  R18,45
000176 f411      	BRNE _0x2000021
000177 e001      	LDI  R16,LOW(1)
000178 c0fc      	RJMP _0x200001B
                 _0x2000021:
000179 322b      	CPI  R18,43
00017a f411      	BRNE _0x2000022
00017b e24b      	LDI  R20,LOW(43)
00017c c0f8      	RJMP _0x200001B
                 _0x2000022:
00017d 3220      	CPI  R18,32
00017e f411      	BRNE _0x2000023
00017f e240      	LDI  R20,LOW(32)
000180 c0f4      	RJMP _0x200001B
                 _0x2000023:
000181 c002      	RJMP _0x2000024
                 _0x200001F:
000182 30e2      	CPI  R30,LOW(0x2)
000183 f439      	BRNE _0x2000025
                 _0x2000024:
000184 e050      	LDI  R21,LOW(0)
000185 e013      	LDI  R17,LOW(3)
000186 3320      	CPI  R18,48
000187 f411      	BRNE _0x2000026
000188 6800      	ORI  R16,LOW(128)
000189 c0eb      	RJMP _0x200001B
                 _0x2000026:
00018a c003      	RJMP _0x2000027
                 _0x2000025:
00018b 30e3      	CPI  R30,LOW(0x3)
00018c f009      	BREQ PC+2
00018d c0e7      	RJMP _0x200001B
                 _0x2000027:
00018e 3320      	CPI  R18,48
00018f f010      	BRLO _0x200002A
000190 332a      	CPI  R18,58
000191 f008      	BRLO _0x200002B
                 _0x200002A:
000192 c007      	RJMP _0x2000029
                 _0x200002B:
000193 e0aa      	LDI  R26,LOW(10)
000194 9f5a      	MUL  R21,R26
000195 2d50      	MOV  R21,R0
000196 2fe2      	MOV  R30,R18
000197 53e0      	SUBI R30,LOW(48)
000198 0f5e      	ADD  R21,R30
000199 c0db      	RJMP _0x200001B
                 _0x2000029:
00019a 2fe2      	MOV  R30,R18
00019b 36e3      	CPI  R30,LOW(0x63)
00019c f449      	BRNE _0x200002F
00019d 940e 0379 	CALL SUBOPT_0x4
00019f 89e8      	LDD  R30,Y+16
0001a0 89f9      	LDD  R31,Y+16+1
0001a1 81a4      	LDD  R26,Z+4
0001a2 93aa      	ST   -Y,R26
0001a3 940e 037f 	CALL SUBOPT_0x5
0001a5 c0ce      	RJMP _0x2000030
                 _0x200002F:
0001a6 37e3      	CPI  R30,LOW(0x73)
0001a7 f441      	BRNE _0x2000032
0001a8 940e 0379 	CALL SUBOPT_0x4
0001aa 940e 0385 	CALL SUBOPT_0x6
0001ac 940e 0340 	CALL _strlen
0001ae 2f1e      	MOV  R17,R30
0001af c00a      	RJMP _0x2000033
                 _0x2000032:
0001b0 37e0      	CPI  R30,LOW(0x70)
0001b1 f461      	BRNE _0x2000035
0001b2 940e 0379 	CALL SUBOPT_0x4
0001b4 940e 0385 	CALL SUBOPT_0x6
0001b6 940e 034c 	CALL _strlenf
0001b8 2f1e      	MOV  R17,R30
0001b9 6008      	ORI  R16,LOW(8)
                 _0x2000033:
0001ba 6002      	ORI  R16,LOW(2)
0001bb 770f      	ANDI R16,LOW(127)
0001bc e030      	LDI  R19,LOW(0)
0001bd c034      	RJMP _0x2000036
                 _0x2000035:
0001be 36e4      	CPI  R30,LOW(0x64)
0001bf f011      	BREQ _0x2000039
0001c0 36e9      	CPI  R30,LOW(0x69)
0001c1 f411      	BRNE _0x200003A
                 _0x2000039:
0001c2 6004      	ORI  R16,LOW(4)
0001c3 c002      	RJMP _0x200003B
                 _0x200003A:
0001c4 37e5      	CPI  R30,LOW(0x75)
0001c5 f431      	BRNE _0x200003C
                 _0x200003B:
0001c6 e5e4      	LDI  R30,LOW(_tbl10_G100*2)
0001c7 e0f0      	LDI  R31,HIGH(_tbl10_G100*2)
0001c8 83ee      	STD  Y+6,R30
0001c9 83ff      	STD  Y+6+1,R31
0001ca e015      	LDI  R17,LOW(5)
0001cb c00c      	RJMP _0x200003D
                 _0x200003C:
0001cc 35e8      	CPI  R30,LOW(0x58)
0001cd f411      	BRNE _0x200003F
0001ce 6008      	ORI  R16,LOW(8)
0001cf c003      	RJMP _0x2000040
                 _0x200003F:
0001d0 37e8      	CPI  R30,LOW(0x78)
0001d1 f009      	BREQ PC+2
0001d2 c0a1      	RJMP _0x2000071
                 _0x2000040:
0001d3 e5ee      	LDI  R30,LOW(_tbl16_G100*2)
0001d4 e0f0      	LDI  R31,HIGH(_tbl16_G100*2)
0001d5 83ee      	STD  Y+6,R30
0001d6 83ff      	STD  Y+6+1,R31
0001d7 e014      	LDI  R17,LOW(4)
                 _0x200003D:
0001d8 ff02      	SBRS R16,2
0001d9 c014      	RJMP _0x2000042
0001da 940e 0379 	CALL SUBOPT_0x4
0001dc 940e 038f 	CALL SUBOPT_0x7
0001de 85ab      	LDD  R26,Y+11
0001df 23aa      	TST  R26
0001e0 f43a      	BRPL _0x2000043
0001e1 85ea      	LDD  R30,Y+10
0001e2 85fb      	LDD  R31,Y+10+1
0001e3 940e 03b3 	CALL __ANEGW1
0001e5 87ea      	STD  Y+10,R30
0001e6 87fb      	STD  Y+10+1,R31
0001e7 e24d      	LDI  R20,LOW(45)
                 _0x2000043:
0001e8 3040      	CPI  R20,0
0001e9 f011      	BREQ _0x2000044
0001ea 5f1f      	SUBI R17,-LOW(1)
0001eb c001      	RJMP _0x2000045
                 _0x2000044:
0001ec 7f0b      	ANDI R16,LOW(251)
                 _0x2000045:
0001ed c004      	RJMP _0x2000046
                 _0x2000042:
0001ee 940e 0379 	CALL SUBOPT_0x4
0001f0 940e 038f 	CALL SUBOPT_0x7
                 _0x2000046:
                 _0x2000036:
0001f2 fd00      	SBRC R16,0
0001f3 c011      	RJMP _0x2000047
                 _0x2000048:
0001f4 1715      	CP   R17,R21
0001f5 f478      	BRSH _0x200004A
0001f6 ff07      	SBRS R16,7
0001f7 c008      	RJMP _0x200004B
0001f8 ff02      	SBRS R16,2
0001f9 c004      	RJMP _0x200004C
0001fa 7f0b      	ANDI R16,LOW(251)
0001fb 2f24      	MOV  R18,R20
0001fc 5011      	SUBI R17,LOW(1)
0001fd c001      	RJMP _0x200004D
                 _0x200004C:
0001fe e320      	LDI  R18,LOW(48)
                 _0x200004D:
0001ff c001      	RJMP _0x200004E
                 _0x200004B:
000200 e220      	LDI  R18,LOW(32)
                 _0x200004E:
000201 940e 0372 	CALL SUBOPT_0x3
000203 5051      	SUBI R21,LOW(1)
000204 cfef      	RJMP _0x2000048
                 _0x200004A:
                 _0x2000047:
000205 2f31      	MOV  R19,R17
000206 ff01      	SBRS R16,1
000207 c017      	RJMP _0x200004F
                 _0x2000050:
000208 3030      	CPI  R19,0
000209 f0a1      	BREQ _0x2000052
00020a ff03      	SBRS R16,3
00020b c006      	RJMP _0x2000053
00020c 81ee      	LDD  R30,Y+6
00020d 81ff      	LDD  R31,Y+6+1
00020e 9125      	LPM  R18,Z+
00020f 83ee      	STD  Y+6,R30
000210 83ff      	STD  Y+6+1,R31
000211 c005      	RJMP _0x2000054
                 _0x2000053:
000212 81ae      	LDD  R26,Y+6
000213 81bf      	LDD  R27,Y+6+1
000214 912d      	LD   R18,X+
000215 83ae      	STD  Y+6,R26
000216 83bf      	STD  Y+6+1,R27
                 _0x2000054:
000217 940e 0372 	CALL SUBOPT_0x3
000219 3050      	CPI  R21,0
00021a f009      	BREQ _0x2000055
00021b 5051      	SUBI R21,LOW(1)
                 _0x2000055:
00021c 5031      	SUBI R19,LOW(1)
00021d cfea      	RJMP _0x2000050
                 _0x2000052:
00021e c04b      	RJMP _0x2000056
                 _0x200004F:
                 _0x2000058:
00021f e320      	LDI  R18,LOW(48)
000220 81ee      	LDD  R30,Y+6
000221 81ff      	LDD  R31,Y+6+1
000222 940e 03bb 	CALL __GETW1PF
000224 87e8      	STD  Y+8,R30
000225 87f9      	STD  Y+8+1,R31
000226 81ee      	LDD  R30,Y+6
000227 81ff      	LDD  R31,Y+6+1
000228 9632      	ADIW R30,2
000229 83ee      	STD  Y+6,R30
00022a 83ff      	STD  Y+6+1,R31
                 _0x200005A:
00022b 85e8      	LDD  R30,Y+8
00022c 85f9      	LDD  R31,Y+8+1
00022d 85aa      	LDD  R26,Y+10
00022e 85bb      	LDD  R27,Y+10+1
00022f 17ae      	CP   R26,R30
000230 07bf      	CPC  R27,R31
000231 f050      	BRLO _0x200005C
000232 5f2f      	SUBI R18,-LOW(1)
000233 85a8      	LDD  R26,Y+8
000234 85b9      	LDD  R27,Y+8+1
000235 85ea      	LDD  R30,Y+10
000236 85fb      	LDD  R31,Y+10+1
000237 1bea      	SUB  R30,R26
000238 0bfb      	SBC  R31,R27
000239 87ea      	STD  Y+10,R30
00023a 87fb      	STD  Y+10+1,R31
00023b cfef      	RJMP _0x200005A
                 _0x200005C:
00023c 332a      	CPI  R18,58
00023d f028      	BRLO _0x200005D
00023e ff03      	SBRS R16,3
00023f c002      	RJMP _0x200005E
000240 5f29      	SUBI R18,-LOW(7)
000241 c001      	RJMP _0x200005F
                 _0x200005E:
000242 5d29      	SUBI R18,-LOW(39)
                 _0x200005F:
                 _0x200005D:
000243 fd04      	SBRC R16,4
000244 c01a      	RJMP _0x2000061
000245 3321      	CPI  R18,49
000246 f420      	BRSH _0x2000063
000247 85a8      	LDD  R26,Y+8
000248 85b9      	LDD  R27,Y+8+1
000249 9711      	SBIW R26,1
00024a f409      	BRNE _0x2000062
                 _0x2000063:
00024b c009      	RJMP _0x20000CD
                 _0x2000062:
00024c 1753      	CP   R21,R19
00024d f010      	BRLO _0x2000067
00024e ff00      	SBRS R16,0
00024f c001      	RJMP _0x2000068
                 _0x2000067:
000250 c013      	RJMP _0x2000066
                 _0x2000068:
000251 e220      	LDI  R18,LOW(32)
000252 ff07      	SBRS R16,7
000253 c00b      	RJMP _0x2000069
000254 e320      	LDI  R18,LOW(48)
                 _0x20000CD:
000255 6100      	ORI  R16,LOW(16)
000256 ff02      	SBRS R16,2
000257 c007      	RJMP _0x200006A
000258 7f0b      	ANDI R16,LOW(251)
000259 934a      	ST   -Y,R20
00025a 940e 037f 	CALL SUBOPT_0x5
00025c 3050      	CPI  R21,0
00025d f009      	BREQ _0x200006B
00025e 5051      	SUBI R21,LOW(1)
                 _0x200006B:
                 _0x200006A:
                 _0x2000069:
                 _0x2000061:
00025f 940e 0372 	CALL SUBOPT_0x3
000261 3050      	CPI  R21,0
000262 f009      	BREQ _0x200006C
000263 5051      	SUBI R21,LOW(1)
                 _0x200006C:
                 _0x2000066:
000264 5031      	SUBI R19,LOW(1)
000265 85a8      	LDD  R26,Y+8
000266 85b9      	LDD  R27,Y+8+1
000267 9712      	SBIW R26,2
000268 f008      	BRLO _0x2000059
000269 cfb5      	RJMP _0x2000058
                 _0x2000059:
                 _0x2000056:
00026a ff00      	SBRS R16,0
00026b c008      	RJMP _0x200006D
                 _0x200006E:
00026c 3050      	CPI  R21,0
00026d f031      	BREQ _0x2000070
00026e 5051      	SUBI R21,LOW(1)
00026f e2e0      	LDI  R30,LOW(32)
000270 93ea      	ST   -Y,R30
000271 940e 037f 	CALL SUBOPT_0x5
000273 cff8      	RJMP _0x200006E
                 _0x2000070:
                 _0x200006D:
                 _0x2000071:
                 _0x2000030:
                 _0x20000CC:
000274 e010      	LDI  R17,LOW(0)
                 _0x200001B:
000275 cee0      	RJMP _0x2000016
                 _0x2000018:
000276 85ac      	LDD  R26,Y+12
000277 85bd      	LDD  R27,Y+12+1
000278 940e 03b7 	CALL __GETW1P
00027a 940e 03f4 	CALL __LOADLOCR6
00027c 9664      	ADIW R28,20
00027d 9508      	RET
                 ; .FEND
                 _sprintf:
                 ; .FSTART _sprintf
00027e 92ff      	PUSH R15
00027f 2ef8      	MOV  R15,R24
000280 9726      	SBIW R28,6
000281 940e 03ef 	CALL __SAVELOCR4
000283 940e 0397 	CALL SUBOPT_0x8
000285 9730      	SBIW R30,0
000286 f419      	BRNE _0x2000072
000287 efef      	LDI  R30,LOW(65535)
000288 efff      	LDI  R31,HIGH(65535)
000289 c023      	RJMP _0x2080002
                 _0x2000072:
00028a 01de      	MOVW R26,R28
00028b 9616      	ADIW R26,6
00028c 940e 03af 	CALL __ADDW2R15
00028e 018d      	MOVW R16,R26
00028f 940e 0397 	CALL SUBOPT_0x8
000291 83ee      	STD  Y+6,R30
000292 83ff      	STD  Y+6+1,R31
000293 e0e0      	LDI  R30,LOW(0)
000294 87e8      	STD  Y+8,R30
000295 87e9      	STD  Y+8+1,R30
000296 01de      	MOVW R26,R28
000297 961a      	ADIW R26,10
000298 940e 03af 	CALL __ADDW2R15
00029a 940e 03b7 	CALL __GETW1P
00029c 93fa      	ST   -Y,R31
00029d 93ea      	ST   -Y,R30
00029e 931a      	ST   -Y,R17
00029f 930a      	ST   -Y,R16
0002a0 e0ea      	LDI  R30,LOW(_put_buff_G100)
0002a1 e0f1      	LDI  R31,HIGH(_put_buff_G100)
0002a2 93fa      	ST   -Y,R31
0002a3 93ea      	ST   -Y,R30
0002a4 01de      	MOVW R26,R28
0002a5 961a      	ADIW R26,10
0002a6 dea3      	RCALL __print_G100
0002a7 019f      	MOVW R18,R30
0002a8 81ae      	LDD  R26,Y+6
0002a9 81bf      	LDD  R27,Y+6+1
0002aa e0e0      	LDI  R30,LOW(0)
0002ab 93ec      	ST   X,R30
0002ac 01f9      	MOVW R30,R18
                 _0x2080002:
0002ad 940e 03f6 	CALL __LOADLOCR4
0002af 962a      	ADIW R28,10
0002b0 90ff      	POP  R15
0002b1 9508      	RET
                 ; .FEND
                 	#ifndef __SLEEP_DEFINED__
                 	#endif
                 
                 	.DSEG
                 
                 	.CSEG
                 __lcd_write_nibble_G101:
                 ; .FSTART __lcd_write_nibble_G101
0002b2 93aa      	ST   -Y,R26
0002b3 b3e8      	IN   R30,0x18
0002b4 70ef      	ANDI R30,LOW(0xF)
0002b5 2fae      	MOV  R26,R30
0002b6 81e8      	LD   R30,Y
0002b7 7fe0      	ANDI R30,LOW(0xF0)
0002b8 2bea      	OR   R30,R26
0002b9 bbe8      	OUT  0x18,R30
                +
0002ba e082     +LDI R24 , LOW ( 2 )
                +__DELAY_USB_LOOP :
0002bb 958a     +DEC R24
0002bc f7f1     +BRNE __DELAY_USB_LOOP
                 	__DELAY_USB 2
0002bd 9ac2      	SBI  0x18,2
                +
0002be e082     +LDI R24 , LOW ( 2 )
                +__DELAY_USB_LOOP :
0002bf 958a     +DEC R24
0002c0 f7f1     +BRNE __DELAY_USB_LOOP
                 	__DELAY_USB 2
0002c1 98c2      	CBI  0x18,2
                +
0002c2 e082     +LDI R24 , LOW ( 2 )
                +__DELAY_USB_LOOP :
0002c3 958a     +DEC R24
0002c4 f7f1     +BRNE __DELAY_USB_LOOP
                 	__DELAY_USB 2
0002c5 c078      	RJMP _0x2080001
                 ; .FEND
                 __lcd_write_data:
                 ; .FSTART __lcd_write_data
0002c6 93aa      	ST   -Y,R26
0002c7 81a8      	LD   R26,Y
0002c8 dfe9      	RCALL __lcd_write_nibble_G101
0002c9 81e8          ld    r30,y
0002ca 95e2          swap  r30
0002cb 83e8          st    y,r30
0002cc 81a8      	LD   R26,Y
0002cd dfe4      	RCALL __lcd_write_nibble_G101
                +
0002ce e181     +LDI R24 , LOW ( 17 )
                +__DELAY_USB_LOOP :
0002cf 958a     +DEC R24
0002d0 f7f1     +BRNE __DELAY_USB_LOOP
                 	__DELAY_USB 17
0002d1 c06c      	RJMP _0x2080001
                 ; .FEND
                 _lcd_gotoxy:
                 ; .FSTART _lcd_gotoxy
0002d2 93aa      	ST   -Y,R26
0002d3 81e8      	LD   R30,Y
0002d4 e0f0      	LDI  R31,0
0002d5 59e0      	SUBI R30,LOW(-__base_y_G101)
0002d6 4ffd      	SBCI R31,HIGH(-__base_y_G101)
0002d7 81e0      	LD   R30,Z
0002d8 81a9      	LDD  R26,Y+1
0002d9 0fae      	ADD  R26,R30
0002da dfeb      	RCALL __lcd_write_data
0002db 8059      	LDD  R5,Y+1
0002dc 8048      	LDD  R4,Y+0
0002dd 9622      	ADIW R28,2
0002de 9508      	RET
                 ; .FEND
                 _lcd_clear:
                 ; .FSTART _lcd_clear
0002df e0a2      	LDI  R26,LOW(2)
0002e0 dfe5      	RCALL __lcd_write_data
0002e1 940e 0359 	CALL SUBOPT_0x0
0002e3 e0ac      	LDI  R26,LOW(12)
0002e4 dfe1      	RCALL __lcd_write_data
0002e5 e0a1      	LDI  R26,LOW(1)
0002e6 dfdf      	RCALL __lcd_write_data
0002e7 940e 0359 	CALL SUBOPT_0x0
0002e9 e0e0      	LDI  R30,LOW(0)
0002ea 2e4e      	MOV  R4,R30
0002eb 2e5e      	MOV  R5,R30
0002ec 9508      	RET
                 ; .FEND
                 _lcd_putchar:
                 ; .FSTART _lcd_putchar
0002ed 93aa      	ST   -Y,R26
0002ee 81a8      	LD   R26,Y
0002ef 30aa      	CPI  R26,LOW(0xA)
0002f0 f011      	BREQ _0x2020005
0002f1 1457      	CP   R5,R7
0002f2 f048      	BRLO _0x2020004
                 _0x2020005:
0002f3 e0e0      	LDI  R30,LOW(0)
0002f4 93ea      	ST   -Y,R30
0002f5 9443      	INC  R4
0002f6 2da4      	MOV  R26,R4
0002f7 dfda      	RCALL _lcd_gotoxy
0002f8 81a8      	LD   R26,Y
0002f9 30aa      	CPI  R26,LOW(0xA)
0002fa f409      	BRNE _0x2020007
0002fb c042      	RJMP _0x2080001
                 _0x2020007:
                 _0x2020004:
0002fc 9453      	INC  R5
0002fd 9ac0      	SBI  0x18,0
0002fe 81a8      	LD   R26,Y
0002ff dfc6      	RCALL __lcd_write_data
000300 98c0      	CBI  0x18,0
000301 c03c      	RJMP _0x2080001
                 ; .FEND
                 _lcd_puts:
                 ; .FSTART _lcd_puts
000302 93ba      	ST   -Y,R27
000303 93aa      	ST   -Y,R26
000304 931a      	ST   -Y,R17
                 _0x2020008:
000305 81a9      	LDD  R26,Y+1
000306 81ba      	LDD  R27,Y+1+1
000307 91ed      	LD   R30,X+
000308 83a9      	STD  Y+1,R26
000309 83ba      	STD  Y+1+1,R27
00030a 2f1e      	MOV  R17,R30
00030b 30e0      	CPI  R30,0
00030c f019      	BREQ _0x202000A
00030d 2fa1      	MOV  R26,R17
00030e dfde      	RCALL _lcd_putchar
00030f cff5      	RJMP _0x2020008
                 _0x202000A:
000310 8118      	LDD  R17,Y+0
000311 9623      	ADIW R28,3
000312 9508      	RET
                 ; .FEND
                 _lcd_init:
                 ; .FSTART _lcd_init
000313 93aa      	ST   -Y,R26
000314 b3e7      	IN   R30,0x17
000315 6fe0      	ORI  R30,LOW(0xF0)
000316 bbe7      	OUT  0x17,R30
000317 9aba      	SBI  0x17,2
000318 9ab8      	SBI  0x17,0
000319 9ab9      	SBI  0x17,1
00031a 98c2      	CBI  0x18,2
00031b 98c0      	CBI  0x18,0
00031c 98c1      	CBI  0x18,1
00031d 8078      	LDD  R7,Y+0
00031e 81e8      	LD   R30,Y
00031f 58e0      	SUBI R30,-LOW(128)
                +
000320 93e0 0272+STS __base_y_G101 + ( 2 ) , R30
                 	__PUTB1MN __base_y_G101,2
000322 81e8      	LD   R30,Y
000323 54e0      	SUBI R30,-LOW(192)
                +
000324 93e0 0273+STS __base_y_G101 + ( 3 ) , R30
                 	__PUTB1MN __base_y_G101,3
000326 e1a4      	LDI  R26,LOW(20)
000327 e0b0      	LDI  R27,0
000328 940e 03a5 	CALL _delay_ms
00032a 940e 039e 	CALL SUBOPT_0x9
00032c 940e 039e 	CALL SUBOPT_0x9
00032e 940e 039e 	CALL SUBOPT_0x9
000330 e2a0      	LDI  R26,LOW(32)
000331 df80      	RCALL __lcd_write_nibble_G101
                +
000332 e281     +LDI R24 , LOW ( 33 )
                +__DELAY_USB_LOOP :
000333 958a     +DEC R24
000334 f7f1     +BRNE __DELAY_USB_LOOP
                 	__DELAY_USB 33
000335 e2a8      	LDI  R26,LOW(40)
000336 df8f      	RCALL __lcd_write_data
000337 e0a4      	LDI  R26,LOW(4)
000338 df8d      	RCALL __lcd_write_data
000339 e8a5      	LDI  R26,LOW(133)
00033a df8b      	RCALL __lcd_write_data
00033b e0a6      	LDI  R26,LOW(6)
00033c df89      	RCALL __lcd_write_data
00033d dfa1      	RCALL _lcd_clear
                 _0x2080001:
00033e 9621      	ADIW R28,1
00033f 9508      	RET
                 ; .FEND
                 
                 	.CSEG
                 
                 	.CSEG
                 _strlen:
                 ; .FSTART _strlen
000340 93ba      	ST   -Y,R27
000341 93aa      	ST   -Y,R26
000342 91a9          ld   r26,y+
000343 91b9          ld   r27,y+
000344 27ee          clr  r30
000345 27ff          clr  r31
                 strlen0:
000346 916d          ld   r22,x+
000347 2366          tst  r22
000348 f011          breq strlen1
000349 9631          adiw r30,1
00034a cffb          rjmp strlen0
                 strlen1:
00034b 9508          ret
                 ; .FEND
                 _strlenf:
                 ; .FSTART _strlenf
00034c 93ba      	ST   -Y,R27
00034d 93aa      	ST   -Y,R26
00034e 27aa          clr  r26
00034f 27bb          clr  r27
000350 91e9          ld   r30,y+
000351 91f9          ld   r31,y+
                 strlenf0:
000352 9005      	lpm  r0,z+
000353 2000          tst  r0
000354 f011          breq strlenf1
000355 9611          adiw r26,1
000356 cffb          rjmp strlenf0
                 strlenf1:
000357 01fd          movw r30,r26
000358 9508          ret
                 ; .FEND
                 
                 	.ESEG
                 _finalRes:
000000           	.BYTE 0x2
                 
                 	.DSEG
                 _lcd_buffer:
000260           	.BYTE 0x10
                 __base_y_G101:
000270           	.BYTE 0x4
                 
                 	.CSEG
                 ;OPTIMIZER ADDED SUBROUTINE, CALLED 4 TIMES, CODE SIZE REDUCTION:3 WORDS
                 SUBOPT_0x0:
000359 e0a3      	LDI  R26,LOW(3)
00035a e0b0      	LDI  R27,0
00035b 940c 03a5 	JMP  _delay_ms
                 
                 ;OPTIMIZER ADDED SUBROUTINE, CALLED 2 TIMES, CODE SIZE REDUCTION:1 WORDS
                 SUBOPT_0x1:
00035d 940e 02d2 	CALL _lcd_gotoxy
00035f e6e0      	LDI  R30,LOW(_lcd_buffer)
000360 e0f2      	LDI  R31,HIGH(_lcd_buffer)
000361 93fa      	ST   -Y,R31
000362 93ea      	ST   -Y,R30
000363 9508      	RET
                 
                 ;OPTIMIZER ADDED SUBROUTINE, CALLED 2 TIMES, CODE SIZE REDUCTION:9 WORDS
                 SUBOPT_0x2:
000364 940e 03bf 	CALL __PUTPARD1
000366 e084      	LDI  R24,4
000367 940e 027e 	CALL _sprintf
000369 9628      	ADIW R28,8
00036a e6a0      	LDI  R26,LOW(_lcd_buffer)
00036b e0b2      	LDI  R27,HIGH(_lcd_buffer)
00036c 940e 0302 	CALL _lcd_puts
00036e efa4      	LDI  R26,LOW(500)
00036f e0b1      	LDI  R27,HIGH(500)
000370 940c 03a5 	JMP  _delay_ms
                 
                 ;OPTIMIZER ADDED SUBROUTINE, CALLED 5 TIMES, CODE SIZE REDUCTION:13 WORDS
                 SUBOPT_0x3:
000372 932a      	ST   -Y,R18
000373 85ad      	LDD  R26,Y+13
000374 85be      	LDD  R27,Y+13+1
000375 85ef      	LDD  R30,Y+15
000376 89f8      	LDD  R31,Y+15+1
000377 9509      	ICALL
000378 9508      	RET
                 
                 ;OPTIMIZER ADDED SUBROUTINE, CALLED 5 TIMES, CODE SIZE REDUCTION:9 WORDS
                 SUBOPT_0x4:
000379 89e8      	LDD  R30,Y+16
00037a 89f9      	LDD  R31,Y+16+1
00037b 9734      	SBIW R30,4
00037c 8be8      	STD  Y+16,R30
00037d 8bf9      	STD  Y+16+1,R31
00037e 9508      	RET
                 
                 ;OPTIMIZER ADDED SUBROUTINE, CALLED 3 TIMES, CODE SIZE REDUCTION:3 WORDS
                 SUBOPT_0x5:
00037f 85ad      	LDD  R26,Y+13
000380 85be      	LDD  R27,Y+13+1
000381 85ef      	LDD  R30,Y+15
000382 89f8      	LDD  R31,Y+15+1
000383 9509      	ICALL
000384 9508      	RET
                 
                 ;OPTIMIZER ADDED SUBROUTINE, CALLED 2 TIMES, CODE SIZE REDUCTION:4 WORDS
                 SUBOPT_0x6:
000385 89a8      	LDD  R26,Y+16
000386 89b9      	LDD  R27,Y+16+1
000387 9614      	ADIW R26,4
000388 940e 03b7 	CALL __GETW1P
00038a 83ee      	STD  Y+6,R30
00038b 83ff      	STD  Y+6+1,R31
00038c 81ae      	LDD  R26,Y+6
00038d 81bf      	LDD  R27,Y+6+1
00038e 9508      	RET
                 
                 ;OPTIMIZER ADDED SUBROUTINE, CALLED 2 TIMES, CODE SIZE REDUCTION:2 WORDS
                 SUBOPT_0x7:
00038f 89a8      	LDD  R26,Y+16
000390 89b9      	LDD  R27,Y+16+1
000391 9614      	ADIW R26,4
000392 940e 03b7 	CALL __GETW1P
000394 87ea      	STD  Y+10,R30
000395 87fb      	STD  Y+10+1,R31
000396 9508      	RET
                 
                 ;OPTIMIZER ADDED SUBROUTINE, CALLED 2 TIMES, CODE SIZE REDUCTION:1 WORDS
                 SUBOPT_0x8:
000397 01de      	MOVW R26,R28
000398 961c      	ADIW R26,12
000399 940e 03af 	CALL __ADDW2R15
00039b 940e 03b7 	CALL __GETW1P
00039d 9508      	RET
                 
                 ;OPTIMIZER ADDED SUBROUTINE, CALLED 3 TIMES, CODE SIZE REDUCTION:5 WORDS
                 SUBOPT_0x9:
00039e e3a0      	LDI  R26,LOW(48)
00039f 940e 02b2 	CALL __lcd_write_nibble_G101
                +
0003a1 e281     +LDI R24 , LOW ( 33 )
                +__DELAY_USB_LOOP :
0003a2 958a     +DEC R24
0003a3 f7f1     +BRNE __DELAY_USB_LOOP
                 	__DELAY_USB 33
0003a4 9508      	RET
                 
                 
                 	.CSEG
                 _delay_ms:
0003a5 9610      	adiw r26,0
0003a6 f039      	breq __delay_ms1
                 __delay_ms0:
0003a7 95a8      	wdr
                +
0003a8 ef8a     +LDI R24 , LOW ( 0xFA )
0003a9 e090     +LDI R25 , HIGH ( 0xFA )
                +__DELAY_USW_LOOP :
0003aa 9701     +SBIW R24 , 1
0003ab f7f1     +BRNE __DELAY_USW_LOOP
                 	__DELAY_USW 0xFA
0003ac 9711      	sbiw r26,1
0003ad f7c9      	brne __delay_ms0
                 __delay_ms1:
0003ae 9508      	ret
                 
                 __ADDW2R15:
0003af 2400      	CLR  R0
0003b0 0daf      	ADD  R26,R15
0003b1 1db0      	ADC  R27,R0
0003b2 9508      	RET
                 
                 __ANEGW1:
0003b3 95f1      	NEG  R31
0003b4 95e1      	NEG  R30
0003b5 40f0      	SBCI R31,0
0003b6 9508      	RET
                 
                 __GETW1P:
0003b7 91ed      	LD   R30,X+
0003b8 91fc      	LD   R31,X
0003b9 9711      	SBIW R26,1
0003ba 9508      	RET
                 
                 __GETW1PF:
0003bb 9005      	LPM  R0,Z+
0003bc 91f4      	LPM  R31,Z
0003bd 2de0      	MOV  R30,R0
0003be 9508      	RET
                 
                 __PUTPARD1:
0003bf 937a      	ST   -Y,R23
0003c0 936a      	ST   -Y,R22
0003c1 93fa      	ST   -Y,R31
0003c2 93ea      	ST   -Y,R30
0003c3 9508      	RET
                 
                 __EEPROMRDW:
0003c4 9611      	ADIW R26,1
0003c5 d002      	RCALL __EEPROMRDB
0003c6 2ffe      	MOV  R31,R30
0003c7 9711      	SBIW R26,1
                 
                 __EEPROMRDB:
0003c8 99e1      	SBIC EECR,EEWE
0003c9 cffe      	RJMP __EEPROMRDB
0003ca 93ff      	PUSH R31
0003cb b7ff      	IN   R31,SREG
0003cc 94f8      	CLI
0003cd bbae      	OUT  EEARL,R26
0003ce bbbf      	OUT  EEARH,R27
0003cf 9ae0      	SBI  EECR,EERE
0003d0 b3ed      	IN   R30,EEDR
0003d1 bfff      	OUT  SREG,R31
0003d2 91ff      	POP  R31
0003d3 9508      	RET
                 
                 __EEPROMWRW:
0003d4 d007      	RCALL __EEPROMWRB
0003d5 9611      	ADIW R26,1
0003d6 93ef      	PUSH R30
0003d7 2fef      	MOV  R30,R31
0003d8 d003      	RCALL __EEPROMWRB
0003d9 91ef      	POP  R30
0003da 9711      	SBIW R26,1
0003db 9508      	RET
                 
                 __EEPROMWRB:
0003dc 9be1      	SBIS EECR,EEWE
0003dd c002      	RJMP __EEPROMWRB1
0003de 95a8      	WDR
0003df cffc      	RJMP __EEPROMWRB
                 __EEPROMWRB1:
0003e0 b79f      	IN   R25,SREG
0003e1 94f8      	CLI
0003e2 bbae      	OUT  EEARL,R26
0003e3 bbbf      	OUT  EEARH,R27
0003e4 9ae0      	SBI  EECR,EERE
0003e5 b38d      	IN   R24,EEDR
0003e6 17e8      	CP   R30,R24
0003e7 f019      	BREQ __EEPROMWRB0
0003e8 bbed      	OUT  EEDR,R30
0003e9 9ae2      	SBI  EECR,EEMWE
0003ea 9ae1      	SBI  EECR,EEWE
                 __EEPROMWRB0:
0003eb bf9f      	OUT  SREG,R25
0003ec 9508      	RET
                 
                 __SAVELOCR6:
0003ed 935a      	ST   -Y,R21
                 __SAVELOCR5:
0003ee 934a      	ST   -Y,R20
                 __SAVELOCR4:
0003ef 933a      	ST   -Y,R19
                 __SAVELOCR3:
0003f0 932a      	ST   -Y,R18
                 __SAVELOCR2:
0003f1 931a      	ST   -Y,R17
0003f2 930a      	ST   -Y,R16
0003f3 9508      	RET
                 
                 __LOADLOCR6:
0003f4 815d      	LDD  R21,Y+5
                 __LOADLOCR5:
0003f5 814c      	LDD  R20,Y+4
                 __LOADLOCR4:
0003f6 813b      	LDD  R19,Y+3
                 __LOADLOCR3:
0003f7 812a      	LDD  R18,Y+2
                 __LOADLOCR2:
0003f8 8119      	LDD  R17,Y+1
0003f9 8108      	LD   R16,Y
0003fa 9508      	RET
                 
                 __INITLOCB:
                 __INITLOCW:
0003fb 0fac      	ADD  R26,R28
0003fc 1fbd      	ADC  R27,R29
                 __INITLOC0:
0003fd 9005      	LPM  R0,Z+
0003fe 920d      	ST   X+,R0
0003ff 958a      	DEC  R24
000400 f7e1      	BRNE __INITLOC0
000401 9508      	RET
                 
                 ;END OF CODE MARKER
                 __END_OF_CODE:


RESOURCE USE INFORMATION
------------------------

Notice:
The register and instruction counts are symbol table hit counts,
and hence implicitly used resources are not counted, eg, the
'lpm' instruction without operands implicitly uses r0 and z,
none of which are counted.

x,y,z are separate entities in the symbol table and are
counted separately from r26..r31 here.

.dseg memory usage only counts static data declared with .byte

ATmega32 register use summary:
r0 :  13 r1 :   1 r2 :   0 r3 :   0 r4 :   4 r5 :   4 r6 :   0 r7 :   2 
r8 :   0 r9 :   0 r10:   0 r11:   0 r12:   0 r13:   0 r14:   0 r15:   4 
r16:  39 r17:  29 r18:  33 r19:   8 r20:   9 r21:  21 r22:   7 r23:   3 
r24:  27 r25:   5 r26: 116 r27:  47 r28:  20 r29:   2 r30: 209 r31:  68 
x  :  26 y  : 169 z  :  16 
Registers used: 25 out of 35 (71.4%)

ATmega32 instruction use summary:
.lds  :   0 .lds.l:   0 .sts  :   0 .sts.l:   0 adc   :   4 add   :   6 
adiw  :  29 and   :   1 andi  :   6 asr   :   0 bclr  :   0 bld   :   0 
brbc  :   0 brbs  :   0 brcc  :   0 brcs  :   0 break :   0 breq  :  19 
brge  :   1 brhc  :   0 brhs  :   0 brid  :   0 brie  :   0 brlo  :   8 
brlt  :   0 brmi  :   1 brne  :  32 brpl  :   1 brsh  :   2 brtc  :   0 
brts  :   0 brvc  :   0 brvs  :   0 bset  :   0 bst   :   0 call  :  61 
cbi   :   5 cbr   :   0 clc   :   0 clh   :   0 cli   :   3 cln   :   0 
clr   :  12 cls   :   0 clt   :   0 clv   :   0 clz   :   0 com   :   0 
cp    :   6 cpc   :   3 cpi   :  35 cpse  :   0 dec   :   8 des   :   0 
eor   :   0 fmul  :   0 fmuls :   0 fmulsu:   0 icall :   2 ijmp  :   0 
in    :   8 inc   :   2 jmp   :  24 ld    :  27 ldd   :  77 ldi   : 110 
lds   :   0 lpm   :  15 lsl   :   0 lsr   :   0 mov   :  21 movw  :  16 
mul   :   1 muls  :   0 mulsu :   0 neg   :   2 nop   :   0 or    :   1 
ori   :   7 out   :  53 pop   :   3 push  :   3 rcall :  19 ret   :  29 
reti  :   0 rjmp  :  63 rol   :   0 ror   :   0 sbc   :   1 sbci  :   3 
sbi   :   9 sbic  :   1 sbis  :   1 sbiw  :  21 sbr   :   0 sbrc  :   2 
sbrs  :  10 sec   :   0 seh   :   0 sei   :   0 sen   :   0 ser   :   0 
ses   :   0 set   :   0 sev   :   0 sez   :   0 sleep :   0 spm   :   0 
st    :  63 std   :  31 sts   :   2 sub   :   1 subi  :  17 swap  :   1 
tst   :   4 wdr   :   2 
Instructions used: 56 out of 116 (48.3%)

ATmega32 memory use summary [bytes]:
Segment   Begin    End      Code   Data   Used    Size   Use%
---------------------------------------------------------------
[.cseg] 0x000000 0x000804   1960     92   2052   32768   6.3%
[.dseg] 0x000060 0x000274      0     20     20    2048   1.0%
[.eseg] 0x000000 0x000002      0      2      2    1024   0.2%

Assembly complete, 0 errors, 3 warnings
