
AVRASM ver. 2.1.30  C:\Users\Alpha\Desktop\codevision_az5_2\Debug\List\az52.asm Tue Aug 11 05:51:31 2020

C:\Users\Alpha\Desktop\codevision_az5_2\Debug\List\az52.asm(1088): warning: Register r5 already defined by the .DEF directive
C:\Users\Alpha\Desktop\codevision_az5_2\Debug\List\az52.asm(1089): warning: Register r4 already defined by the .DEF directive
C:\Users\Alpha\Desktop\codevision_az5_2\Debug\List\az52.asm(1090): warning: Register r7 already defined by the .DEF directive
                 
                 
                 ;CodeVisionAVR C Compiler V3.14 Advanced
                 ;(C) Copyright 1998-2014 Pavel Haiduc, HP InfoTech s.r.l.
                 ;http://www.hpinfotech.com
                 
                 ;Build configuration    : Debug
                 ;Chip type              : ATmega32
                 ;Program type           : Application
                 ;Clock frequency        : 1.000000 MHz
                 ;Memory model           : Small
                 ;Optimize for           : Size
                 ;(s)printf features     : int, width
                 ;(s)scanf features      : int, width
                 ;External RAM size      : 0
                 ;Data Stack size        : 512 byte(s)
                 ;Heap size              : 0 byte(s)
                 ;Promote 'char' to 'int': Yes
                 ;'char' is unsigned     : Yes
                 ;8 bit enums            : Yes
                 ;Global 'const' stored in FLASH: Yes
                 ;Enhanced function parameter passing: Yes
                 ;Enhanced core instructions: On
                 ;Automatic register allocation for global variables: On
                 ;Smart register allocation: On
                 
                 	#define _MODEL_SMALL_
                 
                 	#pragma AVRPART ADMIN PART_NAME ATmega32
                 	#pragma AVRPART MEMORY PROG_FLASH 32768
                 	#pragma AVRPART MEMORY EEPROM 1024
                 	#pragma AVRPART MEMORY INT_SRAM SIZE 2048
                 	#pragma AVRPART MEMORY INT_SRAM START_ADDR 0x60
                 
                 	#define CALL_SUPPORTED 1
                 
                 	.LISTMAC
                 	.EQU UDRE=0x5
                 	.EQU RXC=0x7
                 	.EQU USR=0xB
                 	.EQU UDR=0xC
                 	.EQU SPSR=0xE
                 	.EQU SPDR=0xF
                 	.EQU EERE=0x0
                 	.EQU EEWE=0x1
                 	.EQU EEMWE=0x2
                 	.EQU EECR=0x1C
                 	.EQU EEDR=0x1D
                 	.EQU EEARL=0x1E
                 	.EQU EEARH=0x1F
                 	.EQU WDTCR=0x21
                 	.EQU MCUCR=0x35
                 	.EQU GICR=0x3B
                 	.EQU SPL=0x3D
                 	.EQU SPH=0x3E
                 	.EQU SREG=0x3F
                 
                 	.DEF R0X0=R0
                 	.DEF R0X1=R1
                 	.DEF R0X2=R2
                 	.DEF R0X3=R3
                 	.DEF R0X4=R4
                 	.DEF R0X5=R5
                 	.DEF R0X6=R6
                 	.DEF R0X7=R7
                 	.DEF R0X8=R8
                 	.DEF R0X9=R9
                 	.DEF R0XA=R10
                 	.DEF R0XB=R11
                 	.DEF R0XC=R12
                 	.DEF R0XD=R13
                 	.DEF R0XE=R14
                 	.DEF R0XF=R15
                 	.DEF R0X10=R16
                 	.DEF R0X11=R17
                 	.DEF R0X12=R18
                 	.DEF R0X13=R19
                 	.DEF R0X14=R20
                 	.DEF R0X15=R21
                 	.DEF R0X16=R22
                 	.DEF R0X17=R23
                 	.DEF R0X18=R24
                 	.DEF R0X19=R25
                 	.DEF R0X1A=R26
                 	.DEF R0X1B=R27
                 	.DEF R0X1C=R28
                 	.DEF R0X1D=R29
                 	.DEF R0X1E=R30
                 	.DEF R0X1F=R31
                 
                 	.EQU __SRAM_START=0x0060
                 	.EQU __SRAM_END=0x085F
                 	.EQU __DSTACK_SIZE=0x0200
                 	.EQU __HEAP_SIZE=0x0000
                 	.EQU __CLEAR_SRAM_SIZE=__SRAM_END-__SRAM_START+1
                 
                 	.MACRO __CPD1N
                 	CPI  R30,LOW(@0)
                 	LDI  R26,HIGH(@0)
                 	CPC  R31,R26
                 	LDI  R26,BYTE3(@0)
                 	CPC  R22,R26
                 	LDI  R26,BYTE4(@0)
                 	CPC  R23,R26
                 	.ENDM
                 
                 	.MACRO __CPD2N
                 	CPI  R26,LOW(@0)
                 	LDI  R30,HIGH(@0)
                 	CPC  R27,R30
                 	LDI  R30,BYTE3(@0)
                 	CPC  R24,R30
                 	LDI  R30,BYTE4(@0)
                 	CPC  R25,R30
                 	.ENDM
                 
                 	.MACRO __CPWRR
                 	CP   R@0,R@2
                 	CPC  R@1,R@3
                 	.ENDM
                 
                 	.MACRO __CPWRN
                 	CPI  R@0,LOW(@2)
                 	LDI  R30,HIGH(@2)
                 	CPC  R@1,R30
                 	.ENDM
                 
                 	.MACRO __ADDB1MN
                 	SUBI R30,LOW(-@0-(@1))
                 	.ENDM
                 
                 	.MACRO __ADDB2MN
                 	SUBI R26,LOW(-@0-(@1))
                 	.ENDM
                 
                 	.MACRO __ADDW1MN
                 	SUBI R30,LOW(-@0-(@1))
                 	SBCI R31,HIGH(-@0-(@1))
                 	.ENDM
                 
                 	.MACRO __ADDW2MN
                 	SUBI R26,LOW(-@0-(@1))
                 	SBCI R27,HIGH(-@0-(@1))
                 	.ENDM
                 
                 	.MACRO __ADDW1FN
                 	SUBI R30,LOW(-2*@0-(@1))
                 	SBCI R31,HIGH(-2*@0-(@1))
                 	.ENDM
                 
                 	.MACRO __ADDD1FN
                 	SUBI R30,LOW(-2*@0-(@1))
                 	SBCI R31,HIGH(-2*@0-(@1))
                 	SBCI R22,BYTE3(-2*@0-(@1))
                 	.ENDM
                 
                 	.MACRO __ADDD1N
                 	SUBI R30,LOW(-@0)
                 	SBCI R31,HIGH(-@0)
                 	SBCI R22,BYTE3(-@0)
                 	SBCI R23,BYTE4(-@0)
                 	.ENDM
                 
                 	.MACRO __ADDD2N
                 	SUBI R26,LOW(-@0)
                 	SBCI R27,HIGH(-@0)
                 	SBCI R24,BYTE3(-@0)
                 	SBCI R25,BYTE4(-@0)
                 	.ENDM
                 
                 	.MACRO __SUBD1N
                 	SUBI R30,LOW(@0)
                 	SBCI R31,HIGH(@0)
                 	SBCI R22,BYTE3(@0)
                 	SBCI R23,BYTE4(@0)
                 	.ENDM
                 
                 	.MACRO __SUBD2N
                 	SUBI R26,LOW(@0)
                 	SBCI R27,HIGH(@0)
                 	SBCI R24,BYTE3(@0)
                 	SBCI R25,BYTE4(@0)
                 	.ENDM
                 
                 	.MACRO __ANDBMNN
                 	LDS  R30,@0+(@1)
                 	ANDI R30,LOW(@2)
                 	STS  @0+(@1),R30
                 	.ENDM
                 
                 	.MACRO __ANDWMNN
                 	LDS  R30,@0+(@1)
                 	ANDI R30,LOW(@2)
                 	STS  @0+(@1),R30
                 	LDS  R30,@0+(@1)+1
                 	ANDI R30,HIGH(@2)
                 	STS  @0+(@1)+1,R30
                 	.ENDM
                 
                 	.MACRO __ANDD1N
                 	ANDI R30,LOW(@0)
                 	ANDI R31,HIGH(@0)
                 	ANDI R22,BYTE3(@0)
                 	ANDI R23,BYTE4(@0)
                 	.ENDM
                 
                 	.MACRO __ANDD2N
                 	ANDI R26,LOW(@0)
                 	ANDI R27,HIGH(@0)
                 	ANDI R24,BYTE3(@0)
                 	ANDI R25,BYTE4(@0)
                 	.ENDM
                 
                 	.MACRO __ORBMNN
                 	LDS  R30,@0+(@1)
                 	ORI  R30,LOW(@2)
                 	STS  @0+(@1),R30
                 	.ENDM
                 
                 	.MACRO __ORWMNN
                 	LDS  R30,@0+(@1)
                 	ORI  R30,LOW(@2)
                 	STS  @0+(@1),R30
                 	LDS  R30,@0+(@1)+1
                 	ORI  R30,HIGH(@2)
                 	STS  @0+(@1)+1,R30
                 	.ENDM
                 
                 	.MACRO __ORD1N
                 	ORI  R30,LOW(@0)
                 	ORI  R31,HIGH(@0)
                 	ORI  R22,BYTE3(@0)
                 	ORI  R23,BYTE4(@0)
                 	.ENDM
                 
                 	.MACRO __ORD2N
                 	ORI  R26,LOW(@0)
                 	ORI  R27,HIGH(@0)
                 	ORI  R24,BYTE3(@0)
                 	ORI  R25,BYTE4(@0)
                 	.ENDM
                 
                 	.MACRO __DELAY_USB
                 	LDI  R24,LOW(@0)
                 __DELAY_USB_LOOP:
                 	DEC  R24
                 	BRNE __DELAY_USB_LOOP
                 	.ENDM
                 
                 	.MACRO __DELAY_USW
                 	LDI  R24,LOW(@0)
                 	LDI  R25,HIGH(@0)
                 __DELAY_USW_LOOP:
                 	SBIW R24,1
                 	BRNE __DELAY_USW_LOOP
                 	.ENDM
                 
                 	.MACRO __GETD1S
                 	LDD  R30,Y+@0
                 	LDD  R31,Y+@0+1
                 	LDD  R22,Y+@0+2
                 	LDD  R23,Y+@0+3
                 	.ENDM
                 
                 	.MACRO __GETD2S
                 	LDD  R26,Y+@0
                 	LDD  R27,Y+@0+1
                 	LDD  R24,Y+@0+2
                 	LDD  R25,Y+@0+3
                 	.ENDM
                 
                 	.MACRO __PUTD1S
                 	STD  Y+@0,R30
                 	STD  Y+@0+1,R31
                 	STD  Y+@0+2,R22
                 	STD  Y+@0+3,R23
                 	.ENDM
                 
                 	.MACRO __PUTD2S
                 	STD  Y+@0,R26
                 	STD  Y+@0+1,R27
                 	STD  Y+@0+2,R24
                 	STD  Y+@0+3,R25
                 	.ENDM
                 
                 	.MACRO __PUTDZ2
                 	STD  Z+@0,R26
                 	STD  Z+@0+1,R27
                 	STD  Z+@0+2,R24
                 	STD  Z+@0+3,R25
                 	.ENDM
                 
                 	.MACRO __CLRD1S
                 	STD  Y+@0,R30
                 	STD  Y+@0+1,R30
                 	STD  Y+@0+2,R30
                 	STD  Y+@0+3,R30
                 	.ENDM
                 
                 	.MACRO __POINTB1MN
                 	LDI  R30,LOW(@0+(@1))
                 	.ENDM
                 
                 	.MACRO __POINTW1MN
                 	LDI  R30,LOW(@0+(@1))
                 	LDI  R31,HIGH(@0+(@1))
                 	.ENDM
                 
                 	.MACRO __POINTD1M
                 	LDI  R30,LOW(@0)
                 	LDI  R31,HIGH(@0)
                 	LDI  R22,BYTE3(@0)
                 	LDI  R23,BYTE4(@0)
                 	.ENDM
                 
                 	.MACRO __POINTW1FN
                 	LDI  R30,LOW(2*@0+(@1))
                 	LDI  R31,HIGH(2*@0+(@1))
                 	.ENDM
                 
                 	.MACRO __POINTD1FN
                 	LDI  R30,LOW(2*@0+(@1))
                 	LDI  R31,HIGH(2*@0+(@1))
                 	LDI  R22,BYTE3(2*@0+(@1))
                 	LDI  R23,BYTE4(2*@0+(@1))
                 	.ENDM
                 
                 	.MACRO __POINTB2MN
                 	LDI  R26,LOW(@0+(@1))
                 	.ENDM
                 
                 	.MACRO __POINTW2MN
                 	LDI  R26,LOW(@0+(@1))
                 	LDI  R27,HIGH(@0+(@1))
                 	.ENDM
                 
                 	.MACRO __POINTW2FN
                 	LDI  R26,LOW(2*@0+(@1))
                 	LDI  R27,HIGH(2*@0+(@1))
                 	.ENDM
                 
                 	.MACRO __POINTD2FN
                 	LDI  R26,LOW(2*@0+(@1))
                 	LDI  R27,HIGH(2*@0+(@1))
                 	LDI  R24,BYTE3(2*@0+(@1))
                 	LDI  R25,BYTE4(2*@0+(@1))
                 	.ENDM
                 
                 	.MACRO __POINTBRM
                 	LDI  R@0,LOW(@1)
                 	.ENDM
                 
                 	.MACRO __POINTWRM
                 	LDI  R@0,LOW(@2)
                 	LDI  R@1,HIGH(@2)
                 	.ENDM
                 
                 	.MACRO __POINTBRMN
                 	LDI  R@0,LOW(@1+(@2))
                 	.ENDM
                 
                 	.MACRO __POINTWRMN
                 	LDI  R@0,LOW(@2+(@3))
                 	LDI  R@1,HIGH(@2+(@3))
                 	.ENDM
                 
                 	.MACRO __POINTWRFN
                 	LDI  R@0,LOW(@2*2+(@3))
                 	LDI  R@1,HIGH(@2*2+(@3))
                 	.ENDM
                 
                 	.MACRO __GETD1N
                 	LDI  R30,LOW(@0)
                 	LDI  R31,HIGH(@0)
                 	LDI  R22,BYTE3(@0)
                 	LDI  R23,BYTE4(@0)
                 	.ENDM
                 
                 	.MACRO __GETD2N
                 	LDI  R26,LOW(@0)
                 	LDI  R27,HIGH(@0)
                 	LDI  R24,BYTE3(@0)
                 	LDI  R25,BYTE4(@0)
                 	.ENDM
                 
                 	.MACRO __GETB1MN
                 	LDS  R30,@0+(@1)
                 	.ENDM
                 
                 	.MACRO __GETB1HMN
                 	LDS  R31,@0+(@1)
                 	.ENDM
                 
                 	.MACRO __GETW1MN
                 	LDS  R30,@0+(@1)
                 	LDS  R31,@0+(@1)+1
                 	.ENDM
                 
                 	.MACRO __GETD1MN
                 	LDS  R30,@0+(@1)
                 	LDS  R31,@0+(@1)+1
                 	LDS  R22,@0+(@1)+2
                 	LDS  R23,@0+(@1)+3
                 	.ENDM
                 
                 	.MACRO __GETBRMN
                 	LDS  R@0,@1+(@2)
                 	.ENDM
                 
                 	.MACRO __GETWRMN
                 	LDS  R@0,@2+(@3)
                 	LDS  R@1,@2+(@3)+1
                 	.ENDM
                 
                 	.MACRO __GETWRZ
                 	LDD  R@0,Z+@2
                 	LDD  R@1,Z+@2+1
                 	.ENDM
                 
                 	.MACRO __GETD2Z
                 	LDD  R26,Z+@0
                 	LDD  R27,Z+@0+1
                 	LDD  R24,Z+@0+2
                 	LDD  R25,Z+@0+3
                 	.ENDM
                 
                 	.MACRO __GETB2MN
                 	LDS  R26,@0+(@1)
                 	.ENDM
                 
                 	.MACRO __GETW2MN
                 	LDS  R26,@0+(@1)
                 	LDS  R27,@0+(@1)+1
                 	.ENDM
                 
                 	.MACRO __GETD2MN
                 	LDS  R26,@0+(@1)
                 	LDS  R27,@0+(@1)+1
                 	LDS  R24,@0+(@1)+2
                 	LDS  R25,@0+(@1)+3
                 	.ENDM
                 
                 	.MACRO __PUTB1MN
                 	STS  @0+(@1),R30
                 	.ENDM
                 
                 	.MACRO __PUTW1MN
                 	STS  @0+(@1),R30
                 	STS  @0+(@1)+1,R31
                 	.ENDM
                 
                 	.MACRO __PUTD1MN
                 	STS  @0+(@1),R30
                 	STS  @0+(@1)+1,R31
                 	STS  @0+(@1)+2,R22
                 	STS  @0+(@1)+3,R23
                 	.ENDM
                 
                 	.MACRO __PUTB1EN
                 	LDI  R26,LOW(@0+(@1))
                 	LDI  R27,HIGH(@0+(@1))
                 	CALL __EEPROMWRB
                 	.ENDM
                 
                 	.MACRO __PUTW1EN
                 	LDI  R26,LOW(@0+(@1))
                 	LDI  R27,HIGH(@0+(@1))
                 	CALL __EEPROMWRW
                 	.ENDM
                 
                 	.MACRO __PUTD1EN
                 	LDI  R26,LOW(@0+(@1))
                 	LDI  R27,HIGH(@0+(@1))
                 	CALL __EEPROMWRD
                 	.ENDM
                 
                 	.MACRO __PUTBR0MN
                 	STS  @0+(@1),R0
                 	.ENDM
                 
                 	.MACRO __PUTBMRN
                 	STS  @0+(@1),R@2
                 	.ENDM
                 
                 	.MACRO __PUTWMRN
                 	STS  @0+(@1),R@2
                 	STS  @0+(@1)+1,R@3
                 	.ENDM
                 
                 	.MACRO __PUTBZR
                 	STD  Z+@1,R@0
                 	.ENDM
                 
                 	.MACRO __PUTWZR
                 	STD  Z+@2,R@0
                 	STD  Z+@2+1,R@1
                 	.ENDM
                 
                 	.MACRO __GETW1R
                 	MOV  R30,R@0
                 	MOV  R31,R@1
                 	.ENDM
                 
                 	.MACRO __GETW2R
                 	MOV  R26,R@0
                 	MOV  R27,R@1
                 	.ENDM
                 
                 	.MACRO __GETWRN
                 	LDI  R@0,LOW(@2)
                 	LDI  R@1,HIGH(@2)
                 	.ENDM
                 
                 	.MACRO __PUTW1R
                 	MOV  R@0,R30
                 	MOV  R@1,R31
                 	.ENDM
                 
                 	.MACRO __PUTW2R
                 	MOV  R@0,R26
                 	MOV  R@1,R27
                 	.ENDM
                 
                 	.MACRO __ADDWRN
                 	SUBI R@0,LOW(-@2)
                 	SBCI R@1,HIGH(-@2)
                 	.ENDM
                 
                 	.MACRO __ADDWRR
                 	ADD  R@0,R@2
                 	ADC  R@1,R@3
                 	.ENDM
                 
                 	.MACRO __SUBWRN
                 	SUBI R@0,LOW(@2)
                 	SBCI R@1,HIGH(@2)
                 	.ENDM
                 
                 	.MACRO __SUBWRR
                 	SUB  R@0,R@2
                 	SBC  R@1,R@3
                 	.ENDM
                 
                 	.MACRO __ANDWRN
                 	ANDI R@0,LOW(@2)
                 	ANDI R@1,HIGH(@2)
                 	.ENDM
                 
                 	.MACRO __ANDWRR
                 	AND  R@0,R@2
                 	AND  R@1,R@3
                 	.ENDM
                 
                 	.MACRO __ORWRN
                 	ORI  R@0,LOW(@2)
                 	ORI  R@1,HIGH(@2)
                 	.ENDM
                 
                 	.MACRO __ORWRR
                 	OR   R@0,R@2
                 	OR   R@1,R@3
                 	.ENDM
                 
                 	.MACRO __EORWRR
                 	EOR  R@0,R@2
                 	EOR  R@1,R@3
                 	.ENDM
                 
                 	.MACRO __GETWRS
                 	LDD  R@0,Y+@2
                 	LDD  R@1,Y+@2+1
                 	.ENDM
                 
                 	.MACRO __PUTBSR
                 	STD  Y+@1,R@0
                 	.ENDM
                 
                 	.MACRO __PUTWSR
                 	STD  Y+@2,R@0
                 	STD  Y+@2+1,R@1
                 	.ENDM
                 
                 	.MACRO __MOVEWRR
                 	MOV  R@0,R@2
                 	MOV  R@1,R@3
                 	.ENDM
                 
                 	.MACRO __INWR
                 	IN   R@0,@2
                 	IN   R@1,@2+1
                 	.ENDM
                 
                 	.MACRO __OUTWR
                 	OUT  @2+1,R@1
                 	OUT  @2,R@0
                 	.ENDM
                 
                 	.MACRO __CALL1MN
                 	LDS  R30,@0+(@1)
                 	LDS  R31,@0+(@1)+1
                 	ICALL
                 	.ENDM
                 
                 	.MACRO __CALL1FN
                 	LDI  R30,LOW(2*@0+(@1))
                 	LDI  R31,HIGH(2*@0+(@1))
                 	CALL __GETW1PF
                 	ICALL
                 	.ENDM
                 
                 	.MACRO __CALL2EN
                 	PUSH R26
                 	PUSH R27
                 	LDI  R26,LOW(@0+(@1))
                 	LDI  R27,HIGH(@0+(@1))
                 	CALL __EEPROMRDW
                 	POP  R27
                 	POP  R26
                 	ICALL
                 	.ENDM
                 
                 	.MACRO __CALL2EX
                 	SUBI R26,LOW(-@0)
                 	SBCI R27,HIGH(-@0)
                 	CALL __EEPROMRDD
                 	ICALL
                 	.ENDM
                 
                 	.MACRO __GETW1STACK
                 	IN   R30,SPL
                 	IN   R31,SPH
                 	ADIW R30,@0+1
                 	LD   R0,Z+
                 	LD   R31,Z
                 	MOV  R30,R0
                 	.ENDM
                 
                 	.MACRO __GETD1STACK
                 	IN   R30,SPL
                 	IN   R31,SPH
                 	ADIW R30,@0+1
                 	LD   R0,Z+
                 	LD   R1,Z+
                 	LD   R22,Z
                 	MOVW R30,R0
                 	.ENDM
                 
                 	.MACRO __NBST
                 	BST  R@0,@1
                 	IN   R30,SREG
                 	LDI  R31,0x40
                 	EOR  R30,R31
                 	OUT  SREG,R30
                 	.ENDM
                 
                 
                 	.MACRO __PUTB1SN
                 	LDD  R26,Y+@0
                 	LDD  R27,Y+@0+1
                 	SUBI R26,LOW(-@1)
                 	SBCI R27,HIGH(-@1)
                 	ST   X,R30
                 	.ENDM
                 
                 	.MACRO __PUTW1SN
                 	LDD  R26,Y+@0
                 	LDD  R27,Y+@0+1
                 	SUBI R26,LOW(-@1)
                 	SBCI R27,HIGH(-@1)
                 	ST   X+,R30
                 	ST   X,R31
                 	.ENDM
                 
                 	.MACRO __PUTD1SN
                 	LDD  R26,Y+@0
                 	LDD  R27,Y+@0+1
                 	SUBI R26,LOW(-@1)
                 	SBCI R27,HIGH(-@1)
                 	CALL __PUTDP1
                 	.ENDM
                 
                 	.MACRO __PUTB1SNS
                 	LDD  R26,Y+@0
                 	LDD  R27,Y+@0+1
                 	ADIW R26,@1
                 	ST   X,R30
                 	.ENDM
                 
                 	.MACRO __PUTW1SNS
                 	LDD  R26,Y+@0
                 	LDD  R27,Y+@0+1
                 	ADIW R26,@1
                 	ST   X+,R30
                 	ST   X,R31
                 	.ENDM
                 
                 	.MACRO __PUTD1SNS
                 	LDD  R26,Y+@0
                 	LDD  R27,Y+@0+1
                 	ADIW R26,@1
                 	CALL __PUTDP1
                 	.ENDM
                 
                 	.MACRO __PUTB1PMN
                 	LDS  R26,@0
                 	LDS  R27,@0+1
                 	SUBI R26,LOW(-@1)
                 	SBCI R27,HIGH(-@1)
                 	ST   X,R30
                 	.ENDM
                 
                 	.MACRO __PUTW1PMN
                 	LDS  R26,@0
                 	LDS  R27,@0+1
                 	SUBI R26,LOW(-@1)
                 	SBCI R27,HIGH(-@1)
                 	ST   X+,R30
                 	ST   X,R31
                 	.ENDM
                 
                 	.MACRO __PUTD1PMN
                 	LDS  R26,@0
                 	LDS  R27,@0+1
                 	SUBI R26,LOW(-@1)
                 	SBCI R27,HIGH(-@1)
                 	CALL __PUTDP1
                 	.ENDM
                 
                 	.MACRO __PUTB1PMNS
                 	LDS  R26,@0
                 	LDS  R27,@0+1
                 	ADIW R26,@1
                 	ST   X,R30
                 	.ENDM
                 
                 	.MACRO __PUTW1PMNS
                 	LDS  R26,@0
                 	LDS  R27,@0+1
                 	ADIW R26,@1
                 	ST   X+,R30
                 	ST   X,R31
                 	.ENDM
                 
                 	.MACRO __PUTD1PMNS
                 	LDS  R26,@0
                 	LDS  R27,@0+1
                 	ADIW R26,@1
                 	CALL __PUTDP1
                 	.ENDM
                 
                 	.MACRO __PUTB1RN
                 	MOVW R26,R@0
                 	SUBI R26,LOW(-@1)
                 	SBCI R27,HIGH(-@1)
                 	ST   X,R30
                 	.ENDM
                 
                 	.MACRO __PUTW1RN
                 	MOVW R26,R@0
                 	SUBI R26,LOW(-@1)
                 	SBCI R27,HIGH(-@1)
                 	ST   X+,R30
                 	ST   X,R31
                 	.ENDM
                 
                 	.MACRO __PUTD1RN
                 	MOVW R26,R@0
                 	SUBI R26,LOW(-@1)
                 	SBCI R27,HIGH(-@1)
                 	CALL __PUTDP1
                 	.ENDM
                 
                 	.MACRO __PUTB1RNS
                 	MOVW R26,R@0
                 	ADIW R26,@1
                 	ST   X,R30
                 	.ENDM
                 
                 	.MACRO __PUTW1RNS
                 	MOVW R26,R@0
                 	ADIW R26,@1
                 	ST   X+,R30
                 	ST   X,R31
                 	.ENDM
                 
                 	.MACRO __PUTD1RNS
                 	MOVW R26,R@0
                 	ADIW R26,@1
                 	CALL __PUTDP1
                 	.ENDM
                 
                 	.MACRO __PUTB1RON
                 	MOV  R26,R@0
                 	MOV  R27,R@1
                 	SUBI R26,LOW(-@2)
                 	SBCI R27,HIGH(-@2)
                 	ST   X,R30
                 	.ENDM
                 
                 	.MACRO __PUTW1RON
                 	MOV  R26,R@0
                 	MOV  R27,R@1
                 	SUBI R26,LOW(-@2)
                 	SBCI R27,HIGH(-@2)
                 	ST   X+,R30
                 	ST   X,R31
                 	.ENDM
                 
                 	.MACRO __PUTD1RON
                 	MOV  R26,R@0
                 	MOV  R27,R@1
                 	SUBI R26,LOW(-@2)
                 	SBCI R27,HIGH(-@2)
                 	CALL __PUTDP1
                 	.ENDM
                 
                 	.MACRO __PUTB1RONS
                 	MOV  R26,R@0
                 	MOV  R27,R@1
                 	ADIW R26,@2
                 	ST   X,R30
                 	.ENDM
                 
                 	.MACRO __PUTW1RONS
                 	MOV  R26,R@0
                 	MOV  R27,R@1
                 	ADIW R26,@2
                 	ST   X+,R30
                 	ST   X,R31
                 	.ENDM
                 
                 	.MACRO __PUTD1RONS
                 	MOV  R26,R@0
                 	MOV  R27,R@1
                 	ADIW R26,@2
                 	CALL __PUTDP1
                 	.ENDM
                 
                 
                 	.MACRO __GETB1SX
                 	MOVW R30,R28
                 	SUBI R30,LOW(-@0)
                 	SBCI R31,HIGH(-@0)
                 	LD   R30,Z
                 	.ENDM
                 
                 	.MACRO __GETB1HSX
                 	MOVW R30,R28
                 	SUBI R30,LOW(-@0)
                 	SBCI R31,HIGH(-@0)
                 	LD   R31,Z
                 	.ENDM
                 
                 	.MACRO __GETW1SX
                 	MOVW R30,R28
                 	SUBI R30,LOW(-@0)
                 	SBCI R31,HIGH(-@0)
                 	LD   R0,Z+
                 	LD   R31,Z
                 	MOV  R30,R0
                 	.ENDM
                 
                 	.MACRO __GETD1SX
                 	MOVW R30,R28
                 	SUBI R30,LOW(-@0)
                 	SBCI R31,HIGH(-@0)
                 	LD   R0,Z+
                 	LD   R1,Z+
                 	LD   R22,Z+
                 	LD   R23,Z
                 	MOVW R30,R0
                 	.ENDM
                 
                 	.MACRO __GETB2SX
                 	MOVW R26,R28
                 	SUBI R26,LOW(-@0)
                 	SBCI R27,HIGH(-@0)
                 	LD   R26,X
                 	.ENDM
                 
                 	.MACRO __GETW2SX
                 	MOVW R26,R28
                 	SUBI R26,LOW(-@0)
                 	SBCI R27,HIGH(-@0)
                 	LD   R0,X+
                 	LD   R27,X
                 	MOV  R26,R0
                 	.ENDM
                 
                 	.MACRO __GETD2SX
                 	MOVW R26,R28
                 	SUBI R26,LOW(-@0)
                 	SBCI R27,HIGH(-@0)
                 	LD   R0,X+
                 	LD   R1,X+
                 	LD   R24,X+
                 	LD   R25,X
                 	MOVW R26,R0
                 	.ENDM
                 
                 	.MACRO __GETBRSX
                 	MOVW R30,R28
                 	SUBI R30,LOW(-@1)
                 	SBCI R31,HIGH(-@1)
                 	LD   R@0,Z
                 	.ENDM
                 
                 	.MACRO __GETWRSX
                 	MOVW R30,R28
                 	SUBI R30,LOW(-@2)
                 	SBCI R31,HIGH(-@2)
                 	LD   R@0,Z+
                 	LD   R@1,Z
                 	.ENDM
                 
                 	.MACRO __GETBRSX2
                 	MOVW R26,R28
                 	SUBI R26,LOW(-@1)
                 	SBCI R27,HIGH(-@1)
                 	LD   R@0,X
                 	.ENDM
                 
                 	.MACRO __GETWRSX2
                 	MOVW R26,R28
                 	SUBI R26,LOW(-@2)
                 	SBCI R27,HIGH(-@2)
                 	LD   R@0,X+
                 	LD   R@1,X
                 	.ENDM
                 
                 	.MACRO __LSLW8SX
                 	MOVW R30,R28
                 	SUBI R30,LOW(-@0)
                 	SBCI R31,HIGH(-@0)
                 	LD   R31,Z
                 	CLR  R30
                 	.ENDM
                 
                 	.MACRO __PUTB1SX
                 	MOVW R26,R28
                 	SUBI R26,LOW(-@0)
                 	SBCI R27,HIGH(-@0)
                 	ST   X,R30
                 	.ENDM
                 
                 	.MACRO __PUTW1SX
                 	MOVW R26,R28
                 	SUBI R26,LOW(-@0)
                 	SBCI R27,HIGH(-@0)
                 	ST   X+,R30
                 	ST   X,R31
                 	.ENDM
                 
                 	.MACRO __PUTD1SX
                 	MOVW R26,R28
                 	SUBI R26,LOW(-@0)
                 	SBCI R27,HIGH(-@0)
                 	ST   X+,R30
                 	ST   X+,R31
                 	ST   X+,R22
                 	ST   X,R23
                 	.ENDM
                 
                 	.MACRO __CLRW1SX
                 	MOVW R26,R28
                 	SUBI R26,LOW(-@0)
                 	SBCI R27,HIGH(-@0)
                 	ST   X+,R30
                 	ST   X,R30
                 	.ENDM
                 
                 	.MACRO __CLRD1SX
                 	MOVW R26,R28
                 	SUBI R26,LOW(-@0)
                 	SBCI R27,HIGH(-@0)
                 	ST   X+,R30
                 	ST   X+,R30
                 	ST   X+,R30
                 	ST   X,R30
                 	.ENDM
                 
                 	.MACRO __PUTB2SX
                 	MOVW R30,R28
                 	SUBI R30,LOW(-@0)
                 	SBCI R31,HIGH(-@0)
                 	ST   Z,R26
                 	.ENDM
                 
                 	.MACRO __PUTW2SX
                 	MOVW R30,R28
                 	SUBI R30,LOW(-@0)
                 	SBCI R31,HIGH(-@0)
                 	ST   Z+,R26
                 	ST   Z,R27
                 	.ENDM
                 
                 	.MACRO __PUTD2SX
                 	MOVW R30,R28
                 	SUBI R30,LOW(-@0)
                 	SBCI R31,HIGH(-@0)
                 	ST   Z+,R26
                 	ST   Z+,R27
                 	ST   Z+,R24
                 	ST   Z,R25
                 	.ENDM
                 
                 	.MACRO __PUTBSRX
                 	MOVW R30,R28
                 	SUBI R30,LOW(-@1)
                 	SBCI R31,HIGH(-@1)
                 	ST   Z,R@0
                 	.ENDM
                 
                 	.MACRO __PUTWSRX
                 	MOVW R30,R28
                 	SUBI R30,LOW(-@2)
                 	SBCI R31,HIGH(-@2)
                 	ST   Z+,R@0
                 	ST   Z,R@1
                 	.ENDM
                 
                 	.MACRO __PUTB1SNX
                 	MOVW R26,R28
                 	SUBI R26,LOW(-@0)
                 	SBCI R27,HIGH(-@0)
                 	LD   R0,X+
                 	LD   R27,X
                 	MOV  R26,R0
                 	SUBI R26,LOW(-@1)
                 	SBCI R27,HIGH(-@1)
                 	ST   X,R30
                 	.ENDM
                 
                 	.MACRO __PUTW1SNX
                 	MOVW R26,R28
                 	SUBI R26,LOW(-@0)
                 	SBCI R27,HIGH(-@0)
                 	LD   R0,X+
                 	LD   R27,X
                 	MOV  R26,R0
                 	SUBI R26,LOW(-@1)
                 	SBCI R27,HIGH(-@1)
                 	ST   X+,R30
                 	ST   X,R31
                 	.ENDM
                 
                 	.MACRO __PUTD1SNX
                 	MOVW R26,R28
                 	SUBI R26,LOW(-@0)
                 	SBCI R27,HIGH(-@0)
                 	LD   R0,X+
                 	LD   R27,X
                 	MOV  R26,R0
                 	SUBI R26,LOW(-@1)
                 	SBCI R27,HIGH(-@1)
                 	ST   X+,R30
                 	ST   X+,R31
                 	ST   X+,R22
                 	ST   X,R23
                 	.ENDM
                 
                 	.MACRO __MULBRR
                 	MULS R@0,R@1
                 	MOVW R30,R0
                 	.ENDM
                 
                 	.MACRO __MULBRRU
                 	MUL  R@0,R@1
                 	MOVW R30,R0
                 	.ENDM
                 
                 	.MACRO __MULBRR0
                 	MULS R@0,R@1
                 	.ENDM
                 
                 	.MACRO __MULBRRU0
                 	MUL  R@0,R@1
                 	.ENDM
                 
                 	.MACRO __MULBNWRU
                 	LDI  R26,@2
                 	MUL  R26,R@0
                 	MOVW R30,R0
                 	MUL  R26,R@1
                 	ADD  R31,R0
                 	.ENDM
                 
                 ;NAME DEFINITIONS FOR GLOBAL VARIABLES ALLOCATED TO REGISTERS
                 	.DEF __lcd_x=R5
                 	.DEF __lcd_y=R4
                 	.DEF __lcd_maxx=R7
                 
                 	.CSEG
                 	.ORG 0x00
                 
                 ;START OF CODE MARKER
                 __START_OF_CODE:
                 
                 ;INTERRUPT VECTORS
000000 940c 0053 	JMP  __RESET
000002 940c 0000 	JMP  0x00
000004 940c 0000 	JMP  0x00
000006 940c 0000 	JMP  0x00
000008 940c 0000 	JMP  0x00
00000a 940c 0000 	JMP  0x00
00000c 940c 0000 	JMP  0x00
00000e 940c 0000 	JMP  0x00
000010 940c 0000 	JMP  0x00
000012 940c 0000 	JMP  0x00
000014 940c 0000 	JMP  0x00
000016 940c 0000 	JMP  0x00
000018 940c 0000 	JMP  0x00
00001a 940c 0000 	JMP  0x00
00001c 940c 0000 	JMP  0x00
00001e 940c 0000 	JMP  0x00
000020 940c 0000 	JMP  0x00
000022 940c 0000 	JMP  0x00
000024 940c 0000 	JMP  0x00
000026 940c 0000 	JMP  0x00
000028 940c 0000 	JMP  0x00
                 
                 _tbl10_G100:
00002a 2710
00002b 03e8
00002c 0064
00002d 000a      	.DB  0x10,0x27,0xE8,0x3,0x64,0x0,0xA,0x0
00002e 0001      	.DB  0x1,0x0
                 _tbl16_G100:
00002f 1000
000030 0100
000031 0010
000032 0001      	.DB  0x0,0x10,0x0,0x1,0x10,0x0,0x1,0x0
                 
                 _0x3:
000033 2414
000034 8144
000035 2212
000036 8242      	.DB  0x14,0x24,0x44,0x81,0x12,0x22,0x42,0x82
000037 2111
000038 8441
000039 2818
00003a 8848      	.DB  0x11,0x21,0x41,0x84,0x18,0x28,0x48,0x88
00003b 0201
00003c f403
00003d 0504
00003e f306      	.DB  0x1,0x2,0x3,0xF4,0x4,0x5,0x6,0xF3
00003f 0807
000040 f209
000041 000a
000042 f10c      	.DB  0x7,0x8,0x9,0xF2,0xA,0x0,0xC,0xF1
                 _0x0:
000043 656b
000044 2079
000045 3a3a
000046 2520      	.DB  0x6B,0x65,0x79,0x20,0x3A,0x3A,0x20,0x25
000047 0064
000048 6565
000049 7270
00004a 6d6f      	.DB  0x64,0x0,0x65,0x65,0x70,0x72,0x6F,0x6D
00004b 3a20
00004c 253a
00004d 0064      	.DB  0x20,0x3A,0x3A,0x25,0x64,0x0
                 _0x2020003:
00004e c080      	.DB  0x80,0xC0
                 
                 __GLOBAL_INI_TBL:
00004f 0002      	.DW  0x02
000050 0260      	.DW  __base_y_G101
000051 009c      	.DW  _0x2020003*2
                 
                 _0xFFFFFFFF:
000052 0000      	.DW  0
                 
                 #define __GLOBAL_INI_TBL_PRESENT 1
                 
                 __RESET:
000053 94f8      	CLI
000054 27ee      	CLR  R30
000055 bbec      	OUT  EECR,R30
                 
                 ;INTERRUPT VECTORS ARE PLACED
                 ;AT THE START OF FLASH
000056 e0f1      	LDI  R31,1
000057 bffb      	OUT  GICR,R31
000058 bfeb      	OUT  GICR,R30
000059 bfe5      	OUT  MCUCR,R30
                 
                 ;CLEAR R2-R14
00005a e08d      	LDI  R24,(14-2)+1
00005b e0a2      	LDI  R26,2
00005c 27bb      	CLR  R27
                 __CLEAR_REG:
00005d 93ed      	ST   X+,R30
00005e 958a      	DEC  R24
00005f f7e9      	BRNE __CLEAR_REG
                 
                 ;CLEAR SRAM
000060 e080      	LDI  R24,LOW(__CLEAR_SRAM_SIZE)
000061 e098      	LDI  R25,HIGH(__CLEAR_SRAM_SIZE)
000062 e6a0      	LDI  R26,__SRAM_START
                 __CLEAR_SRAM:
000063 93ed      	ST   X+,R30
000064 9701      	SBIW R24,1
000065 f7e9      	BRNE __CLEAR_SRAM
                 
                 ;GLOBAL VARIABLES INITIALIZATION
000066 e9ee      	LDI  R30,LOW(__GLOBAL_INI_TBL*2)
000067 e0f0      	LDI  R31,HIGH(__GLOBAL_INI_TBL*2)
                 __GLOBAL_INI_NEXT:
000068 9185      	LPM  R24,Z+
000069 9195      	LPM  R25,Z+
00006a 9700      	SBIW R24,0
00006b f061      	BREQ __GLOBAL_INI_END
00006c 91a5      	LPM  R26,Z+
00006d 91b5      	LPM  R27,Z+
00006e 9005      	LPM  R0,Z+
00006f 9015      	LPM  R1,Z+
000070 01bf      	MOVW R22,R30
000071 01f0      	MOVW R30,R0
                 __GLOBAL_INI_LOOP:
000072 9005      	LPM  R0,Z+
000073 920d      	ST   X+,R0
000074 9701      	SBIW R24,1
000075 f7e1      	BRNE __GLOBAL_INI_LOOP
000076 01fb      	MOVW R30,R22
000077 cff0      	RJMP __GLOBAL_INI_NEXT
                 __GLOBAL_INI_END:
                 
                 ;HARDWARE STACK POINTER INITIALIZATION
000078 e5ef      	LDI  R30,LOW(__SRAM_END-__HEAP_SIZE)
000079 bfed      	OUT  SPL,R30
00007a e0e8      	LDI  R30,HIGH(__SRAM_END-__HEAP_SIZE)
00007b bfee      	OUT  SPH,R30
                 
                 ;DATA STACK POINTER INITIALIZATION
00007c e6c0      	LDI  R28,LOW(__SRAM_START+__DSTACK_SIZE)
00007d e0d2      	LDI  R29,HIGH(__SRAM_START+__DSTACK_SIZE)
                 
00007e 940c 0080 	JMP  _main
                 
                 	.ESEG
                 	.ORG 0
                 
                 	.DSEG
                 	.ORG 0x260
                 
                 	.CSEG
                 ;/*******************************************************
                 ;This program was created by the
                 ;CodeWizardAVR V3.14 Advanced
                 ;Automatic Program Generator
                 ;© Copyright 1998-2014 Pavel Haiduc, HP InfoTech s.r.l.
                 ;http://www.hpinfotech.com
                 ;
                 ;Project :
                 ;Version :
                 ;Date    : 8/11/2020
                 ;Author  :
                 ;Company :
                 ;Comments:
                 ;
                 ;
                 ;Chip type               : ATmega32
                 ;Program type            : Application
                 ;AVR Core Clock frequency: 1.000000 MHz
                 ;Memory model            : Small
                 ;External RAM size       : 0
                 ;Data Stack size         : 512
                 ;*******************************************************/
                 ;
                 ;#include <mega32.h>
                 	#ifndef __SLEEP_DEFINED__
                 	#define __SLEEP_DEFINED__
                 	.EQU __se_bit=0x80
                 	.EQU __sm_mask=0x70
                 	.EQU __sm_powerdown=0x20
                 	.EQU __sm_powersave=0x30
                 	.EQU __sm_standby=0x60
                 	.EQU __sm_ext_standby=0x70
                 	.EQU __sm_adc_noise_red=0x10
                 	.SET power_ctrl_reg=mcucr
                 	#endif
                 ;#include <stdio.h>
                 ;// Alphanumeric LCD functions
                 ;#include <alcd.h>
                 ;#include <delay.h>
                 ;
                 ;// Declare your global variables here
                 ;eeprom unsigned int finalRes;
                 ;char lcd_buffer[16];
                 ;int readFromKeypad(unsigned char*,unsigned char*);
                 ;void showResult(int,char*);
                 ;int findVal(char,unsigned char*,unsigned char*);
                 ;
                 ;void main(void)
                 ; 0000 0026 {
                 
                 	.CSEG
                 _main:
                 ; .FSTART _main
                 ; 0000 0027 // Declare your local variables here
                 ; 0000 0028 char lcd_buffer[16];
                 ; 0000 0029 int i;
                 ; 0000 002A char pind;
                 ; 0000 002B unsigned char key_num,scan_res,final_key;
                 ; 0000 002C unsigned char key_convert[16]={0x01,0x02,0x03,0xF4,
                 ; 0000 002D                                0x04,0x05,0x06,0xF3,
                 ; 0000 002E                                0x07,0x08,0x09,0xF2,
                 ; 0000 002F                                0x0A,0x00,0x0C,0xF1};
                 ; 0000 0030 unsigned char key_table[16]={0x14,0x24,0x44,0x81,
                 ; 0000 0031                              0x12,0x22,0x42,0x82,
                 ; 0000 0032                              0x11,0x21,0x41,0x84,
                 ; 0000 0033                              0x18,0x28,0x48,0x88};
                 ; 0000 0034 
                 ; 0000 0035 
                 ; 0000 0036 
                 ; 0000 0037 // Input/Output Ports initialization
                 ; 0000 0038 // Port A initialization
                 ; 0000 0039 // Function: Bit7=In Bit6=In Bit5=In Bit4=In Bit3=In Bit2=In Bit1=In Bit0=In
                 ; 0000 003A DDRA=(0<<DDA7) | (0<<DDA6) | (0<<DDA5) | (0<<DDA4) | (0<<DDA3) | (0<<DDA2) | (0<<DDA1) | (0<<DDA0);
000080 97e0      	SBIW R28,48
000081 e280      	LDI  R24,32
000082 e0a0      	LDI  R26,LOW(0)
000083 e0b0      	LDI  R27,HIGH(0)
000084 e6e6      	LDI  R30,LOW(_0x3*2)
000085 e0f0      	LDI  R31,HIGH(_0x3*2)
000086 940e 0467 	CALL __INITLOCB
                 ;	lcd_buffer -> Y+32
                 ;	i -> R16,R17
                 ;	pind -> R19
                 ;	key_num -> R18
                 ;	scan_res -> R21
                 ;	final_key -> R20
                 ;	key_convert -> Y+16
                 ;	key_table -> Y+0
000088 e0e0      	LDI  R30,LOW(0)
000089 bbea      	OUT  0x1A,R30
                 ; 0000 003B // State: Bit7=T Bit6=T Bit5=T Bit4=T Bit3=T Bit2=T Bit1=T Bit0=T
                 ; 0000 003C PORTA=(0<<PORTA7) | (0<<PORTA6) | (0<<PORTA5) | (0<<PORTA4) | (0<<PORTA3) | (0<<PORTA2) | (0<<PORTA1) | (0<<PORTA0);
00008a bbeb      	OUT  0x1B,R30
                 ; 0000 003D 
                 ; 0000 003E // Port B initialization
                 ; 0000 003F // Function: Bit7=In Bit6=In Bit5=In Bit4=In Bit3=In Bit2=In Bit1=In Bit0=In
                 ; 0000 0040 DDRB=(0<<DDB7) | (0<<DDB6) | (0<<DDB5) | (0<<DDB4) | (0<<DDB3) | (0<<DDB2) | (0<<DDB1) | (0<<DDB0);
00008b bbe7      	OUT  0x17,R30
                 ; 0000 0041 // State: Bit7=T Bit6=T Bit5=T Bit4=T Bit3=T Bit2=T Bit1=T Bit0=T
                 ; 0000 0042 PORTB=(0<<PORTB7) | (0<<PORTB6) | (0<<PORTB5) | (0<<PORTB4) | (0<<PORTB3) | (0<<PORTB2) | (0<<PORTB1) | (0<<PORTB0);
00008c bbe8      	OUT  0x18,R30
                 ; 0000 0043 
                 ; 0000 0044 // Port C initialization
                 ; 0000 0045 // Function: Bit7=In Bit6=In Bit5=In Bit4=In Bit3=In Bit2=In Bit1=In Bit0=In
                 ; 0000 0046 DDRC=(0<<DDC7) | (0<<DDC6) | (0<<DDC5) | (0<<DDC4) | (0<<DDC3) | (0<<DDC2) | (0<<DDC1) | (0<<DDC0);
00008d bbe4      	OUT  0x14,R30
                 ; 0000 0047 // State: Bit7=T Bit6=T Bit5=T Bit4=T Bit3=T Bit2=T Bit1=T Bit0=T
                 ; 0000 0048 PORTC=(0<<PORTC7) | (0<<PORTC6) | (0<<PORTC5) | (0<<PORTC4) | (0<<PORTC3) | (0<<PORTC2) | (0<<PORTC1) | (0<<PORTC0);
00008e bbe5      	OUT  0x15,R30
                 ; 0000 0049 
                 ; 0000 004A // Port D initialization
                 ; 0000 004B // Function: Bit7=In Bit6=In Bit5=In Bit4=In Bit3=In Bit2=In Bit1=In Bit0=In
                 ; 0000 004C DDRD=(0<<DDD7) | (0<<DDD6) | (0<<DDD5) | (0<<DDD4) | (0<<DDD3) | (0<<DDD2) | (0<<DDD1) | (0<<DDD0);
00008f bbe1      	OUT  0x11,R30
                 ; 0000 004D // State: Bit7=T Bit6=T Bit5=T Bit4=T Bit3=T Bit2=T Bit1=T Bit0=T
                 ; 0000 004E PORTD=(0<<PORTD7) | (0<<PORTD6) | (0<<PORTD5) | (0<<PORTD4) | (0<<PORTD3) | (0<<PORTD2) | (0<<PORTD1) | (0<<PORTD0);
000090 bbe2      	OUT  0x12,R30
                 ; 0000 004F 
                 ; 0000 0050 // Timer/Counter 0 initialization
                 ; 0000 0051 // Clock source: System Clock
                 ; 0000 0052 // Clock value: Timer 0 Stopped
                 ; 0000 0053 // Mode: Normal top=0xFF
                 ; 0000 0054 // OC0 output: Disconnected
                 ; 0000 0055 TCCR0=(0<<WGM00) | (0<<COM01) | (0<<COM00) | (0<<WGM01) | (0<<CS02) | (0<<CS01) | (0<<CS00);
000091 bfe3      	OUT  0x33,R30
                 ; 0000 0056 TCNT0=0x00;
000092 bfe2      	OUT  0x32,R30
                 ; 0000 0057 OCR0=0x00;
000093 bfec      	OUT  0x3C,R30
                 ; 0000 0058 
                 ; 0000 0059 // Timer/Counter 1 initialization
                 ; 0000 005A // Clock source: System Clock
                 ; 0000 005B // Clock value: Timer1 Stopped
                 ; 0000 005C // Mode: Normal top=0xFFFF
                 ; 0000 005D // OC1A output: Disconnected
                 ; 0000 005E // OC1B output: Disconnected
                 ; 0000 005F // Noise Canceler: Off
                 ; 0000 0060 // Input Capture on Falling Edge
                 ; 0000 0061 // Timer1 Overflow Interrupt: Off
                 ; 0000 0062 // Input Capture Interrupt: Off
                 ; 0000 0063 // Compare A Match Interrupt: Off
                 ; 0000 0064 // Compare B Match Interrupt: Off
                 ; 0000 0065 TCCR1A=(0<<COM1A1) | (0<<COM1A0) | (0<<COM1B1) | (0<<COM1B0) | (0<<WGM11) | (0<<WGM10);
000094 bdef      	OUT  0x2F,R30
                 ; 0000 0066 TCCR1B=(0<<ICNC1) | (0<<ICES1) | (0<<WGM13) | (0<<WGM12) | (0<<CS12) | (0<<CS11) | (0<<CS10);
000095 bdee      	OUT  0x2E,R30
                 ; 0000 0067 TCNT1H=0x00;
000096 bded      	OUT  0x2D,R30
                 ; 0000 0068 TCNT1L=0x00;
000097 bdec      	OUT  0x2C,R30
                 ; 0000 0069 ICR1H=0x00;
000098 bde7      	OUT  0x27,R30
                 ; 0000 006A ICR1L=0x00;
000099 bde6      	OUT  0x26,R30
                 ; 0000 006B OCR1AH=0x00;
00009a bdeb      	OUT  0x2B,R30
                 ; 0000 006C OCR1AL=0x00;
00009b bdea      	OUT  0x2A,R30
                 ; 0000 006D OCR1BH=0x00;
00009c bde9      	OUT  0x29,R30
                 ; 0000 006E OCR1BL=0x00;
00009d bde8      	OUT  0x28,R30
                 ; 0000 006F 
                 ; 0000 0070 // Timer/Counter 2 initialization
                 ; 0000 0071 // Clock source: System Clock
                 ; 0000 0072 // Clock value: Timer2 Stopped
                 ; 0000 0073 // Mode: Normal top=0xFF
                 ; 0000 0074 // OC2 output: Disconnected
                 ; 0000 0075 ASSR=0<<AS2;
00009e bde2      	OUT  0x22,R30
                 ; 0000 0076 TCCR2=(0<<PWM2) | (0<<COM21) | (0<<COM20) | (0<<CTC2) | (0<<CS22) | (0<<CS21) | (0<<CS20);
00009f bde5      	OUT  0x25,R30
                 ; 0000 0077 TCNT2=0x00;
0000a0 bde4      	OUT  0x24,R30
                 ; 0000 0078 OCR2=0x00;
0000a1 bde3      	OUT  0x23,R30
                 ; 0000 0079 
                 ; 0000 007A // Timer(s)/Counter(s) Interrupt(s) initialization
                 ; 0000 007B TIMSK=(0<<OCIE2) | (0<<TOIE2) | (0<<TICIE1) | (0<<OCIE1A) | (0<<OCIE1B) | (0<<TOIE1) | (0<<OCIE0) | (0<<TOIE0);
0000a2 bfe9      	OUT  0x39,R30
                 ; 0000 007C 
                 ; 0000 007D // External Interrupt(s) initialization
                 ; 0000 007E // INT0: Off
                 ; 0000 007F // INT1: Off
                 ; 0000 0080 // INT2: Off
                 ; 0000 0081 MCUCR=(0<<ISC11) | (0<<ISC10) | (0<<ISC01) | (0<<ISC00);
0000a3 bfe5      	OUT  0x35,R30
                 ; 0000 0082 MCUCSR=(0<<ISC2);
0000a4 bfe4      	OUT  0x34,R30
                 ; 0000 0083 
                 ; 0000 0084 // USART initialization
                 ; 0000 0085 // USART disabled
                 ; 0000 0086 UCSRB=(0<<RXCIE) | (0<<TXCIE) | (0<<UDRIE) | (0<<RXEN) | (0<<TXEN) | (0<<UCSZ2) | (0<<RXB8) | (0<<TXB8);
0000a5 b9ea      	OUT  0xA,R30
                 ; 0000 0087 
                 ; 0000 0088 // Analog Comparator initialization
                 ; 0000 0089 // Analog Comparator: Off
                 ; 0000 008A // The Analog Comparator's positive input is
                 ; 0000 008B // connected to the AIN0 pin
                 ; 0000 008C // The Analog Comparator's negative input is
                 ; 0000 008D // connected to the AIN1 pin
                 ; 0000 008E ACSR=(1<<ACD) | (0<<ACBG) | (0<<ACO) | (0<<ACI) | (0<<ACIE) | (0<<ACIC) | (0<<ACIS1) | (0<<ACIS0);
0000a6 e8e0      	LDI  R30,LOW(128)
0000a7 b9e8      	OUT  0x8,R30
                 ; 0000 008F SFIOR=(0<<ACME);
0000a8 e0e0      	LDI  R30,LOW(0)
0000a9 bfe0      	OUT  0x30,R30
                 ; 0000 0090 
                 ; 0000 0091 // ADC initialization
                 ; 0000 0092 // ADC disabled
                 ; 0000 0093 ADCSRA=(0<<ADEN) | (0<<ADSC) | (0<<ADATE) | (0<<ADIF) | (0<<ADIE) | (0<<ADPS2) | (0<<ADPS1) | (0<<ADPS0);
0000aa b9e6      	OUT  0x6,R30
                 ; 0000 0094 
                 ; 0000 0095 // SPI initialization
                 ; 0000 0096 // SPI disabled
                 ; 0000 0097 SPCR=(0<<SPIE) | (0<<SPE) | (0<<DORD) | (0<<MSTR) | (0<<CPOL) | (0<<CPHA) | (0<<SPR1) | (0<<SPR0);
0000ab b9ed      	OUT  0xD,R30
                 ; 0000 0098 
                 ; 0000 0099 // TWI initialization
                 ; 0000 009A // TWI disabled
                 ; 0000 009B TWCR=(0<<TWEA) | (0<<TWSTA) | (0<<TWSTO) | (0<<TWEN) | (0<<TWIE);
0000ac bfe6      	OUT  0x36,R30
                 ; 0000 009C 
                 ; 0000 009D // Alphanumeric LCD initialization
                 ; 0000 009E // Connections are specified in the
                 ; 0000 009F // Project|Configure|C Compiler|Libraries|Alphanumeric LCD menu:
                 ; 0000 00A0 // RS - PORTB Bit 0
                 ; 0000 00A1 // RD - PORTB Bit 1
                 ; 0000 00A2 // EN - PORTB Bit 2
                 ; 0000 00A3 // D4 - PORTB Bit 4
                 ; 0000 00A4 // D5 - PORTB Bit 5
                 ; 0000 00A5 // D6 - PORTB Bit 6
                 ; 0000 00A6 // D7 - PORTB Bit 7
                 ; 0000 00A7 // Characters/line: 16
                 ; 0000 00A8 lcd_init(16);
0000ad e1a0      	LDI  R26,LOW(16)
0000ae 940e 0363 	CALL _lcd_init
                 ; 0000 00A9 
                 ; 0000 00AA while (1){
                 _0x4:
                 ; 0000 00AB 
                 ; 0000 00AC 
                 ; 0000 00AD       showResult(readFromKeypad(key_table,key_convert),lcd_buffer);
0000b0 01fe      	MOVW R30,R28
0000b1 93fa      	ST   -Y,R31
0000b2 93ea      	ST   -Y,R30
0000b3 01de      	MOVW R26,R28
0000b4 9652      	ADIW R26,18
0000b5 d007      	RCALL _readFromKeypad
0000b6 93fa      	ST   -Y,R31
0000b7 93ea      	ST   -Y,R30
0000b8 01de      	MOVW R26,R28
0000b9 9692      	ADIW R26,34
0000ba d073      	RCALL _showResult
                 ; 0000 00AE 
                 ; 0000 00AF 
                 ; 0000 00B0 
                 ; 0000 00B1 
                 ; 0000 00B2       }
0000bb cff4      	RJMP _0x4
                 ; 0000 00B3 }
                 _0x7:
0000bc cfff      	RJMP _0x7
                 ; .FEND
                 ;
                 ;
                 ;int readFromKeypad(char *key_table,char*key_convert){
                 ; 0000 00B6 int readFromKeypad(char *key_table,char*key_convert){
                 _readFromKeypad:
                 ; .FSTART _readFromKeypad
                 ; 0000 00B7        int num=0;
                 ; 0000 00B8        char oldres=0xFF;
                 ; 0000 00B9        char res;
                 ; 0000 00BA        //the code is set to show at most a 3 digit number
                 ; 0000 00BB        int i=3;
                 ; 0000 00BC        while(i>0){
0000bd 93ba      	ST   -Y,R27
0000be 93aa      	ST   -Y,R26
0000bf 940e 0459 	CALL __SAVELOCR6
                 ;	*key_table -> Y+8
                 ;	*key_convert -> Y+6
                 ;	num -> R16,R17
                 ;	oldres -> R19
                 ;	res -> R18
                 ;	i -> R20,R21
                +
0000c1 e000     +LDI R16 , LOW ( 0 )
0000c2 e010     +LDI R17 , HIGH ( 0 )
                 	__GETWRN 16,17,0
0000c3 ef3f      	LDI  R19,255
                +
0000c4 e043     +LDI R20 , LOW ( 3 )
0000c5 e050     +LDI R21 , HIGH ( 3 )
                 	__GETWRN 20,21,3
                 _0x8:
0000c6 2400      	CLR  R0
0000c7 1604      	CP   R0,R20
0000c8 0605      	CPC  R0,R21
0000c9 f57c      	BRGE _0xA
                 ; 0000 00BD        DDRD=0x0F;
0000ca e0ef      	LDI  R30,LOW(15)
0000cb bbe1      	OUT  0x11,R30
                 ; 0000 00BE        PORTD=0x0F;
0000cc bbe2      	OUT  0x12,R30
                 ; 0000 00BF        delay_ms(3);
0000cd 940e 03a9 	CALL SUBOPT_0x0
                 ; 0000 00C0        res=PIND;
0000cf b320      	IN   R18,16
                 ; 0000 00C1 
                 ; 0000 00C2        DDRD=0xF0;
0000d0 efe0      	LDI  R30,LOW(240)
0000d1 bbe1      	OUT  0x11,R30
                 ; 0000 00C3        PORTD=0xF0;
0000d2 bbe2      	OUT  0x12,R30
                 ; 0000 00C4        delay_ms(3);
0000d3 940e 03a9 	CALL SUBOPT_0x0
                 ; 0000 00C5        res=res&PIND;
0000d5 b3e0      	IN   R30,0x10
0000d6 232e      	AND  R18,R30
                 ; 0000 00C6        //delay_ms(15);
                 ; 0000 00C7        if(res==oldres);
                 ; 0000 00C8        if(res!=0x00){
0000d7 3020      	CPI  R18,0
0000d8 f0c1      	BREQ _0xC
                 ; 0000 00C9           num=num*10+findVal(res,key_table,key_convert);
0000d9 01f8      	MOVW R30,R16
0000da e0aa      	LDI  R26,LOW(10)
0000db e0b0      	LDI  R27,HIGH(10)
0000dc 940e 0410 	CALL __MULW12
0000de 93ff      	PUSH R31
0000df 93ef      	PUSH R30
0000e0 932a      	ST   -Y,R18
0000e1 85e9      	LDD  R30,Y+9
0000e2 85fa      	LDD  R31,Y+9+1
0000e3 93fa      	ST   -Y,R31
0000e4 93ea      	ST   -Y,R30
0000e5 85a9      	LDD  R26,Y+9
0000e6 85ba      	LDD  R27,Y+9+1
0000e7 d016      	RCALL _findVal
0000e8 91af      	POP  R26
0000e9 91bf      	POP  R27
0000ea 0fea      	ADD  R30,R26
0000eb 1ffb      	ADC  R31,R27
0000ec 018f      	MOVW R16,R30
                 ; 0000 00CA           delay_ms(50);
0000ed e3a2      	LDI  R26,LOW(50)
0000ee e0b0      	LDI  R27,0
0000ef 940e 03f1 	CALL _delay_ms
                 ; 0000 00CB        }
                 ; 0000 00CC 
                 ; 0000 00CD        i--;
                 _0xC:
                +
0000f1 5041     +SUBI R20 , LOW ( 1 )
0000f2 4050     +SBCI R21 , HIGH ( 1 )
                 	__SUBWRN 20,21,1
                 ; 0000 00CE        oldres=res;
0000f3 2f32      	MOV  R19,R18
                 ; 0000 00CF        delay_ms(250);
0000f4 efaa      	LDI  R26,LOW(250)
0000f5 e0b0      	LDI  R27,0
0000f6 940e 03f1 	CALL _delay_ms
                 ; 0000 00D0 
                 ; 0000 00D1        }
0000f8 cfcd      	RJMP _0x8
                 _0xA:
                 ; 0000 00D2        return num;
0000f9 01f8      	MOVW R30,R16
0000fa 940e 0460 	CALL __LOADLOCR6
0000fc 962a      	ADIW R28,10
0000fd 9508      	RET
                 ; 0000 00D3 }
                 ; .FEND
                 ;
                 ;int findVal(char res,unsigned char *key_table,unsigned char *key_convert){
                 ; 0000 00D5 int findVal(char res,unsigned char *key_table,unsigned char *key_convert){
                 _findVal:
                 ; .FSTART _findVal
                 ; 0000 00D6        int  key=0;
                 ; 0000 00D7        int finRes=0;
                 ; 0000 00D8        int i;
                 ; 0000 00D9        int s=0;
                 ; 0000 00DA        if(res!=0x00){
0000fe 93ba      	ST   -Y,R27
0000ff 93aa      	ST   -Y,R26
000100 9722      	SBIW R28,2
000101 e0e0      	LDI  R30,LOW(0)
000102 83e8      	ST   Y,R30
000103 83e9      	STD  Y+1,R30
000104 940e 0459 	CALL __SAVELOCR6
                 ;	res -> Y+12
                 ;	*key_table -> Y+10
                 ;	*key_convert -> Y+8
                 ;	key -> R16,R17
                 ;	finRes -> R18,R19
                 ;	i -> R20,R21
                 ;	s -> Y+6
                +
000106 e000     +LDI R16 , LOW ( 0 )
000107 e010     +LDI R17 , HIGH ( 0 )
                 	__GETWRN 16,17,0
                +
000108 e020     +LDI R18 , LOW ( 0 )
000109 e030     +LDI R19 , HIGH ( 0 )
                 	__GETWRN 18,19,0
00010a 85ec      	LDD  R30,Y+12
00010b 30e0      	CPI  R30,0
00010c f0c9      	BREQ _0xD
                 ; 0000 00DB             for(i=0;i<16;i++){
                +
00010d e040     +LDI R20 , LOW ( 0 )
00010e e050     +LDI R21 , HIGH ( 0 )
                 	__GETWRN 20,21,0
                 _0xF:
                +
00010f 3140     +CPI R20 , LOW ( 16 )
000110 e0e0     +LDI R30 , HIGH ( 16 )
000111 075e     +CPC R21 , R30
                 	__CPWRN 20,21,16
000112 f49c      	BRGE _0x10
                 ; 0000 00DC                 if(res==key_table[i]){
000113 01fa      	MOVW R30,R20
000114 85aa      	LDD  R26,Y+10
000115 85bb      	LDD  R27,Y+10+1
000116 0fae      	ADD  R26,R30
000117 1fbf      	ADC  R27,R31
000118 91ec      	LD   R30,X
000119 85ac      	LDD  R26,Y+12
00011a 17ea      	CP   R30,R26
00011b f439      	BRNE _0x11
                 ; 0000 00DD                     key=key_convert[i];
00011c 01fa      	MOVW R30,R20
00011d 85a8      	LDD  R26,Y+8
00011e 85b9      	LDD  R27,Y+8+1
00011f 0fae      	ADD  R26,R30
000120 1fbf      	ADC  R27,R31
000121 910c      	LD   R16,X
000122 2711      	CLR  R17
                 ; 0000 00DE                 }
                 ; 0000 00DF             }
                 _0x11:
                +
000123 5f4f     +SUBI R20 , LOW ( - 1 )
000124 4f5f     +SBCI R21 , HIGH ( - 1 )
                 	__ADDWRN 20,21,1
000125 cfe9      	RJMP _0xF
                 _0x10:
                 ; 0000 00E0        }
                 ; 0000 00E1        s=key;
                 _0xD:
                +
000126 830e     +STD Y + 6 , R16
000127 831f     +STD Y + 6 + 1 , R17
                 	__PUTWSR 16,17,6
                 ; 0000 00E2        return s;
000128 81ee      	LDD  R30,Y+6
000129 81ff      	LDD  R31,Y+6+1
00012a 940e 0460 	CALL __LOADLOCR6
00012c 962d      	ADIW R28,13
00012d 9508      	RET
                 ; 0000 00E3 }
                 ; .FEND
                 ;
                 ;
                 ;void showResult(int res,char* lcd_buff){
                 ; 0000 00E6 void showResult(int res,char* lcd_buff){
                 _showResult:
                 ; .FSTART _showResult
                 ; 0000 00E7        finalRes=res;
00012e 93ba      	ST   -Y,R27
00012f 93aa      	ST   -Y,R26
                 ;	res -> Y+2
                 ;	*lcd_buff -> Y+0
000130 81ea      	LDD  R30,Y+2
000131 81fb      	LDD  R31,Y+2+1
000132 e0a0      	LDI  R26,LOW(_finalRes)
000133 e0b0      	LDI  R27,HIGH(_finalRes)
000134 940e 0440 	CALL __EEPROMWRW
                 ; 0000 00E8        lcd_clear();
000136 940e 032f 	CALL _lcd_clear
                 ; 0000 00E9        lcd_gotoxy(0,0);
000138 e0e0      	LDI  R30,LOW(0)
000139 93ea      	ST   -Y,R30
00013a e0a0      	LDI  R26,LOW(0)
00013b 940e 03ad 	CALL SUBOPT_0x1
                 ; 0000 00EA        sprintf(lcd_buff,"key :: %d",res);
                +
00013d e8e6     +LDI R30 , LOW ( 2 * _0x0 + ( 0 ) )
00013e e0f0     +LDI R31 , HIGH ( 2 * _0x0 + ( 0 ) )
                 	__POINTW1FN _0x0,0
00013f 93fa      	ST   -Y,R31
000140 93ea      	ST   -Y,R30
000141 81ee      	LDD  R30,Y+6
000142 81ff      	LDD  R31,Y+6+1
000143 940e 0403 	CALL __CWD1
000145 940e 03b4 	CALL SUBOPT_0x2
                 ; 0000 00EB        lcd_puts(lcd_buff);
                 ; 0000 00EC 
                 ; 0000 00ED        lcd_gotoxy(0,1);
000147 e0e0      	LDI  R30,LOW(0)
000148 93ea      	ST   -Y,R30
000149 e0a1      	LDI  R26,LOW(1)
00014a 940e 03ad 	CALL SUBOPT_0x1
                 ; 0000 00EE        sprintf(lcd_buff,"eeprom ::%d",finalRes);
                +
00014c e9e0     +LDI R30 , LOW ( 2 * _0x0 + ( 10 ) )
00014d e0f0     +LDI R31 , HIGH ( 2 * _0x0 + ( 10 ) )
                 	__POINTW1FN _0x0,10
00014e 93fa      	ST   -Y,R31
00014f 93ea      	ST   -Y,R30
000150 e0a0      	LDI  R26,LOW(_finalRes)
000151 e0b0      	LDI  R27,HIGH(_finalRes)
000152 940e 0430 	CALL __EEPROMRDW
000154 2766      	CLR  R22
000155 2777      	CLR  R23
000156 940e 03b4 	CALL SUBOPT_0x2
                 ; 0000 00EF        lcd_puts(lcd_buff);
                 ; 0000 00F0 }
000158 9624      	ADIW R28,4
000159 9508      	RET
                 ; .FEND
                 	#ifndef __SLEEP_DEFINED__
                 	#endif
                 
                 	.CSEG
                 _put_buff_G100:
                 ; .FSTART _put_buff_G100
00015a 93ba      	ST   -Y,R27
00015b 93aa      	ST   -Y,R26
00015c 931a      	ST   -Y,R17
00015d 930a      	ST   -Y,R16
00015e 81aa      	LDD  R26,Y+2
00015f 81bb      	LDD  R27,Y+2+1
000160 9612      	ADIW R26,2
000161 940e 0423 	CALL __GETW1P
000163 9730      	SBIW R30,0
000164 f159      	BREQ _0x2000010
000165 81aa      	LDD  R26,Y+2
000166 81bb      	LDD  R27,Y+2+1
000167 9614      	ADIW R26,4
000168 940e 0423 	CALL __GETW1P
00016a 018f      	MOVW R16,R30
00016b 9730      	SBIW R30,0
00016c f061      	BREQ _0x2000012
                +
00016d 3002     +CPI R16 , LOW ( 2 )
00016e e0e0     +LDI R30 , HIGH ( 2 )
00016f 071e     +CPC R17 , R30
                 	__CPWRN 16,17,2
000170 f098      	BRLO _0x2000013
000171 01f8      	MOVW R30,R16
000172 9731      	SBIW R30,1
000173 018f      	MOVW R16,R30
                +
000174 81aa     +LDD R26 , Y + 2
000175 81bb     +LDD R27 , Y + 2 + 1
000176 9614     +ADIW R26 , 4
000177 93ed     +ST X + , R30
000178 93fc     +ST X , R31
                 	__PUTW1SNS 2,4
                 _0x2000012:
000179 81aa      	LDD  R26,Y+2
00017a 81bb      	LDD  R27,Y+2+1
00017b 9612      	ADIW R26,2
00017c 91ed      	LD   R30,X+
00017d 91fd      	LD   R31,X+
00017e 9631      	ADIW R30,1
00017f 93fe      	ST   -X,R31
000180 93ee      	ST   -X,R30
000181 9731      	SBIW R30,1
000182 81ac      	LDD  R26,Y+4
000183 83a0      	STD  Z+0,R26
                 _0x2000013:
000184 81aa      	LDD  R26,Y+2
000185 81bb      	LDD  R27,Y+2+1
000186 940e 0423 	CALL __GETW1P
000188 23ff      	TST  R31
000189 f02a      	BRMI _0x2000014
00018a 91ed      	LD   R30,X+
00018b 91fd      	LD   R31,X+
00018c 9631      	ADIW R30,1
00018d 93fe      	ST   -X,R31
00018e 93ee      	ST   -X,R30
                 _0x2000014:
00018f c006      	RJMP _0x2000015
                 _0x2000010:
000190 81aa      	LDD  R26,Y+2
000191 81bb      	LDD  R27,Y+2+1
000192 efef      	LDI  R30,LOW(65535)
000193 efff      	LDI  R31,HIGH(65535)
000194 93ed      	ST   X+,R30
000195 93fc      	ST   X,R31
                 _0x2000015:
000196 8119      	LDD  R17,Y+1
000197 8108      	LDD  R16,Y+0
000198 9625      	ADIW R28,5
000199 9508      	RET
                 ; .FEND
                 __print_G100:
                 ; .FSTART __print_G100
00019a 93ba      	ST   -Y,R27
00019b 93aa      	ST   -Y,R26
00019c 9726      	SBIW R28,6
00019d 940e 0459 	CALL __SAVELOCR6
00019f e010      	LDI  R17,0
0001a0 85ac      	LDD  R26,Y+12
0001a1 85bd      	LDD  R27,Y+12+1
0001a2 e0e0      	LDI  R30,LOW(0)
0001a3 e0f0      	LDI  R31,HIGH(0)
0001a4 93ed      	ST   X+,R30
0001a5 93fc      	ST   X,R31
                 _0x2000016:
0001a6 89ea      	LDD  R30,Y+18
0001a7 89fb      	LDD  R31,Y+18+1
0001a8 9631      	ADIW R30,1
0001a9 8bea      	STD  Y+18,R30
0001aa 8bfb      	STD  Y+18+1,R31
0001ab 9731      	SBIW R30,1
0001ac 91e4      	LPM  R30,Z
0001ad 2f2e      	MOV  R18,R30
0001ae 30e0      	CPI  R30,0
0001af f409      	BRNE PC+2
0001b0 c115      	RJMP _0x2000018
0001b1 2fe1      	MOV  R30,R17
0001b2 30e0      	CPI  R30,0
0001b3 f439      	BRNE _0x200001C
0001b4 3225      	CPI  R18,37
0001b5 f411      	BRNE _0x200001D
0001b6 e011      	LDI  R17,LOW(1)
0001b7 c002      	RJMP _0x200001E
                 _0x200001D:
0001b8 940e 03be 	CALL SUBOPT_0x3
                 _0x200001E:
0001ba c10a      	RJMP _0x200001B
                 _0x200001C:
0001bb 30e1      	CPI  R30,LOW(0x1)
0001bc f4a9      	BRNE _0x200001F
0001bd 3225      	CPI  R18,37
0001be f419      	BRNE _0x2000020
0001bf 940e 03be 	CALL SUBOPT_0x3
0001c1 c102      	RJMP _0x20000CC
                 _0x2000020:
0001c2 e012      	LDI  R17,LOW(2)
0001c3 e040      	LDI  R20,LOW(0)
0001c4 e000      	LDI  R16,LOW(0)
0001c5 322d      	CPI  R18,45
0001c6 f411      	BRNE _0x2000021
0001c7 e001      	LDI  R16,LOW(1)
0001c8 c0fc      	RJMP _0x200001B
                 _0x2000021:
0001c9 322b      	CPI  R18,43
0001ca f411      	BRNE _0x2000022
0001cb e24b      	LDI  R20,LOW(43)
0001cc c0f8      	RJMP _0x200001B
                 _0x2000022:
0001cd 3220      	CPI  R18,32
0001ce f411      	BRNE _0x2000023
0001cf e240      	LDI  R20,LOW(32)
0001d0 c0f4      	RJMP _0x200001B
                 _0x2000023:
0001d1 c002      	RJMP _0x2000024
                 _0x200001F:
0001d2 30e2      	CPI  R30,LOW(0x2)
0001d3 f439      	BRNE _0x2000025
                 _0x2000024:
0001d4 e050      	LDI  R21,LOW(0)
0001d5 e013      	LDI  R17,LOW(3)
0001d6 3320      	CPI  R18,48
0001d7 f411      	BRNE _0x2000026
0001d8 6800      	ORI  R16,LOW(128)
0001d9 c0eb      	RJMP _0x200001B
                 _0x2000026:
0001da c003      	RJMP _0x2000027
                 _0x2000025:
0001db 30e3      	CPI  R30,LOW(0x3)
0001dc f009      	BREQ PC+2
0001dd c0e7      	RJMP _0x200001B
                 _0x2000027:
0001de 3320      	CPI  R18,48
0001df f010      	BRLO _0x200002A
0001e0 332a      	CPI  R18,58
0001e1 f008      	BRLO _0x200002B
                 _0x200002A:
0001e2 c007      	RJMP _0x2000029
                 _0x200002B:
0001e3 e0aa      	LDI  R26,LOW(10)
0001e4 9f5a      	MUL  R21,R26
0001e5 2d50      	MOV  R21,R0
0001e6 2fe2      	MOV  R30,R18
0001e7 53e0      	SUBI R30,LOW(48)
0001e8 0f5e      	ADD  R21,R30
0001e9 c0db      	RJMP _0x200001B
                 _0x2000029:
0001ea 2fe2      	MOV  R30,R18
0001eb 36e3      	CPI  R30,LOW(0x63)
0001ec f449      	BRNE _0x200002F
0001ed 940e 03c5 	CALL SUBOPT_0x4
0001ef 89e8      	LDD  R30,Y+16
0001f0 89f9      	LDD  R31,Y+16+1
0001f1 81a4      	LDD  R26,Z+4
0001f2 93aa      	ST   -Y,R26
0001f3 940e 03cb 	CALL SUBOPT_0x5
0001f5 c0ce      	RJMP _0x2000030
                 _0x200002F:
0001f6 37e3      	CPI  R30,LOW(0x73)
0001f7 f441      	BRNE _0x2000032
0001f8 940e 03c5 	CALL SUBOPT_0x4
0001fa 940e 03d1 	CALL SUBOPT_0x6
0001fc 940e 0390 	CALL _strlen
0001fe 2f1e      	MOV  R17,R30
0001ff c00a      	RJMP _0x2000033
                 _0x2000032:
000200 37e0      	CPI  R30,LOW(0x70)
000201 f461      	BRNE _0x2000035
000202 940e 03c5 	CALL SUBOPT_0x4
000204 940e 03d1 	CALL SUBOPT_0x6
000206 940e 039c 	CALL _strlenf
000208 2f1e      	MOV  R17,R30
000209 6008      	ORI  R16,LOW(8)
                 _0x2000033:
00020a 6002      	ORI  R16,LOW(2)
00020b 770f      	ANDI R16,LOW(127)
00020c e030      	LDI  R19,LOW(0)
00020d c034      	RJMP _0x2000036
                 _0x2000035:
00020e 36e4      	CPI  R30,LOW(0x64)
00020f f011      	BREQ _0x2000039
000210 36e9      	CPI  R30,LOW(0x69)
000211 f411      	BRNE _0x200003A
                 _0x2000039:
000212 6004      	ORI  R16,LOW(4)
000213 c002      	RJMP _0x200003B
                 _0x200003A:
000214 37e5      	CPI  R30,LOW(0x75)
000215 f431      	BRNE _0x200003C
                 _0x200003B:
000216 e5e4      	LDI  R30,LOW(_tbl10_G100*2)
000217 e0f0      	LDI  R31,HIGH(_tbl10_G100*2)
000218 83ee      	STD  Y+6,R30
000219 83ff      	STD  Y+6+1,R31
00021a e015      	LDI  R17,LOW(5)
00021b c00c      	RJMP _0x200003D
                 _0x200003C:
00021c 35e8      	CPI  R30,LOW(0x58)
00021d f411      	BRNE _0x200003F
00021e 6008      	ORI  R16,LOW(8)
00021f c003      	RJMP _0x2000040
                 _0x200003F:
000220 37e8      	CPI  R30,LOW(0x78)
000221 f009      	BREQ PC+2
000222 c0a1      	RJMP _0x2000071
                 _0x2000040:
000223 e5ee      	LDI  R30,LOW(_tbl16_G100*2)
000224 e0f0      	LDI  R31,HIGH(_tbl16_G100*2)
000225 83ee      	STD  Y+6,R30
000226 83ff      	STD  Y+6+1,R31
000227 e014      	LDI  R17,LOW(4)
                 _0x200003D:
000228 ff02      	SBRS R16,2
000229 c014      	RJMP _0x2000042
00022a 940e 03c5 	CALL SUBOPT_0x4
00022c 940e 03db 	CALL SUBOPT_0x7
00022e 85ab      	LDD  R26,Y+11
00022f 23aa      	TST  R26
000230 f43a      	BRPL _0x2000043
000231 85ea      	LDD  R30,Y+10
000232 85fb      	LDD  R31,Y+10+1
000233 940e 03ff 	CALL __ANEGW1
000235 87ea      	STD  Y+10,R30
000236 87fb      	STD  Y+10+1,R31
000237 e24d      	LDI  R20,LOW(45)
                 _0x2000043:
000238 3040      	CPI  R20,0
000239 f011      	BREQ _0x2000044
00023a 5f1f      	SUBI R17,-LOW(1)
00023b c001      	RJMP _0x2000045
                 _0x2000044:
00023c 7f0b      	ANDI R16,LOW(251)
                 _0x2000045:
00023d c004      	RJMP _0x2000046
                 _0x2000042:
00023e 940e 03c5 	CALL SUBOPT_0x4
000240 940e 03db 	CALL SUBOPT_0x7
                 _0x2000046:
                 _0x2000036:
000242 fd00      	SBRC R16,0
000243 c011      	RJMP _0x2000047
                 _0x2000048:
000244 1715      	CP   R17,R21
000245 f478      	BRSH _0x200004A
000246 ff07      	SBRS R16,7
000247 c008      	RJMP _0x200004B
000248 ff02      	SBRS R16,2
000249 c004      	RJMP _0x200004C
00024a 7f0b      	ANDI R16,LOW(251)
00024b 2f24      	MOV  R18,R20
00024c 5011      	SUBI R17,LOW(1)
00024d c001      	RJMP _0x200004D
                 _0x200004C:
00024e e320      	LDI  R18,LOW(48)
                 _0x200004D:
00024f c001      	RJMP _0x200004E
                 _0x200004B:
000250 e220      	LDI  R18,LOW(32)
                 _0x200004E:
000251 940e 03be 	CALL SUBOPT_0x3
000253 5051      	SUBI R21,LOW(1)
000254 cfef      	RJMP _0x2000048
                 _0x200004A:
                 _0x2000047:
000255 2f31      	MOV  R19,R17
000256 ff01      	SBRS R16,1
000257 c017      	RJMP _0x200004F
                 _0x2000050:
000258 3030      	CPI  R19,0
000259 f0a1      	BREQ _0x2000052
00025a ff03      	SBRS R16,3
00025b c006      	RJMP _0x2000053
00025c 81ee      	LDD  R30,Y+6
00025d 81ff      	LDD  R31,Y+6+1
00025e 9125      	LPM  R18,Z+
00025f 83ee      	STD  Y+6,R30
000260 83ff      	STD  Y+6+1,R31
000261 c005      	RJMP _0x2000054
                 _0x2000053:
000262 81ae      	LDD  R26,Y+6
000263 81bf      	LDD  R27,Y+6+1
000264 912d      	LD   R18,X+
000265 83ae      	STD  Y+6,R26
000266 83bf      	STD  Y+6+1,R27
                 _0x2000054:
000267 940e 03be 	CALL SUBOPT_0x3
000269 3050      	CPI  R21,0
00026a f009      	BREQ _0x2000055
00026b 5051      	SUBI R21,LOW(1)
                 _0x2000055:
00026c 5031      	SUBI R19,LOW(1)
00026d cfea      	RJMP _0x2000050
                 _0x2000052:
00026e c04b      	RJMP _0x2000056
                 _0x200004F:
                 _0x2000058:
00026f e320      	LDI  R18,LOW(48)
000270 81ee      	LDD  R30,Y+6
000271 81ff      	LDD  R31,Y+6+1
000272 940e 0427 	CALL __GETW1PF
000274 87e8      	STD  Y+8,R30
000275 87f9      	STD  Y+8+1,R31
000276 81ee      	LDD  R30,Y+6
000277 81ff      	LDD  R31,Y+6+1
000278 9632      	ADIW R30,2
000279 83ee      	STD  Y+6,R30
00027a 83ff      	STD  Y+6+1,R31
                 _0x200005A:
00027b 85e8      	LDD  R30,Y+8
00027c 85f9      	LDD  R31,Y+8+1
00027d 85aa      	LDD  R26,Y+10
00027e 85bb      	LDD  R27,Y+10+1
00027f 17ae      	CP   R26,R30
000280 07bf      	CPC  R27,R31
000281 f050      	BRLO _0x200005C
000282 5f2f      	SUBI R18,-LOW(1)
000283 85a8      	LDD  R26,Y+8
000284 85b9      	LDD  R27,Y+8+1
000285 85ea      	LDD  R30,Y+10
000286 85fb      	LDD  R31,Y+10+1
000287 1bea      	SUB  R30,R26
000288 0bfb      	SBC  R31,R27
000289 87ea      	STD  Y+10,R30
00028a 87fb      	STD  Y+10+1,R31
00028b cfef      	RJMP _0x200005A
                 _0x200005C:
00028c 332a      	CPI  R18,58
00028d f028      	BRLO _0x200005D
00028e ff03      	SBRS R16,3
00028f c002      	RJMP _0x200005E
000290 5f29      	SUBI R18,-LOW(7)
000291 c001      	RJMP _0x200005F
                 _0x200005E:
000292 5d29      	SUBI R18,-LOW(39)
                 _0x200005F:
                 _0x200005D:
000293 fd04      	SBRC R16,4
000294 c01a      	RJMP _0x2000061
000295 3321      	CPI  R18,49
000296 f420      	BRSH _0x2000063
000297 85a8      	LDD  R26,Y+8
000298 85b9      	LDD  R27,Y+8+1
000299 9711      	SBIW R26,1
00029a f409      	BRNE _0x2000062
                 _0x2000063:
00029b c009      	RJMP _0x20000CD
                 _0x2000062:
00029c 1753      	CP   R21,R19
00029d f010      	BRLO _0x2000067
00029e ff00      	SBRS R16,0
00029f c001      	RJMP _0x2000068
                 _0x2000067:
0002a0 c013      	RJMP _0x2000066
                 _0x2000068:
0002a1 e220      	LDI  R18,LOW(32)
0002a2 ff07      	SBRS R16,7
0002a3 c00b      	RJMP _0x2000069
0002a4 e320      	LDI  R18,LOW(48)
                 _0x20000CD:
0002a5 6100      	ORI  R16,LOW(16)
0002a6 ff02      	SBRS R16,2
0002a7 c007      	RJMP _0x200006A
0002a8 7f0b      	ANDI R16,LOW(251)
0002a9 934a      	ST   -Y,R20
0002aa 940e 03cb 	CALL SUBOPT_0x5
0002ac 3050      	CPI  R21,0
0002ad f009      	BREQ _0x200006B
0002ae 5051      	SUBI R21,LOW(1)
                 _0x200006B:
                 _0x200006A:
                 _0x2000069:
                 _0x2000061:
0002af 940e 03be 	CALL SUBOPT_0x3
0002b1 3050      	CPI  R21,0
0002b2 f009      	BREQ _0x200006C
0002b3 5051      	SUBI R21,LOW(1)
                 _0x200006C:
                 _0x2000066:
0002b4 5031      	SUBI R19,LOW(1)
0002b5 85a8      	LDD  R26,Y+8
0002b6 85b9      	LDD  R27,Y+8+1
0002b7 9712      	SBIW R26,2
0002b8 f008      	BRLO _0x2000059
0002b9 cfb5      	RJMP _0x2000058
                 _0x2000059:
                 _0x2000056:
0002ba ff00      	SBRS R16,0
0002bb c008      	RJMP _0x200006D
                 _0x200006E:
0002bc 3050      	CPI  R21,0
0002bd f031      	BREQ _0x2000070
0002be 5051      	SUBI R21,LOW(1)
0002bf e2e0      	LDI  R30,LOW(32)
0002c0 93ea      	ST   -Y,R30
0002c1 940e 03cb 	CALL SUBOPT_0x5
0002c3 cff8      	RJMP _0x200006E
                 _0x2000070:
                 _0x200006D:
                 _0x2000071:
                 _0x2000030:
                 _0x20000CC:
0002c4 e010      	LDI  R17,LOW(0)
                 _0x200001B:
0002c5 cee0      	RJMP _0x2000016
                 _0x2000018:
0002c6 85ac      	LDD  R26,Y+12
0002c7 85bd      	LDD  R27,Y+12+1
0002c8 940e 0423 	CALL __GETW1P
0002ca 940e 0460 	CALL __LOADLOCR6
0002cc 9664      	ADIW R28,20
0002cd 9508      	RET
                 ; .FEND
                 _sprintf:
                 ; .FSTART _sprintf
0002ce 92ff      	PUSH R15
0002cf 2ef8      	MOV  R15,R24
0002d0 9726      	SBIW R28,6
0002d1 940e 045b 	CALL __SAVELOCR4
0002d3 940e 03e3 	CALL SUBOPT_0x8
0002d5 9730      	SBIW R30,0
0002d6 f419      	BRNE _0x2000072
0002d7 efef      	LDI  R30,LOW(65535)
0002d8 efff      	LDI  R31,HIGH(65535)
0002d9 c023      	RJMP _0x2080002
                 _0x2000072:
0002da 01de      	MOVW R26,R28
0002db 9616      	ADIW R26,6
0002dc 940e 03fb 	CALL __ADDW2R15
0002de 018d      	MOVW R16,R26
0002df 940e 03e3 	CALL SUBOPT_0x8
0002e1 83ee      	STD  Y+6,R30
0002e2 83ff      	STD  Y+6+1,R31
0002e3 e0e0      	LDI  R30,LOW(0)
0002e4 87e8      	STD  Y+8,R30
0002e5 87e9      	STD  Y+8+1,R30
0002e6 01de      	MOVW R26,R28
0002e7 961a      	ADIW R26,10
0002e8 940e 03fb 	CALL __ADDW2R15
0002ea 940e 0423 	CALL __GETW1P
0002ec 93fa      	ST   -Y,R31
0002ed 93ea      	ST   -Y,R30
0002ee 931a      	ST   -Y,R17
0002ef 930a      	ST   -Y,R16
0002f0 e5ea      	LDI  R30,LOW(_put_buff_G100)
0002f1 e0f1      	LDI  R31,HIGH(_put_buff_G100)
0002f2 93fa      	ST   -Y,R31
0002f3 93ea      	ST   -Y,R30
0002f4 01de      	MOVW R26,R28
0002f5 961a      	ADIW R26,10
0002f6 dea3      	RCALL __print_G100
0002f7 019f      	MOVW R18,R30
0002f8 81ae      	LDD  R26,Y+6
0002f9 81bf      	LDD  R27,Y+6+1
0002fa e0e0      	LDI  R30,LOW(0)
0002fb 93ec      	ST   X,R30
0002fc 01f9      	MOVW R30,R18
                 _0x2080002:
0002fd 940e 0462 	CALL __LOADLOCR4
0002ff 962a      	ADIW R28,10
000300 90ff      	POP  R15
000301 9508      	RET
                 ; .FEND
                 	#ifndef __SLEEP_DEFINED__
                 	#endif
                 
                 	.DSEG
                 
                 	.CSEG
                 __lcd_write_nibble_G101:
                 ; .FSTART __lcd_write_nibble_G101
000302 93aa      	ST   -Y,R26
000303 b3e8      	IN   R30,0x18
000304 70ef      	ANDI R30,LOW(0xF)
000305 2fae      	MOV  R26,R30
000306 81e8      	LD   R30,Y
000307 7fe0      	ANDI R30,LOW(0xF0)
000308 2bea      	OR   R30,R26
000309 bbe8      	OUT  0x18,R30
                +
00030a e082     +LDI R24 , LOW ( 2 )
                +__DELAY_USB_LOOP :
00030b 958a     +DEC R24
00030c f7f1     +BRNE __DELAY_USB_LOOP
                 	__DELAY_USB 2
00030d 9ac2      	SBI  0x18,2
                +
00030e e082     +LDI R24 , LOW ( 2 )
                +__DELAY_USB_LOOP :
00030f 958a     +DEC R24
000310 f7f1     +BRNE __DELAY_USB_LOOP
                 	__DELAY_USB 2
000311 98c2      	CBI  0x18,2
                +
000312 e082     +LDI R24 , LOW ( 2 )
                +__DELAY_USB_LOOP :
000313 958a     +DEC R24
000314 f7f1     +BRNE __DELAY_USB_LOOP
                 	__DELAY_USB 2
000315 c078      	RJMP _0x2080001
                 ; .FEND
                 __lcd_write_data:
                 ; .FSTART __lcd_write_data
000316 93aa      	ST   -Y,R26
000317 81a8      	LD   R26,Y
000318 dfe9      	RCALL __lcd_write_nibble_G101
000319 81e8          ld    r30,y
00031a 95e2          swap  r30
00031b 83e8          st    y,r30
00031c 81a8      	LD   R26,Y
00031d dfe4      	RCALL __lcd_write_nibble_G101
                +
00031e e181     +LDI R24 , LOW ( 17 )
                +__DELAY_USB_LOOP :
00031f 958a     +DEC R24
000320 f7f1     +BRNE __DELAY_USB_LOOP
                 	__DELAY_USB 17
000321 c06c      	RJMP _0x2080001
                 ; .FEND
                 _lcd_gotoxy:
                 ; .FSTART _lcd_gotoxy
000322 93aa      	ST   -Y,R26
000323 81e8      	LD   R30,Y
000324 e0f0      	LDI  R31,0
000325 5ae0      	SUBI R30,LOW(-__base_y_G101)
000326 4ffd      	SBCI R31,HIGH(-__base_y_G101)
000327 81e0      	LD   R30,Z
000328 81a9      	LDD  R26,Y+1
000329 0fae      	ADD  R26,R30
00032a dfeb      	RCALL __lcd_write_data
00032b 8059      	LDD  R5,Y+1
00032c 8048      	LDD  R4,Y+0
00032d 9622      	ADIW R28,2
00032e 9508      	RET
                 ; .FEND
                 _lcd_clear:
                 ; .FSTART _lcd_clear
00032f e0a2      	LDI  R26,LOW(2)
000330 dfe5      	RCALL __lcd_write_data
000331 940e 03a9 	CALL SUBOPT_0x0
000333 e0ac      	LDI  R26,LOW(12)
000334 dfe1      	RCALL __lcd_write_data
000335 e0a1      	LDI  R26,LOW(1)
000336 dfdf      	RCALL __lcd_write_data
000337 940e 03a9 	CALL SUBOPT_0x0
000339 e0e0      	LDI  R30,LOW(0)
00033a 2e4e      	MOV  R4,R30
00033b 2e5e      	MOV  R5,R30
00033c 9508      	RET
                 ; .FEND
                 _lcd_putchar:
                 ; .FSTART _lcd_putchar
00033d 93aa      	ST   -Y,R26
00033e 81a8      	LD   R26,Y
00033f 30aa      	CPI  R26,LOW(0xA)
000340 f011      	BREQ _0x2020005
000341 1457      	CP   R5,R7
000342 f048      	BRLO _0x2020004
                 _0x2020005:
000343 e0e0      	LDI  R30,LOW(0)
000344 93ea      	ST   -Y,R30
000345 9443      	INC  R4
000346 2da4      	MOV  R26,R4
000347 dfda      	RCALL _lcd_gotoxy
000348 81a8      	LD   R26,Y
000349 30aa      	CPI  R26,LOW(0xA)
00034a f409      	BRNE _0x2020007
00034b c042      	RJMP _0x2080001
                 _0x2020007:
                 _0x2020004:
00034c 9453      	INC  R5
00034d 9ac0      	SBI  0x18,0
00034e 81a8      	LD   R26,Y
00034f dfc6      	RCALL __lcd_write_data
000350 98c0      	CBI  0x18,0
000351 c03c      	RJMP _0x2080001
                 ; .FEND
                 _lcd_puts:
                 ; .FSTART _lcd_puts
000352 93ba      	ST   -Y,R27
000353 93aa      	ST   -Y,R26
000354 931a      	ST   -Y,R17
                 _0x2020008:
000355 81a9      	LDD  R26,Y+1
000356 81ba      	LDD  R27,Y+1+1
000357 91ed      	LD   R30,X+
000358 83a9      	STD  Y+1,R26
000359 83ba      	STD  Y+1+1,R27
00035a 2f1e      	MOV  R17,R30
00035b 30e0      	CPI  R30,0
00035c f019      	BREQ _0x202000A
00035d 2fa1      	MOV  R26,R17
00035e dfde      	RCALL _lcd_putchar
00035f cff5      	RJMP _0x2020008
                 _0x202000A:
000360 8118      	LDD  R17,Y+0
000361 9623      	ADIW R28,3
000362 9508      	RET
                 ; .FEND
                 _lcd_init:
                 ; .FSTART _lcd_init
000363 93aa      	ST   -Y,R26
000364 b3e7      	IN   R30,0x17
000365 6fe0      	ORI  R30,LOW(0xF0)
000366 bbe7      	OUT  0x17,R30
000367 9aba      	SBI  0x17,2
000368 9ab8      	SBI  0x17,0
000369 9ab9      	SBI  0x17,1
00036a 98c2      	CBI  0x18,2
00036b 98c0      	CBI  0x18,0
00036c 98c1      	CBI  0x18,1
00036d 8078      	LDD  R7,Y+0
00036e 81e8      	LD   R30,Y
00036f 58e0      	SUBI R30,-LOW(128)
                +
000370 93e0 0262+STS __base_y_G101 + ( 2 ) , R30
                 	__PUTB1MN __base_y_G101,2
000372 81e8      	LD   R30,Y
000373 54e0      	SUBI R30,-LOW(192)
                +
000374 93e0 0263+STS __base_y_G101 + ( 3 ) , R30
                 	__PUTB1MN __base_y_G101,3
000376 e1a4      	LDI  R26,LOW(20)
000377 e0b0      	LDI  R27,0
000378 940e 03f1 	CALL _delay_ms
00037a 940e 03ea 	CALL SUBOPT_0x9
00037c 940e 03ea 	CALL SUBOPT_0x9
00037e 940e 03ea 	CALL SUBOPT_0x9
000380 e2a0      	LDI  R26,LOW(32)
000381 df80      	RCALL __lcd_write_nibble_G101
                +
000382 e281     +LDI R24 , LOW ( 33 )
                +__DELAY_USB_LOOP :
000383 958a     +DEC R24
000384 f7f1     +BRNE __DELAY_USB_LOOP
                 	__DELAY_USB 33
000385 e2a8      	LDI  R26,LOW(40)
000386 df8f      	RCALL __lcd_write_data
000387 e0a4      	LDI  R26,LOW(4)
000388 df8d      	RCALL __lcd_write_data
000389 e8a5      	LDI  R26,LOW(133)
00038a df8b      	RCALL __lcd_write_data
00038b e0a6      	LDI  R26,LOW(6)
00038c df89      	RCALL __lcd_write_data
00038d dfa1      	RCALL _lcd_clear
                 _0x2080001:
00038e 9621      	ADIW R28,1
00038f 9508      	RET
                 ; .FEND
                 
                 	.CSEG
                 
                 	.CSEG
                 _strlen:
                 ; .FSTART _strlen
000390 93ba      	ST   -Y,R27
000391 93aa      	ST   -Y,R26
000392 91a9          ld   r26,y+
000393 91b9          ld   r27,y+
000394 27ee          clr  r30
000395 27ff          clr  r31
                 strlen0:
000396 916d          ld   r22,x+
000397 2366          tst  r22
000398 f011          breq strlen1
000399 9631          adiw r30,1
00039a cffb          rjmp strlen0
                 strlen1:
00039b 9508          ret
                 ; .FEND
                 _strlenf:
                 ; .FSTART _strlenf
00039c 93ba      	ST   -Y,R27
00039d 93aa      	ST   -Y,R26
00039e 27aa          clr  r26
00039f 27bb          clr  r27
0003a0 91e9          ld   r30,y+
0003a1 91f9          ld   r31,y+
                 strlenf0:
0003a2 9005      	lpm  r0,z+
0003a3 2000          tst  r0
0003a4 f011          breq strlenf1
0003a5 9611          adiw r26,1
0003a6 cffb          rjmp strlenf0
                 strlenf1:
0003a7 01fd          movw r30,r26
0003a8 9508          ret
                 ; .FEND
                 
                 	.ESEG
                 _finalRes:
000000           	.BYTE 0x2
                 
                 	.DSEG
                 __base_y_G101:
000260           	.BYTE 0x4
                 
                 	.CSEG
                 ;OPTIMIZER ADDED SUBROUTINE, CALLED 4 TIMES, CODE SIZE REDUCTION:3 WORDS
                 SUBOPT_0x0:
0003a9 e0a3      	LDI  R26,LOW(3)
0003aa e0b0      	LDI  R27,0
0003ab 940c 03f1 	JMP  _delay_ms
                 
                 ;OPTIMIZER ADDED SUBROUTINE, CALLED 2 TIMES, CODE SIZE REDUCTION:1 WORDS
                 SUBOPT_0x1:
0003ad 940e 0322 	CALL _lcd_gotoxy
0003af 81e8      	LD   R30,Y
0003b0 81f9      	LDD  R31,Y+1
0003b1 93fa      	ST   -Y,R31
0003b2 93ea      	ST   -Y,R30
0003b3 9508      	RET
                 
                 ;OPTIMIZER ADDED SUBROUTINE, CALLED 2 TIMES, CODE SIZE REDUCTION:5 WORDS
                 SUBOPT_0x2:
0003b4 940e 042b 	CALL __PUTPARD1
0003b6 e084      	LDI  R24,4
0003b7 940e 02ce 	CALL _sprintf
0003b9 9628      	ADIW R28,8
0003ba 81a8      	LD   R26,Y
0003bb 81b9      	LDD  R27,Y+1
0003bc 940c 0352 	JMP  _lcd_puts
                 
                 ;OPTIMIZER ADDED SUBROUTINE, CALLED 5 TIMES, CODE SIZE REDUCTION:13 WORDS
                 SUBOPT_0x3:
0003be 932a      	ST   -Y,R18
0003bf 85ad      	LDD  R26,Y+13
0003c0 85be      	LDD  R27,Y+13+1
0003c1 85ef      	LDD  R30,Y+15
0003c2 89f8      	LDD  R31,Y+15+1
0003c3 9509      	ICALL
0003c4 9508      	RET
                 
                 ;OPTIMIZER ADDED SUBROUTINE, CALLED 5 TIMES, CODE SIZE REDUCTION:9 WORDS
                 SUBOPT_0x4:
0003c5 89e8      	LDD  R30,Y+16
0003c6 89f9      	LDD  R31,Y+16+1
0003c7 9734      	SBIW R30,4
0003c8 8be8      	STD  Y+16,R30
0003c9 8bf9      	STD  Y+16+1,R31
0003ca 9508      	RET
                 
                 ;OPTIMIZER ADDED SUBROUTINE, CALLED 3 TIMES, CODE SIZE REDUCTION:3 WORDS
                 SUBOPT_0x5:
0003cb 85ad      	LDD  R26,Y+13
0003cc 85be      	LDD  R27,Y+13+1
0003cd 85ef      	LDD  R30,Y+15
0003ce 89f8      	LDD  R31,Y+15+1
0003cf 9509      	ICALL
0003d0 9508      	RET
                 
                 ;OPTIMIZER ADDED SUBROUTINE, CALLED 2 TIMES, CODE SIZE REDUCTION:4 WORDS
                 SUBOPT_0x6:
0003d1 89a8      	LDD  R26,Y+16
0003d2 89b9      	LDD  R27,Y+16+1
0003d3 9614      	ADIW R26,4
0003d4 940e 0423 	CALL __GETW1P
0003d6 83ee      	STD  Y+6,R30
0003d7 83ff      	STD  Y+6+1,R31
0003d8 81ae      	LDD  R26,Y+6
0003d9 81bf      	LDD  R27,Y+6+1
0003da 9508      	RET
                 
                 ;OPTIMIZER ADDED SUBROUTINE, CALLED 2 TIMES, CODE SIZE REDUCTION:2 WORDS
                 SUBOPT_0x7:
0003db 89a8      	LDD  R26,Y+16
0003dc 89b9      	LDD  R27,Y+16+1
0003dd 9614      	ADIW R26,4
0003de 940e 0423 	CALL __GETW1P
0003e0 87ea      	STD  Y+10,R30
0003e1 87fb      	STD  Y+10+1,R31
0003e2 9508      	RET
                 
                 ;OPTIMIZER ADDED SUBROUTINE, CALLED 2 TIMES, CODE SIZE REDUCTION:1 WORDS
                 SUBOPT_0x8:
0003e3 01de      	MOVW R26,R28
0003e4 961c      	ADIW R26,12
0003e5 940e 03fb 	CALL __ADDW2R15
0003e7 940e 0423 	CALL __GETW1P
0003e9 9508      	RET
                 
                 ;OPTIMIZER ADDED SUBROUTINE, CALLED 3 TIMES, CODE SIZE REDUCTION:5 WORDS
                 SUBOPT_0x9:
0003ea e3a0      	LDI  R26,LOW(48)
0003eb 940e 0302 	CALL __lcd_write_nibble_G101
                +
0003ed e281     +LDI R24 , LOW ( 33 )
                +__DELAY_USB_LOOP :
0003ee 958a     +DEC R24
0003ef f7f1     +BRNE __DELAY_USB_LOOP
                 	__DELAY_USB 33
0003f0 9508      	RET
                 
                 
                 	.CSEG
                 _delay_ms:
0003f1 9610      	adiw r26,0
0003f2 f039      	breq __delay_ms1
                 __delay_ms0:
0003f3 95a8      	wdr
                +
0003f4 ef8a     +LDI R24 , LOW ( 0xFA )
0003f5 e090     +LDI R25 , HIGH ( 0xFA )
                +__DELAY_USW_LOOP :
0003f6 9701     +SBIW R24 , 1
0003f7 f7f1     +BRNE __DELAY_USW_LOOP
                 	__DELAY_USW 0xFA
0003f8 9711      	sbiw r26,1
0003f9 f7c9      	brne __delay_ms0
                 __delay_ms1:
0003fa 9508      	ret
                 
                 __ADDW2R15:
0003fb 2400      	CLR  R0
0003fc 0daf      	ADD  R26,R15
0003fd 1db0      	ADC  R27,R0
0003fe 9508      	RET
                 
                 __ANEGW1:
0003ff 95f1      	NEG  R31
000400 95e1      	NEG  R30
000401 40f0      	SBCI R31,0
000402 9508      	RET
                 
                 __CWD1:
000403 2f6f      	MOV  R22,R31
000404 0f66      	ADD  R22,R22
000405 0b66      	SBC  R22,R22
000406 2f76      	MOV  R23,R22
000407 9508      	RET
                 
                 __MULW12U:
000408 9ffa      	MUL  R31,R26
000409 2df0      	MOV  R31,R0
00040a 9feb      	MUL  R30,R27
00040b 0df0      	ADD  R31,R0
00040c 9fea      	MUL  R30,R26
00040d 2de0      	MOV  R30,R0
00040e 0df1      	ADD  R31,R1
00040f 9508      	RET
                 
                 __MULW12:
000410 d004      	RCALL __CHKSIGNW
000411 dff6      	RCALL __MULW12U
000412 f40e      	BRTC __MULW121
000413 dfeb      	RCALL __ANEGW1
                 __MULW121:
000414 9508      	RET
                 
                 __CHKSIGNW:
000415 94e8      	CLT
000416 fff7      	SBRS R31,7
000417 c002      	RJMP __CHKSW1
000418 dfe6      	RCALL __ANEGW1
000419 9468      	SET
                 __CHKSW1:
00041a ffb7      	SBRS R27,7
00041b c006      	RJMP __CHKSW2
00041c 95a0      	COM  R26
00041d 95b0      	COM  R27
00041e 9611      	ADIW R26,1
00041f f800      	BLD  R0,0
000420 9403      	INC  R0
000421 fa00      	BST  R0,0
                 __CHKSW2:
000422 9508      	RET
                 
                 __GETW1P:
000423 91ed      	LD   R30,X+
000424 91fc      	LD   R31,X
000425 9711      	SBIW R26,1
000426 9508      	RET
                 
                 __GETW1PF:
000427 9005      	LPM  R0,Z+
000428 91f4      	LPM  R31,Z
000429 2de0      	MOV  R30,R0
00042a 9508      	RET
                 
                 __PUTPARD1:
00042b 937a      	ST   -Y,R23
00042c 936a      	ST   -Y,R22
00042d 93fa      	ST   -Y,R31
00042e 93ea      	ST   -Y,R30
00042f 9508      	RET
                 
                 __EEPROMRDW:
000430 9611      	ADIW R26,1
000431 d002      	RCALL __EEPROMRDB
000432 2ffe      	MOV  R31,R30
000433 9711      	SBIW R26,1
                 
                 __EEPROMRDB:
000434 99e1      	SBIC EECR,EEWE
000435 cffe      	RJMP __EEPROMRDB
000436 93ff      	PUSH R31
000437 b7ff      	IN   R31,SREG
000438 94f8      	CLI
000439 bbae      	OUT  EEARL,R26
00043a bbbf      	OUT  EEARH,R27
00043b 9ae0      	SBI  EECR,EERE
00043c b3ed      	IN   R30,EEDR
00043d bfff      	OUT  SREG,R31
00043e 91ff      	POP  R31
00043f 9508      	RET
                 
                 __EEPROMWRW:
000440 d007      	RCALL __EEPROMWRB
000441 9611      	ADIW R26,1
000442 93ef      	PUSH R30
000443 2fef      	MOV  R30,R31
000444 d003      	RCALL __EEPROMWRB
000445 91ef      	POP  R30
000446 9711      	SBIW R26,1
000447 9508      	RET
                 
                 __EEPROMWRB:
000448 9be1      	SBIS EECR,EEWE
000449 c002      	RJMP __EEPROMWRB1
00044a 95a8      	WDR
00044b cffc      	RJMP __EEPROMWRB
                 __EEPROMWRB1:
00044c b79f      	IN   R25,SREG
00044d 94f8      	CLI
00044e bbae      	OUT  EEARL,R26
00044f bbbf      	OUT  EEARH,R27
000450 9ae0      	SBI  EECR,EERE
000451 b38d      	IN   R24,EEDR
000452 17e8      	CP   R30,R24
000453 f019      	BREQ __EEPROMWRB0
000454 bbed      	OUT  EEDR,R30
000455 9ae2      	SBI  EECR,EEMWE
000456 9ae1      	SBI  EECR,EEWE
                 __EEPROMWRB0:
000457 bf9f      	OUT  SREG,R25
000458 9508      	RET
                 
                 __SAVELOCR6:
000459 935a      	ST   -Y,R21
                 __SAVELOCR5:
00045a 934a      	ST   -Y,R20
                 __SAVELOCR4:
00045b 933a      	ST   -Y,R19
                 __SAVELOCR3:
00045c 932a      	ST   -Y,R18
                 __SAVELOCR2:
00045d 931a      	ST   -Y,R17
00045e 930a      	ST   -Y,R16
00045f 9508      	RET
                 
                 __LOADLOCR6:
000460 815d      	LDD  R21,Y+5
                 __LOADLOCR5:
000461 814c      	LDD  R20,Y+4
                 __LOADLOCR4:
000462 813b      	LDD  R19,Y+3
                 __LOADLOCR3:
000463 812a      	LDD  R18,Y+2
                 __LOADLOCR2:
000464 8119      	LDD  R17,Y+1
000465 8108      	LD   R16,Y
000466 9508      	RET
                 
                 __INITLOCB:
                 __INITLOCW:
000467 0fac      	ADD  R26,R28
000468 1fbd      	ADC  R27,R29
                 __INITLOC0:
000469 9005      	LPM  R0,Z+
00046a 920d      	ST   X+,R0
00046b 958a      	DEC  R24
00046c f7e1      	BRNE __INITLOC0
00046d 9508      	RET
                 
                 ;END OF CODE MARKER
                 __END_OF_CODE:


RESOURCE USE INFORMATION
------------------------

Notice:
The register and instruction counts are symbol table hit counts,
and hence implicitly used resources are not counted, eg, the
'lpm' instruction without operands implicitly uses r0 and z,
none of which are counted.

x,y,z are separate entities in the symbol table and are
counted separately from r26..r31 here.

.dseg memory usage only counts static data declared with .byte

ATmega32 register use summary:
r0 :  22 r1 :   2 r2 :   0 r3 :   0 r4 :   4 r5 :   4 r6 :   0 r7 :   2 
r8 :   0 r9 :   0 r10:   0 r11:   0 r12:   0 r13:   0 r14:   0 r15:   4 
r16:  41 r17:  28 r18:  35 r19:  11 r20:  17 r21:  23 r22:  12 r23:   3 
r24:  27 r25:   5 r26: 131 r27:  59 r28:  23 r29:   2 r30: 232 r31:  83 
x  :  26 y  : 206 z  :  16 
Registers used: 25 out of 35 (71.4%)

ATmega32 instruction use summary:
.lds  :   0 .lds.l:   0 .sts  :   0 .sts.l:   0 adc   :   5 add   :  10 
adiw  :  32 and   :   1 andi  :   6 asr   :   0 bclr  :   0 bld   :   1 
brbc  :   0 brbs  :   0 brcc  :   0 brcs  :   0 break :   0 breq  :  20 
brge  :   2 brhc  :   0 brhs  :   0 brid  :   0 brie  :   0 brlo  :   8 
brlt  :   0 brmi  :   1 brne  :  32 brpl  :   1 brsh  :   2 brtc  :   1 
brts  :   0 brvc  :   0 brvs  :   0 bset  :   0 bst   :   1 call  :  67 
cbi   :   5 cbr   :   0 clc   :   0 clh   :   0 cli   :   3 cln   :   0 
clr   :  11 cls   :   0 clt   :   1 clv   :   0 clz   :   0 com   :   2 
cp    :   7 cpc   :   4 cpi   :  36 cpse  :   0 dec   :   8 des   :   0 
eor   :   0 fmul  :   0 fmuls :   0 fmulsu:   0 icall :   2 ijmp  :   0 
in    :   8 inc   :   3 jmp   :  24 ld    :  29 ldd   :  95 ldi   : 116 
lds   :   0 lpm   :  15 lsl   :   0 lsr   :   0 mov   :  24 movw  :  22 
mul   :   4 muls  :   0 mulsu :   0 neg   :   2 nop   :   0 or    :   1 
ori   :   7 out   :  53 pop   :   5 push  :   5 rcall :  26 ret   :  36 
reti  :   0 rjmp  :  66 rol   :   0 ror   :   0 sbc   :   2 sbci  :   4 
sbi   :   9 sbic  :   1 sbis  :   1 sbiw  :  21 sbr   :   0 sbrc  :   2 
sbrs  :  12 sec   :   0 seh   :   0 sei   :   0 sen   :   0 ser   :   0 
ses   :   0 set   :   1 sev   :   0 sez   :   0 sleep :   0 spm   :   0 
st    :  77 std   :  34 sts   :   2 sub   :   1 subi  :  18 swap  :   1 
tst   :   4 wdr   :   2 
Instructions used: 62 out of 116 (53.4%)

ATmega32 memory use summary [bytes]:
Segment   Begin    End      Code   Data   Used    Size   Use%
---------------------------------------------------------------
[.cseg] 0x000000 0x0008dc   2186     82   2268   32768   6.9%
[.dseg] 0x000060 0x000264      0      4      4    2048   0.2%
[.eseg] 0x000000 0x000002      0      2      2    1024   0.2%

Assembly complete, 0 errors, 3 warnings
