
AVRASM ver. 2.1.30  C:\Users\Alpha\Desktop\codevisionAVR\Debug\List\a.asm Sun Aug 09 12:10:41 2020

C:\Users\Alpha\Desktop\codevisionAVR\Debug\List\a.asm(1088): warning: Register r5 already defined by the .DEF directive
C:\Users\Alpha\Desktop\codevisionAVR\Debug\List\a.asm(1089): warning: Register r4 already defined by the .DEF directive
C:\Users\Alpha\Desktop\codevisionAVR\Debug\List\a.asm(1090): warning: Register r7 already defined by the .DEF directive
                 
                 
                 ;CodeVisionAVR C Compiler V3.14 Advanced
                 ;(C) Copyright 1998-2014 Pavel Haiduc, HP InfoTech s.r.l.
                 ;http://www.hpinfotech.com
                 
                 ;Build configuration    : Debug
                 ;Chip type              : ATmega32
                 ;Program type           : Application
                 ;Clock frequency        : 1.000000 MHz
                 ;Memory model           : Small
                 ;Optimize for           : Size
                 ;(s)printf features     : int, width
                 ;(s)scanf features      : int, width
                 ;External RAM size      : 0
                 ;Data Stack size        : 512 byte(s)
                 ;Heap size              : 0 byte(s)
                 ;Promote 'char' to 'int': Yes
                 ;'char' is unsigned     : Yes
                 ;8 bit enums            : Yes
                 ;Global 'const' stored in FLASH: Yes
                 ;Enhanced function parameter passing: Yes
                 ;Enhanced core instructions: On
                 ;Automatic register allocation for global variables: On
                 ;Smart register allocation: On
                 
                 	#define _MODEL_SMALL_
                 
                 	#pragma AVRPART ADMIN PART_NAME ATmega32
                 	#pragma AVRPART MEMORY PROG_FLASH 32768
                 	#pragma AVRPART MEMORY EEPROM 1024
                 	#pragma AVRPART MEMORY INT_SRAM SIZE 2048
                 	#pragma AVRPART MEMORY INT_SRAM START_ADDR 0x60
                 
                 	#define CALL_SUPPORTED 1
                 
                 	.LISTMAC
                 	.EQU UDRE=0x5
                 	.EQU RXC=0x7
                 	.EQU USR=0xB
                 	.EQU UDR=0xC
                 	.EQU SPSR=0xE
                 	.EQU SPDR=0xF
                 	.EQU EERE=0x0
                 	.EQU EEWE=0x1
                 	.EQU EEMWE=0x2
                 	.EQU EECR=0x1C
                 	.EQU EEDR=0x1D
                 	.EQU EEARL=0x1E
                 	.EQU EEARH=0x1F
                 	.EQU WDTCR=0x21
                 	.EQU MCUCR=0x35
                 	.EQU GICR=0x3B
                 	.EQU SPL=0x3D
                 	.EQU SPH=0x3E
                 	.EQU SREG=0x3F
                 
                 	.DEF R0X0=R0
                 	.DEF R0X1=R1
                 	.DEF R0X2=R2
                 	.DEF R0X3=R3
                 	.DEF R0X4=R4
                 	.DEF R0X5=R5
                 	.DEF R0X6=R6
                 	.DEF R0X7=R7
                 	.DEF R0X8=R8
                 	.DEF R0X9=R9
                 	.DEF R0XA=R10
                 	.DEF R0XB=R11
                 	.DEF R0XC=R12
                 	.DEF R0XD=R13
                 	.DEF R0XE=R14
                 	.DEF R0XF=R15
                 	.DEF R0X10=R16
                 	.DEF R0X11=R17
                 	.DEF R0X12=R18
                 	.DEF R0X13=R19
                 	.DEF R0X14=R20
                 	.DEF R0X15=R21
                 	.DEF R0X16=R22
                 	.DEF R0X17=R23
                 	.DEF R0X18=R24
                 	.DEF R0X19=R25
                 	.DEF R0X1A=R26
                 	.DEF R0X1B=R27
                 	.DEF R0X1C=R28
                 	.DEF R0X1D=R29
                 	.DEF R0X1E=R30
                 	.DEF R0X1F=R31
                 
                 	.EQU __SRAM_START=0x0060
                 	.EQU __SRAM_END=0x085F
                 	.EQU __DSTACK_SIZE=0x0200
                 	.EQU __HEAP_SIZE=0x0000
                 	.EQU __CLEAR_SRAM_SIZE=__SRAM_END-__SRAM_START+1
                 
                 	.MACRO __CPD1N
                 	CPI  R30,LOW(@0)
                 	LDI  R26,HIGH(@0)
                 	CPC  R31,R26
                 	LDI  R26,BYTE3(@0)
                 	CPC  R22,R26
                 	LDI  R26,BYTE4(@0)
                 	CPC  R23,R26
                 	.ENDM
                 
                 	.MACRO __CPD2N
                 	CPI  R26,LOW(@0)
                 	LDI  R30,HIGH(@0)
                 	CPC  R27,R30
                 	LDI  R30,BYTE3(@0)
                 	CPC  R24,R30
                 	LDI  R30,BYTE4(@0)
                 	CPC  R25,R30
                 	.ENDM
                 
                 	.MACRO __CPWRR
                 	CP   R@0,R@2
                 	CPC  R@1,R@3
                 	.ENDM
                 
                 	.MACRO __CPWRN
                 	CPI  R@0,LOW(@2)
                 	LDI  R30,HIGH(@2)
                 	CPC  R@1,R30
                 	.ENDM
                 
                 	.MACRO __ADDB1MN
                 	SUBI R30,LOW(-@0-(@1))
                 	.ENDM
                 
                 	.MACRO __ADDB2MN
                 	SUBI R26,LOW(-@0-(@1))
                 	.ENDM
                 
                 	.MACRO __ADDW1MN
                 	SUBI R30,LOW(-@0-(@1))
                 	SBCI R31,HIGH(-@0-(@1))
                 	.ENDM
                 
                 	.MACRO __ADDW2MN
                 	SUBI R26,LOW(-@0-(@1))
                 	SBCI R27,HIGH(-@0-(@1))
                 	.ENDM
                 
                 	.MACRO __ADDW1FN
                 	SUBI R30,LOW(-2*@0-(@1))
                 	SBCI R31,HIGH(-2*@0-(@1))
                 	.ENDM
                 
                 	.MACRO __ADDD1FN
                 	SUBI R30,LOW(-2*@0-(@1))
                 	SBCI R31,HIGH(-2*@0-(@1))
                 	SBCI R22,BYTE3(-2*@0-(@1))
                 	.ENDM
                 
                 	.MACRO __ADDD1N
                 	SUBI R30,LOW(-@0)
                 	SBCI R31,HIGH(-@0)
                 	SBCI R22,BYTE3(-@0)
                 	SBCI R23,BYTE4(-@0)
                 	.ENDM
                 
                 	.MACRO __ADDD2N
                 	SUBI R26,LOW(-@0)
                 	SBCI R27,HIGH(-@0)
                 	SBCI R24,BYTE3(-@0)
                 	SBCI R25,BYTE4(-@0)
                 	.ENDM
                 
                 	.MACRO __SUBD1N
                 	SUBI R30,LOW(@0)
                 	SBCI R31,HIGH(@0)
                 	SBCI R22,BYTE3(@0)
                 	SBCI R23,BYTE4(@0)
                 	.ENDM
                 
                 	.MACRO __SUBD2N
                 	SUBI R26,LOW(@0)
                 	SBCI R27,HIGH(@0)
                 	SBCI R24,BYTE3(@0)
                 	SBCI R25,BYTE4(@0)
                 	.ENDM
                 
                 	.MACRO __ANDBMNN
                 	LDS  R30,@0+(@1)
                 	ANDI R30,LOW(@2)
                 	STS  @0+(@1),R30
                 	.ENDM
                 
                 	.MACRO __ANDWMNN
                 	LDS  R30,@0+(@1)
                 	ANDI R30,LOW(@2)
                 	STS  @0+(@1),R30
                 	LDS  R30,@0+(@1)+1
                 	ANDI R30,HIGH(@2)
                 	STS  @0+(@1)+1,R30
                 	.ENDM
                 
                 	.MACRO __ANDD1N
                 	ANDI R30,LOW(@0)
                 	ANDI R31,HIGH(@0)
                 	ANDI R22,BYTE3(@0)
                 	ANDI R23,BYTE4(@0)
                 	.ENDM
                 
                 	.MACRO __ANDD2N
                 	ANDI R26,LOW(@0)
                 	ANDI R27,HIGH(@0)
                 	ANDI R24,BYTE3(@0)
                 	ANDI R25,BYTE4(@0)
                 	.ENDM
                 
                 	.MACRO __ORBMNN
                 	LDS  R30,@0+(@1)
                 	ORI  R30,LOW(@2)
                 	STS  @0+(@1),R30
                 	.ENDM
                 
                 	.MACRO __ORWMNN
                 	LDS  R30,@0+(@1)
                 	ORI  R30,LOW(@2)
                 	STS  @0+(@1),R30
                 	LDS  R30,@0+(@1)+1
                 	ORI  R30,HIGH(@2)
                 	STS  @0+(@1)+1,R30
                 	.ENDM
                 
                 	.MACRO __ORD1N
                 	ORI  R30,LOW(@0)
                 	ORI  R31,HIGH(@0)
                 	ORI  R22,BYTE3(@0)
                 	ORI  R23,BYTE4(@0)
                 	.ENDM
                 
                 	.MACRO __ORD2N
                 	ORI  R26,LOW(@0)
                 	ORI  R27,HIGH(@0)
                 	ORI  R24,BYTE3(@0)
                 	ORI  R25,BYTE4(@0)
                 	.ENDM
                 
                 	.MACRO __DELAY_USB
                 	LDI  R24,LOW(@0)
                 __DELAY_USB_LOOP:
                 	DEC  R24
                 	BRNE __DELAY_USB_LOOP
                 	.ENDM
                 
                 	.MACRO __DELAY_USW
                 	LDI  R24,LOW(@0)
                 	LDI  R25,HIGH(@0)
                 __DELAY_USW_LOOP:
                 	SBIW R24,1
                 	BRNE __DELAY_USW_LOOP
                 	.ENDM
                 
                 	.MACRO __GETD1S
                 	LDD  R30,Y+@0
                 	LDD  R31,Y+@0+1
                 	LDD  R22,Y+@0+2
                 	LDD  R23,Y+@0+3
                 	.ENDM
                 
                 	.MACRO __GETD2S
                 	LDD  R26,Y+@0
                 	LDD  R27,Y+@0+1
                 	LDD  R24,Y+@0+2
                 	LDD  R25,Y+@0+3
                 	.ENDM
                 
                 	.MACRO __PUTD1S
                 	STD  Y+@0,R30
                 	STD  Y+@0+1,R31
                 	STD  Y+@0+2,R22
                 	STD  Y+@0+3,R23
                 	.ENDM
                 
                 	.MACRO __PUTD2S
                 	STD  Y+@0,R26
                 	STD  Y+@0+1,R27
                 	STD  Y+@0+2,R24
                 	STD  Y+@0+3,R25
                 	.ENDM
                 
                 	.MACRO __PUTDZ2
                 	STD  Z+@0,R26
                 	STD  Z+@0+1,R27
                 	STD  Z+@0+2,R24
                 	STD  Z+@0+3,R25
                 	.ENDM
                 
                 	.MACRO __CLRD1S
                 	STD  Y+@0,R30
                 	STD  Y+@0+1,R30
                 	STD  Y+@0+2,R30
                 	STD  Y+@0+3,R30
                 	.ENDM
                 
                 	.MACRO __POINTB1MN
                 	LDI  R30,LOW(@0+(@1))
                 	.ENDM
                 
                 	.MACRO __POINTW1MN
                 	LDI  R30,LOW(@0+(@1))
                 	LDI  R31,HIGH(@0+(@1))
                 	.ENDM
                 
                 	.MACRO __POINTD1M
                 	LDI  R30,LOW(@0)
                 	LDI  R31,HIGH(@0)
                 	LDI  R22,BYTE3(@0)
                 	LDI  R23,BYTE4(@0)
                 	.ENDM
                 
                 	.MACRO __POINTW1FN
                 	LDI  R30,LOW(2*@0+(@1))
                 	LDI  R31,HIGH(2*@0+(@1))
                 	.ENDM
                 
                 	.MACRO __POINTD1FN
                 	LDI  R30,LOW(2*@0+(@1))
                 	LDI  R31,HIGH(2*@0+(@1))
                 	LDI  R22,BYTE3(2*@0+(@1))
                 	LDI  R23,BYTE4(2*@0+(@1))
                 	.ENDM
                 
                 	.MACRO __POINTB2MN
                 	LDI  R26,LOW(@0+(@1))
                 	.ENDM
                 
                 	.MACRO __POINTW2MN
                 	LDI  R26,LOW(@0+(@1))
                 	LDI  R27,HIGH(@0+(@1))
                 	.ENDM
                 
                 	.MACRO __POINTW2FN
                 	LDI  R26,LOW(2*@0+(@1))
                 	LDI  R27,HIGH(2*@0+(@1))
                 	.ENDM
                 
                 	.MACRO __POINTD2FN
                 	LDI  R26,LOW(2*@0+(@1))
                 	LDI  R27,HIGH(2*@0+(@1))
                 	LDI  R24,BYTE3(2*@0+(@1))
                 	LDI  R25,BYTE4(2*@0+(@1))
                 	.ENDM
                 
                 	.MACRO __POINTBRM
                 	LDI  R@0,LOW(@1)
                 	.ENDM
                 
                 	.MACRO __POINTWRM
                 	LDI  R@0,LOW(@2)
                 	LDI  R@1,HIGH(@2)
                 	.ENDM
                 
                 	.MACRO __POINTBRMN
                 	LDI  R@0,LOW(@1+(@2))
                 	.ENDM
                 
                 	.MACRO __POINTWRMN
                 	LDI  R@0,LOW(@2+(@3))
                 	LDI  R@1,HIGH(@2+(@3))
                 	.ENDM
                 
                 	.MACRO __POINTWRFN
                 	LDI  R@0,LOW(@2*2+(@3))
                 	LDI  R@1,HIGH(@2*2+(@3))
                 	.ENDM
                 
                 	.MACRO __GETD1N
                 	LDI  R30,LOW(@0)
                 	LDI  R31,HIGH(@0)
                 	LDI  R22,BYTE3(@0)
                 	LDI  R23,BYTE4(@0)
                 	.ENDM
                 
                 	.MACRO __GETD2N
                 	LDI  R26,LOW(@0)
                 	LDI  R27,HIGH(@0)
                 	LDI  R24,BYTE3(@0)
                 	LDI  R25,BYTE4(@0)
                 	.ENDM
                 
                 	.MACRO __GETB1MN
                 	LDS  R30,@0+(@1)
                 	.ENDM
                 
                 	.MACRO __GETB1HMN
                 	LDS  R31,@0+(@1)
                 	.ENDM
                 
                 	.MACRO __GETW1MN
                 	LDS  R30,@0+(@1)
                 	LDS  R31,@0+(@1)+1
                 	.ENDM
                 
                 	.MACRO __GETD1MN
                 	LDS  R30,@0+(@1)
                 	LDS  R31,@0+(@1)+1
                 	LDS  R22,@0+(@1)+2
                 	LDS  R23,@0+(@1)+3
                 	.ENDM
                 
                 	.MACRO __GETBRMN
                 	LDS  R@0,@1+(@2)
                 	.ENDM
                 
                 	.MACRO __GETWRMN
                 	LDS  R@0,@2+(@3)
                 	LDS  R@1,@2+(@3)+1
                 	.ENDM
                 
                 	.MACRO __GETWRZ
                 	LDD  R@0,Z+@2
                 	LDD  R@1,Z+@2+1
                 	.ENDM
                 
                 	.MACRO __GETD2Z
                 	LDD  R26,Z+@0
                 	LDD  R27,Z+@0+1
                 	LDD  R24,Z+@0+2
                 	LDD  R25,Z+@0+3
                 	.ENDM
                 
                 	.MACRO __GETB2MN
                 	LDS  R26,@0+(@1)
                 	.ENDM
                 
                 	.MACRO __GETW2MN
                 	LDS  R26,@0+(@1)
                 	LDS  R27,@0+(@1)+1
                 	.ENDM
                 
                 	.MACRO __GETD2MN
                 	LDS  R26,@0+(@1)
                 	LDS  R27,@0+(@1)+1
                 	LDS  R24,@0+(@1)+2
                 	LDS  R25,@0+(@1)+3
                 	.ENDM
                 
                 	.MACRO __PUTB1MN
                 	STS  @0+(@1),R30
                 	.ENDM
                 
                 	.MACRO __PUTW1MN
                 	STS  @0+(@1),R30
                 	STS  @0+(@1)+1,R31
                 	.ENDM
                 
                 	.MACRO __PUTD1MN
                 	STS  @0+(@1),R30
                 	STS  @0+(@1)+1,R31
                 	STS  @0+(@1)+2,R22
                 	STS  @0+(@1)+3,R23
                 	.ENDM
                 
                 	.MACRO __PUTB1EN
                 	LDI  R26,LOW(@0+(@1))
                 	LDI  R27,HIGH(@0+(@1))
                 	CALL __EEPROMWRB
                 	.ENDM
                 
                 	.MACRO __PUTW1EN
                 	LDI  R26,LOW(@0+(@1))
                 	LDI  R27,HIGH(@0+(@1))
                 	CALL __EEPROMWRW
                 	.ENDM
                 
                 	.MACRO __PUTD1EN
                 	LDI  R26,LOW(@0+(@1))
                 	LDI  R27,HIGH(@0+(@1))
                 	CALL __EEPROMWRD
                 	.ENDM
                 
                 	.MACRO __PUTBR0MN
                 	STS  @0+(@1),R0
                 	.ENDM
                 
                 	.MACRO __PUTBMRN
                 	STS  @0+(@1),R@2
                 	.ENDM
                 
                 	.MACRO __PUTWMRN
                 	STS  @0+(@1),R@2
                 	STS  @0+(@1)+1,R@3
                 	.ENDM
                 
                 	.MACRO __PUTBZR
                 	STD  Z+@1,R@0
                 	.ENDM
                 
                 	.MACRO __PUTWZR
                 	STD  Z+@2,R@0
                 	STD  Z+@2+1,R@1
                 	.ENDM
                 
                 	.MACRO __GETW1R
                 	MOV  R30,R@0
                 	MOV  R31,R@1
                 	.ENDM
                 
                 	.MACRO __GETW2R
                 	MOV  R26,R@0
                 	MOV  R27,R@1
                 	.ENDM
                 
                 	.MACRO __GETWRN
                 	LDI  R@0,LOW(@2)
                 	LDI  R@1,HIGH(@2)
                 	.ENDM
                 
                 	.MACRO __PUTW1R
                 	MOV  R@0,R30
                 	MOV  R@1,R31
                 	.ENDM
                 
                 	.MACRO __PUTW2R
                 	MOV  R@0,R26
                 	MOV  R@1,R27
                 	.ENDM
                 
                 	.MACRO __ADDWRN
                 	SUBI R@0,LOW(-@2)
                 	SBCI R@1,HIGH(-@2)
                 	.ENDM
                 
                 	.MACRO __ADDWRR
                 	ADD  R@0,R@2
                 	ADC  R@1,R@3
                 	.ENDM
                 
                 	.MACRO __SUBWRN
                 	SUBI R@0,LOW(@2)
                 	SBCI R@1,HIGH(@2)
                 	.ENDM
                 
                 	.MACRO __SUBWRR
                 	SUB  R@0,R@2
                 	SBC  R@1,R@3
                 	.ENDM
                 
                 	.MACRO __ANDWRN
                 	ANDI R@0,LOW(@2)
                 	ANDI R@1,HIGH(@2)
                 	.ENDM
                 
                 	.MACRO __ANDWRR
                 	AND  R@0,R@2
                 	AND  R@1,R@3
                 	.ENDM
                 
                 	.MACRO __ORWRN
                 	ORI  R@0,LOW(@2)
                 	ORI  R@1,HIGH(@2)
                 	.ENDM
                 
                 	.MACRO __ORWRR
                 	OR   R@0,R@2
                 	OR   R@1,R@3
                 	.ENDM
                 
                 	.MACRO __EORWRR
                 	EOR  R@0,R@2
                 	EOR  R@1,R@3
                 	.ENDM
                 
                 	.MACRO __GETWRS
                 	LDD  R@0,Y+@2
                 	LDD  R@1,Y+@2+1
                 	.ENDM
                 
                 	.MACRO __PUTBSR
                 	STD  Y+@1,R@0
                 	.ENDM
                 
                 	.MACRO __PUTWSR
                 	STD  Y+@2,R@0
                 	STD  Y+@2+1,R@1
                 	.ENDM
                 
                 	.MACRO __MOVEWRR
                 	MOV  R@0,R@2
                 	MOV  R@1,R@3
                 	.ENDM
                 
                 	.MACRO __INWR
                 	IN   R@0,@2
                 	IN   R@1,@2+1
                 	.ENDM
                 
                 	.MACRO __OUTWR
                 	OUT  @2+1,R@1
                 	OUT  @2,R@0
                 	.ENDM
                 
                 	.MACRO __CALL1MN
                 	LDS  R30,@0+(@1)
                 	LDS  R31,@0+(@1)+1
                 	ICALL
                 	.ENDM
                 
                 	.MACRO __CALL1FN
                 	LDI  R30,LOW(2*@0+(@1))
                 	LDI  R31,HIGH(2*@0+(@1))
                 	CALL __GETW1PF
                 	ICALL
                 	.ENDM
                 
                 	.MACRO __CALL2EN
                 	PUSH R26
                 	PUSH R27
                 	LDI  R26,LOW(@0+(@1))
                 	LDI  R27,HIGH(@0+(@1))
                 	CALL __EEPROMRDW
                 	POP  R27
                 	POP  R26
                 	ICALL
                 	.ENDM
                 
                 	.MACRO __CALL2EX
                 	SUBI R26,LOW(-@0)
                 	SBCI R27,HIGH(-@0)
                 	CALL __EEPROMRDD
                 	ICALL
                 	.ENDM
                 
                 	.MACRO __GETW1STACK
                 	IN   R30,SPL
                 	IN   R31,SPH
                 	ADIW R30,@0+1
                 	LD   R0,Z+
                 	LD   R31,Z
                 	MOV  R30,R0
                 	.ENDM
                 
                 	.MACRO __GETD1STACK
                 	IN   R30,SPL
                 	IN   R31,SPH
                 	ADIW R30,@0+1
                 	LD   R0,Z+
                 	LD   R1,Z+
                 	LD   R22,Z
                 	MOVW R30,R0
                 	.ENDM
                 
                 	.MACRO __NBST
                 	BST  R@0,@1
                 	IN   R30,SREG
                 	LDI  R31,0x40
                 	EOR  R30,R31
                 	OUT  SREG,R30
                 	.ENDM
                 
                 
                 	.MACRO __PUTB1SN
                 	LDD  R26,Y+@0
                 	LDD  R27,Y+@0+1
                 	SUBI R26,LOW(-@1)
                 	SBCI R27,HIGH(-@1)
                 	ST   X,R30
                 	.ENDM
                 
                 	.MACRO __PUTW1SN
                 	LDD  R26,Y+@0
                 	LDD  R27,Y+@0+1
                 	SUBI R26,LOW(-@1)
                 	SBCI R27,HIGH(-@1)
                 	ST   X+,R30
                 	ST   X,R31
                 	.ENDM
                 
                 	.MACRO __PUTD1SN
                 	LDD  R26,Y+@0
                 	LDD  R27,Y+@0+1
                 	SUBI R26,LOW(-@1)
                 	SBCI R27,HIGH(-@1)
                 	CALL __PUTDP1
                 	.ENDM
                 
                 	.MACRO __PUTB1SNS
                 	LDD  R26,Y+@0
                 	LDD  R27,Y+@0+1
                 	ADIW R26,@1
                 	ST   X,R30
                 	.ENDM
                 
                 	.MACRO __PUTW1SNS
                 	LDD  R26,Y+@0
                 	LDD  R27,Y+@0+1
                 	ADIW R26,@1
                 	ST   X+,R30
                 	ST   X,R31
                 	.ENDM
                 
                 	.MACRO __PUTD1SNS
                 	LDD  R26,Y+@0
                 	LDD  R27,Y+@0+1
                 	ADIW R26,@1
                 	CALL __PUTDP1
                 	.ENDM
                 
                 	.MACRO __PUTB1PMN
                 	LDS  R26,@0
                 	LDS  R27,@0+1
                 	SUBI R26,LOW(-@1)
                 	SBCI R27,HIGH(-@1)
                 	ST   X,R30
                 	.ENDM
                 
                 	.MACRO __PUTW1PMN
                 	LDS  R26,@0
                 	LDS  R27,@0+1
                 	SUBI R26,LOW(-@1)
                 	SBCI R27,HIGH(-@1)
                 	ST   X+,R30
                 	ST   X,R31
                 	.ENDM
                 
                 	.MACRO __PUTD1PMN
                 	LDS  R26,@0
                 	LDS  R27,@0+1
                 	SUBI R26,LOW(-@1)
                 	SBCI R27,HIGH(-@1)
                 	CALL __PUTDP1
                 	.ENDM
                 
                 	.MACRO __PUTB1PMNS
                 	LDS  R26,@0
                 	LDS  R27,@0+1
                 	ADIW R26,@1
                 	ST   X,R30
                 	.ENDM
                 
                 	.MACRO __PUTW1PMNS
                 	LDS  R26,@0
                 	LDS  R27,@0+1
                 	ADIW R26,@1
                 	ST   X+,R30
                 	ST   X,R31
                 	.ENDM
                 
                 	.MACRO __PUTD1PMNS
                 	LDS  R26,@0
                 	LDS  R27,@0+1
                 	ADIW R26,@1
                 	CALL __PUTDP1
                 	.ENDM
                 
                 	.MACRO __PUTB1RN
                 	MOVW R26,R@0
                 	SUBI R26,LOW(-@1)
                 	SBCI R27,HIGH(-@1)
                 	ST   X,R30
                 	.ENDM
                 
                 	.MACRO __PUTW1RN
                 	MOVW R26,R@0
                 	SUBI R26,LOW(-@1)
                 	SBCI R27,HIGH(-@1)
                 	ST   X+,R30
                 	ST   X,R31
                 	.ENDM
                 
                 	.MACRO __PUTD1RN
                 	MOVW R26,R@0
                 	SUBI R26,LOW(-@1)
                 	SBCI R27,HIGH(-@1)
                 	CALL __PUTDP1
                 	.ENDM
                 
                 	.MACRO __PUTB1RNS
                 	MOVW R26,R@0
                 	ADIW R26,@1
                 	ST   X,R30
                 	.ENDM
                 
                 	.MACRO __PUTW1RNS
                 	MOVW R26,R@0
                 	ADIW R26,@1
                 	ST   X+,R30
                 	ST   X,R31
                 	.ENDM
                 
                 	.MACRO __PUTD1RNS
                 	MOVW R26,R@0
                 	ADIW R26,@1
                 	CALL __PUTDP1
                 	.ENDM
                 
                 	.MACRO __PUTB1RON
                 	MOV  R26,R@0
                 	MOV  R27,R@1
                 	SUBI R26,LOW(-@2)
                 	SBCI R27,HIGH(-@2)
                 	ST   X,R30
                 	.ENDM
                 
                 	.MACRO __PUTW1RON
                 	MOV  R26,R@0
                 	MOV  R27,R@1
                 	SUBI R26,LOW(-@2)
                 	SBCI R27,HIGH(-@2)
                 	ST   X+,R30
                 	ST   X,R31
                 	.ENDM
                 
                 	.MACRO __PUTD1RON
                 	MOV  R26,R@0
                 	MOV  R27,R@1
                 	SUBI R26,LOW(-@2)
                 	SBCI R27,HIGH(-@2)
                 	CALL __PUTDP1
                 	.ENDM
                 
                 	.MACRO __PUTB1RONS
                 	MOV  R26,R@0
                 	MOV  R27,R@1
                 	ADIW R26,@2
                 	ST   X,R30
                 	.ENDM
                 
                 	.MACRO __PUTW1RONS
                 	MOV  R26,R@0
                 	MOV  R27,R@1
                 	ADIW R26,@2
                 	ST   X+,R30
                 	ST   X,R31
                 	.ENDM
                 
                 	.MACRO __PUTD1RONS
                 	MOV  R26,R@0
                 	MOV  R27,R@1
                 	ADIW R26,@2
                 	CALL __PUTDP1
                 	.ENDM
                 
                 
                 	.MACRO __GETB1SX
                 	MOVW R30,R28
                 	SUBI R30,LOW(-@0)
                 	SBCI R31,HIGH(-@0)
                 	LD   R30,Z
                 	.ENDM
                 
                 	.MACRO __GETB1HSX
                 	MOVW R30,R28
                 	SUBI R30,LOW(-@0)
                 	SBCI R31,HIGH(-@0)
                 	LD   R31,Z
                 	.ENDM
                 
                 	.MACRO __GETW1SX
                 	MOVW R30,R28
                 	SUBI R30,LOW(-@0)
                 	SBCI R31,HIGH(-@0)
                 	LD   R0,Z+
                 	LD   R31,Z
                 	MOV  R30,R0
                 	.ENDM
                 
                 	.MACRO __GETD1SX
                 	MOVW R30,R28
                 	SUBI R30,LOW(-@0)
                 	SBCI R31,HIGH(-@0)
                 	LD   R0,Z+
                 	LD   R1,Z+
                 	LD   R22,Z+
                 	LD   R23,Z
                 	MOVW R30,R0
                 	.ENDM
                 
                 	.MACRO __GETB2SX
                 	MOVW R26,R28
                 	SUBI R26,LOW(-@0)
                 	SBCI R27,HIGH(-@0)
                 	LD   R26,X
                 	.ENDM
                 
                 	.MACRO __GETW2SX
                 	MOVW R26,R28
                 	SUBI R26,LOW(-@0)
                 	SBCI R27,HIGH(-@0)
                 	LD   R0,X+
                 	LD   R27,X
                 	MOV  R26,R0
                 	.ENDM
                 
                 	.MACRO __GETD2SX
                 	MOVW R26,R28
                 	SUBI R26,LOW(-@0)
                 	SBCI R27,HIGH(-@0)
                 	LD   R0,X+
                 	LD   R1,X+
                 	LD   R24,X+
                 	LD   R25,X
                 	MOVW R26,R0
                 	.ENDM
                 
                 	.MACRO __GETBRSX
                 	MOVW R30,R28
                 	SUBI R30,LOW(-@1)
                 	SBCI R31,HIGH(-@1)
                 	LD   R@0,Z
                 	.ENDM
                 
                 	.MACRO __GETWRSX
                 	MOVW R30,R28
                 	SUBI R30,LOW(-@2)
                 	SBCI R31,HIGH(-@2)
                 	LD   R@0,Z+
                 	LD   R@1,Z
                 	.ENDM
                 
                 	.MACRO __GETBRSX2
                 	MOVW R26,R28
                 	SUBI R26,LOW(-@1)
                 	SBCI R27,HIGH(-@1)
                 	LD   R@0,X
                 	.ENDM
                 
                 	.MACRO __GETWRSX2
                 	MOVW R26,R28
                 	SUBI R26,LOW(-@2)
                 	SBCI R27,HIGH(-@2)
                 	LD   R@0,X+
                 	LD   R@1,X
                 	.ENDM
                 
                 	.MACRO __LSLW8SX
                 	MOVW R30,R28
                 	SUBI R30,LOW(-@0)
                 	SBCI R31,HIGH(-@0)
                 	LD   R31,Z
                 	CLR  R30
                 	.ENDM
                 
                 	.MACRO __PUTB1SX
                 	MOVW R26,R28
                 	SUBI R26,LOW(-@0)
                 	SBCI R27,HIGH(-@0)
                 	ST   X,R30
                 	.ENDM
                 
                 	.MACRO __PUTW1SX
                 	MOVW R26,R28
                 	SUBI R26,LOW(-@0)
                 	SBCI R27,HIGH(-@0)
                 	ST   X+,R30
                 	ST   X,R31
                 	.ENDM
                 
                 	.MACRO __PUTD1SX
                 	MOVW R26,R28
                 	SUBI R26,LOW(-@0)
                 	SBCI R27,HIGH(-@0)
                 	ST   X+,R30
                 	ST   X+,R31
                 	ST   X+,R22
                 	ST   X,R23
                 	.ENDM
                 
                 	.MACRO __CLRW1SX
                 	MOVW R26,R28
                 	SUBI R26,LOW(-@0)
                 	SBCI R27,HIGH(-@0)
                 	ST   X+,R30
                 	ST   X,R30
                 	.ENDM
                 
                 	.MACRO __CLRD1SX
                 	MOVW R26,R28
                 	SUBI R26,LOW(-@0)
                 	SBCI R27,HIGH(-@0)
                 	ST   X+,R30
                 	ST   X+,R30
                 	ST   X+,R30
                 	ST   X,R30
                 	.ENDM
                 
                 	.MACRO __PUTB2SX
                 	MOVW R30,R28
                 	SUBI R30,LOW(-@0)
                 	SBCI R31,HIGH(-@0)
                 	ST   Z,R26
                 	.ENDM
                 
                 	.MACRO __PUTW2SX
                 	MOVW R30,R28
                 	SUBI R30,LOW(-@0)
                 	SBCI R31,HIGH(-@0)
                 	ST   Z+,R26
                 	ST   Z,R27
                 	.ENDM
                 
                 	.MACRO __PUTD2SX
                 	MOVW R30,R28
                 	SUBI R30,LOW(-@0)
                 	SBCI R31,HIGH(-@0)
                 	ST   Z+,R26
                 	ST   Z+,R27
                 	ST   Z+,R24
                 	ST   Z,R25
                 	.ENDM
                 
                 	.MACRO __PUTBSRX
                 	MOVW R30,R28
                 	SUBI R30,LOW(-@1)
                 	SBCI R31,HIGH(-@1)
                 	ST   Z,R@0
                 	.ENDM
                 
                 	.MACRO __PUTWSRX
                 	MOVW R30,R28
                 	SUBI R30,LOW(-@2)
                 	SBCI R31,HIGH(-@2)
                 	ST   Z+,R@0
                 	ST   Z,R@1
                 	.ENDM
                 
                 	.MACRO __PUTB1SNX
                 	MOVW R26,R28
                 	SUBI R26,LOW(-@0)
                 	SBCI R27,HIGH(-@0)
                 	LD   R0,X+
                 	LD   R27,X
                 	MOV  R26,R0
                 	SUBI R26,LOW(-@1)
                 	SBCI R27,HIGH(-@1)
                 	ST   X,R30
                 	.ENDM
                 
                 	.MACRO __PUTW1SNX
                 	MOVW R26,R28
                 	SUBI R26,LOW(-@0)
                 	SBCI R27,HIGH(-@0)
                 	LD   R0,X+
                 	LD   R27,X
                 	MOV  R26,R0
                 	SUBI R26,LOW(-@1)
                 	SBCI R27,HIGH(-@1)
                 	ST   X+,R30
                 	ST   X,R31
                 	.ENDM
                 
                 	.MACRO __PUTD1SNX
                 	MOVW R26,R28
                 	SUBI R26,LOW(-@0)
                 	SBCI R27,HIGH(-@0)
                 	LD   R0,X+
                 	LD   R27,X
                 	MOV  R26,R0
                 	SUBI R26,LOW(-@1)
                 	SBCI R27,HIGH(-@1)
                 	ST   X+,R30
                 	ST   X+,R31
                 	ST   X+,R22
                 	ST   X,R23
                 	.ENDM
                 
                 	.MACRO __MULBRR
                 	MULS R@0,R@1
                 	MOVW R30,R0
                 	.ENDM
                 
                 	.MACRO __MULBRRU
                 	MUL  R@0,R@1
                 	MOVW R30,R0
                 	.ENDM
                 
                 	.MACRO __MULBRR0
                 	MULS R@0,R@1
                 	.ENDM
                 
                 	.MACRO __MULBRRU0
                 	MUL  R@0,R@1
                 	.ENDM
                 
                 	.MACRO __MULBNWRU
                 	LDI  R26,@2
                 	MUL  R26,R@0
                 	MOVW R30,R0
                 	MUL  R26,R@1
                 	ADD  R31,R0
                 	.ENDM
                 
                 ;NAME DEFINITIONS FOR GLOBAL VARIABLES ALLOCATED TO REGISTERS
                 	.DEF __lcd_x=R5
                 	.DEF __lcd_y=R4
                 	.DEF __lcd_maxx=R7
                 
                 	.CSEG
                 	.ORG 0x00
                 
                 ;START OF CODE MARKER
                 __START_OF_CODE:
                 
                 ;INTERRUPT VECTORS
000000 940c 003d 	JMP  __RESET
000002 940c 0000 	JMP  0x00
000004 940c 0000 	JMP  0x00
000006 940c 0000 	JMP  0x00
000008 940c 0000 	JMP  0x00
00000a 940c 0000 	JMP  0x00
00000c 940c 0000 	JMP  0x00
00000e 940c 0000 	JMP  0x00
000010 940c 0000 	JMP  0x00
000012 940c 0000 	JMP  0x00
000014 940c 0000 	JMP  0x00
000016 940c 0000 	JMP  0x00
000018 940c 0000 	JMP  0x00
00001a 940c 0000 	JMP  0x00
00001c 940c 0000 	JMP  0x00
00001e 940c 0000 	JMP  0x00
000020 940c 0000 	JMP  0x00
000022 940c 0000 	JMP  0x00
000024 940c 0000 	JMP  0x00
000026 940c 0000 	JMP  0x00
000028 940c 0000 	JMP  0x00
                 
                 _tbl10_G100:
00002a 2710
00002b 03e8
00002c 0064
00002d 000a      	.DB  0x10,0x27,0xE8,0x3,0x64,0x0,0xA,0x0
00002e 0001      	.DB  0x1,0x0
                 _tbl16_G100:
00002f 1000
000030 0100
000031 0010
000032 0001      	.DB  0x0,0x10,0x0,0x1,0x10,0x0,0x1,0x0
                 
                 _0x0:
000033 6873
000034 776f
000035 3a20
000036 6425      	.DB  0x73,0x68,0x6F,0x77,0x20,0x3A,0x25,0x64
C:\Users\Alpha\Desktop\codevisionAVR\Debug\List\a.asm(1129): warning: .cseg .db misalignment - padding zero byte
000037 0000      	.DB  0x0
                 _0x2020003:
000038 c080      	.DB  0x80,0xC0
                 
                 __GLOBAL_INI_TBL:
000039 0002      	.DW  0x02
00003a 0260      	.DW  __base_y_G101
00003b 0070      	.DW  _0x2020003*2
                 
                 _0xFFFFFFFF:
00003c 0000      	.DW  0
                 
                 #define __GLOBAL_INI_TBL_PRESENT 1
                 
                 __RESET:
00003d 94f8      	CLI
00003e 27ee      	CLR  R30
00003f bbec      	OUT  EECR,R30
                 
                 ;INTERRUPT VECTORS ARE PLACED
                 ;AT THE START OF FLASH
000040 e0f1      	LDI  R31,1
000041 bffb      	OUT  GICR,R31
000042 bfeb      	OUT  GICR,R30
000043 bfe5      	OUT  MCUCR,R30
                 
                 ;CLEAR R2-R14
000044 e08d      	LDI  R24,(14-2)+1
000045 e0a2      	LDI  R26,2
000046 27bb      	CLR  R27
                 __CLEAR_REG:
000047 93ed      	ST   X+,R30
000048 958a      	DEC  R24
000049 f7e9      	BRNE __CLEAR_REG
                 
                 ;CLEAR SRAM
00004a e080      	LDI  R24,LOW(__CLEAR_SRAM_SIZE)
00004b e098      	LDI  R25,HIGH(__CLEAR_SRAM_SIZE)
00004c e6a0      	LDI  R26,__SRAM_START
                 __CLEAR_SRAM:
00004d 93ed      	ST   X+,R30
00004e 9701      	SBIW R24,1
00004f f7e9      	BRNE __CLEAR_SRAM
                 
                 ;GLOBAL VARIABLES INITIALIZATION
000050 e7e2      	LDI  R30,LOW(__GLOBAL_INI_TBL*2)
000051 e0f0      	LDI  R31,HIGH(__GLOBAL_INI_TBL*2)
                 __GLOBAL_INI_NEXT:
000052 9185      	LPM  R24,Z+
000053 9195      	LPM  R25,Z+
000054 9700      	SBIW R24,0
000055 f061      	BREQ __GLOBAL_INI_END
000056 91a5      	LPM  R26,Z+
000057 91b5      	LPM  R27,Z+
000058 9005      	LPM  R0,Z+
000059 9015      	LPM  R1,Z+
00005a 01bf      	MOVW R22,R30
00005b 01f0      	MOVW R30,R0
                 __GLOBAL_INI_LOOP:
00005c 9005      	LPM  R0,Z+
00005d 920d      	ST   X+,R0
00005e 9701      	SBIW R24,1
00005f f7e1      	BRNE __GLOBAL_INI_LOOP
000060 01fb      	MOVW R30,R22
000061 cff0      	RJMP __GLOBAL_INI_NEXT
                 __GLOBAL_INI_END:
                 
                 ;HARDWARE STACK POINTER INITIALIZATION
000062 e5ef      	LDI  R30,LOW(__SRAM_END-__HEAP_SIZE)
000063 bfed      	OUT  SPL,R30
000064 e0e8      	LDI  R30,HIGH(__SRAM_END-__HEAP_SIZE)
000065 bfee      	OUT  SPH,R30
                 
                 ;DATA STACK POINTER INITIALIZATION
000066 e6c0      	LDI  R28,LOW(__SRAM_START+__DSTACK_SIZE)
000067 e0d2      	LDI  R29,HIGH(__SRAM_START+__DSTACK_SIZE)
                 
000068 940c 006a 	JMP  _main
                 
                 	.ESEG
                 	.ORG 0
                 
                 	.DSEG
                 	.ORG 0x260
                 
                 	.CSEG
                 ;/*******************************************************
                 ;This program was created by the
                 ;CodeWizardAVR V3.14 Advanced
                 ;Automatic Program Generator
                 ;© Copyright 1998-2014 Pavel Haiduc, HP InfoTech s.r.l.
                 ;http://www.hpinfotech.com
                 ;
                 ;Project :
                 ;Version :
                 ;Date    : 8/9/2020
                 ;Author  :
                 ;Company :
                 ;Comments:
                 ;
                 ;
                 ;Chip type               : ATmega32
                 ;Program type            : Application
                 ;AVR Core Clock frequency: 1.000000 MHz
                 ;Memory model            : Small
                 ;External RAM size       : 0
                 ;Data Stack size         : 512
                 ;*******************************************************/
                 ;
                 ;#include <mega32.h>
                 	#ifndef __SLEEP_DEFINED__
                 	#define __SLEEP_DEFINED__
                 	.EQU __se_bit=0x80
                 	.EQU __sm_mask=0x70
                 	.EQU __sm_powerdown=0x20
                 	.EQU __sm_powersave=0x30
                 	.EQU __sm_standby=0x60
                 	.EQU __sm_ext_standby=0x70
                 	.EQU __sm_adc_noise_red=0x10
                 	.SET power_ctrl_reg=mcucr
                 	#endif
                 ;#include <stdio.h>
                 ;// Alphanumeric LCD functions
                 ;#include <alcd.h>
                 ;
                 ;// Declare your global variables here
                 ;
                 ;void main(void)
                 ; 0000 0020 {
                 
                 	.CSEG
                 _main:
                 ; .FSTART _main
                 ; 0000 0021 // Declare your local variables here
                 ; 0000 0022 int pinon=65;
                 ; 0000 0023 int pinoff=120;
                 ; 0000 0024 char lcd_buffer[16];
                 ; 0000 0025 // Input/Output Ports initialization
                 ; 0000 0026 // Port A initialization
                 ; 0000 0027 // Function: Bit7=In Bit6=In Bit5=In Bit4=In Bit3=In Bit2=In Bit1=In Bit0=In
                 ; 0000 0028 DDRA=(0<<DDA7) | (0<<DDA6) | (0<<DDA5) | (0<<DDA4) | (0<<DDA3) | (0<<DDA2) | (0<<DDA1) | (0<<DDA0);
00006a 9760      	SBIW R28,16
                 ;	pinon -> R16,R17
                 ;	pinoff -> R18,R19
                 ;	lcd_buffer -> Y+0
                +
00006b e401     +LDI R16 , LOW ( 65 )
00006c e010     +LDI R17 , HIGH ( 65 )
                 	__GETWRN 16,17,65
                +
00006d e728     +LDI R18 , LOW ( 120 )
00006e e030     +LDI R19 , HIGH ( 120 )
                 	__GETWRN 18,19,120
00006f e0e0      	LDI  R30,LOW(0)
000070 bbea      	OUT  0x1A,R30
                 ; 0000 0029 // State: Bit7=T Bit6=T Bit5=T Bit4=T Bit3=T Bit2=T Bit1=T Bit0=T
                 ; 0000 002A PORTA=(0<<PORTA7) | (0<<PORTA6) | (0<<PORTA5) | (0<<PORTA4) | (0<<PORTA3) | (0<<PORTA2) | (0<<PORTA1) | (0<<PORTA0);
000071 bbeb      	OUT  0x1B,R30
                 ; 0000 002B 
                 ; 0000 002C // Port B initialization
                 ; 0000 002D // Function: Bit7=In Bit6=In Bit5=In Bit4=In Bit3=In Bit2=In Bit1=In Bit0=Out
                 ; 0000 002E DDRB=(0<<DDB7) | (0<<DDB6) | (0<<DDB5) | (0<<DDB4) | (0<<DDB3) | (0<<DDB2) | (0<<DDB1) | (1<<DDB0);
000072 e0e1      	LDI  R30,LOW(1)
000073 bbe7      	OUT  0x17,R30
                 ; 0000 002F // State: Bit7=T Bit6=T Bit5=T Bit4=T Bit3=T Bit2=T Bit1=T Bit0=0
                 ; 0000 0030 PORTB=(0<<PORTB7) | (0<<PORTB6) | (0<<PORTB5) | (0<<PORTB4) | (0<<PORTB3) | (0<<PORTB2) | (0<<PORTB1) | (0<<PORTB0);
000074 e0e0      	LDI  R30,LOW(0)
000075 bbe8      	OUT  0x18,R30
                 ; 0000 0031 
                 ; 0000 0032 // Port C initialization
                 ; 0000 0033 // Function: Bit7=In Bit6=In Bit5=In Bit4=In Bit3=In Bit2=In Bit1=In Bit0=In
                 ; 0000 0034 DDRC=(0<<DDC7) | (0<<DDC6) | (0<<DDC5) | (0<<DDC4) | (0<<DDC3) | (0<<DDC2) | (0<<DDC1) | (0<<DDC0);
000076 bbe4      	OUT  0x14,R30
                 ; 0000 0035 // State: Bit7=T Bit6=T Bit5=T Bit4=T Bit3=T Bit2=T Bit1=T Bit0=T
                 ; 0000 0036 PORTC=(0<<PORTC7) | (0<<PORTC6) | (0<<PORTC5) | (0<<PORTC4) | (0<<PORTC3) | (0<<PORTC2) | (0<<PORTC1) | (0<<PORTC0);
000077 bbe5      	OUT  0x15,R30
                 ; 0000 0037 
                 ; 0000 0038 // Port D initialization
                 ; 0000 0039 // Function: Bit7=In Bit6=In Bit5=In Bit4=In Bit3=In Bit2=In Bit1=In Bit0=In
                 ; 0000 003A DDRD=(0<<DDD7) | (0<<DDD6) | (0<<DDD5) | (0<<DDD4) | (0<<DDD3) | (0<<DDD2) | (0<<DDD1) | (0<<DDD0);
000078 bbe1      	OUT  0x11,R30
                 ; 0000 003B // State: Bit7=T Bit6=T Bit5=T Bit4=T Bit3=T Bit2=T Bit1=T Bit0=T
                 ; 0000 003C PORTD=(0<<PORTD7) | (0<<PORTD6) | (0<<PORTD5) | (0<<PORTD4) | (0<<PORTD3) | (0<<PORTD2) | (0<<PORTD1) | (0<<PORTD0);
000079 bbe2      	OUT  0x12,R30
                 ; 0000 003D 
                 ; 0000 003E // Timer/Counter 0 initialization
                 ; 0000 003F // Clock source: System Clock
                 ; 0000 0040 // Clock value: Timer 0 Stopped
                 ; 0000 0041 // Mode: Normal top=0xFF
                 ; 0000 0042 // OC0 output: Disconnected
                 ; 0000 0043 TCCR0=(0<<WGM00) | (0<<COM01) | (0<<COM00) | (0<<WGM01) | (0<<CS02) | (0<<CS01) | (0<<CS00);
00007a bfe3      	OUT  0x33,R30
                 ; 0000 0044 TCNT0=0x00;
00007b bfe2      	OUT  0x32,R30
                 ; 0000 0045 OCR0=0x00;
00007c bfec      	OUT  0x3C,R30
                 ; 0000 0046 
                 ; 0000 0047 // Timer/Counter 1 initialization
                 ; 0000 0048 // Clock source: System Clock
                 ; 0000 0049 // Clock value: Timer1 Stopped
                 ; 0000 004A // Mode: Normal top=0xFFFF
                 ; 0000 004B // OC1A output: Disconnected
                 ; 0000 004C // OC1B output: Disconnected
                 ; 0000 004D // Noise Canceler: Off
                 ; 0000 004E // Input Capture on Falling Edge
                 ; 0000 004F // Timer1 Overflow Interrupt: Off
                 ; 0000 0050 // Input Capture Interrupt: Off
                 ; 0000 0051 // Compare A Match Interrupt: Off
                 ; 0000 0052 // Compare B Match Interrupt: Off
                 ; 0000 0053 TCCR1A=(0<<COM1A1) | (0<<COM1A0) | (0<<COM1B1) | (0<<COM1B0) | (0<<WGM11) | (0<<WGM10);
00007d bdef      	OUT  0x2F,R30
                 ; 0000 0054 TCCR1B=(0<<ICNC1) | (0<<ICES1) | (0<<WGM13) | (0<<WGM12) | (0<<CS12) | (0<<CS11) | (0<<CS10);
00007e bdee      	OUT  0x2E,R30
                 ; 0000 0055 TCNT1H=0x00;
00007f bded      	OUT  0x2D,R30
                 ; 0000 0056 TCNT1L=0x00;
000080 bdec      	OUT  0x2C,R30
                 ; 0000 0057 ICR1H=0x00;
000081 bde7      	OUT  0x27,R30
                 ; 0000 0058 ICR1L=0x00;
000082 bde6      	OUT  0x26,R30
                 ; 0000 0059 OCR1AH=0x00;
000083 bdeb      	OUT  0x2B,R30
                 ; 0000 005A OCR1AL=0x00;
000084 bdea      	OUT  0x2A,R30
                 ; 0000 005B OCR1BH=0x00;
000085 bde9      	OUT  0x29,R30
                 ; 0000 005C OCR1BL=0x00;
000086 bde8      	OUT  0x28,R30
                 ; 0000 005D 
                 ; 0000 005E // Timer/Counter 2 initialization
                 ; 0000 005F // Clock source: System Clock
                 ; 0000 0060 // Clock value: Timer2 Stopped
                 ; 0000 0061 // Mode: Normal top=0xFF
                 ; 0000 0062 // OC2 output: Disconnected
                 ; 0000 0063 ASSR=0<<AS2;
000087 bde2      	OUT  0x22,R30
                 ; 0000 0064 TCCR2=(0<<PWM2) | (0<<COM21) | (0<<COM20) | (0<<CTC2) | (0<<CS22) | (0<<CS21) | (0<<CS20);
000088 bde5      	OUT  0x25,R30
                 ; 0000 0065 TCNT2=0x00;
000089 bde4      	OUT  0x24,R30
                 ; 0000 0066 OCR2=0x00;
00008a bde3      	OUT  0x23,R30
                 ; 0000 0067 
                 ; 0000 0068 // Timer(s)/Counter(s) Interrupt(s) initialization
                 ; 0000 0069 TIMSK=(0<<OCIE2) | (0<<TOIE2) | (0<<TICIE1) | (0<<OCIE1A) | (0<<OCIE1B) | (0<<TOIE1) | (0<<OCIE0) | (0<<TOIE0);
00008b bfe9      	OUT  0x39,R30
                 ; 0000 006A 
                 ; 0000 006B // External Interrupt(s) initialization
                 ; 0000 006C // INT0: Off
                 ; 0000 006D // INT1: Off
                 ; 0000 006E // INT2: Off
                 ; 0000 006F MCUCR=(0<<ISC11) | (0<<ISC10) | (0<<ISC01) | (0<<ISC00);
00008c bfe5      	OUT  0x35,R30
                 ; 0000 0070 MCUCSR=(0<<ISC2);
00008d bfe4      	OUT  0x34,R30
                 ; 0000 0071 
                 ; 0000 0072 // USART initialization
                 ; 0000 0073 // USART disabled
                 ; 0000 0074 UCSRB=(0<<RXCIE) | (0<<TXCIE) | (0<<UDRIE) | (0<<RXEN) | (0<<TXEN) | (0<<UCSZ2) | (0<<RXB8) | (0<<TXB8);
00008e b9ea      	OUT  0xA,R30
                 ; 0000 0075 
                 ; 0000 0076 // Analog Comparator initialization
                 ; 0000 0077 // Analog Comparator: Off
                 ; 0000 0078 // The Analog Comparator's positive input is
                 ; 0000 0079 // connected to the AIN0 pin
                 ; 0000 007A // The Analog Comparator's negative input is
                 ; 0000 007B // connected to the AIN1 pin
                 ; 0000 007C ACSR=(1<<ACD) | (0<<ACBG) | (0<<ACO) | (0<<ACI) | (0<<ACIE) | (0<<ACIC) | (0<<ACIS1) | (0<<ACIS0);
00008f e8e0      	LDI  R30,LOW(128)
000090 b9e8      	OUT  0x8,R30
                 ; 0000 007D SFIOR=(0<<ACME);
000091 e0e0      	LDI  R30,LOW(0)
000092 bfe0      	OUT  0x30,R30
                 ; 0000 007E 
                 ; 0000 007F // ADC initialization
                 ; 0000 0080 // ADC disabled
                 ; 0000 0081 ADCSRA=(0<<ADEN) | (0<<ADSC) | (0<<ADATE) | (0<<ADIF) | (0<<ADIE) | (0<<ADPS2) | (0<<ADPS1) | (0<<ADPS0);
000093 b9e6      	OUT  0x6,R30
                 ; 0000 0082 
                 ; 0000 0083 // SPI initialization
                 ; 0000 0084 // SPI disabled
                 ; 0000 0085 SPCR=(0<<SPIE) | (0<<SPE) | (0<<DORD) | (0<<MSTR) | (0<<CPOL) | (0<<CPHA) | (0<<SPR1) | (0<<SPR0);
000094 b9ed      	OUT  0xD,R30
                 ; 0000 0086 
                 ; 0000 0087 // TWI initialization
                 ; 0000 0088 // TWI disabled
                 ; 0000 0089 TWCR=(0<<TWEA) | (0<<TWSTA) | (0<<TWSTO) | (0<<TWEN) | (0<<TWIE);
000095 bfe6      	OUT  0x36,R30
                 ; 0000 008A 
                 ; 0000 008B // Alphanumeric LCD initialization
                 ; 0000 008C // Connections are specified in the
                 ; 0000 008D // Project|Configure|C Compiler|Libraries|Alphanumeric LCD menu:
                 ; 0000 008E // RS - PORTA Bit 0
                 ; 0000 008F // RD - PORTA Bit 1
                 ; 0000 0090 // EN - PORTA Bit 2
                 ; 0000 0091 // D4 - PORTA Bit 4
                 ; 0000 0092 // D5 - PORTA Bit 5
                 ; 0000 0093 // D6 - PORTA Bit 6
                 ; 0000 0094 // D7 - PORTA Bit 7
                 ; 0000 0095 // Characters/line: 16
                 ; 0000 0096 lcd_init(16);
000096 e1a0      	LDI  R26,LOW(16)
000097 940e 02b0 	CALL _lcd_init
                 ; 0000 0097 
                 ; 0000 0098 while (1){
                 _0x3:
                 ; 0000 0099       // Place your code here
                 ; 0000 009A 
                 ; 0000 009B       if(PIND.0==1){
000099 9b80      	SBIS 0x10,0
00009a c005      	RJMP _0x6
                 ; 0000 009C         lcd_clear();
00009b 940e 02f6 	CALL SUBOPT_0x0
                 ; 0000 009D         lcd_gotoxy(0,0);
                 ; 0000 009E         sprintf(lcd_buffer,"show :%d",pinon);
00009d 01f8      	MOVW R30,R16
00009e 940e 0305 	CALL SUBOPT_0x1
                 ; 0000 009F         lcd_puts(lcd_buffer);
                 ; 0000 00A0       }
                 ; 0000 00A1       if(PIND.0==0){
                 _0x6:
0000a0 9980      	SBIC 0x10,0
0000a1 c005      	RJMP _0x7
                 ; 0000 00A2         lcd_clear();
0000a2 940e 02f6 	CALL SUBOPT_0x0
                 ; 0000 00A3         lcd_gotoxy(0,0);
                 ; 0000 00A4         sprintf(lcd_buffer,"show :%d",pinoff);
0000a4 01f9      	MOVW R30,R18
0000a5 940e 0305 	CALL SUBOPT_0x1
                 ; 0000 00A5         lcd_puts(lcd_buffer);
                 ; 0000 00A6       }
                 ; 0000 00A7       }
                 _0x7:
0000a7 cff1      	RJMP _0x3
                 ; 0000 00A8 }
                 _0x8:
0000a8 cfff      	RJMP _0x8
                 ; .FEND
                 	#ifndef __SLEEP_DEFINED__
                 	#endif
                 
                 	.CSEG
                 _put_buff_G100:
                 ; .FSTART _put_buff_G100
0000a9 93ba      	ST   -Y,R27
0000aa 93aa      	ST   -Y,R26
0000ab 931a      	ST   -Y,R17
0000ac 930a      	ST   -Y,R16
0000ad 81aa      	LDD  R26,Y+2
0000ae 81bb      	LDD  R27,Y+2+1
0000af 9612      	ADIW R26,2
0000b0 940e 0360 	CALL __GETW1P
0000b2 9730      	SBIW R30,0
0000b3 f159      	BREQ _0x2000010
0000b4 81aa      	LDD  R26,Y+2
0000b5 81bb      	LDD  R27,Y+2+1
0000b6 9614      	ADIW R26,4
0000b7 940e 0360 	CALL __GETW1P
0000b9 018f      	MOVW R16,R30
0000ba 9730      	SBIW R30,0
0000bb f061      	BREQ _0x2000012
                +
0000bc 3002     +CPI R16 , LOW ( 2 )
0000bd e0e0     +LDI R30 , HIGH ( 2 )
0000be 071e     +CPC R17 , R30
                 	__CPWRN 16,17,2
0000bf f098      	BRLO _0x2000013
0000c0 01f8      	MOVW R30,R16
0000c1 9731      	SBIW R30,1
0000c2 018f      	MOVW R16,R30
                +
0000c3 81aa     +LDD R26 , Y + 2
0000c4 81bb     +LDD R27 , Y + 2 + 1
0000c5 9614     +ADIW R26 , 4
0000c6 93ed     +ST X + , R30
0000c7 93fc     +ST X , R31
                 	__PUTW1SNS 2,4
                 _0x2000012:
0000c8 81aa      	LDD  R26,Y+2
0000c9 81bb      	LDD  R27,Y+2+1
0000ca 9612      	ADIW R26,2
0000cb 91ed      	LD   R30,X+
0000cc 91fd      	LD   R31,X+
0000cd 9631      	ADIW R30,1
0000ce 93fe      	ST   -X,R31
0000cf 93ee      	ST   -X,R30
0000d0 9731      	SBIW R30,1
0000d1 81ac      	LDD  R26,Y+4
0000d2 83a0      	STD  Z+0,R26
                 _0x2000013:
0000d3 81aa      	LDD  R26,Y+2
0000d4 81bb      	LDD  R27,Y+2+1
0000d5 940e 0360 	CALL __GETW1P
0000d7 23ff      	TST  R31
0000d8 f02a      	BRMI _0x2000014
0000d9 91ed      	LD   R30,X+
0000da 91fd      	LD   R31,X+
0000db 9631      	ADIW R30,1
0000dc 93fe      	ST   -X,R31
0000dd 93ee      	ST   -X,R30
                 _0x2000014:
0000de c006      	RJMP _0x2000015
                 _0x2000010:
0000df 81aa      	LDD  R26,Y+2
0000e0 81bb      	LDD  R27,Y+2+1
0000e1 efef      	LDI  R30,LOW(65535)
0000e2 efff      	LDI  R31,HIGH(65535)
0000e3 93ed      	ST   X+,R30
0000e4 93fc      	ST   X,R31
                 _0x2000015:
0000e5 8119      	LDD  R17,Y+1
0000e6 8108      	LDD  R16,Y+0
0000e7 9625      	ADIW R28,5
0000e8 9508      	RET
                 ; .FEND
                 __print_G100:
                 ; .FSTART __print_G100
0000e9 93ba      	ST   -Y,R27
0000ea 93aa      	ST   -Y,R26
0000eb 9726      	SBIW R28,6
0000ec 940e 036d 	CALL __SAVELOCR6
0000ee e010      	LDI  R17,0
0000ef 85ac      	LDD  R26,Y+12
0000f0 85bd      	LDD  R27,Y+12+1
0000f1 e0e0      	LDI  R30,LOW(0)
0000f2 e0f0      	LDI  R31,HIGH(0)
0000f3 93ed      	ST   X+,R30
0000f4 93fc      	ST   X,R31
                 _0x2000016:
0000f5 89ea      	LDD  R30,Y+18
0000f6 89fb      	LDD  R31,Y+18+1
0000f7 9631      	ADIW R30,1
0000f8 8bea      	STD  Y+18,R30
0000f9 8bfb      	STD  Y+18+1,R31
0000fa 9731      	SBIW R30,1
0000fb 91e4      	LPM  R30,Z
0000fc 2f2e      	MOV  R18,R30
0000fd 30e0      	CPI  R30,0
0000fe f409      	BRNE PC+2
0000ff c115      	RJMP _0x2000018
000100 2fe1      	MOV  R30,R17
000101 30e0      	CPI  R30,0
000102 f439      	BRNE _0x200001C
000103 3225      	CPI  R18,37
000104 f411      	BRNE _0x200001D
000105 e011      	LDI  R17,LOW(1)
000106 c002      	RJMP _0x200001E
                 _0x200001D:
000107 940e 0310 	CALL SUBOPT_0x2
                 _0x200001E:
000109 c10a      	RJMP _0x200001B
                 _0x200001C:
00010a 30e1      	CPI  R30,LOW(0x1)
00010b f4a9      	BRNE _0x200001F
00010c 3225      	CPI  R18,37
00010d f419      	BRNE _0x2000020
00010e 940e 0310 	CALL SUBOPT_0x2
000110 c102      	RJMP _0x20000CC
                 _0x2000020:
000111 e012      	LDI  R17,LOW(2)
000112 e040      	LDI  R20,LOW(0)
000113 e000      	LDI  R16,LOW(0)
000114 322d      	CPI  R18,45
000115 f411      	BRNE _0x2000021
000116 e001      	LDI  R16,LOW(1)
000117 c0fc      	RJMP _0x200001B
                 _0x2000021:
000118 322b      	CPI  R18,43
000119 f411      	BRNE _0x2000022
00011a e24b      	LDI  R20,LOW(43)
00011b c0f8      	RJMP _0x200001B
                 _0x2000022:
00011c 3220      	CPI  R18,32
00011d f411      	BRNE _0x2000023
00011e e240      	LDI  R20,LOW(32)
00011f c0f4      	RJMP _0x200001B
                 _0x2000023:
000120 c002      	RJMP _0x2000024
                 _0x200001F:
000121 30e2      	CPI  R30,LOW(0x2)
000122 f439      	BRNE _0x2000025
                 _0x2000024:
000123 e050      	LDI  R21,LOW(0)
000124 e013      	LDI  R17,LOW(3)
000125 3320      	CPI  R18,48
000126 f411      	BRNE _0x2000026
000127 6800      	ORI  R16,LOW(128)
000128 c0eb      	RJMP _0x200001B
                 _0x2000026:
000129 c003      	RJMP _0x2000027
                 _0x2000025:
00012a 30e3      	CPI  R30,LOW(0x3)
00012b f009      	BREQ PC+2
00012c c0e7      	RJMP _0x200001B
                 _0x2000027:
00012d 3320      	CPI  R18,48
00012e f010      	BRLO _0x200002A
00012f 332a      	CPI  R18,58
000130 f008      	BRLO _0x200002B
                 _0x200002A:
000131 c007      	RJMP _0x2000029
                 _0x200002B:
000132 e0aa      	LDI  R26,LOW(10)
000133 9f5a      	MUL  R21,R26
000134 2d50      	MOV  R21,R0
000135 2fe2      	MOV  R30,R18
000136 53e0      	SUBI R30,LOW(48)
000137 0f5e      	ADD  R21,R30
000138 c0db      	RJMP _0x200001B
                 _0x2000029:
000139 2fe2      	MOV  R30,R18
00013a 36e3      	CPI  R30,LOW(0x63)
00013b f449      	BRNE _0x200002F
00013c 940e 0317 	CALL SUBOPT_0x3
00013e 89e8      	LDD  R30,Y+16
00013f 89f9      	LDD  R31,Y+16+1
000140 81a4      	LDD  R26,Z+4
000141 93aa      	ST   -Y,R26
000142 940e 031d 	CALL SUBOPT_0x4
000144 c0ce      	RJMP _0x2000030
                 _0x200002F:
000145 37e3      	CPI  R30,LOW(0x73)
000146 f441      	BRNE _0x2000032
000147 940e 0317 	CALL SUBOPT_0x3
000149 940e 0323 	CALL SUBOPT_0x5
00014b 940e 02dd 	CALL _strlen
00014d 2f1e      	MOV  R17,R30
00014e c00a      	RJMP _0x2000033
                 _0x2000032:
00014f 37e0      	CPI  R30,LOW(0x70)
000150 f461      	BRNE _0x2000035
000151 940e 0317 	CALL SUBOPT_0x3
000153 940e 0323 	CALL SUBOPT_0x5
000155 940e 02e9 	CALL _strlenf
000157 2f1e      	MOV  R17,R30
000158 6008      	ORI  R16,LOW(8)
                 _0x2000033:
000159 6002      	ORI  R16,LOW(2)
00015a 770f      	ANDI R16,LOW(127)
00015b e030      	LDI  R19,LOW(0)
00015c c034      	RJMP _0x2000036
                 _0x2000035:
00015d 36e4      	CPI  R30,LOW(0x64)
00015e f011      	BREQ _0x2000039
00015f 36e9      	CPI  R30,LOW(0x69)
000160 f411      	BRNE _0x200003A
                 _0x2000039:
000161 6004      	ORI  R16,LOW(4)
000162 c002      	RJMP _0x200003B
                 _0x200003A:
000163 37e5      	CPI  R30,LOW(0x75)
000164 f431      	BRNE _0x200003C
                 _0x200003B:
000165 e5e4      	LDI  R30,LOW(_tbl10_G100*2)
000166 e0f0      	LDI  R31,HIGH(_tbl10_G100*2)
000167 83ee      	STD  Y+6,R30
000168 83ff      	STD  Y+6+1,R31
000169 e015      	LDI  R17,LOW(5)
00016a c00c      	RJMP _0x200003D
                 _0x200003C:
00016b 35e8      	CPI  R30,LOW(0x58)
00016c f411      	BRNE _0x200003F
00016d 6008      	ORI  R16,LOW(8)
00016e c003      	RJMP _0x2000040
                 _0x200003F:
00016f 37e8      	CPI  R30,LOW(0x78)
000170 f009      	BREQ PC+2
000171 c0a1      	RJMP _0x2000071
                 _0x2000040:
000172 e5ee      	LDI  R30,LOW(_tbl16_G100*2)
000173 e0f0      	LDI  R31,HIGH(_tbl16_G100*2)
000174 83ee      	STD  Y+6,R30
000175 83ff      	STD  Y+6+1,R31
000176 e014      	LDI  R17,LOW(4)
                 _0x200003D:
000177 ff02      	SBRS R16,2
000178 c014      	RJMP _0x2000042
000179 940e 0317 	CALL SUBOPT_0x3
00017b 940e 032d 	CALL SUBOPT_0x6
00017d 85ab      	LDD  R26,Y+11
00017e 23aa      	TST  R26
00017f f43a      	BRPL _0x2000043
000180 85ea      	LDD  R30,Y+10
000181 85fb      	LDD  R31,Y+10+1
000182 940e 0357 	CALL __ANEGW1
000184 87ea      	STD  Y+10,R30
000185 87fb      	STD  Y+10+1,R31
000186 e24d      	LDI  R20,LOW(45)
                 _0x2000043:
000187 3040      	CPI  R20,0
000188 f011      	BREQ _0x2000044
000189 5f1f      	SUBI R17,-LOW(1)
00018a c001      	RJMP _0x2000045
                 _0x2000044:
00018b 7f0b      	ANDI R16,LOW(251)
                 _0x2000045:
00018c c004      	RJMP _0x2000046
                 _0x2000042:
00018d 940e 0317 	CALL SUBOPT_0x3
00018f 940e 032d 	CALL SUBOPT_0x6
                 _0x2000046:
                 _0x2000036:
000191 fd00      	SBRC R16,0
000192 c011      	RJMP _0x2000047
                 _0x2000048:
000193 1715      	CP   R17,R21
000194 f478      	BRSH _0x200004A
000195 ff07      	SBRS R16,7
000196 c008      	RJMP _0x200004B
000197 ff02      	SBRS R16,2
000198 c004      	RJMP _0x200004C
000199 7f0b      	ANDI R16,LOW(251)
00019a 2f24      	MOV  R18,R20
00019b 5011      	SUBI R17,LOW(1)
00019c c001      	RJMP _0x200004D
                 _0x200004C:
00019d e320      	LDI  R18,LOW(48)
                 _0x200004D:
00019e c001      	RJMP _0x200004E
                 _0x200004B:
00019f e220      	LDI  R18,LOW(32)
                 _0x200004E:
0001a0 940e 0310 	CALL SUBOPT_0x2
0001a2 5051      	SUBI R21,LOW(1)
0001a3 cfef      	RJMP _0x2000048
                 _0x200004A:
                 _0x2000047:
0001a4 2f31      	MOV  R19,R17
0001a5 ff01      	SBRS R16,1
0001a6 c017      	RJMP _0x200004F
                 _0x2000050:
0001a7 3030      	CPI  R19,0
0001a8 f0a1      	BREQ _0x2000052
0001a9 ff03      	SBRS R16,3
0001aa c006      	RJMP _0x2000053
0001ab 81ee      	LDD  R30,Y+6
0001ac 81ff      	LDD  R31,Y+6+1
0001ad 9125      	LPM  R18,Z+
0001ae 83ee      	STD  Y+6,R30
0001af 83ff      	STD  Y+6+1,R31
0001b0 c005      	RJMP _0x2000054
                 _0x2000053:
0001b1 81ae      	LDD  R26,Y+6
0001b2 81bf      	LDD  R27,Y+6+1
0001b3 912d      	LD   R18,X+
0001b4 83ae      	STD  Y+6,R26
0001b5 83bf      	STD  Y+6+1,R27
                 _0x2000054:
0001b6 940e 0310 	CALL SUBOPT_0x2
0001b8 3050      	CPI  R21,0
0001b9 f009      	BREQ _0x2000055
0001ba 5051      	SUBI R21,LOW(1)
                 _0x2000055:
0001bb 5031      	SUBI R19,LOW(1)
0001bc cfea      	RJMP _0x2000050
                 _0x2000052:
0001bd c04b      	RJMP _0x2000056
                 _0x200004F:
                 _0x2000058:
0001be e320      	LDI  R18,LOW(48)
0001bf 81ee      	LDD  R30,Y+6
0001c0 81ff      	LDD  R31,Y+6+1
0001c1 940e 0364 	CALL __GETW1PF
0001c3 87e8      	STD  Y+8,R30
0001c4 87f9      	STD  Y+8+1,R31
0001c5 81ee      	LDD  R30,Y+6
0001c6 81ff      	LDD  R31,Y+6+1
0001c7 9632      	ADIW R30,2
0001c8 83ee      	STD  Y+6,R30
0001c9 83ff      	STD  Y+6+1,R31
                 _0x200005A:
0001ca 85e8      	LDD  R30,Y+8
0001cb 85f9      	LDD  R31,Y+8+1
0001cc 85aa      	LDD  R26,Y+10
0001cd 85bb      	LDD  R27,Y+10+1
0001ce 17ae      	CP   R26,R30
0001cf 07bf      	CPC  R27,R31
0001d0 f050      	BRLO _0x200005C
0001d1 5f2f      	SUBI R18,-LOW(1)
0001d2 85a8      	LDD  R26,Y+8
0001d3 85b9      	LDD  R27,Y+8+1
0001d4 85ea      	LDD  R30,Y+10
0001d5 85fb      	LDD  R31,Y+10+1
0001d6 1bea      	SUB  R30,R26
0001d7 0bfb      	SBC  R31,R27
0001d8 87ea      	STD  Y+10,R30
0001d9 87fb      	STD  Y+10+1,R31
0001da cfef      	RJMP _0x200005A
                 _0x200005C:
0001db 332a      	CPI  R18,58
0001dc f028      	BRLO _0x200005D
0001dd ff03      	SBRS R16,3
0001de c002      	RJMP _0x200005E
0001df 5f29      	SUBI R18,-LOW(7)
0001e0 c001      	RJMP _0x200005F
                 _0x200005E:
0001e1 5d29      	SUBI R18,-LOW(39)
                 _0x200005F:
                 _0x200005D:
0001e2 fd04      	SBRC R16,4
0001e3 c01a      	RJMP _0x2000061
0001e4 3321      	CPI  R18,49
0001e5 f420      	BRSH _0x2000063
0001e6 85a8      	LDD  R26,Y+8
0001e7 85b9      	LDD  R27,Y+8+1
0001e8 9711      	SBIW R26,1
0001e9 f409      	BRNE _0x2000062
                 _0x2000063:
0001ea c009      	RJMP _0x20000CD
                 _0x2000062:
0001eb 1753      	CP   R21,R19
0001ec f010      	BRLO _0x2000067
0001ed ff00      	SBRS R16,0
0001ee c001      	RJMP _0x2000068
                 _0x2000067:
0001ef c013      	RJMP _0x2000066
                 _0x2000068:
0001f0 e220      	LDI  R18,LOW(32)
0001f1 ff07      	SBRS R16,7
0001f2 c00b      	RJMP _0x2000069
0001f3 e320      	LDI  R18,LOW(48)
                 _0x20000CD:
0001f4 6100      	ORI  R16,LOW(16)
0001f5 ff02      	SBRS R16,2
0001f6 c007      	RJMP _0x200006A
0001f7 7f0b      	ANDI R16,LOW(251)
0001f8 934a      	ST   -Y,R20
0001f9 940e 031d 	CALL SUBOPT_0x4
0001fb 3050      	CPI  R21,0
0001fc f009      	BREQ _0x200006B
0001fd 5051      	SUBI R21,LOW(1)
                 _0x200006B:
                 _0x200006A:
                 _0x2000069:
                 _0x2000061:
0001fe 940e 0310 	CALL SUBOPT_0x2
000200 3050      	CPI  R21,0
000201 f009      	BREQ _0x200006C
000202 5051      	SUBI R21,LOW(1)
                 _0x200006C:
                 _0x2000066:
000203 5031      	SUBI R19,LOW(1)
000204 85a8      	LDD  R26,Y+8
000205 85b9      	LDD  R27,Y+8+1
000206 9712      	SBIW R26,2
000207 f008      	BRLO _0x2000059
000208 cfb5      	RJMP _0x2000058
                 _0x2000059:
                 _0x2000056:
000209 ff00      	SBRS R16,0
00020a c008      	RJMP _0x200006D
                 _0x200006E:
00020b 3050      	CPI  R21,0
00020c f031      	BREQ _0x2000070
00020d 5051      	SUBI R21,LOW(1)
00020e e2e0      	LDI  R30,LOW(32)
00020f 93ea      	ST   -Y,R30
000210 940e 031d 	CALL SUBOPT_0x4
000212 cff8      	RJMP _0x200006E
                 _0x2000070:
                 _0x200006D:
                 _0x2000071:
                 _0x2000030:
                 _0x20000CC:
000213 e010      	LDI  R17,LOW(0)
                 _0x200001B:
000214 cee0      	RJMP _0x2000016
                 _0x2000018:
000215 85ac      	LDD  R26,Y+12
000216 85bd      	LDD  R27,Y+12+1
000217 940e 0360 	CALL __GETW1P
000219 940e 0374 	CALL __LOADLOCR6
00021b 9664      	ADIW R28,20
00021c 9508      	RET
                 ; .FEND
                 _sprintf:
                 ; .FSTART _sprintf
00021d 92ff      	PUSH R15
00021e 2ef8      	MOV  R15,R24
00021f 9726      	SBIW R28,6
000220 940e 036f 	CALL __SAVELOCR4
000222 940e 0335 	CALL SUBOPT_0x7
000224 9730      	SBIW R30,0
000225 f419      	BRNE _0x2000072
000226 efef      	LDI  R30,LOW(65535)
000227 efff      	LDI  R31,HIGH(65535)
000228 c023      	RJMP _0x2080002
                 _0x2000072:
000229 01de      	MOVW R26,R28
00022a 9616      	ADIW R26,6
00022b 940e 0353 	CALL __ADDW2R15
00022d 018d      	MOVW R16,R26
00022e 940e 0335 	CALL SUBOPT_0x7
000230 83ee      	STD  Y+6,R30
000231 83ff      	STD  Y+6+1,R31
000232 e0e0      	LDI  R30,LOW(0)
000233 87e8      	STD  Y+8,R30
000234 87e9      	STD  Y+8+1,R30
000235 01de      	MOVW R26,R28
000236 961a      	ADIW R26,10
000237 940e 0353 	CALL __ADDW2R15
000239 940e 0360 	CALL __GETW1P
00023b 93fa      	ST   -Y,R31
00023c 93ea      	ST   -Y,R30
00023d 931a      	ST   -Y,R17
00023e 930a      	ST   -Y,R16
00023f eae9      	LDI  R30,LOW(_put_buff_G100)
000240 e0f0      	LDI  R31,HIGH(_put_buff_G100)
000241 93fa      	ST   -Y,R31
000242 93ea      	ST   -Y,R30
000243 01de      	MOVW R26,R28
000244 961a      	ADIW R26,10
000245 dea3      	RCALL __print_G100
000246 019f      	MOVW R18,R30
000247 81ae      	LDD  R26,Y+6
000248 81bf      	LDD  R27,Y+6+1
000249 e0e0      	LDI  R30,LOW(0)
00024a 93ec      	ST   X,R30
00024b 01f9      	MOVW R30,R18
                 _0x2080002:
00024c 940e 0376 	CALL __LOADLOCR4
00024e 962a      	ADIW R28,10
00024f 90ff      	POP  R15
000250 9508      	RET
                 ; .FEND
                 	#ifndef __SLEEP_DEFINED__
                 	#endif
                 
                 	.DSEG
                 
                 	.CSEG
                 __lcd_write_nibble_G101:
                 ; .FSTART __lcd_write_nibble_G101
000251 93aa      	ST   -Y,R26
000252 b3eb      	IN   R30,0x1B
000253 70ef      	ANDI R30,LOW(0xF)
000254 2fae      	MOV  R26,R30
000255 81e8      	LD   R30,Y
000256 7fe0      	ANDI R30,LOW(0xF0)
000257 2bea      	OR   R30,R26
000258 bbeb      	OUT  0x1B,R30
                +
000259 e082     +LDI R24 , LOW ( 2 )
                +__DELAY_USB_LOOP :
00025a 958a     +DEC R24
00025b f7f1     +BRNE __DELAY_USB_LOOP
                 	__DELAY_USB 2
00025c 9ada      	SBI  0x1B,2
                +
00025d e082     +LDI R24 , LOW ( 2 )
                +__DELAY_USB_LOOP :
00025e 958a     +DEC R24
00025f f7f1     +BRNE __DELAY_USB_LOOP
                 	__DELAY_USB 2
000260 98da      	CBI  0x1B,2
                +
000261 e082     +LDI R24 , LOW ( 2 )
                +__DELAY_USB_LOOP :
000262 958a     +DEC R24
000263 f7f1     +BRNE __DELAY_USB_LOOP
                 	__DELAY_USB 2
000264 c076      	RJMP _0x2080001
                 ; .FEND
                 __lcd_write_data:
                 ; .FSTART __lcd_write_data
000265 93aa      	ST   -Y,R26
000266 81a8      	LD   R26,Y
000267 dfe9      	RCALL __lcd_write_nibble_G101
000268 81e8          ld    r30,y
000269 95e2          swap  r30
00026a 83e8          st    y,r30
00026b 81a8      	LD   R26,Y
00026c dfe4      	RCALL __lcd_write_nibble_G101
                +
00026d e181     +LDI R24 , LOW ( 17 )
                +__DELAY_USB_LOOP :
00026e 958a     +DEC R24
00026f f7f1     +BRNE __DELAY_USB_LOOP
                 	__DELAY_USB 17
000270 c06a      	RJMP _0x2080001
                 ; .FEND
                 _lcd_gotoxy:
                 ; .FSTART _lcd_gotoxy
000271 93aa      	ST   -Y,R26
000272 81e8      	LD   R30,Y
000273 e0f0      	LDI  R31,0
000274 5ae0      	SUBI R30,LOW(-__base_y_G101)
000275 4ffd      	SBCI R31,HIGH(-__base_y_G101)
000276 81e0      	LD   R30,Z
000277 81a9      	LDD  R26,Y+1
000278 0fae      	ADD  R26,R30
000279 dfeb      	RCALL __lcd_write_data
00027a 8059      	LDD  R5,Y+1
00027b 8048      	LDD  R4,Y+0
00027c 9622      	ADIW R28,2
00027d 9508      	RET
                 ; .FEND
                 _lcd_clear:
                 ; .FSTART _lcd_clear
00027e e0a2      	LDI  R26,LOW(2)
00027f 940e 033c 	CALL SUBOPT_0x8
000281 e0ac      	LDI  R26,LOW(12)
000282 dfe2      	RCALL __lcd_write_data
000283 e0a1      	LDI  R26,LOW(1)
000284 940e 033c 	CALL SUBOPT_0x8
000286 e0e0      	LDI  R30,LOW(0)
000287 2e4e      	MOV  R4,R30
000288 2e5e      	MOV  R5,R30
000289 9508      	RET
                 ; .FEND
                 _lcd_putchar:
                 ; .FSTART _lcd_putchar
00028a 93aa      	ST   -Y,R26
00028b 81a8      	LD   R26,Y
00028c 30aa      	CPI  R26,LOW(0xA)
00028d f011      	BREQ _0x2020005
00028e 1457      	CP   R5,R7
00028f f048      	BRLO _0x2020004
                 _0x2020005:
000290 e0e0      	LDI  R30,LOW(0)
000291 93ea      	ST   -Y,R30
000292 9443      	INC  R4
000293 2da4      	MOV  R26,R4
000294 dfdc      	RCALL _lcd_gotoxy
000295 81a8      	LD   R26,Y
000296 30aa      	CPI  R26,LOW(0xA)
000297 f409      	BRNE _0x2020007
000298 c042      	RJMP _0x2080001
                 _0x2020007:
                 _0x2020004:
000299 9453      	INC  R5
00029a 9ad8      	SBI  0x1B,0
00029b 81a8      	LD   R26,Y
00029c dfc8      	RCALL __lcd_write_data
00029d 98d8      	CBI  0x1B,0
00029e c03c      	RJMP _0x2080001
                 ; .FEND
                 _lcd_puts:
                 ; .FSTART _lcd_puts
00029f 93ba      	ST   -Y,R27
0002a0 93aa      	ST   -Y,R26
0002a1 931a      	ST   -Y,R17
                 _0x2020008:
0002a2 81a9      	LDD  R26,Y+1
0002a3 81ba      	LDD  R27,Y+1+1
0002a4 91ed      	LD   R30,X+
0002a5 83a9      	STD  Y+1,R26
0002a6 83ba      	STD  Y+1+1,R27
0002a7 2f1e      	MOV  R17,R30
0002a8 30e0      	CPI  R30,0
0002a9 f019      	BREQ _0x202000A
0002aa 2fa1      	MOV  R26,R17
0002ab dfde      	RCALL _lcd_putchar
0002ac cff5      	RJMP _0x2020008
                 _0x202000A:
0002ad 8118      	LDD  R17,Y+0
0002ae 9623      	ADIW R28,3
0002af 9508      	RET
                 ; .FEND
                 _lcd_init:
                 ; .FSTART _lcd_init
0002b0 93aa      	ST   -Y,R26
0002b1 b3ea      	IN   R30,0x1A
0002b2 6fe0      	ORI  R30,LOW(0xF0)
0002b3 bbea      	OUT  0x1A,R30
0002b4 9ad2      	SBI  0x1A,2
0002b5 9ad0      	SBI  0x1A,0
0002b6 9ad1      	SBI  0x1A,1
0002b7 98da      	CBI  0x1B,2
0002b8 98d8      	CBI  0x1B,0
0002b9 98d9      	CBI  0x1B,1
0002ba 8078      	LDD  R7,Y+0
0002bb 81e8      	LD   R30,Y
0002bc 58e0      	SUBI R30,-LOW(128)
                +
0002bd 93e0 0262+STS __base_y_G101 + ( 2 ) , R30
                 	__PUTB1MN __base_y_G101,2
0002bf 81e8      	LD   R30,Y
0002c0 54e0      	SUBI R30,-LOW(192)
                +
0002c1 93e0 0263+STS __base_y_G101 + ( 3 ) , R30
                 	__PUTB1MN __base_y_G101,3
0002c3 e1a4      	LDI  R26,LOW(20)
0002c4 e0b0      	LDI  R27,0
0002c5 940e 0349 	CALL _delay_ms
0002c7 940e 0342 	CALL SUBOPT_0x9
0002c9 940e 0342 	CALL SUBOPT_0x9
0002cb 940e 0342 	CALL SUBOPT_0x9
0002cd e2a0      	LDI  R26,LOW(32)
0002ce df82      	RCALL __lcd_write_nibble_G101
                +
0002cf e281     +LDI R24 , LOW ( 33 )
                +__DELAY_USB_LOOP :
0002d0 958a     +DEC R24
0002d1 f7f1     +BRNE __DELAY_USB_LOOP
                 	__DELAY_USB 33
0002d2 e2a8      	LDI  R26,LOW(40)
0002d3 df91      	RCALL __lcd_write_data
0002d4 e0a4      	LDI  R26,LOW(4)
0002d5 df8f      	RCALL __lcd_write_data
0002d6 e8a5      	LDI  R26,LOW(133)
0002d7 df8d      	RCALL __lcd_write_data
0002d8 e0a6      	LDI  R26,LOW(6)
0002d9 df8b      	RCALL __lcd_write_data
0002da dfa3      	RCALL _lcd_clear
                 _0x2080001:
0002db 9621      	ADIW R28,1
0002dc 9508      	RET
                 ; .FEND
                 
                 	.CSEG
                 
                 	.CSEG
                 _strlen:
                 ; .FSTART _strlen
0002dd 93ba      	ST   -Y,R27
0002de 93aa      	ST   -Y,R26
0002df 91a9          ld   r26,y+
0002e0 91b9          ld   r27,y+
0002e1 27ee          clr  r30
0002e2 27ff          clr  r31
                 strlen0:
0002e3 916d          ld   r22,x+
0002e4 2366          tst  r22
0002e5 f011          breq strlen1
0002e6 9631          adiw r30,1
0002e7 cffb          rjmp strlen0
                 strlen1:
0002e8 9508          ret
                 ; .FEND
                 _strlenf:
                 ; .FSTART _strlenf
0002e9 93ba      	ST   -Y,R27
0002ea 93aa      	ST   -Y,R26
0002eb 27aa          clr  r26
0002ec 27bb          clr  r27
0002ed 91e9          ld   r30,y+
0002ee 91f9          ld   r31,y+
                 strlenf0:
0002ef 9005      	lpm  r0,z+
0002f0 2000          tst  r0
0002f1 f011          breq strlenf1
0002f2 9611          adiw r26,1
0002f3 cffb          rjmp strlenf0
                 strlenf1:
0002f4 01fd          movw r30,r26
0002f5 9508          ret
                 ; .FEND
                 
                 	.DSEG
                 __base_y_G101:
000260           	.BYTE 0x4
                 
                 	.CSEG
                 ;OPTIMIZER ADDED SUBROUTINE, CALLED 2 TIMES, CODE SIZE REDUCTION:10 WORDS
                 SUBOPT_0x0:
0002f6 940e 027e 	CALL _lcd_clear
0002f8 e0e0      	LDI  R30,LOW(0)
0002f9 93ea      	ST   -Y,R30
0002fa e0a0      	LDI  R26,LOW(0)
0002fb 940e 0271 	CALL _lcd_gotoxy
0002fd 01fe      	MOVW R30,R28
0002fe 93fa      	ST   -Y,R31
0002ff 93ea      	ST   -Y,R30
                +
000300 e6e6     +LDI R30 , LOW ( 2 * _0x0 + ( 0 ) )
000301 e0f0     +LDI R31 , HIGH ( 2 * _0x0 + ( 0 ) )
                 	__POINTW1FN _0x0,0
000302 93fa      	ST   -Y,R31
000303 93ea      	ST   -Y,R30
000304 9508      	RET
                 
                 ;OPTIMIZER ADDED SUBROUTINE, CALLED 2 TIMES, CODE SIZE REDUCTION:7 WORDS
                 SUBOPT_0x1:
000305 940e 035b 	CALL __CWD1
000307 940e 0368 	CALL __PUTPARD1
000309 e084      	LDI  R24,4
00030a 940e 021d 	CALL _sprintf
00030c 9628      	ADIW R28,8
00030d 01de      	MOVW R26,R28
00030e 940c 029f 	JMP  _lcd_puts
                 
                 ;OPTIMIZER ADDED SUBROUTINE, CALLED 5 TIMES, CODE SIZE REDUCTION:13 WORDS
                 SUBOPT_0x2:
000310 932a      	ST   -Y,R18
000311 85ad      	LDD  R26,Y+13
000312 85be      	LDD  R27,Y+13+1
000313 85ef      	LDD  R30,Y+15
000314 89f8      	LDD  R31,Y+15+1
000315 9509      	ICALL
000316 9508      	RET
                 
                 ;OPTIMIZER ADDED SUBROUTINE, CALLED 5 TIMES, CODE SIZE REDUCTION:9 WORDS
                 SUBOPT_0x3:
000317 89e8      	LDD  R30,Y+16
000318 89f9      	LDD  R31,Y+16+1
000319 9734      	SBIW R30,4
00031a 8be8      	STD  Y+16,R30
00031b 8bf9      	STD  Y+16+1,R31
00031c 9508      	RET
                 
                 ;OPTIMIZER ADDED SUBROUTINE, CALLED 3 TIMES, CODE SIZE REDUCTION:3 WORDS
                 SUBOPT_0x4:
00031d 85ad      	LDD  R26,Y+13
00031e 85be      	LDD  R27,Y+13+1
00031f 85ef      	LDD  R30,Y+15
000320 89f8      	LDD  R31,Y+15+1
000321 9509      	ICALL
000322 9508      	RET
                 
                 ;OPTIMIZER ADDED SUBROUTINE, CALLED 2 TIMES, CODE SIZE REDUCTION:4 WORDS
                 SUBOPT_0x5:
000323 89a8      	LDD  R26,Y+16
000324 89b9      	LDD  R27,Y+16+1
000325 9614      	ADIW R26,4
000326 940e 0360 	CALL __GETW1P
000328 83ee      	STD  Y+6,R30
000329 83ff      	STD  Y+6+1,R31
00032a 81ae      	LDD  R26,Y+6
00032b 81bf      	LDD  R27,Y+6+1
00032c 9508      	RET
                 
                 ;OPTIMIZER ADDED SUBROUTINE, CALLED 2 TIMES, CODE SIZE REDUCTION:2 WORDS
                 SUBOPT_0x6:
00032d 89a8      	LDD  R26,Y+16
00032e 89b9      	LDD  R27,Y+16+1
00032f 9614      	ADIW R26,4
000330 940e 0360 	CALL __GETW1P
000332 87ea      	STD  Y+10,R30
000333 87fb      	STD  Y+10+1,R31
000334 9508      	RET
                 
                 ;OPTIMIZER ADDED SUBROUTINE, CALLED 2 TIMES, CODE SIZE REDUCTION:1 WORDS
                 SUBOPT_0x7:
000335 01de      	MOVW R26,R28
000336 961c      	ADIW R26,12
000337 940e 0353 	CALL __ADDW2R15
000339 940e 0360 	CALL __GETW1P
00033b 9508      	RET
                 
                 ;OPTIMIZER ADDED SUBROUTINE, CALLED 2 TIMES, CODE SIZE REDUCTION:1 WORDS
                 SUBOPT_0x8:
00033c 940e 0265 	CALL __lcd_write_data
00033e e0a3      	LDI  R26,LOW(3)
00033f e0b0      	LDI  R27,0
000340 940c 0349 	JMP  _delay_ms
                 
                 ;OPTIMIZER ADDED SUBROUTINE, CALLED 3 TIMES, CODE SIZE REDUCTION:5 WORDS
                 SUBOPT_0x9:
000342 e3a0      	LDI  R26,LOW(48)
000343 940e 0251 	CALL __lcd_write_nibble_G101
                +
000345 e281     +LDI R24 , LOW ( 33 )
                +__DELAY_USB_LOOP :
000346 958a     +DEC R24
000347 f7f1     +BRNE __DELAY_USB_LOOP
                 	__DELAY_USB 33
000348 9508      	RET
                 
                 
                 	.CSEG
                 _delay_ms:
000349 9610      	adiw r26,0
00034a f039      	breq __delay_ms1
                 __delay_ms0:
00034b 95a8      	wdr
                +
00034c ef8a     +LDI R24 , LOW ( 0xFA )
00034d e090     +LDI R25 , HIGH ( 0xFA )
                +__DELAY_USW_LOOP :
00034e 9701     +SBIW R24 , 1
00034f f7f1     +BRNE __DELAY_USW_LOOP
                 	__DELAY_USW 0xFA
000350 9711      	sbiw r26,1
000351 f7c9      	brne __delay_ms0
                 __delay_ms1:
000352 9508      	ret
                 
                 __ADDW2R15:
000353 2400      	CLR  R0
000354 0daf      	ADD  R26,R15
000355 1db0      	ADC  R27,R0
000356 9508      	RET
                 
                 __ANEGW1:
000357 95f1      	NEG  R31
000358 95e1      	NEG  R30
000359 40f0      	SBCI R31,0
00035a 9508      	RET
                 
                 __CWD1:
00035b 2f6f      	MOV  R22,R31
00035c 0f66      	ADD  R22,R22
00035d 0b66      	SBC  R22,R22
00035e 2f76      	MOV  R23,R22
00035f 9508      	RET
                 
                 __GETW1P:
000360 91ed      	LD   R30,X+
000361 91fc      	LD   R31,X
000362 9711      	SBIW R26,1
000363 9508      	RET
                 
                 __GETW1PF:
000364 9005      	LPM  R0,Z+
000365 91f4      	LPM  R31,Z
000366 2de0      	MOV  R30,R0
000367 9508      	RET
                 
                 __PUTPARD1:
000368 937a      	ST   -Y,R23
000369 936a      	ST   -Y,R22
00036a 93fa      	ST   -Y,R31
00036b 93ea      	ST   -Y,R30
00036c 9508      	RET
                 
                 __SAVELOCR6:
00036d 935a      	ST   -Y,R21
                 __SAVELOCR5:
00036e 934a      	ST   -Y,R20
                 __SAVELOCR4:
00036f 933a      	ST   -Y,R19
                 __SAVELOCR3:
000370 932a      	ST   -Y,R18
                 __SAVELOCR2:
000371 931a      	ST   -Y,R17
000372 930a      	ST   -Y,R16
000373 9508      	RET
                 
                 __LOADLOCR6:
000374 815d      	LDD  R21,Y+5
                 __LOADLOCR5:
000375 814c      	LDD  R20,Y+4
                 __LOADLOCR4:
000376 813b      	LDD  R19,Y+3
                 __LOADLOCR3:
000377 812a      	LDD  R18,Y+2
                 __LOADLOCR2:
000378 8119      	LDD  R17,Y+1
000379 8108      	LD   R16,Y
00037a 9508      	RET
                 
                 ;END OF CODE MARKER
                 __END_OF_CODE:


RESOURCE USE INFORMATION
------------------------

Notice:
The register and instruction counts are symbol table hit counts,
and hence implicitly used resources are not counted, eg, the
'lpm' instruction without operands implicitly uses r0 and z,
none of which are counted.

x,y,z are separate entities in the symbol table and are
counted separately from r26..r31 here.

.dseg memory usage only counts static data declared with .byte

ATmega32 register use summary:
r0 :  11 r1 :   1 r2 :   0 r3 :   0 r4 :   4 r5 :   4 r6 :   0 r7 :   2 
r8 :   0 r9 :   0 r10:   0 r11:   0 r12:   0 r13:   0 r14:   0 r15:   4 
r16:  36 r17:  25 r18:  31 r19:   9 r20:   9 r21:  17 r22:  11 r23:   2 
r24:  23 r25:   3 r26:  97 r27:  36 r28:  17 r29:   1 r30: 187 r31:  57 
x  :  23 y  : 166 z  :  15 
Registers used: 25 out of 35 (71.4%)

ATmega32 instruction use summary:
.lds  :   0 .lds.l:   0 .sts  :   0 .sts.l:   0 adc   :   1 add   :   4 
adiw  :  24 and   :   0 andi  :   6 asr   :   0 bclr  :   0 bld   :   0 
brbc  :   0 brbs  :   0 brcc  :   0 brcs  :   0 break :   0 breq  :  17 
brge  :   0 brhc  :   0 brhs  :   0 brid  :   0 brie  :   0 brlo  :   8 
brlt  :   0 brmi  :   1 brne  :  30 brpl  :   1 brsh  :   2 brtc  :   0 
brts  :   0 brvc  :   0 brvs  :   0 bset  :   0 bst   :   0 call  :  56 
cbi   :   5 cbr   :   0 clc   :   0 clh   :   0 cli   :   1 cln   :   0 
clr   :   7 cls   :   0 clt   :   0 clv   :   0 clz   :   0 com   :   0 
cp    :   4 cpc   :   2 cpi   :  33 cpse  :   0 dec   :   7 des   :   0 
eor   :   0 fmul  :   0 fmuls :   0 fmulsu:   0 icall :   2 ijmp  :   0 
in    :   2 inc   :   2 jmp   :  24 ld    :  25 ldd   :  77 ldi   :  88 
lds   :   0 lpm   :  14 lsl   :   0 lsr   :   0 mov   :  19 movw  :  18 
mul   :   1 muls  :   0 mulsu :   0 neg   :   2 nop   :   0 or    :   1 
ori   :   7 out   :  42 pop   :   1 push  :   1 rcall :  14 ret   :  26 
reti  :   0 rjmp  :  61 rol   :   0 ror   :   0 sbc   :   2 sbci  :   2 
sbi   :   5 sbic  :   1 sbis  :   1 sbiw  :  18 sbr   :   0 sbrc  :   2 
sbrs  :  10 sec   :   0 seh   :   0 sei   :   0 sen   :   0 ser   :   0 
ses   :   0 set   :   0 sev   :   0 sez   :   0 sleep :   0 spm   :   0 
st    :  59 std   :  31 sts   :   2 sub   :   1 subi  :  16 swap  :   1 
tst   :   4 wdr   :   1 
Instructions used: 54 out of 116 (46.6%)

ATmega32 memory use summary [bytes]:
Segment   Begin    End      Code   Data   Used    Size   Use%
---------------------------------------------------------------
[.cseg] 0x000000 0x0006f6   1744     38   1782   32768   5.4%
[.dseg] 0x000060 0x000264      0      4      4    2048   0.2%
[.eseg] 0x000000 0x000000      0      0      0    1024   0.0%

Assembly complete, 0 errors, 4 warnings
