
AVRASM ver. 2.1.30  C:\Users\Alpha\Desktop\Az_Micro\3-9531282\part5\codvisionPart5\Debug\List\a.asm Sun Aug 09 18:57:59 2020

C:\Users\Alpha\Desktop\Az_Micro\3-9531282\part5\codvisionPart5\Debug\List\a.asm(1088): warning: Register r4 already defined by the .DEF directive
C:\Users\Alpha\Desktop\Az_Micro\3-9531282\part5\codvisionPart5\Debug\List\a.asm(1089): warning: Register r5 already defined by the .DEF directive
C:\Users\Alpha\Desktop\Az_Micro\3-9531282\part5\codvisionPart5\Debug\List\a.asm(1090): warning: Register r7 already defined by the .DEF directive
C:\Users\Alpha\Desktop\Az_Micro\3-9531282\part5\codvisionPart5\Debug\List\a.asm(1091): warning: Register r6 already defined by the .DEF directive
C:\Users\Alpha\Desktop\Az_Micro\3-9531282\part5\codvisionPart5\Debug\List\a.asm(1092): warning: Register r9 already defined by the .DEF directive
C:\Users\Alpha\Desktop\Az_Micro\3-9531282\part5\codvisionPart5\Debug\List\a.asm(1093): warning: Register r8 already defined by the .DEF directive
                 
                 
                 ;CodeVisionAVR C Compiler V3.14 Advanced
                 ;(C) Copyright 1998-2014 Pavel Haiduc, HP InfoTech s.r.l.
                 ;http://www.hpinfotech.com
                 
                 ;Build configuration    : Debug
                 ;Chip type              : ATmega32
                 ;Program type           : Application
                 ;Clock frequency        : 1.000000 MHz
                 ;Memory model           : Small
                 ;Optimize for           : Size
                 ;(s)printf features     : int, width
                 ;(s)scanf features      : int, width
                 ;External RAM size      : 0
                 ;Data Stack size        : 512 byte(s)
                 ;Heap size              : 0 byte(s)
                 ;Promote 'char' to 'int': Yes
                 ;'char' is unsigned     : Yes
                 ;8 bit enums            : Yes
                 ;Global 'const' stored in FLASH: Yes
                 ;Enhanced function parameter passing: Yes
                 ;Enhanced core instructions: On
                 ;Automatic register allocation for global variables: On
                 ;Smart register allocation: On
                 
                 	#define _MODEL_SMALL_
                 
                 	#pragma AVRPART ADMIN PART_NAME ATmega32
                 	#pragma AVRPART MEMORY PROG_FLASH 32768
                 	#pragma AVRPART MEMORY EEPROM 1024
                 	#pragma AVRPART MEMORY INT_SRAM SIZE 2048
                 	#pragma AVRPART MEMORY INT_SRAM START_ADDR 0x60
                 
                 	#define CALL_SUPPORTED 1
                 
                 	.LISTMAC
                 	.EQU UDRE=0x5
                 	.EQU RXC=0x7
                 	.EQU USR=0xB
                 	.EQU UDR=0xC
                 	.EQU SPSR=0xE
                 	.EQU SPDR=0xF
                 	.EQU EERE=0x0
                 	.EQU EEWE=0x1
                 	.EQU EEMWE=0x2
                 	.EQU EECR=0x1C
                 	.EQU EEDR=0x1D
                 	.EQU EEARL=0x1E
                 	.EQU EEARH=0x1F
                 	.EQU WDTCR=0x21
                 	.EQU MCUCR=0x35
                 	.EQU GICR=0x3B
                 	.EQU SPL=0x3D
                 	.EQU SPH=0x3E
                 	.EQU SREG=0x3F
                 
                 	.DEF R0X0=R0
                 	.DEF R0X1=R1
                 	.DEF R0X2=R2
                 	.DEF R0X3=R3
                 	.DEF R0X4=R4
                 	.DEF R0X5=R5
                 	.DEF R0X6=R6
                 	.DEF R0X7=R7
                 	.DEF R0X8=R8
                 	.DEF R0X9=R9
                 	.DEF R0XA=R10
                 	.DEF R0XB=R11
                 	.DEF R0XC=R12
                 	.DEF R0XD=R13
                 	.DEF R0XE=R14
                 	.DEF R0XF=R15
                 	.DEF R0X10=R16
                 	.DEF R0X11=R17
                 	.DEF R0X12=R18
                 	.DEF R0X13=R19
                 	.DEF R0X14=R20
                 	.DEF R0X15=R21
                 	.DEF R0X16=R22
                 	.DEF R0X17=R23
                 	.DEF R0X18=R24
                 	.DEF R0X19=R25
                 	.DEF R0X1A=R26
                 	.DEF R0X1B=R27
                 	.DEF R0X1C=R28
                 	.DEF R0X1D=R29
                 	.DEF R0X1E=R30
                 	.DEF R0X1F=R31
                 
                 	.EQU __SRAM_START=0x0060
                 	.EQU __SRAM_END=0x085F
                 	.EQU __DSTACK_SIZE=0x0200
                 	.EQU __HEAP_SIZE=0x0000
                 	.EQU __CLEAR_SRAM_SIZE=__SRAM_END-__SRAM_START+1
                 
                 	.MACRO __CPD1N
                 	CPI  R30,LOW(@0)
                 	LDI  R26,HIGH(@0)
                 	CPC  R31,R26
                 	LDI  R26,BYTE3(@0)
                 	CPC  R22,R26
                 	LDI  R26,BYTE4(@0)
                 	CPC  R23,R26
                 	.ENDM
                 
                 	.MACRO __CPD2N
                 	CPI  R26,LOW(@0)
                 	LDI  R30,HIGH(@0)
                 	CPC  R27,R30
                 	LDI  R30,BYTE3(@0)
                 	CPC  R24,R30
                 	LDI  R30,BYTE4(@0)
                 	CPC  R25,R30
                 	.ENDM
                 
                 	.MACRO __CPWRR
                 	CP   R@0,R@2
                 	CPC  R@1,R@3
                 	.ENDM
                 
                 	.MACRO __CPWRN
                 	CPI  R@0,LOW(@2)
                 	LDI  R30,HIGH(@2)
                 	CPC  R@1,R30
                 	.ENDM
                 
                 	.MACRO __ADDB1MN
                 	SUBI R30,LOW(-@0-(@1))
                 	.ENDM
                 
                 	.MACRO __ADDB2MN
                 	SUBI R26,LOW(-@0-(@1))
                 	.ENDM
                 
                 	.MACRO __ADDW1MN
                 	SUBI R30,LOW(-@0-(@1))
                 	SBCI R31,HIGH(-@0-(@1))
                 	.ENDM
                 
                 	.MACRO __ADDW2MN
                 	SUBI R26,LOW(-@0-(@1))
                 	SBCI R27,HIGH(-@0-(@1))
                 	.ENDM
                 
                 	.MACRO __ADDW1FN
                 	SUBI R30,LOW(-2*@0-(@1))
                 	SBCI R31,HIGH(-2*@0-(@1))
                 	.ENDM
                 
                 	.MACRO __ADDD1FN
                 	SUBI R30,LOW(-2*@0-(@1))
                 	SBCI R31,HIGH(-2*@0-(@1))
                 	SBCI R22,BYTE3(-2*@0-(@1))
                 	.ENDM
                 
                 	.MACRO __ADDD1N
                 	SUBI R30,LOW(-@0)
                 	SBCI R31,HIGH(-@0)
                 	SBCI R22,BYTE3(-@0)
                 	SBCI R23,BYTE4(-@0)
                 	.ENDM
                 
                 	.MACRO __ADDD2N
                 	SUBI R26,LOW(-@0)
                 	SBCI R27,HIGH(-@0)
                 	SBCI R24,BYTE3(-@0)
                 	SBCI R25,BYTE4(-@0)
                 	.ENDM
                 
                 	.MACRO __SUBD1N
                 	SUBI R30,LOW(@0)
                 	SBCI R31,HIGH(@0)
                 	SBCI R22,BYTE3(@0)
                 	SBCI R23,BYTE4(@0)
                 	.ENDM
                 
                 	.MACRO __SUBD2N
                 	SUBI R26,LOW(@0)
                 	SBCI R27,HIGH(@0)
                 	SBCI R24,BYTE3(@0)
                 	SBCI R25,BYTE4(@0)
                 	.ENDM
                 
                 	.MACRO __ANDBMNN
                 	LDS  R30,@0+(@1)
                 	ANDI R30,LOW(@2)
                 	STS  @0+(@1),R30
                 	.ENDM
                 
                 	.MACRO __ANDWMNN
                 	LDS  R30,@0+(@1)
                 	ANDI R30,LOW(@2)
                 	STS  @0+(@1),R30
                 	LDS  R30,@0+(@1)+1
                 	ANDI R30,HIGH(@2)
                 	STS  @0+(@1)+1,R30
                 	.ENDM
                 
                 	.MACRO __ANDD1N
                 	ANDI R30,LOW(@0)
                 	ANDI R31,HIGH(@0)
                 	ANDI R22,BYTE3(@0)
                 	ANDI R23,BYTE4(@0)
                 	.ENDM
                 
                 	.MACRO __ANDD2N
                 	ANDI R26,LOW(@0)
                 	ANDI R27,HIGH(@0)
                 	ANDI R24,BYTE3(@0)
                 	ANDI R25,BYTE4(@0)
                 	.ENDM
                 
                 	.MACRO __ORBMNN
                 	LDS  R30,@0+(@1)
                 	ORI  R30,LOW(@2)
                 	STS  @0+(@1),R30
                 	.ENDM
                 
                 	.MACRO __ORWMNN
                 	LDS  R30,@0+(@1)
                 	ORI  R30,LOW(@2)
                 	STS  @0+(@1),R30
                 	LDS  R30,@0+(@1)+1
                 	ORI  R30,HIGH(@2)
                 	STS  @0+(@1)+1,R30
                 	.ENDM
                 
                 	.MACRO __ORD1N
                 	ORI  R30,LOW(@0)
                 	ORI  R31,HIGH(@0)
                 	ORI  R22,BYTE3(@0)
                 	ORI  R23,BYTE4(@0)
                 	.ENDM
                 
                 	.MACRO __ORD2N
                 	ORI  R26,LOW(@0)
                 	ORI  R27,HIGH(@0)
                 	ORI  R24,BYTE3(@0)
                 	ORI  R25,BYTE4(@0)
                 	.ENDM
                 
                 	.MACRO __DELAY_USB
                 	LDI  R24,LOW(@0)
                 __DELAY_USB_LOOP:
                 	DEC  R24
                 	BRNE __DELAY_USB_LOOP
                 	.ENDM
                 
                 	.MACRO __DELAY_USW
                 	LDI  R24,LOW(@0)
                 	LDI  R25,HIGH(@0)
                 __DELAY_USW_LOOP:
                 	SBIW R24,1
                 	BRNE __DELAY_USW_LOOP
                 	.ENDM
                 
                 	.MACRO __GETD1S
                 	LDD  R30,Y+@0
                 	LDD  R31,Y+@0+1
                 	LDD  R22,Y+@0+2
                 	LDD  R23,Y+@0+3
                 	.ENDM
                 
                 	.MACRO __GETD2S
                 	LDD  R26,Y+@0
                 	LDD  R27,Y+@0+1
                 	LDD  R24,Y+@0+2
                 	LDD  R25,Y+@0+3
                 	.ENDM
                 
                 	.MACRO __PUTD1S
                 	STD  Y+@0,R30
                 	STD  Y+@0+1,R31
                 	STD  Y+@0+2,R22
                 	STD  Y+@0+3,R23
                 	.ENDM
                 
                 	.MACRO __PUTD2S
                 	STD  Y+@0,R26
                 	STD  Y+@0+1,R27
                 	STD  Y+@0+2,R24
                 	STD  Y+@0+3,R25
                 	.ENDM
                 
                 	.MACRO __PUTDZ2
                 	STD  Z+@0,R26
                 	STD  Z+@0+1,R27
                 	STD  Z+@0+2,R24
                 	STD  Z+@0+3,R25
                 	.ENDM
                 
                 	.MACRO __CLRD1S
                 	STD  Y+@0,R30
                 	STD  Y+@0+1,R30
                 	STD  Y+@0+2,R30
                 	STD  Y+@0+3,R30
                 	.ENDM
                 
                 	.MACRO __POINTB1MN
                 	LDI  R30,LOW(@0+(@1))
                 	.ENDM
                 
                 	.MACRO __POINTW1MN
                 	LDI  R30,LOW(@0+(@1))
                 	LDI  R31,HIGH(@0+(@1))
                 	.ENDM
                 
                 	.MACRO __POINTD1M
                 	LDI  R30,LOW(@0)
                 	LDI  R31,HIGH(@0)
                 	LDI  R22,BYTE3(@0)
                 	LDI  R23,BYTE4(@0)
                 	.ENDM
                 
                 	.MACRO __POINTW1FN
                 	LDI  R30,LOW(2*@0+(@1))
                 	LDI  R31,HIGH(2*@0+(@1))
                 	.ENDM
                 
                 	.MACRO __POINTD1FN
                 	LDI  R30,LOW(2*@0+(@1))
                 	LDI  R31,HIGH(2*@0+(@1))
                 	LDI  R22,BYTE3(2*@0+(@1))
                 	LDI  R23,BYTE4(2*@0+(@1))
                 	.ENDM
                 
                 	.MACRO __POINTB2MN
                 	LDI  R26,LOW(@0+(@1))
                 	.ENDM
                 
                 	.MACRO __POINTW2MN
                 	LDI  R26,LOW(@0+(@1))
                 	LDI  R27,HIGH(@0+(@1))
                 	.ENDM
                 
                 	.MACRO __POINTW2FN
                 	LDI  R26,LOW(2*@0+(@1))
                 	LDI  R27,HIGH(2*@0+(@1))
                 	.ENDM
                 
                 	.MACRO __POINTD2FN
                 	LDI  R26,LOW(2*@0+(@1))
                 	LDI  R27,HIGH(2*@0+(@1))
                 	LDI  R24,BYTE3(2*@0+(@1))
                 	LDI  R25,BYTE4(2*@0+(@1))
                 	.ENDM
                 
                 	.MACRO __POINTBRM
                 	LDI  R@0,LOW(@1)
                 	.ENDM
                 
                 	.MACRO __POINTWRM
                 	LDI  R@0,LOW(@2)
                 	LDI  R@1,HIGH(@2)
                 	.ENDM
                 
                 	.MACRO __POINTBRMN
                 	LDI  R@0,LOW(@1+(@2))
                 	.ENDM
                 
                 	.MACRO __POINTWRMN
                 	LDI  R@0,LOW(@2+(@3))
                 	LDI  R@1,HIGH(@2+(@3))
                 	.ENDM
                 
                 	.MACRO __POINTWRFN
                 	LDI  R@0,LOW(@2*2+(@3))
                 	LDI  R@1,HIGH(@2*2+(@3))
                 	.ENDM
                 
                 	.MACRO __GETD1N
                 	LDI  R30,LOW(@0)
                 	LDI  R31,HIGH(@0)
                 	LDI  R22,BYTE3(@0)
                 	LDI  R23,BYTE4(@0)
                 	.ENDM
                 
                 	.MACRO __GETD2N
                 	LDI  R26,LOW(@0)
                 	LDI  R27,HIGH(@0)
                 	LDI  R24,BYTE3(@0)
                 	LDI  R25,BYTE4(@0)
                 	.ENDM
                 
                 	.MACRO __GETB1MN
                 	LDS  R30,@0+(@1)
                 	.ENDM
                 
                 	.MACRO __GETB1HMN
                 	LDS  R31,@0+(@1)
                 	.ENDM
                 
                 	.MACRO __GETW1MN
                 	LDS  R30,@0+(@1)
                 	LDS  R31,@0+(@1)+1
                 	.ENDM
                 
                 	.MACRO __GETD1MN
                 	LDS  R30,@0+(@1)
                 	LDS  R31,@0+(@1)+1
                 	LDS  R22,@0+(@1)+2
                 	LDS  R23,@0+(@1)+3
                 	.ENDM
                 
                 	.MACRO __GETBRMN
                 	LDS  R@0,@1+(@2)
                 	.ENDM
                 
                 	.MACRO __GETWRMN
                 	LDS  R@0,@2+(@3)
                 	LDS  R@1,@2+(@3)+1
                 	.ENDM
                 
                 	.MACRO __GETWRZ
                 	LDD  R@0,Z+@2
                 	LDD  R@1,Z+@2+1
                 	.ENDM
                 
                 	.MACRO __GETD2Z
                 	LDD  R26,Z+@0
                 	LDD  R27,Z+@0+1
                 	LDD  R24,Z+@0+2
                 	LDD  R25,Z+@0+3
                 	.ENDM
                 
                 	.MACRO __GETB2MN
                 	LDS  R26,@0+(@1)
                 	.ENDM
                 
                 	.MACRO __GETW2MN
                 	LDS  R26,@0+(@1)
                 	LDS  R27,@0+(@1)+1
                 	.ENDM
                 
                 	.MACRO __GETD2MN
                 	LDS  R26,@0+(@1)
                 	LDS  R27,@0+(@1)+1
                 	LDS  R24,@0+(@1)+2
                 	LDS  R25,@0+(@1)+3
                 	.ENDM
                 
                 	.MACRO __PUTB1MN
                 	STS  @0+(@1),R30
                 	.ENDM
                 
                 	.MACRO __PUTW1MN
                 	STS  @0+(@1),R30
                 	STS  @0+(@1)+1,R31
                 	.ENDM
                 
                 	.MACRO __PUTD1MN
                 	STS  @0+(@1),R30
                 	STS  @0+(@1)+1,R31
                 	STS  @0+(@1)+2,R22
                 	STS  @0+(@1)+3,R23
                 	.ENDM
                 
                 	.MACRO __PUTB1EN
                 	LDI  R26,LOW(@0+(@1))
                 	LDI  R27,HIGH(@0+(@1))
                 	CALL __EEPROMWRB
                 	.ENDM
                 
                 	.MACRO __PUTW1EN
                 	LDI  R26,LOW(@0+(@1))
                 	LDI  R27,HIGH(@0+(@1))
                 	CALL __EEPROMWRW
                 	.ENDM
                 
                 	.MACRO __PUTD1EN
                 	LDI  R26,LOW(@0+(@1))
                 	LDI  R27,HIGH(@0+(@1))
                 	CALL __EEPROMWRD
                 	.ENDM
                 
                 	.MACRO __PUTBR0MN
                 	STS  @0+(@1),R0
                 	.ENDM
                 
                 	.MACRO __PUTBMRN
                 	STS  @0+(@1),R@2
                 	.ENDM
                 
                 	.MACRO __PUTWMRN
                 	STS  @0+(@1),R@2
                 	STS  @0+(@1)+1,R@3
                 	.ENDM
                 
                 	.MACRO __PUTBZR
                 	STD  Z+@1,R@0
                 	.ENDM
                 
                 	.MACRO __PUTWZR
                 	STD  Z+@2,R@0
                 	STD  Z+@2+1,R@1
                 	.ENDM
                 
                 	.MACRO __GETW1R
                 	MOV  R30,R@0
                 	MOV  R31,R@1
                 	.ENDM
                 
                 	.MACRO __GETW2R
                 	MOV  R26,R@0
                 	MOV  R27,R@1
                 	.ENDM
                 
                 	.MACRO __GETWRN
                 	LDI  R@0,LOW(@2)
                 	LDI  R@1,HIGH(@2)
                 	.ENDM
                 
                 	.MACRO __PUTW1R
                 	MOV  R@0,R30
                 	MOV  R@1,R31
                 	.ENDM
                 
                 	.MACRO __PUTW2R
                 	MOV  R@0,R26
                 	MOV  R@1,R27
                 	.ENDM
                 
                 	.MACRO __ADDWRN
                 	SUBI R@0,LOW(-@2)
                 	SBCI R@1,HIGH(-@2)
                 	.ENDM
                 
                 	.MACRO __ADDWRR
                 	ADD  R@0,R@2
                 	ADC  R@1,R@3
                 	.ENDM
                 
                 	.MACRO __SUBWRN
                 	SUBI R@0,LOW(@2)
                 	SBCI R@1,HIGH(@2)
                 	.ENDM
                 
                 	.MACRO __SUBWRR
                 	SUB  R@0,R@2
                 	SBC  R@1,R@3
                 	.ENDM
                 
                 	.MACRO __ANDWRN
                 	ANDI R@0,LOW(@2)
                 	ANDI R@1,HIGH(@2)
                 	.ENDM
                 
                 	.MACRO __ANDWRR
                 	AND  R@0,R@2
                 	AND  R@1,R@3
                 	.ENDM
                 
                 	.MACRO __ORWRN
                 	ORI  R@0,LOW(@2)
                 	ORI  R@1,HIGH(@2)
                 	.ENDM
                 
                 	.MACRO __ORWRR
                 	OR   R@0,R@2
                 	OR   R@1,R@3
                 	.ENDM
                 
                 	.MACRO __EORWRR
                 	EOR  R@0,R@2
                 	EOR  R@1,R@3
                 	.ENDM
                 
                 	.MACRO __GETWRS
                 	LDD  R@0,Y+@2
                 	LDD  R@1,Y+@2+1
                 	.ENDM
                 
                 	.MACRO __PUTBSR
                 	STD  Y+@1,R@0
                 	.ENDM
                 
                 	.MACRO __PUTWSR
                 	STD  Y+@2,R@0
                 	STD  Y+@2+1,R@1
                 	.ENDM
                 
                 	.MACRO __MOVEWRR
                 	MOV  R@0,R@2
                 	MOV  R@1,R@3
                 	.ENDM
                 
                 	.MACRO __INWR
                 	IN   R@0,@2
                 	IN   R@1,@2+1
                 	.ENDM
                 
                 	.MACRO __OUTWR
                 	OUT  @2+1,R@1
                 	OUT  @2,R@0
                 	.ENDM
                 
                 	.MACRO __CALL1MN
                 	LDS  R30,@0+(@1)
                 	LDS  R31,@0+(@1)+1
                 	ICALL
                 	.ENDM
                 
                 	.MACRO __CALL1FN
                 	LDI  R30,LOW(2*@0+(@1))
                 	LDI  R31,HIGH(2*@0+(@1))
                 	CALL __GETW1PF
                 	ICALL
                 	.ENDM
                 
                 	.MACRO __CALL2EN
                 	PUSH R26
                 	PUSH R27
                 	LDI  R26,LOW(@0+(@1))
                 	LDI  R27,HIGH(@0+(@1))
                 	CALL __EEPROMRDW
                 	POP  R27
                 	POP  R26
                 	ICALL
                 	.ENDM
                 
                 	.MACRO __CALL2EX
                 	SUBI R26,LOW(-@0)
                 	SBCI R27,HIGH(-@0)
                 	CALL __EEPROMRDD
                 	ICALL
                 	.ENDM
                 
                 	.MACRO __GETW1STACK
                 	IN   R30,SPL
                 	IN   R31,SPH
                 	ADIW R30,@0+1
                 	LD   R0,Z+
                 	LD   R31,Z
                 	MOV  R30,R0
                 	.ENDM
                 
                 	.MACRO __GETD1STACK
                 	IN   R30,SPL
                 	IN   R31,SPH
                 	ADIW R30,@0+1
                 	LD   R0,Z+
                 	LD   R1,Z+
                 	LD   R22,Z
                 	MOVW R30,R0
                 	.ENDM
                 
                 	.MACRO __NBST
                 	BST  R@0,@1
                 	IN   R30,SREG
                 	LDI  R31,0x40
                 	EOR  R30,R31
                 	OUT  SREG,R30
                 	.ENDM
                 
                 
                 	.MACRO __PUTB1SN
                 	LDD  R26,Y+@0
                 	LDD  R27,Y+@0+1
                 	SUBI R26,LOW(-@1)
                 	SBCI R27,HIGH(-@1)
                 	ST   X,R30
                 	.ENDM
                 
                 	.MACRO __PUTW1SN
                 	LDD  R26,Y+@0
                 	LDD  R27,Y+@0+1
                 	SUBI R26,LOW(-@1)
                 	SBCI R27,HIGH(-@1)
                 	ST   X+,R30
                 	ST   X,R31
                 	.ENDM
                 
                 	.MACRO __PUTD1SN
                 	LDD  R26,Y+@0
                 	LDD  R27,Y+@0+1
                 	SUBI R26,LOW(-@1)
                 	SBCI R27,HIGH(-@1)
                 	CALL __PUTDP1
                 	.ENDM
                 
                 	.MACRO __PUTB1SNS
                 	LDD  R26,Y+@0
                 	LDD  R27,Y+@0+1
                 	ADIW R26,@1
                 	ST   X,R30
                 	.ENDM
                 
                 	.MACRO __PUTW1SNS
                 	LDD  R26,Y+@0
                 	LDD  R27,Y+@0+1
                 	ADIW R26,@1
                 	ST   X+,R30
                 	ST   X,R31
                 	.ENDM
                 
                 	.MACRO __PUTD1SNS
                 	LDD  R26,Y+@0
                 	LDD  R27,Y+@0+1
                 	ADIW R26,@1
                 	CALL __PUTDP1
                 	.ENDM
                 
                 	.MACRO __PUTB1PMN
                 	LDS  R26,@0
                 	LDS  R27,@0+1
                 	SUBI R26,LOW(-@1)
                 	SBCI R27,HIGH(-@1)
                 	ST   X,R30
                 	.ENDM
                 
                 	.MACRO __PUTW1PMN
                 	LDS  R26,@0
                 	LDS  R27,@0+1
                 	SUBI R26,LOW(-@1)
                 	SBCI R27,HIGH(-@1)
                 	ST   X+,R30
                 	ST   X,R31
                 	.ENDM
                 
                 	.MACRO __PUTD1PMN
                 	LDS  R26,@0
                 	LDS  R27,@0+1
                 	SUBI R26,LOW(-@1)
                 	SBCI R27,HIGH(-@1)
                 	CALL __PUTDP1
                 	.ENDM
                 
                 	.MACRO __PUTB1PMNS
                 	LDS  R26,@0
                 	LDS  R27,@0+1
                 	ADIW R26,@1
                 	ST   X,R30
                 	.ENDM
                 
                 	.MACRO __PUTW1PMNS
                 	LDS  R26,@0
                 	LDS  R27,@0+1
                 	ADIW R26,@1
                 	ST   X+,R30
                 	ST   X,R31
                 	.ENDM
                 
                 	.MACRO __PUTD1PMNS
                 	LDS  R26,@0
                 	LDS  R27,@0+1
                 	ADIW R26,@1
                 	CALL __PUTDP1
                 	.ENDM
                 
                 	.MACRO __PUTB1RN
                 	MOVW R26,R@0
                 	SUBI R26,LOW(-@1)
                 	SBCI R27,HIGH(-@1)
                 	ST   X,R30
                 	.ENDM
                 
                 	.MACRO __PUTW1RN
                 	MOVW R26,R@0
                 	SUBI R26,LOW(-@1)
                 	SBCI R27,HIGH(-@1)
                 	ST   X+,R30
                 	ST   X,R31
                 	.ENDM
                 
                 	.MACRO __PUTD1RN
                 	MOVW R26,R@0
                 	SUBI R26,LOW(-@1)
                 	SBCI R27,HIGH(-@1)
                 	CALL __PUTDP1
                 	.ENDM
                 
                 	.MACRO __PUTB1RNS
                 	MOVW R26,R@0
                 	ADIW R26,@1
                 	ST   X,R30
                 	.ENDM
                 
                 	.MACRO __PUTW1RNS
                 	MOVW R26,R@0
                 	ADIW R26,@1
                 	ST   X+,R30
                 	ST   X,R31
                 	.ENDM
                 
                 	.MACRO __PUTD1RNS
                 	MOVW R26,R@0
                 	ADIW R26,@1
                 	CALL __PUTDP1
                 	.ENDM
                 
                 	.MACRO __PUTB1RON
                 	MOV  R26,R@0
                 	MOV  R27,R@1
                 	SUBI R26,LOW(-@2)
                 	SBCI R27,HIGH(-@2)
                 	ST   X,R30
                 	.ENDM
                 
                 	.MACRO __PUTW1RON
                 	MOV  R26,R@0
                 	MOV  R27,R@1
                 	SUBI R26,LOW(-@2)
                 	SBCI R27,HIGH(-@2)
                 	ST   X+,R30
                 	ST   X,R31
                 	.ENDM
                 
                 	.MACRO __PUTD1RON
                 	MOV  R26,R@0
                 	MOV  R27,R@1
                 	SUBI R26,LOW(-@2)
                 	SBCI R27,HIGH(-@2)
                 	CALL __PUTDP1
                 	.ENDM
                 
                 	.MACRO __PUTB1RONS
                 	MOV  R26,R@0
                 	MOV  R27,R@1
                 	ADIW R26,@2
                 	ST   X,R30
                 	.ENDM
                 
                 	.MACRO __PUTW1RONS
                 	MOV  R26,R@0
                 	MOV  R27,R@1
                 	ADIW R26,@2
                 	ST   X+,R30
                 	ST   X,R31
                 	.ENDM
                 
                 	.MACRO __PUTD1RONS
                 	MOV  R26,R@0
                 	MOV  R27,R@1
                 	ADIW R26,@2
                 	CALL __PUTDP1
                 	.ENDM
                 
                 
                 	.MACRO __GETB1SX
                 	MOVW R30,R28
                 	SUBI R30,LOW(-@0)
                 	SBCI R31,HIGH(-@0)
                 	LD   R30,Z
                 	.ENDM
                 
                 	.MACRO __GETB1HSX
                 	MOVW R30,R28
                 	SUBI R30,LOW(-@0)
                 	SBCI R31,HIGH(-@0)
                 	LD   R31,Z
                 	.ENDM
                 
                 	.MACRO __GETW1SX
                 	MOVW R30,R28
                 	SUBI R30,LOW(-@0)
                 	SBCI R31,HIGH(-@0)
                 	LD   R0,Z+
                 	LD   R31,Z
                 	MOV  R30,R0
                 	.ENDM
                 
                 	.MACRO __GETD1SX
                 	MOVW R30,R28
                 	SUBI R30,LOW(-@0)
                 	SBCI R31,HIGH(-@0)
                 	LD   R0,Z+
                 	LD   R1,Z+
                 	LD   R22,Z+
                 	LD   R23,Z
                 	MOVW R30,R0
                 	.ENDM
                 
                 	.MACRO __GETB2SX
                 	MOVW R26,R28
                 	SUBI R26,LOW(-@0)
                 	SBCI R27,HIGH(-@0)
                 	LD   R26,X
                 	.ENDM
                 
                 	.MACRO __GETW2SX
                 	MOVW R26,R28
                 	SUBI R26,LOW(-@0)
                 	SBCI R27,HIGH(-@0)
                 	LD   R0,X+
                 	LD   R27,X
                 	MOV  R26,R0
                 	.ENDM
                 
                 	.MACRO __GETD2SX
                 	MOVW R26,R28
                 	SUBI R26,LOW(-@0)
                 	SBCI R27,HIGH(-@0)
                 	LD   R0,X+
                 	LD   R1,X+
                 	LD   R24,X+
                 	LD   R25,X
                 	MOVW R26,R0
                 	.ENDM
                 
                 	.MACRO __GETBRSX
                 	MOVW R30,R28
                 	SUBI R30,LOW(-@1)
                 	SBCI R31,HIGH(-@1)
                 	LD   R@0,Z
                 	.ENDM
                 
                 	.MACRO __GETWRSX
                 	MOVW R30,R28
                 	SUBI R30,LOW(-@2)
                 	SBCI R31,HIGH(-@2)
                 	LD   R@0,Z+
                 	LD   R@1,Z
                 	.ENDM
                 
                 	.MACRO __GETBRSX2
                 	MOVW R26,R28
                 	SUBI R26,LOW(-@1)
                 	SBCI R27,HIGH(-@1)
                 	LD   R@0,X
                 	.ENDM
                 
                 	.MACRO __GETWRSX2
                 	MOVW R26,R28
                 	SUBI R26,LOW(-@2)
                 	SBCI R27,HIGH(-@2)
                 	LD   R@0,X+
                 	LD   R@1,X
                 	.ENDM
                 
                 	.MACRO __LSLW8SX
                 	MOVW R30,R28
                 	SUBI R30,LOW(-@0)
                 	SBCI R31,HIGH(-@0)
                 	LD   R31,Z
                 	CLR  R30
                 	.ENDM
                 
                 	.MACRO __PUTB1SX
                 	MOVW R26,R28
                 	SUBI R26,LOW(-@0)
                 	SBCI R27,HIGH(-@0)
                 	ST   X,R30
                 	.ENDM
                 
                 	.MACRO __PUTW1SX
                 	MOVW R26,R28
                 	SUBI R26,LOW(-@0)
                 	SBCI R27,HIGH(-@0)
                 	ST   X+,R30
                 	ST   X,R31
                 	.ENDM
                 
                 	.MACRO __PUTD1SX
                 	MOVW R26,R28
                 	SUBI R26,LOW(-@0)
                 	SBCI R27,HIGH(-@0)
                 	ST   X+,R30
                 	ST   X+,R31
                 	ST   X+,R22
                 	ST   X,R23
                 	.ENDM
                 
                 	.MACRO __CLRW1SX
                 	MOVW R26,R28
                 	SUBI R26,LOW(-@0)
                 	SBCI R27,HIGH(-@0)
                 	ST   X+,R30
                 	ST   X,R30
                 	.ENDM
                 
                 	.MACRO __CLRD1SX
                 	MOVW R26,R28
                 	SUBI R26,LOW(-@0)
                 	SBCI R27,HIGH(-@0)
                 	ST   X+,R30
                 	ST   X+,R30
                 	ST   X+,R30
                 	ST   X,R30
                 	.ENDM
                 
                 	.MACRO __PUTB2SX
                 	MOVW R30,R28
                 	SUBI R30,LOW(-@0)
                 	SBCI R31,HIGH(-@0)
                 	ST   Z,R26
                 	.ENDM
                 
                 	.MACRO __PUTW2SX
                 	MOVW R30,R28
                 	SUBI R30,LOW(-@0)
                 	SBCI R31,HIGH(-@0)
                 	ST   Z+,R26
                 	ST   Z,R27
                 	.ENDM
                 
                 	.MACRO __PUTD2SX
                 	MOVW R30,R28
                 	SUBI R30,LOW(-@0)
                 	SBCI R31,HIGH(-@0)
                 	ST   Z+,R26
                 	ST   Z+,R27
                 	ST   Z+,R24
                 	ST   Z,R25
                 	.ENDM
                 
                 	.MACRO __PUTBSRX
                 	MOVW R30,R28
                 	SUBI R30,LOW(-@1)
                 	SBCI R31,HIGH(-@1)
                 	ST   Z,R@0
                 	.ENDM
                 
                 	.MACRO __PUTWSRX
                 	MOVW R30,R28
                 	SUBI R30,LOW(-@2)
                 	SBCI R31,HIGH(-@2)
                 	ST   Z+,R@0
                 	ST   Z,R@1
                 	.ENDM
                 
                 	.MACRO __PUTB1SNX
                 	MOVW R26,R28
                 	SUBI R26,LOW(-@0)
                 	SBCI R27,HIGH(-@0)
                 	LD   R0,X+
                 	LD   R27,X
                 	MOV  R26,R0
                 	SUBI R26,LOW(-@1)
                 	SBCI R27,HIGH(-@1)
                 	ST   X,R30
                 	.ENDM
                 
                 	.MACRO __PUTW1SNX
                 	MOVW R26,R28
                 	SUBI R26,LOW(-@0)
                 	SBCI R27,HIGH(-@0)
                 	LD   R0,X+
                 	LD   R27,X
                 	MOV  R26,R0
                 	SUBI R26,LOW(-@1)
                 	SBCI R27,HIGH(-@1)
                 	ST   X+,R30
                 	ST   X,R31
                 	.ENDM
                 
                 	.MACRO __PUTD1SNX
                 	MOVW R26,R28
                 	SUBI R26,LOW(-@0)
                 	SBCI R27,HIGH(-@0)
                 	LD   R0,X+
                 	LD   R27,X
                 	MOV  R26,R0
                 	SUBI R26,LOW(-@1)
                 	SBCI R27,HIGH(-@1)
                 	ST   X+,R30
                 	ST   X+,R31
                 	ST   X+,R22
                 	ST   X,R23
                 	.ENDM
                 
                 	.MACRO __MULBRR
                 	MULS R@0,R@1
                 	MOVW R30,R0
                 	.ENDM
                 
                 	.MACRO __MULBRRU
                 	MUL  R@0,R@1
                 	MOVW R30,R0
                 	.ENDM
                 
                 	.MACRO __MULBRR0
                 	MULS R@0,R@1
                 	.ENDM
                 
                 	.MACRO __MULBRRU0
                 	MUL  R@0,R@1
                 	.ENDM
                 
                 	.MACRO __MULBNWRU
                 	LDI  R26,@2
                 	MUL  R26,R@0
                 	MOVW R30,R0
                 	MUL  R26,R@1
                 	ADD  R31,R0
                 	.ENDM
                 
                 ;NAME DEFINITIONS FOR GLOBAL VARIABLES ALLOCATED TO REGISTERS
                 	.DEF _cnt=R4
                 	.DEF _cnt_msb=R5
                 	.DEF _timer0=R7
                 	.DEF __lcd_x=R6
                 	.DEF __lcd_y=R9
                 	.DEF __lcd_maxx=R8
                 
                 	.CSEG
                 	.ORG 0x00
                 
                 ;START OF CODE MARKER
                 __START_OF_CODE:
                 
                 ;INTERRUPT VECTORS
000000 940c 004a 	JMP  __RESET
000002 940c 0077 	JMP  _ext_int0_isr
000004 940c 0000 	JMP  0x00
000006 940c 0000 	JMP  0x00
000008 940c 0000 	JMP  0x00
00000a 940c 0000 	JMP  0x00
00000c 940c 0000 	JMP  0x00
00000e 940c 009e 	JMP  _timer1_compa_isr
000010 940c 0000 	JMP  0x00
000012 940c 0000 	JMP  0x00
000014 940c 0000 	JMP  0x00
000016 940c 0000 	JMP  0x00
000018 940c 0000 	JMP  0x00
00001a 940c 0000 	JMP  0x00
00001c 940c 0000 	JMP  0x00
00001e 940c 0000 	JMP  0x00
000020 940c 0000 	JMP  0x00
000022 940c 0000 	JMP  0x00
000024 940c 0000 	JMP  0x00
000026 940c 0000 	JMP  0x00
000028 940c 0000 	JMP  0x00
                 
                 _tbl10_G100:
00002a 2710
00002b 03e8
00002c 0064
00002d 000a      	.DB  0x10,0x27,0xE8,0x3,0x64,0x0,0xA,0x0
00002e 0001      	.DB  0x1,0x0
                 _tbl16_G100:
00002f 1000
000030 0100
000031 0010
000032 0001      	.DB  0x0,0x10,0x0,0x1,0x10,0x0,0x1,0x0
                 
                 ;GLOBAL REGISTER VARIABLES INITIALIZATION
                 __REG_VARS:
000033 0000
000034 0000      	.DB  0x0,0x0,0x0,0x0
                 
                 _0x3:
C:\Users\Alpha\Desktop\Az_Micro\3-9531282\part5\codvisionPart5\Debug\List\a.asm(1135): warning: .cseg .db misalignment - padding zero byte
000035 0001      	.DB  0x1
                 _0x0:
000036 6954
000037 656d
000038 3072
000039 5620      	.DB  0x54,0x69,0x6D,0x65,0x72,0x30,0x20,0x56
00003a 6c61
00003b 6575
00003c 203a
00003d 6425      	.DB  0x61,0x6C,0x75,0x65,0x3A,0x20,0x25,0x64
C:\Users\Alpha\Desktop\Az_Micro\3-9531282\part5\codvisionPart5\Debug\List\a.asm(1139): warning: .cseg .db misalignment - padding zero byte
00003e 0000      	.DB  0x0
                 _0x2020003:
00003f c080      	.DB  0x80,0xC0
                 
                 __GLOBAL_INI_TBL:
000040 0004      	.DW  0x04
000041 0004      	.DW  0x04
000042 0066      	.DW  __REG_VARS*2
                 
000043 0001      	.DW  0x01
000044 0260      	.DW  _pulse_enable
000045 006a      	.DW  _0x3*2
                 
000046 0002      	.DW  0x02
000047 0272      	.DW  __base_y_G101
000048 007e      	.DW  _0x2020003*2
                 
                 _0xFFFFFFFF:
000049 0000      	.DW  0
                 
                 #define __GLOBAL_INI_TBL_PRESENT 1
                 
                 __RESET:
00004a 94f8      	CLI
00004b 27ee      	CLR  R30
00004c bbec      	OUT  EECR,R30
                 
                 ;INTERRUPT VECTORS ARE PLACED
                 ;AT THE START OF FLASH
00004d e0f1      	LDI  R31,1
00004e bffb      	OUT  GICR,R31
00004f bfeb      	OUT  GICR,R30
000050 bfe5      	OUT  MCUCR,R30
                 
                 ;CLEAR R2-R14
000051 e08d      	LDI  R24,(14-2)+1
000052 e0a2      	LDI  R26,2
000053 27bb      	CLR  R27
                 __CLEAR_REG:
000054 93ed      	ST   X+,R30
000055 958a      	DEC  R24
000056 f7e9      	BRNE __CLEAR_REG
                 
                 ;CLEAR SRAM
000057 e080      	LDI  R24,LOW(__CLEAR_SRAM_SIZE)
000058 e098      	LDI  R25,HIGH(__CLEAR_SRAM_SIZE)
000059 e6a0      	LDI  R26,__SRAM_START
                 __CLEAR_SRAM:
00005a 93ed      	ST   X+,R30
00005b 9701      	SBIW R24,1
00005c f7e9      	BRNE __CLEAR_SRAM
                 
                 ;GLOBAL VARIABLES INITIALIZATION
00005d e8e0      	LDI  R30,LOW(__GLOBAL_INI_TBL*2)
00005e e0f0      	LDI  R31,HIGH(__GLOBAL_INI_TBL*2)
                 __GLOBAL_INI_NEXT:
00005f 9185      	LPM  R24,Z+
000060 9195      	LPM  R25,Z+
000061 9700      	SBIW R24,0
000062 f061      	BREQ __GLOBAL_INI_END
000063 91a5      	LPM  R26,Z+
000064 91b5      	LPM  R27,Z+
000065 9005      	LPM  R0,Z+
000066 9015      	LPM  R1,Z+
000067 01bf      	MOVW R22,R30
000068 01f0      	MOVW R30,R0
                 __GLOBAL_INI_LOOP:
000069 9005      	LPM  R0,Z+
00006a 920d      	ST   X+,R0
00006b 9701      	SBIW R24,1
00006c f7e1      	BRNE __GLOBAL_INI_LOOP
00006d 01fb      	MOVW R30,R22
00006e cff0      	RJMP __GLOBAL_INI_NEXT
                 __GLOBAL_INI_END:
                 
                 ;HARDWARE STACK POINTER INITIALIZATION
00006f e5ef      	LDI  R30,LOW(__SRAM_END-__HEAP_SIZE)
000070 bfed      	OUT  SPL,R30
000071 e0e8      	LDI  R30,HIGH(__SRAM_END-__HEAP_SIZE)
000072 bfee      	OUT  SPH,R30
                 
                 ;DATA STACK POINTER INITIALIZATION
000073 e6c0      	LDI  R28,LOW(__SRAM_START+__DSTACK_SIZE)
000074 e0d2      	LDI  R29,HIGH(__SRAM_START+__DSTACK_SIZE)
                 
000075 940c 00be 	JMP  _main
                 
                 	.ESEG
                 	.ORG 0
                 
                 	.DSEG
                 	.ORG 0x260
                 
                 	.CSEG
                 ;/*******************************************************
                 ;This program was created by the
                 ;CodeWizardAVR V3.14 Advanced
                 ;Automatic Program Generator
                 ;© Copyright 1998-2014 Pavel Haiduc, HP InfoTech s.r.l.
                 ;http://www.hpinfotech.com
                 ;
                 ;Project :
                 ;Version :
                 ;Date    : 8/9/2020
                 ;Author  :
                 ;Company :
                 ;Comments:
                 ;
                 ;
                 ;Chip type               : ATmega32
                 ;Program type            : Application
                 ;AVR Core Clock frequency: 1.000000 MHz
                 ;Memory model            : Small
                 ;External RAM size       : 0
                 ;Data Stack size         : 512
                 ;*******************************************************/
                 ;
                 ;#include <stdio.h>
                 	#ifndef __SLEEP_DEFINED__
                 	#define __SLEEP_DEFINED__
                 	.EQU __se_bit=0x80
                 	.EQU __sm_mask=0x70
                 	.EQU __sm_powerdown=0x20
                 	.EQU __sm_powersave=0x30
                 	.EQU __sm_standby=0x60
                 	.EQU __sm_ext_standby=0x70
                 	.EQU __sm_adc_noise_red=0x10
                 	.SET power_ctrl_reg=mcucr
                 	#endif
                 ;#include <mega32.h>
                 ;#include <delay.h>
                 ;#include <lcd.h>
                 ;
                 ;#asm
                     .equ __lcd_port=0x1B;
                 ; 0000 001F #endasm
                 ;
                 ;// Declare your global variables here
                 ;volatile int pulse_enable=1;
                 
                 	.DSEG
                 ;int cnt=0;
                 ;char lcd_buffer[16];
                 ;unsigned char timer0 = 0;
                 ;// External Interrupt 0 service routine
                 ;interrupt [EXT_INT0] void ext_int0_isr(void)
                 ; 0000 0028 {
                 
                 	.CSEG
                 _ext_int0_isr:
                 ; .FSTART _ext_int0_isr
000077 93aa      	ST   -Y,R26
000078 93ba      	ST   -Y,R27
000079 93ea      	ST   -Y,R30
00007a 93fa      	ST   -Y,R31
00007b b7ef      	IN   R30,SREG
00007c 93ea      	ST   -Y,R30
                 ; 0000 0029 // Place your code here
                 ; 0000 002A     pulse_enable^=1;
00007d 91a0 0260 	LDS  R26,_pulse_enable
00007f 91b0 0261 	LDS  R27,_pulse_enable+1
000081 e0e1      	LDI  R30,LOW(1)
000082 e0f0      	LDI  R31,HIGH(1)
000083 27ea      	EOR  R30,R26
000084 27fb      	EOR  R31,R27
000085 93e0 0260 	STS  _pulse_enable,R30
000087 93f0 0261 	STS  _pulse_enable+1,R31
                 ; 0000 002B     cnt=cnt+1;
000089 01f2      	MOVW R30,R4
00008a 9631      	ADIW R30,1
00008b 012f      	MOVW R4,R30
                 ; 0000 002C     if(cnt>=2)
00008c e0e2      	LDI  R30,LOW(2)
00008d e0f0      	LDI  R31,HIGH(2)
00008e 164e      	CP   R4,R30
00008f 065f      	CPC  R5,R31
000090 f034      	BRLT _0x4
                 ; 0000 002D      pulse_enable=1;
000091 e0e1      	LDI  R30,LOW(1)
000092 e0f0      	LDI  R31,HIGH(1)
000093 93e0 0260 	STS  _pulse_enable,R30
000095 93f0 0261 	STS  _pulse_enable+1,R31
                 ; 0000 002E }
                 _0x4:
000097 91e9      	LD   R30,Y+
000098 bfef      	OUT  SREG,R30
000099 91f9      	LD   R31,Y+
00009a 91e9      	LD   R30,Y+
00009b 91b9      	LD   R27,Y+
00009c 91a9      	LD   R26,Y+
00009d 9518      	RETI
                 ; .FEND
                 ;
                 ;// Timer1 output compare A interrupt service routine
                 ;interrupt [TIM1_COMPA] void timer1_compa_isr(void)
                 ; 0000 0032 {
                 _timer1_compa_isr:
                 ; .FSTART _timer1_compa_isr
00009e 93aa      	ST   -Y,R26
00009f 93ba      	ST   -Y,R27
0000a0 93ea      	ST   -Y,R30
0000a1 b7ef      	IN   R30,SREG
0000a2 93ea      	ST   -Y,R30
                 ; 0000 0033 // Place your code here
                 ; 0000 0034    if(pulse_enable==1){
0000a3 91a0 0260 	LDS  R26,_pulse_enable
0000a5 91b0 0261 	LDS  R27,_pulse_enable+1
0000a7 9711      	SBIW R26,1
0000a8 f451      	BRNE _0x5
                 ; 0000 0035         PORTB.2^=1;
0000a9 e0a0      	LDI  R26,0
0000aa 99c2      	SBIC 0x18,2
0000ab e0a1      	LDI  R26,1
0000ac e0e1      	LDI  R30,LOW(1)
0000ad 27ea      	EOR  R30,R26
0000ae f411      	BRNE _0x6
0000af 98c2      	CBI  0x18,2
0000b0 c001      	RJMP _0x7
                 _0x6:
0000b1 9ac2      	SBI  0x18,2
                 _0x7:
                 ; 0000 0036    }
                 ; 0000 0037    else{
0000b2 c005      	RJMP _0x8
                 _0x5:
                 ; 0000 0038         if(PORTB.2==1)
0000b3 9bc2      	SBIS 0x18,2
0000b4 c002      	RJMP _0x9
                 ; 0000 0039             PORTB.2=0;
0000b5 98c2      	CBI  0x18,2
                 ; 0000 003A         else
0000b6 c001      	RJMP _0xC
                 _0x9:
                 ; 0000 003B             PORTB.2=1;
0000b7 9ac2      	SBI  0x18,2
                 ; 0000 003C    }
                 _0xC:
                 _0x8:
                 ; 0000 003D }
0000b8 91e9      	LD   R30,Y+
0000b9 bfef      	OUT  SREG,R30
0000ba 91e9      	LD   R30,Y+
0000bb 91b9      	LD   R27,Y+
0000bc 91a9      	LD   R26,Y+
0000bd 9518      	RETI
                 ; .FEND
                 ;
                 ;void main(void)
                 ; 0000 0040 {
                 _main:
                 ; .FSTART _main
                 ; 0000 0041 // Declare your local variables here
                 ; 0000 0042 
                 ; 0000 0043 // Input/Output Ports initialization
                 ; 0000 0044 // Port A initialization
                 ; 0000 0045 // Function: Bit7=In Bit6=In Bit5=In Bit4=In Bit3=In Bit2=In Bit1=In Bit0=In
                 ; 0000 0046 DDRA=(0<<DDA7) | (0<<DDA6) | (0<<DDA5) | (0<<DDA4) | (0<<DDA3) | (0<<DDA2) | (0<<DDA1) | (0<<DDA0);
0000be e0e0      	LDI  R30,LOW(0)
0000bf bbea      	OUT  0x1A,R30
                 ; 0000 0047 // State: Bit7=T Bit6=T Bit5=T Bit4=T Bit3=T Bit2=T Bit1=T Bit0=T
                 ; 0000 0048 PORTA=(0<<PORTA7) | (0<<PORTA6) | (0<<PORTA5) | (0<<PORTA4) | (0<<PORTA3) | (0<<PORTA2) | (0<<PORTA1) | (0<<PORTA0);
0000c0 bbeb      	OUT  0x1B,R30
                 ; 0000 0049 
                 ; 0000 004A // Port B initialization
                 ; 0000 004B // Function: Bit7=In Bit6=In Bit5=In Bit4=In Bit3=In Bit2=In Bit1=In Bit0=In
                 ; 0000 004C DDRB=(0<<DDB7) | (0<<DDB6) | (0<<DDB5) | (0<<DDB4) | (0<<DDB3) | (1<<DDB2) | (0<<DDB1) | (0<<DDB0);
0000c1 e0e4      	LDI  R30,LOW(4)
0000c2 bbe7      	OUT  0x17,R30
                 ; 0000 004D // State: Bit7=T Bit6=T Bit5=T Bit4=T Bit3=T Bit2=T Bit1=T Bit0=T
                 ; 0000 004E PORTB=(0<<PORTB7) | (0<<PORTB6) | (0<<PORTB5) | (0<<PORTB4) | (0<<PORTB3) | (0<<PORTB2) | (0<<PORTB1) | (0<<PORTB0);
0000c3 e0e0      	LDI  R30,LOW(0)
0000c4 bbe8      	OUT  0x18,R30
                 ; 0000 004F 
                 ; 0000 0050 // Port C initialization
                 ; 0000 0051 // Function: Bit7=In Bit6=In Bit5=In Bit4=In Bit3=In Bit2=In Bit1=In Bit0=In
                 ; 0000 0052 DDRC=(0<<DDC7) | (0<<DDC6) | (0<<DDC5) | (0<<DDC4) | (0<<DDC3) | (0<<DDC2) | (0<<DDC1) | (0<<DDC0);
0000c5 bbe4      	OUT  0x14,R30
                 ; 0000 0053 // State: Bit7=T Bit6=T Bit5=T Bit4=T Bit3=T Bit2=T Bit1=T Bit0=T
                 ; 0000 0054 PORTC=(0<<PORTC7) | (0<<PORTC6) | (0<<PORTC5) | (0<<PORTC4) | (0<<PORTC3) | (0<<PORTC2) | (0<<PORTC1) | (0<<PORTC0);
0000c6 bbe5      	OUT  0x15,R30
                 ; 0000 0055 
                 ; 0000 0056 // Port D initialization
                 ; 0000 0057 // Function: Bit7=In Bit6=In Bit5=In Bit4=In Bit3=In Bit2=In Bit1=In Bit0=In
                 ; 0000 0058 DDRD=(0<<DDD7) | (0<<DDD6) | (0<<DDD5) | (0<<DDD4) | (0<<DDD3) | (0<<DDD2) | (0<<DDD1) | (0<<DDD0);
0000c7 bbe1      	OUT  0x11,R30
                 ; 0000 0059 // State: Bit7=T Bit6=T Bit5=T Bit4=T Bit3=T Bit2=T Bit1=T Bit0=T
                 ; 0000 005A PORTD=(0<<PORTD7) | (0<<PORTD6) | (0<<PORTD5) | (0<<PORTD4) | (0<<PORTD3) | (0<<PORTD2) | (0<<PORTD1) | (0<<PORTD0);
0000c8 bbe2      	OUT  0x12,R30
                 ; 0000 005B 
                 ; 0000 005C // Timer/Counter 0 initialization
                 ; 0000 005D // Clock source: System Clock
                 ; 0000 005E // Clock value: Timer 0 Stopped
                 ; 0000 005F // Mode: Normal top=0xFF
                 ; 0000 0060 // OC0 output: Disconnected
                 ; 0000 0061 TCCR0=(0<<WGM00) | (0<<COM01) | (0<<COM00) | (0<<WGM01) | (0<<CS02) | (0<<CS01) | (0<<CS00);
0000c9 bfe3      	OUT  0x33,R30
                 ; 0000 0062 TCNT0=0x00;
0000ca bfe2      	OUT  0x32,R30
                 ; 0000 0063 OCR0=0x00;
0000cb bfec      	OUT  0x3C,R30
                 ; 0000 0064 
                 ; 0000 0065 // Timer/Counter 1 initialization
                 ; 0000 0066 // Clock source: System Clock
                 ; 0000 0067 // Clock value: 1000.000 kHz
                 ; 0000 0068 // Mode: CTC top=OCR1A
                 ; 0000 0069 // OC1A output: Disconnected
                 ; 0000 006A // OC1B output: Disconnected
                 ; 0000 006B // Noise Canceler: Off
                 ; 0000 006C // Input Capture on Falling Edge
                 ; 0000 006D // Timer Period: 0.5 ms
                 ; 0000 006E // Timer1 Overflow Interrupt: Off
                 ; 0000 006F // Input Capture Interrupt: Off
                 ; 0000 0070 // Compare A Match Interrupt: On
                 ; 0000 0071 // Compare B Match Interrupt: Off
                 ; 0000 0072 TCCR1A=(0<<COM1A1) | (0<<COM1A0) | (0<<COM1B1) | (0<<COM1B0) | (0<<WGM11) | (0<<WGM10);
0000cc bdef      	OUT  0x2F,R30
                 ; 0000 0073 TCCR1B=(0<<ICNC1) | (0<<ICES1) | (0<<WGM13) | (1<<WGM12) | (0<<CS12) | (0<<CS11) | (1<<CS10);
0000cd e0e9      	LDI  R30,LOW(9)
0000ce bdee      	OUT  0x2E,R30
                 ; 0000 0074 TCNT1H=0x01;
0000cf e0e1      	LDI  R30,LOW(1)
0000d0 bded      	OUT  0x2D,R30
                 ; 0000 0075 TCNT1L=0xF3;
0000d1 efe3      	LDI  R30,LOW(243)
0000d2 bdec      	OUT  0x2C,R30
                 ; 0000 0076 ICR1H=0x00;
0000d3 e0e0      	LDI  R30,LOW(0)
0000d4 bde7      	OUT  0x27,R30
                 ; 0000 0077 ICR1L=0x00;
0000d5 bde6      	OUT  0x26,R30
                 ; 0000 0078 OCR1AH=0x01;
0000d6 e0e1      	LDI  R30,LOW(1)
0000d7 bdeb      	OUT  0x2B,R30
                 ; 0000 0079 OCR1AL=0xF3;
0000d8 efe3      	LDI  R30,LOW(243)
0000d9 bdea      	OUT  0x2A,R30
                 ; 0000 007A OCR1BH=0x00;
0000da e0e0      	LDI  R30,LOW(0)
0000db bde9      	OUT  0x29,R30
                 ; 0000 007B OCR1BL=0x00;
0000dc bde8      	OUT  0x28,R30
                 ; 0000 007C 
                 ; 0000 007D // Timer/Counter 2 initialization
                 ; 0000 007E // Clock source: System Clock
                 ; 0000 007F // Clock value: Timer2 Stopped
                 ; 0000 0080 // Mode: Normal top=0xFF
                 ; 0000 0081 // OC2 output: Disconnected
                 ; 0000 0082 ASSR=0<<AS2;
0000dd bde2      	OUT  0x22,R30
                 ; 0000 0083 TCCR2=(0<<PWM2) | (0<<COM21) | (0<<COM20) | (0<<CTC2) | (0<<CS22) | (0<<CS21) | (0<<CS20);
0000de bde5      	OUT  0x25,R30
                 ; 0000 0084 TCNT2=0x00;
0000df bde4      	OUT  0x24,R30
                 ; 0000 0085 OCR2=0x00;
0000e0 bde3      	OUT  0x23,R30
                 ; 0000 0086 
                 ; 0000 0087 // Timer(s)/Counter(s) Interrupt(s) initialization
                 ; 0000 0088 TIMSK=(0<<OCIE2) | (0<<TOIE2) | (0<<TICIE1) | (1<<OCIE1A) | (0<<OCIE1B) | (0<<TOIE1) | (0<<OCIE0) | (0<<TOIE0);
0000e1 e1e0      	LDI  R30,LOW(16)
0000e2 bfe9      	OUT  0x39,R30
                 ; 0000 0089 
                 ; 0000 008A // External Interrupt(s) initialization
                 ; 0000 008B // INT0: On
                 ; 0000 008C // INT0 Mode: Any change
                 ; 0000 008D // INT1: Off
                 ; 0000 008E // INT2: Off
                 ; 0000 008F GICR|=(0<<INT1) | (1<<INT0) | (0<<INT2);
0000e3 b7eb      	IN   R30,0x3B
0000e4 64e0      	ORI  R30,0x40
0000e5 bfeb      	OUT  0x3B,R30
                 ; 0000 0090 MCUCR=(0<<ISC11) | (0<<ISC10) | (0<<ISC01) | (1<<ISC00);
0000e6 e0e1      	LDI  R30,LOW(1)
0000e7 bfe5      	OUT  0x35,R30
                 ; 0000 0091 MCUCSR=(0<<ISC2);
0000e8 e0e0      	LDI  R30,LOW(0)
0000e9 bfe4      	OUT  0x34,R30
                 ; 0000 0092 GIFR=(0<<INTF1) | (1<<INTF0) | (0<<INTF2);
0000ea e4e0      	LDI  R30,LOW(64)
0000eb bfea      	OUT  0x3A,R30
                 ; 0000 0093 
                 ; 0000 0094 // USART initialization
                 ; 0000 0095 // USART disabled
                 ; 0000 0096 UCSRB=(0<<RXCIE) | (0<<TXCIE) | (0<<UDRIE) | (0<<RXEN) | (0<<TXEN) | (0<<UCSZ2) | (0<<RXB8) | (0<<TXB8);
0000ec e0e0      	LDI  R30,LOW(0)
0000ed b9ea      	OUT  0xA,R30
                 ; 0000 0097 
                 ; 0000 0098 // Analog Comparator initialization
                 ; 0000 0099 // Analog Comparator: Off
                 ; 0000 009A // The Analog Comparator's positive input is
                 ; 0000 009B // connected to the AIN0 pin
                 ; 0000 009C // The Analog Comparator's negative input is
                 ; 0000 009D // connected to the AIN1 pin
                 ; 0000 009E ACSR=(1<<ACD) | (0<<ACBG) | (0<<ACO) | (0<<ACI) | (0<<ACIE) | (0<<ACIC) | (0<<ACIS1) | (0<<ACIS0);
0000ee e8e0      	LDI  R30,LOW(128)
0000ef b9e8      	OUT  0x8,R30
                 ; 0000 009F SFIOR=(0<<ACME);
0000f0 e0e0      	LDI  R30,LOW(0)
0000f1 bfe0      	OUT  0x30,R30
                 ; 0000 00A0 
                 ; 0000 00A1 // ADC initialization
                 ; 0000 00A2 // ADC disabled
                 ; 0000 00A3 ADCSRA=(0<<ADEN) | (0<<ADSC) | (0<<ADATE) | (0<<ADIF) | (0<<ADIE) | (0<<ADPS2) | (0<<ADPS1) | (0<<ADPS0);
0000f2 b9e6      	OUT  0x6,R30
                 ; 0000 00A4 
                 ; 0000 00A5 // SPI initialization
                 ; 0000 00A6 // SPI disabled
                 ; 0000 00A7 SPCR=(0<<SPIE) | (0<<SPE) | (0<<DORD) | (0<<MSTR) | (0<<CPOL) | (0<<CPHA) | (0<<SPR1) | (0<<SPR0);
0000f3 b9ed      	OUT  0xD,R30
                 ; 0000 00A8 
                 ; 0000 00A9 // TWI initialization
                 ; 0000 00AA // TWI disabled
                 ; 0000 00AB TWCR=(0<<TWEA) | (0<<TWSTA) | (0<<TWSTO) | (0<<TWEN) | (0<<TWIE);
0000f4 bfe6      	OUT  0x36,R30
                 ; 0000 00AC 
                 ; 0000 00AD // Global enable interrupts
                 ; 0000 00AE #asm("sei")
0000f5 9478      	sei
                 ; 0000 00AF lcd_init(16);
0000f6 e1a0      	LDI  R26,LOW(16)
0000f7 940e 0362 	CALL _lcd_init
                 ; 0000 00B0 while (1)
                 _0xF:
                 ; 0000 00B1       {
                 ; 0000 00B2       // Place your code here
                 ; 0000 00B3        lcd_clear();
0000f9 940e 0313 	CALL _lcd_clear
                 ; 0000 00B4        sprintf(lcd_buffer,"Timer0 Value: %d",cnt);
0000fb e6e2      	LDI  R30,LOW(_lcd_buffer)
0000fc e0f2      	LDI  R31,HIGH(_lcd_buffer)
0000fd 93fa      	ST   -Y,R31
0000fe 93ea      	ST   -Y,R30
                +
0000ff e6ec     +LDI R30 , LOW ( 2 * _0x0 + ( 0 ) )
000100 e0f0     +LDI R31 , HIGH ( 2 * _0x0 + ( 0 ) )
                 	__POINTW1FN _0x0,0
000101 93fa      	ST   -Y,R31
000102 93ea      	ST   -Y,R30
000103 01f2      	MOVW R30,R4
000104 940e 03f5 	CALL __CWD1
000106 940e 0402 	CALL __PUTPARD1
000108 e084      	LDI  R24,4
000109 940e 028f 	CALL _sprintf
00010b 9628      	ADIW R28,8
                 ; 0000 00B5        lcd_gotoxy(0,0);
00010c e0e0      	LDI  R30,LOW(0)
00010d 93ea      	ST   -Y,R30
00010e e0a0      	LDI  R26,LOW(0)
00010f 940e 0303 	CALL _lcd_gotoxy
                 ; 0000 00B6        lcd_puts(lcd_buffer);
000111 e6a2      	LDI  R26,LOW(_lcd_buffer)
000112 e0b2      	LDI  R27,HIGH(_lcd_buffer)
000113 940e 0340 	CALL _lcd_puts
                 ; 0000 00B7        delay_ms(500);
000115 efa4      	LDI  R26,LOW(500)
000116 e0b1      	LDI  R27,HIGH(500)
000117 940e 03e3 	CALL _delay_ms
                 ; 0000 00B8       }
000119 cfdf      	RJMP _0xF
                 ; 0000 00B9 }
                 _0x12:
00011a cfff      	RJMP _0x12
                 ; .FEND
                 	#ifndef __SLEEP_DEFINED__
                 	#endif
                 
                 	.CSEG
                 _put_buff_G100:
                 ; .FSTART _put_buff_G100
00011b 93ba      	ST   -Y,R27
00011c 93aa      	ST   -Y,R26
00011d 931a      	ST   -Y,R17
00011e 930a      	ST   -Y,R16
00011f 81aa      	LDD  R26,Y+2
000120 81bb      	LDD  R27,Y+2+1
000121 9612      	ADIW R26,2
000122 940e 03fa 	CALL __GETW1P
000124 9730      	SBIW R30,0
000125 f159      	BREQ _0x2000010
000126 81aa      	LDD  R26,Y+2
000127 81bb      	LDD  R27,Y+2+1
000128 9614      	ADIW R26,4
000129 940e 03fa 	CALL __GETW1P
00012b 018f      	MOVW R16,R30
00012c 9730      	SBIW R30,0
00012d f061      	BREQ _0x2000012
                +
00012e 3002     +CPI R16 , LOW ( 2 )
00012f e0e0     +LDI R30 , HIGH ( 2 )
000130 071e     +CPC R17 , R30
                 	__CPWRN 16,17,2
000131 f098      	BRLO _0x2000013
000132 01f8      	MOVW R30,R16
000133 9731      	SBIW R30,1
000134 018f      	MOVW R16,R30
                +
000135 81aa     +LDD R26 , Y + 2
000136 81bb     +LDD R27 , Y + 2 + 1
000137 9614     +ADIW R26 , 4
000138 93ed     +ST X + , R30
000139 93fc     +ST X , R31
                 	__PUTW1SNS 2,4
                 _0x2000012:
00013a 81aa      	LDD  R26,Y+2
00013b 81bb      	LDD  R27,Y+2+1
00013c 9612      	ADIW R26,2
00013d 91ed      	LD   R30,X+
00013e 91fd      	LD   R31,X+
00013f 9631      	ADIW R30,1
000140 93fe      	ST   -X,R31
000141 93ee      	ST   -X,R30
000142 9731      	SBIW R30,1
000143 81ac      	LDD  R26,Y+4
000144 83a0      	STD  Z+0,R26
                 _0x2000013:
000145 81aa      	LDD  R26,Y+2
000146 81bb      	LDD  R27,Y+2+1
000147 940e 03fa 	CALL __GETW1P
000149 23ff      	TST  R31
00014a f02a      	BRMI _0x2000014
00014b 91ed      	LD   R30,X+
00014c 91fd      	LD   R31,X+
00014d 9631      	ADIW R30,1
00014e 93fe      	ST   -X,R31
00014f 93ee      	ST   -X,R30
                 _0x2000014:
000150 c006      	RJMP _0x2000015
                 _0x2000010:
000151 81aa      	LDD  R26,Y+2
000152 81bb      	LDD  R27,Y+2+1
000153 efef      	LDI  R30,LOW(65535)
000154 efff      	LDI  R31,HIGH(65535)
000155 93ed      	ST   X+,R30
000156 93fc      	ST   X,R31
                 _0x2000015:
000157 8119      	LDD  R17,Y+1
000158 8108      	LDD  R16,Y+0
000159 9625      	ADIW R28,5
00015a 9508      	RET
                 ; .FEND
                 __print_G100:
                 ; .FSTART __print_G100
00015b 93ba      	ST   -Y,R27
00015c 93aa      	ST   -Y,R26
00015d 9726      	SBIW R28,6
00015e 940e 0407 	CALL __SAVELOCR6
000160 e010      	LDI  R17,0
000161 85ac      	LDD  R26,Y+12
000162 85bd      	LDD  R27,Y+12+1
000163 e0e0      	LDI  R30,LOW(0)
000164 e0f0      	LDI  R31,HIGH(0)
000165 93ed      	ST   X+,R30
000166 93fc      	ST   X,R31
                 _0x2000016:
000167 89ea      	LDD  R30,Y+18
000168 89fb      	LDD  R31,Y+18+1
000169 9631      	ADIW R30,1
00016a 8bea      	STD  Y+18,R30
00016b 8bfb      	STD  Y+18+1,R31
00016c 9731      	SBIW R30,1
00016d 91e4      	LPM  R30,Z
00016e 2f2e      	MOV  R18,R30
00016f 30e0      	CPI  R30,0
000170 f409      	BRNE PC+2
000171 c115      	RJMP _0x2000018
000172 2fe1      	MOV  R30,R17
000173 30e0      	CPI  R30,0
000174 f439      	BRNE _0x200001C
000175 3225      	CPI  R18,37
000176 f411      	BRNE _0x200001D
000177 e011      	LDI  R17,LOW(1)
000178 c002      	RJMP _0x200001E
                 _0x200001D:
000179 940e 03ae 	CALL SUBOPT_0x0
                 _0x200001E:
00017b c10a      	RJMP _0x200001B
                 _0x200001C:
00017c 30e1      	CPI  R30,LOW(0x1)
00017d f4a9      	BRNE _0x200001F
00017e 3225      	CPI  R18,37
00017f f419      	BRNE _0x2000020
000180 940e 03ae 	CALL SUBOPT_0x0
000182 c102      	RJMP _0x20000CC
                 _0x2000020:
000183 e012      	LDI  R17,LOW(2)
000184 e040      	LDI  R20,LOW(0)
000185 e000      	LDI  R16,LOW(0)
000186 322d      	CPI  R18,45
000187 f411      	BRNE _0x2000021
000188 e001      	LDI  R16,LOW(1)
000189 c0fc      	RJMP _0x200001B
                 _0x2000021:
00018a 322b      	CPI  R18,43
00018b f411      	BRNE _0x2000022
00018c e24b      	LDI  R20,LOW(43)
00018d c0f8      	RJMP _0x200001B
                 _0x2000022:
00018e 3220      	CPI  R18,32
00018f f411      	BRNE _0x2000023
000190 e240      	LDI  R20,LOW(32)
000191 c0f4      	RJMP _0x200001B
                 _0x2000023:
000192 c002      	RJMP _0x2000024
                 _0x200001F:
000193 30e2      	CPI  R30,LOW(0x2)
000194 f439      	BRNE _0x2000025
                 _0x2000024:
000195 e050      	LDI  R21,LOW(0)
000196 e013      	LDI  R17,LOW(3)
000197 3320      	CPI  R18,48
000198 f411      	BRNE _0x2000026
000199 6800      	ORI  R16,LOW(128)
00019a c0eb      	RJMP _0x200001B
                 _0x2000026:
00019b c003      	RJMP _0x2000027
                 _0x2000025:
00019c 30e3      	CPI  R30,LOW(0x3)
00019d f009      	BREQ PC+2
00019e c0e7      	RJMP _0x200001B
                 _0x2000027:
00019f 3320      	CPI  R18,48
0001a0 f010      	BRLO _0x200002A
0001a1 332a      	CPI  R18,58
0001a2 f008      	BRLO _0x200002B
                 _0x200002A:
0001a3 c007      	RJMP _0x2000029
                 _0x200002B:
0001a4 e0aa      	LDI  R26,LOW(10)
0001a5 9f5a      	MUL  R21,R26
0001a6 2d50      	MOV  R21,R0
0001a7 2fe2      	MOV  R30,R18
0001a8 53e0      	SUBI R30,LOW(48)
0001a9 0f5e      	ADD  R21,R30
0001aa c0db      	RJMP _0x200001B
                 _0x2000029:
0001ab 2fe2      	MOV  R30,R18
0001ac 36e3      	CPI  R30,LOW(0x63)
0001ad f449      	BRNE _0x200002F
0001ae 940e 03b5 	CALL SUBOPT_0x1
0001b0 89e8      	LDD  R30,Y+16
0001b1 89f9      	LDD  R31,Y+16+1
0001b2 81a4      	LDD  R26,Z+4
0001b3 93aa      	ST   -Y,R26
0001b4 940e 03bb 	CALL SUBOPT_0x2
0001b6 c0ce      	RJMP _0x2000030
                 _0x200002F:
0001b7 37e3      	CPI  R30,LOW(0x73)
0001b8 f441      	BRNE _0x2000032
0001b9 940e 03b5 	CALL SUBOPT_0x1
0001bb 940e 03c1 	CALL SUBOPT_0x3
0001bd 940e 0395 	CALL _strlen
0001bf 2f1e      	MOV  R17,R30
0001c0 c00a      	RJMP _0x2000033
                 _0x2000032:
0001c1 37e0      	CPI  R30,LOW(0x70)
0001c2 f461      	BRNE _0x2000035
0001c3 940e 03b5 	CALL SUBOPT_0x1
0001c5 940e 03c1 	CALL SUBOPT_0x3
0001c7 940e 03a1 	CALL _strlenf
0001c9 2f1e      	MOV  R17,R30
0001ca 6008      	ORI  R16,LOW(8)
                 _0x2000033:
0001cb 6002      	ORI  R16,LOW(2)
0001cc 770f      	ANDI R16,LOW(127)
0001cd e030      	LDI  R19,LOW(0)
0001ce c034      	RJMP _0x2000036
                 _0x2000035:
0001cf 36e4      	CPI  R30,LOW(0x64)
0001d0 f011      	BREQ _0x2000039
0001d1 36e9      	CPI  R30,LOW(0x69)
0001d2 f411      	BRNE _0x200003A
                 _0x2000039:
0001d3 6004      	ORI  R16,LOW(4)
0001d4 c002      	RJMP _0x200003B
                 _0x200003A:
0001d5 37e5      	CPI  R30,LOW(0x75)
0001d6 f431      	BRNE _0x200003C
                 _0x200003B:
0001d7 e5e4      	LDI  R30,LOW(_tbl10_G100*2)
0001d8 e0f0      	LDI  R31,HIGH(_tbl10_G100*2)
0001d9 83ee      	STD  Y+6,R30
0001da 83ff      	STD  Y+6+1,R31
0001db e015      	LDI  R17,LOW(5)
0001dc c00c      	RJMP _0x200003D
                 _0x200003C:
0001dd 35e8      	CPI  R30,LOW(0x58)
0001de f411      	BRNE _0x200003F
0001df 6008      	ORI  R16,LOW(8)
0001e0 c003      	RJMP _0x2000040
                 _0x200003F:
0001e1 37e8      	CPI  R30,LOW(0x78)
0001e2 f009      	BREQ PC+2
0001e3 c0a1      	RJMP _0x2000071
                 _0x2000040:
0001e4 e5ee      	LDI  R30,LOW(_tbl16_G100*2)
0001e5 e0f0      	LDI  R31,HIGH(_tbl16_G100*2)
0001e6 83ee      	STD  Y+6,R30
0001e7 83ff      	STD  Y+6+1,R31
0001e8 e014      	LDI  R17,LOW(4)
                 _0x200003D:
0001e9 ff02      	SBRS R16,2
0001ea c014      	RJMP _0x2000042
0001eb 940e 03b5 	CALL SUBOPT_0x1
0001ed 940e 03cb 	CALL SUBOPT_0x4
0001ef 85ab      	LDD  R26,Y+11
0001f0 23aa      	TST  R26
0001f1 f43a      	BRPL _0x2000043
0001f2 85ea      	LDD  R30,Y+10
0001f3 85fb      	LDD  R31,Y+10+1
0001f4 940e 03f1 	CALL __ANEGW1
0001f6 87ea      	STD  Y+10,R30
0001f7 87fb      	STD  Y+10+1,R31
0001f8 e24d      	LDI  R20,LOW(45)
                 _0x2000043:
0001f9 3040      	CPI  R20,0
0001fa f011      	BREQ _0x2000044
0001fb 5f1f      	SUBI R17,-LOW(1)
0001fc c001      	RJMP _0x2000045
                 _0x2000044:
0001fd 7f0b      	ANDI R16,LOW(251)
                 _0x2000045:
0001fe c004      	RJMP _0x2000046
                 _0x2000042:
0001ff 940e 03b5 	CALL SUBOPT_0x1
000201 940e 03cb 	CALL SUBOPT_0x4
                 _0x2000046:
                 _0x2000036:
000203 fd00      	SBRC R16,0
000204 c011      	RJMP _0x2000047
                 _0x2000048:
000205 1715      	CP   R17,R21
000206 f478      	BRSH _0x200004A
000207 ff07      	SBRS R16,7
000208 c008      	RJMP _0x200004B
000209 ff02      	SBRS R16,2
00020a c004      	RJMP _0x200004C
00020b 7f0b      	ANDI R16,LOW(251)
00020c 2f24      	MOV  R18,R20
00020d 5011      	SUBI R17,LOW(1)
00020e c001      	RJMP _0x200004D
                 _0x200004C:
00020f e320      	LDI  R18,LOW(48)
                 _0x200004D:
000210 c001      	RJMP _0x200004E
                 _0x200004B:
000211 e220      	LDI  R18,LOW(32)
                 _0x200004E:
000212 940e 03ae 	CALL SUBOPT_0x0
000214 5051      	SUBI R21,LOW(1)
000215 cfef      	RJMP _0x2000048
                 _0x200004A:
                 _0x2000047:
000216 2f31      	MOV  R19,R17
000217 ff01      	SBRS R16,1
000218 c017      	RJMP _0x200004F
                 _0x2000050:
000219 3030      	CPI  R19,0
00021a f0a1      	BREQ _0x2000052
00021b ff03      	SBRS R16,3
00021c c006      	RJMP _0x2000053
00021d 81ee      	LDD  R30,Y+6
00021e 81ff      	LDD  R31,Y+6+1
00021f 9125      	LPM  R18,Z+
000220 83ee      	STD  Y+6,R30
000221 83ff      	STD  Y+6+1,R31
000222 c005      	RJMP _0x2000054
                 _0x2000053:
000223 81ae      	LDD  R26,Y+6
000224 81bf      	LDD  R27,Y+6+1
000225 912d      	LD   R18,X+
000226 83ae      	STD  Y+6,R26
000227 83bf      	STD  Y+6+1,R27
                 _0x2000054:
000228 940e 03ae 	CALL SUBOPT_0x0
00022a 3050      	CPI  R21,0
00022b f009      	BREQ _0x2000055
00022c 5051      	SUBI R21,LOW(1)
                 _0x2000055:
00022d 5031      	SUBI R19,LOW(1)
00022e cfea      	RJMP _0x2000050
                 _0x2000052:
00022f c04b      	RJMP _0x2000056
                 _0x200004F:
                 _0x2000058:
000230 e320      	LDI  R18,LOW(48)
000231 81ee      	LDD  R30,Y+6
000232 81ff      	LDD  R31,Y+6+1
000233 940e 03fe 	CALL __GETW1PF
000235 87e8      	STD  Y+8,R30
000236 87f9      	STD  Y+8+1,R31
000237 81ee      	LDD  R30,Y+6
000238 81ff      	LDD  R31,Y+6+1
000239 9632      	ADIW R30,2
00023a 83ee      	STD  Y+6,R30
00023b 83ff      	STD  Y+6+1,R31
                 _0x200005A:
00023c 85e8      	LDD  R30,Y+8
00023d 85f9      	LDD  R31,Y+8+1
00023e 85aa      	LDD  R26,Y+10
00023f 85bb      	LDD  R27,Y+10+1
000240 17ae      	CP   R26,R30
000241 07bf      	CPC  R27,R31
000242 f050      	BRLO _0x200005C
000243 5f2f      	SUBI R18,-LOW(1)
000244 85a8      	LDD  R26,Y+8
000245 85b9      	LDD  R27,Y+8+1
000246 85ea      	LDD  R30,Y+10
000247 85fb      	LDD  R31,Y+10+1
000248 1bea      	SUB  R30,R26
000249 0bfb      	SBC  R31,R27
00024a 87ea      	STD  Y+10,R30
00024b 87fb      	STD  Y+10+1,R31
00024c cfef      	RJMP _0x200005A
                 _0x200005C:
00024d 332a      	CPI  R18,58
00024e f028      	BRLO _0x200005D
00024f ff03      	SBRS R16,3
000250 c002      	RJMP _0x200005E
000251 5f29      	SUBI R18,-LOW(7)
000252 c001      	RJMP _0x200005F
                 _0x200005E:
000253 5d29      	SUBI R18,-LOW(39)
                 _0x200005F:
                 _0x200005D:
000254 fd04      	SBRC R16,4
000255 c01a      	RJMP _0x2000061
000256 3321      	CPI  R18,49
000257 f420      	BRSH _0x2000063
000258 85a8      	LDD  R26,Y+8
000259 85b9      	LDD  R27,Y+8+1
00025a 9711      	SBIW R26,1
00025b f409      	BRNE _0x2000062
                 _0x2000063:
00025c c009      	RJMP _0x20000CD
                 _0x2000062:
00025d 1753      	CP   R21,R19
00025e f010      	BRLO _0x2000067
00025f ff00      	SBRS R16,0
000260 c001      	RJMP _0x2000068
                 _0x2000067:
000261 c013      	RJMP _0x2000066
                 _0x2000068:
000262 e220      	LDI  R18,LOW(32)
000263 ff07      	SBRS R16,7
000264 c00b      	RJMP _0x2000069
000265 e320      	LDI  R18,LOW(48)
                 _0x20000CD:
000266 6100      	ORI  R16,LOW(16)
000267 ff02      	SBRS R16,2
000268 c007      	RJMP _0x200006A
000269 7f0b      	ANDI R16,LOW(251)
00026a 934a      	ST   -Y,R20
00026b 940e 03bb 	CALL SUBOPT_0x2
00026d 3050      	CPI  R21,0
00026e f009      	BREQ _0x200006B
00026f 5051      	SUBI R21,LOW(1)
                 _0x200006B:
                 _0x200006A:
                 _0x2000069:
                 _0x2000061:
000270 940e 03ae 	CALL SUBOPT_0x0
000272 3050      	CPI  R21,0
000273 f009      	BREQ _0x200006C
000274 5051      	SUBI R21,LOW(1)
                 _0x200006C:
                 _0x2000066:
000275 5031      	SUBI R19,LOW(1)
000276 85a8      	LDD  R26,Y+8
000277 85b9      	LDD  R27,Y+8+1
000278 9712      	SBIW R26,2
000279 f008      	BRLO _0x2000059
00027a cfb5      	RJMP _0x2000058
                 _0x2000059:
                 _0x2000056:
00027b ff00      	SBRS R16,0
00027c c008      	RJMP _0x200006D
                 _0x200006E:
00027d 3050      	CPI  R21,0
00027e f031      	BREQ _0x2000070
00027f 5051      	SUBI R21,LOW(1)
000280 e2e0      	LDI  R30,LOW(32)
000281 93ea      	ST   -Y,R30
000282 940e 03bb 	CALL SUBOPT_0x2
000284 cff8      	RJMP _0x200006E
                 _0x2000070:
                 _0x200006D:
                 _0x2000071:
                 _0x2000030:
                 _0x20000CC:
000285 e010      	LDI  R17,LOW(0)
                 _0x200001B:
000286 cee0      	RJMP _0x2000016
                 _0x2000018:
000287 85ac      	LDD  R26,Y+12
000288 85bd      	LDD  R27,Y+12+1
000289 940e 03fa 	CALL __GETW1P
00028b 940e 040e 	CALL __LOADLOCR6
00028d 9664      	ADIW R28,20
00028e 9508      	RET
                 ; .FEND
                 _sprintf:
                 ; .FSTART _sprintf
00028f 92ff      	PUSH R15
000290 2ef8      	MOV  R15,R24
000291 9726      	SBIW R28,6
000292 940e 0409 	CALL __SAVELOCR4
000294 940e 03d3 	CALL SUBOPT_0x5
000296 9730      	SBIW R30,0
000297 f419      	BRNE _0x2000072
000298 efef      	LDI  R30,LOW(65535)
000299 efff      	LDI  R31,HIGH(65535)
00029a c023      	RJMP _0x2080002
                 _0x2000072:
00029b 01de      	MOVW R26,R28
00029c 9616      	ADIW R26,6
00029d 940e 03ed 	CALL __ADDW2R15
00029f 018d      	MOVW R16,R26
0002a0 940e 03d3 	CALL SUBOPT_0x5
0002a2 83ee      	STD  Y+6,R30
0002a3 83ff      	STD  Y+6+1,R31
0002a4 e0e0      	LDI  R30,LOW(0)
0002a5 87e8      	STD  Y+8,R30
0002a6 87e9      	STD  Y+8+1,R30
0002a7 01de      	MOVW R26,R28
0002a8 961a      	ADIW R26,10
0002a9 940e 03ed 	CALL __ADDW2R15
0002ab 940e 03fa 	CALL __GETW1P
0002ad 93fa      	ST   -Y,R31
0002ae 93ea      	ST   -Y,R30
0002af 931a      	ST   -Y,R17
0002b0 930a      	ST   -Y,R16
0002b1 e1eb      	LDI  R30,LOW(_put_buff_G100)
0002b2 e0f1      	LDI  R31,HIGH(_put_buff_G100)
0002b3 93fa      	ST   -Y,R31
0002b4 93ea      	ST   -Y,R30
0002b5 01de      	MOVW R26,R28
0002b6 961a      	ADIW R26,10
0002b7 dea3      	RCALL __print_G100
0002b8 019f      	MOVW R18,R30
0002b9 81ae      	LDD  R26,Y+6
0002ba 81bf      	LDD  R27,Y+6+1
0002bb e0e0      	LDI  R30,LOW(0)
0002bc 93ec      	ST   X,R30
0002bd 01f9      	MOVW R30,R18
                 _0x2080002:
0002be 940e 0410 	CALL __LOADLOCR4
0002c0 962a      	ADIW R28,10
0002c1 90ff      	POP  R15
0002c2 9508      	RET
                 ; .FEND
                     .equ __lcd_direction=__lcd_port-1
                     .equ __lcd_pin=__lcd_port-2
                     .equ __lcd_rs=0
                     .equ __lcd_rd=1
                     .equ __lcd_enable=2
                     .equ __lcd_busy_flag=7
                 
                 	.DSEG
                 
                 	.CSEG
                 __lcd_delay_G101:
                 ; .FSTART __lcd_delay_G101
0002c3 e0ff          ldi   r31,15
                 __lcd_delay0:
0002c4 95fa          dec   r31
0002c5 f7f1          brne  __lcd_delay0
0002c6 9508      	RET
                 ; .FEND
                 __lcd_ready:
                 ; .FSTART __lcd_ready
0002c7 b3aa          in    r26,__lcd_direction
0002c8 70af          andi  r26,0xf                 ;set as input
0002c9 bbaa          out   __lcd_direction,r26
0002ca 9ad9          sbi   __lcd_port,__lcd_rd     ;RD=1
0002cb 98d8          cbi   __lcd_port,__lcd_rs     ;RS=0
                 __lcd_busy:
0002cc dff6      	RCALL __lcd_delay_G101
0002cd 9ada          sbi   __lcd_port,__lcd_enable ;EN=1
0002ce dff4      	RCALL __lcd_delay_G101
0002cf b3a9          in    r26,__lcd_pin
0002d0 98da          cbi   __lcd_port,__lcd_enable ;EN=0
0002d1 dff1      	RCALL __lcd_delay_G101
0002d2 9ada          sbi   __lcd_port,__lcd_enable ;EN=1
0002d3 dfef      	RCALL __lcd_delay_G101
0002d4 98da          cbi   __lcd_port,__lcd_enable ;EN=0
0002d5 fda7          sbrc  r26,__lcd_busy_flag
0002d6 cff5          rjmp  __lcd_busy
0002d7 9508      	RET
                 ; .FEND
                 __lcd_write_nibble_G101:
                 ; .FSTART __lcd_write_nibble_G101
0002d8 7fa0          andi  r26,0xf0
0002d9 2bab          or    r26,r27
0002da bbab          out   __lcd_port,r26          ;write
0002db 9ada          sbi   __lcd_port,__lcd_enable ;EN=1
0002dc 940e 02c3 	CALL __lcd_delay_G101
0002de 98da          cbi   __lcd_port,__lcd_enable ;EN=0
0002df 940e 02c3 	CALL __lcd_delay_G101
0002e1 9508      	RET
                 ; .FEND
                 __lcd_write_data:
                 ; .FSTART __lcd_write_data
0002e2 93aa      	ST   -Y,R26
0002e3 98d9          cbi  __lcd_port,__lcd_rd 	  ;RD=0
0002e4 b3aa          in    r26,__lcd_direction
0002e5 6fa7          ori   r26,0xf0 | (1<<__lcd_rs) | (1<<__lcd_rd) | (1<<__lcd_enable) ;set as output
0002e6 bbaa          out   __lcd_direction,r26
0002e7 b3bb          in    r27,__lcd_port
0002e8 70bf          andi  r27,0xf
0002e9 81a8          ld    r26,y
0002ea dfed      	RCALL __lcd_write_nibble_G101
0002eb 81a8          ld    r26,y
0002ec 95a2          swap  r26
0002ed dfea      	RCALL __lcd_write_nibble_G101
0002ee 9ad9          sbi   __lcd_port,__lcd_rd     ;RD=1
0002ef 940c 0393 	JMP  _0x2080001
                 ; .FEND
                 __lcd_read_nibble_G101:
                 ; .FSTART __lcd_read_nibble_G101
0002f1 9ada          sbi   __lcd_port,__lcd_enable ;EN=1
0002f2 940e 02c3 	CALL __lcd_delay_G101
0002f4 b3e9          in    r30,__lcd_pin           ;read
0002f5 98da          cbi   __lcd_port,__lcd_enable ;EN=0
0002f6 940e 02c3 	CALL __lcd_delay_G101
0002f8 7fe0          andi  r30,0xf0
0002f9 9508      	RET
                 ; .FEND
                 _lcd_read_byte0_G101:
                 ; .FSTART _lcd_read_byte0_G101
0002fa 940e 02c3 	CALL __lcd_delay_G101
0002fc dff4      	RCALL __lcd_read_nibble_G101
0002fd 2fae          mov   r26,r30
0002fe dff2      	RCALL __lcd_read_nibble_G101
0002ff 98d9          cbi   __lcd_port,__lcd_rd     ;RD=0
000300 95e2          swap  r30
000301 2bea          or    r30,r26
000302 9508      	RET
                 ; .FEND
                 _lcd_gotoxy:
                 ; .FSTART _lcd_gotoxy
000303 93aa      	ST   -Y,R26
000304 940e 02c7 	CALL __lcd_ready
000306 81e8      	LD   R30,Y
000307 e0f0      	LDI  R31,0
000308 58ee      	SUBI R30,LOW(-__base_y_G101)
000309 4ffd      	SBCI R31,HIGH(-__base_y_G101)
00030a 81e0      	LD   R30,Z
00030b 81a9      	LDD  R26,Y+1
00030c 0fae      	ADD  R26,R30
00030d 940e 02e2 	CALL __lcd_write_data
00030f 8069      	LDD  R6,Y+1
000310 8098      	LDD  R9,Y+0
000311 9622      	ADIW R28,2
000312 9508      	RET
                 ; .FEND
                 _lcd_clear:
                 ; .FSTART _lcd_clear
000313 940e 02c7 	CALL __lcd_ready
000315 e0a2      	LDI  R26,LOW(2)
000316 940e 02e2 	CALL __lcd_write_data
000318 940e 02c7 	CALL __lcd_ready
00031a e0ac      	LDI  R26,LOW(12)
00031b 940e 02e2 	CALL __lcd_write_data
00031d 940e 02c7 	CALL __lcd_ready
00031f e0a1      	LDI  R26,LOW(1)
000320 940e 02e2 	CALL __lcd_write_data
000322 e0e0      	LDI  R30,LOW(0)
000323 2e9e      	MOV  R9,R30
000324 2e6e      	MOV  R6,R30
000325 9508      	RET
                 ; .FEND
                 _lcd_putchar:
                 ; .FSTART _lcd_putchar
000326 93aa      	ST   -Y,R26
000327 93ef          push r30
000328 93ff          push r31
000329 81a8          ld   r26,y
00032a 9468          set
00032b 30aa          cpi  r26,10
00032c f019          breq __lcd_putchar1
00032d 94e8          clt
00032e 1468      	CP   R6,R8
00032f f030      	BRLO _0x2020004
                 	__lcd_putchar1:
000330 9493      	INC  R9
000331 e0e0      	LDI  R30,LOW(0)
000332 93ea      	ST   -Y,R30
000333 2da9      	MOV  R26,R9
000334 dfce      	RCALL _lcd_gotoxy
000335 f036      	brts __lcd_putchar0
                 _0x2020004:
000336 9463      	INC  R6
000337 df8f          rcall __lcd_ready
000338 9ad8          sbi  __lcd_port,__lcd_rs ;RS=1
000339 81a8      	LD   R26,Y
00033a 940e 02e2 	CALL __lcd_write_data
                 __lcd_putchar0:
00033c 91ff          pop  r31
00033d 91ef          pop  r30
00033e 940c 0393 	JMP  _0x2080001
                 ; .FEND
                 _lcd_puts:
                 ; .FSTART _lcd_puts
000340 93ba      	ST   -Y,R27
000341 93aa      	ST   -Y,R26
000342 931a      	ST   -Y,R17
                 _0x2020005:
000343 81a9      	LDD  R26,Y+1
000344 81ba      	LDD  R27,Y+1+1
000345 91ed      	LD   R30,X+
000346 83a9      	STD  Y+1,R26
000347 83ba      	STD  Y+1+1,R27
000348 2f1e      	MOV  R17,R30
000349 30e0      	CPI  R30,0
00034a f019      	BREQ _0x2020007
00034b 2fa1      	MOV  R26,R17
00034c dfd9      	RCALL _lcd_putchar
00034d cff5      	RJMP _0x2020005
                 _0x2020007:
00034e 8118      	LDD  R17,Y+0
00034f 9623      	ADIW R28,3
000350 9508      	RET
                 ; .FEND
                 __long_delay_G101:
                 ; .FSTART __long_delay_G101
000351 27aa          clr   r26
000352 27bb          clr   r27
                 __long_delay0:
000353 9711          sbiw  r26,1         ;2 cycles
000354 f7f1          brne  __long_delay0 ;2 cycles
000355 9508      	RET
                 ; .FEND
                 __lcd_init_write_G101:
                 ; .FSTART __lcd_init_write_G101
000356 93aa      	ST   -Y,R26
000357 98d9          cbi  __lcd_port,__lcd_rd 	  ;RD=0
000358 b3aa          in    r26,__lcd_direction
000359 6fa7          ori   r26,0xf7                ;set as output
00035a bbaa          out   __lcd_direction,r26
00035b b3bb          in    r27,__lcd_port
00035c 70bf          andi  r27,0xf
00035d 81a8          ld    r26,y
00035e 940e 02d8 	CALL __lcd_write_nibble_G101
000360 9ad9          sbi   __lcd_port,__lcd_rd     ;RD=1
000361 c031      	RJMP _0x2080001
                 ; .FEND
                 _lcd_init:
                 ; .FSTART _lcd_init
000362 93aa      	ST   -Y,R26
000363 98da          cbi   __lcd_port,__lcd_enable ;EN=0
000364 98d8          cbi   __lcd_port,__lcd_rs     ;RS=0
000365 8088      	LDD  R8,Y+0
000366 81e8      	LD   R30,Y
000367 58e0      	SUBI R30,-LOW(128)
                +
000368 93e0 0274+STS __base_y_G101 + ( 2 ) , R30
                 	__PUTB1MN __base_y_G101,2
00036a 81e8      	LD   R30,Y
00036b 54e0      	SUBI R30,-LOW(192)
                +
00036c 93e0 0275+STS __base_y_G101 + ( 3 ) , R30
                 	__PUTB1MN __base_y_G101,3
00036e 940e 03da 	CALL SUBOPT_0x6
000370 940e 03da 	CALL SUBOPT_0x6
000372 940e 03da 	CALL SUBOPT_0x6
000374 dfdc      	RCALL __long_delay_G101
000375 e2a0      	LDI  R26,LOW(32)
000376 dfdf      	RCALL __lcd_init_write_G101
000377 dfd9      	RCALL __long_delay_G101
000378 e2a8      	LDI  R26,LOW(40)
000379 940e 03df 	CALL SUBOPT_0x7
00037b e0a4      	LDI  R26,LOW(4)
00037c 940e 03df 	CALL SUBOPT_0x7
00037e e8a5      	LDI  R26,LOW(133)
00037f 940e 03df 	CALL SUBOPT_0x7
000381 b3aa          in    r26,__lcd_direction
000382 70af          andi  r26,0xf                 ;set as input
000383 bbaa          out   __lcd_direction,r26
000384 9ad9          sbi   __lcd_port,__lcd_rd     ;RD=1
000385 940e 02fa 	CALL _lcd_read_byte0_G101
000387 30e5      	CPI  R30,LOW(0x5)
000388 f011      	BREQ _0x202000B
000389 e0e0      	LDI  R30,LOW(0)
00038a c008      	RJMP _0x2080001
                 _0x202000B:
00038b 940e 02c7 	CALL __lcd_ready
00038d e0a6      	LDI  R26,LOW(6)
00038e 940e 02e2 	CALL __lcd_write_data
000390 940e 0313 	CALL _lcd_clear
000392 e0e1      	LDI  R30,LOW(1)
                 _0x2080001:
000393 9621      	ADIW R28,1
000394 9508      	RET
                 ; .FEND
                 
                 	.CSEG
                 
                 	.CSEG
                 _strlen:
                 ; .FSTART _strlen
000395 93ba      	ST   -Y,R27
000396 93aa      	ST   -Y,R26
000397 91a9          ld   r26,y+
000398 91b9          ld   r27,y+
000399 27ee          clr  r30
00039a 27ff          clr  r31
                 strlen0:
00039b 916d          ld   r22,x+
00039c 2366          tst  r22
00039d f011          breq strlen1
00039e 9631          adiw r30,1
00039f cffb          rjmp strlen0
                 strlen1:
0003a0 9508          ret
                 ; .FEND
                 _strlenf:
                 ; .FSTART _strlenf
0003a1 93ba      	ST   -Y,R27
0003a2 93aa      	ST   -Y,R26
0003a3 27aa          clr  r26
0003a4 27bb          clr  r27
0003a5 91e9          ld   r30,y+
0003a6 91f9          ld   r31,y+
                 strlenf0:
0003a7 9005      	lpm  r0,z+
0003a8 2000          tst  r0
0003a9 f011          breq strlenf1
0003aa 9611          adiw r26,1
0003ab cffb          rjmp strlenf0
                 strlenf1:
0003ac 01fd          movw r30,r26
0003ad 9508          ret
                 ; .FEND
                 
                 	.DSEG
                 _pulse_enable:
000260           	.BYTE 0x2
                 _lcd_buffer:
000262           	.BYTE 0x10
                 __base_y_G101:
000272           	.BYTE 0x4
                 
                 	.CSEG
                 ;OPTIMIZER ADDED SUBROUTINE, CALLED 5 TIMES, CODE SIZE REDUCTION:13 WORDS
                 SUBOPT_0x0:
0003ae 932a      	ST   -Y,R18
0003af 85ad      	LDD  R26,Y+13
0003b0 85be      	LDD  R27,Y+13+1
0003b1 85ef      	LDD  R30,Y+15
0003b2 89f8      	LDD  R31,Y+15+1
0003b3 9509      	ICALL
0003b4 9508      	RET
                 
                 ;OPTIMIZER ADDED SUBROUTINE, CALLED 5 TIMES, CODE SIZE REDUCTION:9 WORDS
                 SUBOPT_0x1:
0003b5 89e8      	LDD  R30,Y+16
0003b6 89f9      	LDD  R31,Y+16+1
0003b7 9734      	SBIW R30,4
0003b8 8be8      	STD  Y+16,R30
0003b9 8bf9      	STD  Y+16+1,R31
0003ba 9508      	RET
                 
                 ;OPTIMIZER ADDED SUBROUTINE, CALLED 3 TIMES, CODE SIZE REDUCTION:3 WORDS
                 SUBOPT_0x2:
0003bb 85ad      	LDD  R26,Y+13
0003bc 85be      	LDD  R27,Y+13+1
0003bd 85ef      	LDD  R30,Y+15
0003be 89f8      	LDD  R31,Y+15+1
0003bf 9509      	ICALL
0003c0 9508      	RET
                 
                 ;OPTIMIZER ADDED SUBROUTINE, CALLED 2 TIMES, CODE SIZE REDUCTION:4 WORDS
                 SUBOPT_0x3:
0003c1 89a8      	LDD  R26,Y+16
0003c2 89b9      	LDD  R27,Y+16+1
0003c3 9614      	ADIW R26,4
0003c4 940e 03fa 	CALL __GETW1P
0003c6 83ee      	STD  Y+6,R30
0003c7 83ff      	STD  Y+6+1,R31
0003c8 81ae      	LDD  R26,Y+6
0003c9 81bf      	LDD  R27,Y+6+1
0003ca 9508      	RET
                 
                 ;OPTIMIZER ADDED SUBROUTINE, CALLED 2 TIMES, CODE SIZE REDUCTION:2 WORDS
                 SUBOPT_0x4:
0003cb 89a8      	LDD  R26,Y+16
0003cc 89b9      	LDD  R27,Y+16+1
0003cd 9614      	ADIW R26,4
0003ce 940e 03fa 	CALL __GETW1P
0003d0 87ea      	STD  Y+10,R30
0003d1 87fb      	STD  Y+10+1,R31
0003d2 9508      	RET
                 
                 ;OPTIMIZER ADDED SUBROUTINE, CALLED 2 TIMES, CODE SIZE REDUCTION:1 WORDS
                 SUBOPT_0x5:
0003d3 01de      	MOVW R26,R28
0003d4 961c      	ADIW R26,12
0003d5 940e 03ed 	CALL __ADDW2R15
0003d7 940e 03fa 	CALL __GETW1P
0003d9 9508      	RET
                 
                 ;OPTIMIZER ADDED SUBROUTINE, CALLED 3 TIMES, CODE SIZE REDUCTION:3 WORDS
                 SUBOPT_0x6:
0003da 940e 0351 	CALL __long_delay_G101
0003dc e3a0      	LDI  R26,LOW(48)
0003dd 940c 0356 	JMP  __lcd_init_write_G101
                 
                 ;OPTIMIZER ADDED SUBROUTINE, CALLED 3 TIMES, CODE SIZE REDUCTION:1 WORDS
                 SUBOPT_0x7:
0003df 940e 02e2 	CALL __lcd_write_data
0003e1 940c 0351 	JMP  __long_delay_G101
                 
                 
                 	.CSEG
                 _delay_ms:
0003e3 9610      	adiw r26,0
0003e4 f039      	breq __delay_ms1
                 __delay_ms0:
0003e5 95a8      	wdr
                +
0003e6 ef8a     +LDI R24 , LOW ( 0xFA )
0003e7 e090     +LDI R25 , HIGH ( 0xFA )
                +__DELAY_USW_LOOP :
0003e8 9701     +SBIW R24 , 1
0003e9 f7f1     +BRNE __DELAY_USW_LOOP
                 	__DELAY_USW 0xFA
0003ea 9711      	sbiw r26,1
0003eb f7c9      	brne __delay_ms0
                 __delay_ms1:
0003ec 9508      	ret
                 
                 __ADDW2R15:
0003ed 2400      	CLR  R0
0003ee 0daf      	ADD  R26,R15
0003ef 1db0      	ADC  R27,R0
0003f0 9508      	RET
                 
                 __ANEGW1:
0003f1 95f1      	NEG  R31
0003f2 95e1      	NEG  R30
0003f3 40f0      	SBCI R31,0
0003f4 9508      	RET
                 
                 __CWD1:
0003f5 2f6f      	MOV  R22,R31
0003f6 0f66      	ADD  R22,R22
0003f7 0b66      	SBC  R22,R22
0003f8 2f76      	MOV  R23,R22
0003f9 9508      	RET
                 
                 __GETW1P:
0003fa 91ed      	LD   R30,X+
0003fb 91fc      	LD   R31,X
0003fc 9711      	SBIW R26,1
0003fd 9508      	RET
                 
                 __GETW1PF:
0003fe 9005      	LPM  R0,Z+
0003ff 91f4      	LPM  R31,Z
000400 2de0      	MOV  R30,R0
000401 9508      	RET
                 
                 __PUTPARD1:
000402 937a      	ST   -Y,R23
000403 936a      	ST   -Y,R22
000404 93fa      	ST   -Y,R31
000405 93ea      	ST   -Y,R30
000406 9508      	RET
                 
                 __SAVELOCR6:
000407 935a      	ST   -Y,R21
                 __SAVELOCR5:
000408 934a      	ST   -Y,R20
                 __SAVELOCR4:
000409 933a      	ST   -Y,R19
                 __SAVELOCR3:
00040a 932a      	ST   -Y,R18
                 __SAVELOCR2:
00040b 931a      	ST   -Y,R17
00040c 930a      	ST   -Y,R16
00040d 9508      	RET
                 
                 __LOADLOCR6:
00040e 815d      	LDD  R21,Y+5
                 __LOADLOCR5:
00040f 814c      	LDD  R20,Y+4
                 __LOADLOCR4:
000410 813b      	LDD  R19,Y+3
                 __LOADLOCR3:
000411 812a      	LDD  R18,Y+2
                 __LOADLOCR2:
000412 8119      	LDD  R17,Y+1
000413 8108      	LD   R16,Y
000414 9508      	RET
                 
                 ;END OF CODE MARKER
                 __END_OF_CODE:


RESOURCE USE INFORMATION
------------------------

Notice:
The register and instruction counts are symbol table hit counts,
and hence implicitly used resources are not counted, eg, the
'lpm' instruction without operands implicitly uses r0 and z,
none of which are counted.

x,y,z are separate entities in the symbol table and are
counted separately from r26..r31 here.

.dseg memory usage only counts static data declared with .byte

ATmega32 register use summary:
r0 :  11 r1 :   1 r2 :   0 r3 :   0 r4 :   4 r5 :   1 r6 :   4 r7 :   0 
r8 :   2 r9 :   4 r10:   0 r11:   0 r12:   0 r13:   0 r14:   0 r15:   4 
r16:  34 r17:  24 r18:  29 r19:   8 r20:   9 r21:  17 r22:  11 r23:   2 
r24:  11 r25:   3 r26: 126 r27:  49 r28:  14 r29:   1 r30: 223 r31:  71 
x  :  23 y  : 181 z  :  15 
Registers used: 27 out of 35 (77.1%)

ATmega32 instruction use summary:
.lds  :   0 .lds.l:   0 .sts  :   0 .sts.l:   0 adc   :   1 add   :   4 
adiw  :  25 and   :   0 andi  :  10 asr   :   0 bclr  :   0 bld   :   0 
brbc  :   0 brbs  :   0 brcc  :   0 brcs  :   0 break :   0 breq  :  18 
brge  :   0 brhc  :   0 brhs  :   0 brid  :   0 brie  :   0 brlo  :   8 
brlt  :   1 brmi  :   1 brne  :  27 brpl  :   1 brsh  :   2 brtc  :   0 
brts  :   1 brvc  :   0 brvs  :   0 bset  :   0 bst   :   0 call  :  73 
cbi   :  12 cbr   :   0 clc   :   0 clh   :   0 cli   :   1 cln   :   0 
clr   :   9 cls   :   0 clt   :   1 clv   :   0 clz   :   0 com   :   0 
cp    :   5 cpc   :   3 cpi   :  33 cpse  :   0 dec   :   2 des   :   0 
eor   :   3 fmul  :   0 fmuls :   0 fmulsu:   0 icall :   2 ijmp  :   0 
in    :  11 inc   :   2 jmp   :  26 ld    :  32 ldd   :  77 ldi   : 104 
lds   :   4 lpm   :  14 lsl   :   0 lsr   :   0 mov   :  19 movw  :  17 
mul   :   1 muls  :   0 mulsu :   0 neg   :   2 nop   :   0 or    :   2 
ori   :   9 out   :  49 pop   :   3 push  :   3 rcall :  15 ret   :  30 
reti  :   2 rjmp  :  62 rol   :   0 ror   :   0 sbc   :   2 sbci  :   2 
sbi   :  11 sbic  :   1 sbis  :   1 sbiw  :  19 sbr   :   0 sbrc  :   3 
sbrs  :  10 sec   :   0 seh   :   0 sei   :   1 sen   :   0 ser   :   0 
ses   :   0 set   :   1 sev   :   0 sez   :   0 sleep :   0 spm   :   0 
st    :  67 std   :  31 sts   :   6 sub   :   1 subi  :  16 swap  :   2 
tst   :   4 wdr   :   1 
Instructions used: 62 out of 116 (53.4%)

ATmega32 memory use summary [bytes]:
Segment   Begin    End      Code   Data   Used    Size   Use%
---------------------------------------------------------------
[.cseg] 0x000000 0x00082a   2026     64   2090   32768   6.4%
[.dseg] 0x000060 0x000276      0     22     22    2048   1.1%
[.eseg] 0x000000 0x000000      0      0      0    1024   0.0%

Assembly complete, 0 errors, 8 warnings
