
AVRASM ver. 2.1.30  C:\Users\Alpha\Desktop\Az_Micro\3-9531282\part3\codevision\Debug\List\a.asm Tue Aug 25 01:58:10 2020

C:\Users\Alpha\Desktop\Az_Micro\3-9531282\part3\codevision\Debug\List\a.asm(1088): warning: Register r4 already defined by the .DEF directive
C:\Users\Alpha\Desktop\Az_Micro\3-9531282\part3\codevision\Debug\List\a.asm(1089): warning: Register r5 already defined by the .DEF directive
C:\Users\Alpha\Desktop\Az_Micro\3-9531282\part3\codevision\Debug\List\a.asm(1090): warning: Register r7 already defined by the .DEF directive
C:\Users\Alpha\Desktop\Az_Micro\3-9531282\part3\codevision\Debug\List\a.asm(1091): warning: Register r6 already defined by the .DEF directive
C:\Users\Alpha\Desktop\Az_Micro\3-9531282\part3\codevision\Debug\List\a.asm(1092): warning: Register r9 already defined by the .DEF directive
                 
                 
                 ;CodeVisionAVR C Compiler V3.14 Advanced
                 ;(C) Copyright 1998-2014 Pavel Haiduc, HP InfoTech s.r.l.
                 ;http://www.hpinfotech.com
                 
                 ;Build configuration    : Debug
                 ;Chip type              : ATmega32
                 ;Program type           : Application
                 ;Clock frequency        : 1.000000 MHz
                 ;Memory model           : Small
                 ;Optimize for           : Size
                 ;(s)printf features     : int, width
                 ;(s)scanf features      : int, width
                 ;External RAM size      : 0
                 ;Data Stack size        : 512 byte(s)
                 ;Heap size              : 0 byte(s)
                 ;Promote 'char' to 'int': Yes
                 ;'char' is unsigned     : Yes
                 ;8 bit enums            : Yes
                 ;Global 'const' stored in FLASH: Yes
                 ;Enhanced function parameter passing: Yes
                 ;Enhanced core instructions: On
                 ;Automatic register allocation for global variables: On
                 ;Smart register allocation: On
                 
                 	#define _MODEL_SMALL_
                 
                 	#pragma AVRPART ADMIN PART_NAME ATmega32
                 	#pragma AVRPART MEMORY PROG_FLASH 32768
                 	#pragma AVRPART MEMORY EEPROM 1024
                 	#pragma AVRPART MEMORY INT_SRAM SIZE 2048
                 	#pragma AVRPART MEMORY INT_SRAM START_ADDR 0x60
                 
                 	#define CALL_SUPPORTED 1
                 
                 	.LISTMAC
                 	.EQU UDRE=0x5
                 	.EQU RXC=0x7
                 	.EQU USR=0xB
                 	.EQU UDR=0xC
                 	.EQU SPSR=0xE
                 	.EQU SPDR=0xF
                 	.EQU EERE=0x0
                 	.EQU EEWE=0x1
                 	.EQU EEMWE=0x2
                 	.EQU EECR=0x1C
                 	.EQU EEDR=0x1D
                 	.EQU EEARL=0x1E
                 	.EQU EEARH=0x1F
                 	.EQU WDTCR=0x21
                 	.EQU MCUCR=0x35
                 	.EQU GICR=0x3B
                 	.EQU SPL=0x3D
                 	.EQU SPH=0x3E
                 	.EQU SREG=0x3F
                 
                 	.DEF R0X0=R0
                 	.DEF R0X1=R1
                 	.DEF R0X2=R2
                 	.DEF R0X3=R3
                 	.DEF R0X4=R4
                 	.DEF R0X5=R5
                 	.DEF R0X6=R6
                 	.DEF R0X7=R7
                 	.DEF R0X8=R8
                 	.DEF R0X9=R9
                 	.DEF R0XA=R10
                 	.DEF R0XB=R11
                 	.DEF R0XC=R12
                 	.DEF R0XD=R13
                 	.DEF R0XE=R14
                 	.DEF R0XF=R15
                 	.DEF R0X10=R16
                 	.DEF R0X11=R17
                 	.DEF R0X12=R18
                 	.DEF R0X13=R19
                 	.DEF R0X14=R20
                 	.DEF R0X15=R21
                 	.DEF R0X16=R22
                 	.DEF R0X17=R23
                 	.DEF R0X18=R24
                 	.DEF R0X19=R25
                 	.DEF R0X1A=R26
                 	.DEF R0X1B=R27
                 	.DEF R0X1C=R28
                 	.DEF R0X1D=R29
                 	.DEF R0X1E=R30
                 	.DEF R0X1F=R31
                 
                 	.EQU __SRAM_START=0x0060
                 	.EQU __SRAM_END=0x085F
                 	.EQU __DSTACK_SIZE=0x0200
                 	.EQU __HEAP_SIZE=0x0000
                 	.EQU __CLEAR_SRAM_SIZE=__SRAM_END-__SRAM_START+1
                 
                 	.MACRO __CPD1N
                 	CPI  R30,LOW(@0)
                 	LDI  R26,HIGH(@0)
                 	CPC  R31,R26
                 	LDI  R26,BYTE3(@0)
                 	CPC  R22,R26
                 	LDI  R26,BYTE4(@0)
                 	CPC  R23,R26
                 	.ENDM
                 
                 	.MACRO __CPD2N
                 	CPI  R26,LOW(@0)
                 	LDI  R30,HIGH(@0)
                 	CPC  R27,R30
                 	LDI  R30,BYTE3(@0)
                 	CPC  R24,R30
                 	LDI  R30,BYTE4(@0)
                 	CPC  R25,R30
                 	.ENDM
                 
                 	.MACRO __CPWRR
                 	CP   R@0,R@2
                 	CPC  R@1,R@3
                 	.ENDM
                 
                 	.MACRO __CPWRN
                 	CPI  R@0,LOW(@2)
                 	LDI  R30,HIGH(@2)
                 	CPC  R@1,R30
                 	.ENDM
                 
                 	.MACRO __ADDB1MN
                 	SUBI R30,LOW(-@0-(@1))
                 	.ENDM
                 
                 	.MACRO __ADDB2MN
                 	SUBI R26,LOW(-@0-(@1))
                 	.ENDM
                 
                 	.MACRO __ADDW1MN
                 	SUBI R30,LOW(-@0-(@1))
                 	SBCI R31,HIGH(-@0-(@1))
                 	.ENDM
                 
                 	.MACRO __ADDW2MN
                 	SUBI R26,LOW(-@0-(@1))
                 	SBCI R27,HIGH(-@0-(@1))
                 	.ENDM
                 
                 	.MACRO __ADDW1FN
                 	SUBI R30,LOW(-2*@0-(@1))
                 	SBCI R31,HIGH(-2*@0-(@1))
                 	.ENDM
                 
                 	.MACRO __ADDD1FN
                 	SUBI R30,LOW(-2*@0-(@1))
                 	SBCI R31,HIGH(-2*@0-(@1))
                 	SBCI R22,BYTE3(-2*@0-(@1))
                 	.ENDM
                 
                 	.MACRO __ADDD1N
                 	SUBI R30,LOW(-@0)
                 	SBCI R31,HIGH(-@0)
                 	SBCI R22,BYTE3(-@0)
                 	SBCI R23,BYTE4(-@0)
                 	.ENDM
                 
                 	.MACRO __ADDD2N
                 	SUBI R26,LOW(-@0)
                 	SBCI R27,HIGH(-@0)
                 	SBCI R24,BYTE3(-@0)
                 	SBCI R25,BYTE4(-@0)
                 	.ENDM
                 
                 	.MACRO __SUBD1N
                 	SUBI R30,LOW(@0)
                 	SBCI R31,HIGH(@0)
                 	SBCI R22,BYTE3(@0)
                 	SBCI R23,BYTE4(@0)
                 	.ENDM
                 
                 	.MACRO __SUBD2N
                 	SUBI R26,LOW(@0)
                 	SBCI R27,HIGH(@0)
                 	SBCI R24,BYTE3(@0)
                 	SBCI R25,BYTE4(@0)
                 	.ENDM
                 
                 	.MACRO __ANDBMNN
                 	LDS  R30,@0+(@1)
                 	ANDI R30,LOW(@2)
                 	STS  @0+(@1),R30
                 	.ENDM
                 
                 	.MACRO __ANDWMNN
                 	LDS  R30,@0+(@1)
                 	ANDI R30,LOW(@2)
                 	STS  @0+(@1),R30
                 	LDS  R30,@0+(@1)+1
                 	ANDI R30,HIGH(@2)
                 	STS  @0+(@1)+1,R30
                 	.ENDM
                 
                 	.MACRO __ANDD1N
                 	ANDI R30,LOW(@0)
                 	ANDI R31,HIGH(@0)
                 	ANDI R22,BYTE3(@0)
                 	ANDI R23,BYTE4(@0)
                 	.ENDM
                 
                 	.MACRO __ANDD2N
                 	ANDI R26,LOW(@0)
                 	ANDI R27,HIGH(@0)
                 	ANDI R24,BYTE3(@0)
                 	ANDI R25,BYTE4(@0)
                 	.ENDM
                 
                 	.MACRO __ORBMNN
                 	LDS  R30,@0+(@1)
                 	ORI  R30,LOW(@2)
                 	STS  @0+(@1),R30
                 	.ENDM
                 
                 	.MACRO __ORWMNN
                 	LDS  R30,@0+(@1)
                 	ORI  R30,LOW(@2)
                 	STS  @0+(@1),R30
                 	LDS  R30,@0+(@1)+1
                 	ORI  R30,HIGH(@2)
                 	STS  @0+(@1)+1,R30
                 	.ENDM
                 
                 	.MACRO __ORD1N
                 	ORI  R30,LOW(@0)
                 	ORI  R31,HIGH(@0)
                 	ORI  R22,BYTE3(@0)
                 	ORI  R23,BYTE4(@0)
                 	.ENDM
                 
                 	.MACRO __ORD2N
                 	ORI  R26,LOW(@0)
                 	ORI  R27,HIGH(@0)
                 	ORI  R24,BYTE3(@0)
                 	ORI  R25,BYTE4(@0)
                 	.ENDM
                 
                 	.MACRO __DELAY_USB
                 	LDI  R24,LOW(@0)
                 __DELAY_USB_LOOP:
                 	DEC  R24
                 	BRNE __DELAY_USB_LOOP
                 	.ENDM
                 
                 	.MACRO __DELAY_USW
                 	LDI  R24,LOW(@0)
                 	LDI  R25,HIGH(@0)
                 __DELAY_USW_LOOP:
                 	SBIW R24,1
                 	BRNE __DELAY_USW_LOOP
                 	.ENDM
                 
                 	.MACRO __GETD1S
                 	LDD  R30,Y+@0
                 	LDD  R31,Y+@0+1
                 	LDD  R22,Y+@0+2
                 	LDD  R23,Y+@0+3
                 	.ENDM
                 
                 	.MACRO __GETD2S
                 	LDD  R26,Y+@0
                 	LDD  R27,Y+@0+1
                 	LDD  R24,Y+@0+2
                 	LDD  R25,Y+@0+3
                 	.ENDM
                 
                 	.MACRO __PUTD1S
                 	STD  Y+@0,R30
                 	STD  Y+@0+1,R31
                 	STD  Y+@0+2,R22
                 	STD  Y+@0+3,R23
                 	.ENDM
                 
                 	.MACRO __PUTD2S
                 	STD  Y+@0,R26
                 	STD  Y+@0+1,R27
                 	STD  Y+@0+2,R24
                 	STD  Y+@0+3,R25
                 	.ENDM
                 
                 	.MACRO __PUTDZ2
                 	STD  Z+@0,R26
                 	STD  Z+@0+1,R27
                 	STD  Z+@0+2,R24
                 	STD  Z+@0+3,R25
                 	.ENDM
                 
                 	.MACRO __CLRD1S
                 	STD  Y+@0,R30
                 	STD  Y+@0+1,R30
                 	STD  Y+@0+2,R30
                 	STD  Y+@0+3,R30
                 	.ENDM
                 
                 	.MACRO __POINTB1MN
                 	LDI  R30,LOW(@0+(@1))
                 	.ENDM
                 
                 	.MACRO __POINTW1MN
                 	LDI  R30,LOW(@0+(@1))
                 	LDI  R31,HIGH(@0+(@1))
                 	.ENDM
                 
                 	.MACRO __POINTD1M
                 	LDI  R30,LOW(@0)
                 	LDI  R31,HIGH(@0)
                 	LDI  R22,BYTE3(@0)
                 	LDI  R23,BYTE4(@0)
                 	.ENDM
                 
                 	.MACRO __POINTW1FN
                 	LDI  R30,LOW(2*@0+(@1))
                 	LDI  R31,HIGH(2*@0+(@1))
                 	.ENDM
                 
                 	.MACRO __POINTD1FN
                 	LDI  R30,LOW(2*@0+(@1))
                 	LDI  R31,HIGH(2*@0+(@1))
                 	LDI  R22,BYTE3(2*@0+(@1))
                 	LDI  R23,BYTE4(2*@0+(@1))
                 	.ENDM
                 
                 	.MACRO __POINTB2MN
                 	LDI  R26,LOW(@0+(@1))
                 	.ENDM
                 
                 	.MACRO __POINTW2MN
                 	LDI  R26,LOW(@0+(@1))
                 	LDI  R27,HIGH(@0+(@1))
                 	.ENDM
                 
                 	.MACRO __POINTW2FN
                 	LDI  R26,LOW(2*@0+(@1))
                 	LDI  R27,HIGH(2*@0+(@1))
                 	.ENDM
                 
                 	.MACRO __POINTD2FN
                 	LDI  R26,LOW(2*@0+(@1))
                 	LDI  R27,HIGH(2*@0+(@1))
                 	LDI  R24,BYTE3(2*@0+(@1))
                 	LDI  R25,BYTE4(2*@0+(@1))
                 	.ENDM
                 
                 	.MACRO __POINTBRM
                 	LDI  R@0,LOW(@1)
                 	.ENDM
                 
                 	.MACRO __POINTWRM
                 	LDI  R@0,LOW(@2)
                 	LDI  R@1,HIGH(@2)
                 	.ENDM
                 
                 	.MACRO __POINTBRMN
                 	LDI  R@0,LOW(@1+(@2))
                 	.ENDM
                 
                 	.MACRO __POINTWRMN
                 	LDI  R@0,LOW(@2+(@3))
                 	LDI  R@1,HIGH(@2+(@3))
                 	.ENDM
                 
                 	.MACRO __POINTWRFN
                 	LDI  R@0,LOW(@2*2+(@3))
                 	LDI  R@1,HIGH(@2*2+(@3))
                 	.ENDM
                 
                 	.MACRO __GETD1N
                 	LDI  R30,LOW(@0)
                 	LDI  R31,HIGH(@0)
                 	LDI  R22,BYTE3(@0)
                 	LDI  R23,BYTE4(@0)
                 	.ENDM
                 
                 	.MACRO __GETD2N
                 	LDI  R26,LOW(@0)
                 	LDI  R27,HIGH(@0)
                 	LDI  R24,BYTE3(@0)
                 	LDI  R25,BYTE4(@0)
                 	.ENDM
                 
                 	.MACRO __GETB1MN
                 	LDS  R30,@0+(@1)
                 	.ENDM
                 
                 	.MACRO __GETB1HMN
                 	LDS  R31,@0+(@1)
                 	.ENDM
                 
                 	.MACRO __GETW1MN
                 	LDS  R30,@0+(@1)
                 	LDS  R31,@0+(@1)+1
                 	.ENDM
                 
                 	.MACRO __GETD1MN
                 	LDS  R30,@0+(@1)
                 	LDS  R31,@0+(@1)+1
                 	LDS  R22,@0+(@1)+2
                 	LDS  R23,@0+(@1)+3
                 	.ENDM
                 
                 	.MACRO __GETBRMN
                 	LDS  R@0,@1+(@2)
                 	.ENDM
                 
                 	.MACRO __GETWRMN
                 	LDS  R@0,@2+(@3)
                 	LDS  R@1,@2+(@3)+1
                 	.ENDM
                 
                 	.MACRO __GETWRZ
                 	LDD  R@0,Z+@2
                 	LDD  R@1,Z+@2+1
                 	.ENDM
                 
                 	.MACRO __GETD2Z
                 	LDD  R26,Z+@0
                 	LDD  R27,Z+@0+1
                 	LDD  R24,Z+@0+2
                 	LDD  R25,Z+@0+3
                 	.ENDM
                 
                 	.MACRO __GETB2MN
                 	LDS  R26,@0+(@1)
                 	.ENDM
                 
                 	.MACRO __GETW2MN
                 	LDS  R26,@0+(@1)
                 	LDS  R27,@0+(@1)+1
                 	.ENDM
                 
                 	.MACRO __GETD2MN
                 	LDS  R26,@0+(@1)
                 	LDS  R27,@0+(@1)+1
                 	LDS  R24,@0+(@1)+2
                 	LDS  R25,@0+(@1)+3
                 	.ENDM
                 
                 	.MACRO __PUTB1MN
                 	STS  @0+(@1),R30
                 	.ENDM
                 
                 	.MACRO __PUTW1MN
                 	STS  @0+(@1),R30
                 	STS  @0+(@1)+1,R31
                 	.ENDM
                 
                 	.MACRO __PUTD1MN
                 	STS  @0+(@1),R30
                 	STS  @0+(@1)+1,R31
                 	STS  @0+(@1)+2,R22
                 	STS  @0+(@1)+3,R23
                 	.ENDM
                 
                 	.MACRO __PUTB1EN
                 	LDI  R26,LOW(@0+(@1))
                 	LDI  R27,HIGH(@0+(@1))
                 	CALL __EEPROMWRB
                 	.ENDM
                 
                 	.MACRO __PUTW1EN
                 	LDI  R26,LOW(@0+(@1))
                 	LDI  R27,HIGH(@0+(@1))
                 	CALL __EEPROMWRW
                 	.ENDM
                 
                 	.MACRO __PUTD1EN
                 	LDI  R26,LOW(@0+(@1))
                 	LDI  R27,HIGH(@0+(@1))
                 	CALL __EEPROMWRD
                 	.ENDM
                 
                 	.MACRO __PUTBR0MN
                 	STS  @0+(@1),R0
                 	.ENDM
                 
                 	.MACRO __PUTBMRN
                 	STS  @0+(@1),R@2
                 	.ENDM
                 
                 	.MACRO __PUTWMRN
                 	STS  @0+(@1),R@2
                 	STS  @0+(@1)+1,R@3
                 	.ENDM
                 
                 	.MACRO __PUTBZR
                 	STD  Z+@1,R@0
                 	.ENDM
                 
                 	.MACRO __PUTWZR
                 	STD  Z+@2,R@0
                 	STD  Z+@2+1,R@1
                 	.ENDM
                 
                 	.MACRO __GETW1R
                 	MOV  R30,R@0
                 	MOV  R31,R@1
                 	.ENDM
                 
                 	.MACRO __GETW2R
                 	MOV  R26,R@0
                 	MOV  R27,R@1
                 	.ENDM
                 
                 	.MACRO __GETWRN
                 	LDI  R@0,LOW(@2)
                 	LDI  R@1,HIGH(@2)
                 	.ENDM
                 
                 	.MACRO __PUTW1R
                 	MOV  R@0,R30
                 	MOV  R@1,R31
                 	.ENDM
                 
                 	.MACRO __PUTW2R
                 	MOV  R@0,R26
                 	MOV  R@1,R27
                 	.ENDM
                 
                 	.MACRO __ADDWRN
                 	SUBI R@0,LOW(-@2)
                 	SBCI R@1,HIGH(-@2)
                 	.ENDM
                 
                 	.MACRO __ADDWRR
                 	ADD  R@0,R@2
                 	ADC  R@1,R@3
                 	.ENDM
                 
                 	.MACRO __SUBWRN
                 	SUBI R@0,LOW(@2)
                 	SBCI R@1,HIGH(@2)
                 	.ENDM
                 
                 	.MACRO __SUBWRR
                 	SUB  R@0,R@2
                 	SBC  R@1,R@3
                 	.ENDM
                 
                 	.MACRO __ANDWRN
                 	ANDI R@0,LOW(@2)
                 	ANDI R@1,HIGH(@2)
                 	.ENDM
                 
                 	.MACRO __ANDWRR
                 	AND  R@0,R@2
                 	AND  R@1,R@3
                 	.ENDM
                 
                 	.MACRO __ORWRN
                 	ORI  R@0,LOW(@2)
                 	ORI  R@1,HIGH(@2)
                 	.ENDM
                 
                 	.MACRO __ORWRR
                 	OR   R@0,R@2
                 	OR   R@1,R@3
                 	.ENDM
                 
                 	.MACRO __EORWRR
                 	EOR  R@0,R@2
                 	EOR  R@1,R@3
                 	.ENDM
                 
                 	.MACRO __GETWRS
                 	LDD  R@0,Y+@2
                 	LDD  R@1,Y+@2+1
                 	.ENDM
                 
                 	.MACRO __PUTBSR
                 	STD  Y+@1,R@0
                 	.ENDM
                 
                 	.MACRO __PUTWSR
                 	STD  Y+@2,R@0
                 	STD  Y+@2+1,R@1
                 	.ENDM
                 
                 	.MACRO __MOVEWRR
                 	MOV  R@0,R@2
                 	MOV  R@1,R@3
                 	.ENDM
                 
                 	.MACRO __INWR
                 	IN   R@0,@2
                 	IN   R@1,@2+1
                 	.ENDM
                 
                 	.MACRO __OUTWR
                 	OUT  @2+1,R@1
                 	OUT  @2,R@0
                 	.ENDM
                 
                 	.MACRO __CALL1MN
                 	LDS  R30,@0+(@1)
                 	LDS  R31,@0+(@1)+1
                 	ICALL
                 	.ENDM
                 
                 	.MACRO __CALL1FN
                 	LDI  R30,LOW(2*@0+(@1))
                 	LDI  R31,HIGH(2*@0+(@1))
                 	CALL __GETW1PF
                 	ICALL
                 	.ENDM
                 
                 	.MACRO __CALL2EN
                 	PUSH R26
                 	PUSH R27
                 	LDI  R26,LOW(@0+(@1))
                 	LDI  R27,HIGH(@0+(@1))
                 	CALL __EEPROMRDW
                 	POP  R27
                 	POP  R26
                 	ICALL
                 	.ENDM
                 
                 	.MACRO __CALL2EX
                 	SUBI R26,LOW(-@0)
                 	SBCI R27,HIGH(-@0)
                 	CALL __EEPROMRDD
                 	ICALL
                 	.ENDM
                 
                 	.MACRO __GETW1STACK
                 	IN   R30,SPL
                 	IN   R31,SPH
                 	ADIW R30,@0+1
                 	LD   R0,Z+
                 	LD   R31,Z
                 	MOV  R30,R0
                 	.ENDM
                 
                 	.MACRO __GETD1STACK
                 	IN   R30,SPL
                 	IN   R31,SPH
                 	ADIW R30,@0+1
                 	LD   R0,Z+
                 	LD   R1,Z+
                 	LD   R22,Z
                 	MOVW R30,R0
                 	.ENDM
                 
                 	.MACRO __NBST
                 	BST  R@0,@1
                 	IN   R30,SREG
                 	LDI  R31,0x40
                 	EOR  R30,R31
                 	OUT  SREG,R30
                 	.ENDM
                 
                 
                 	.MACRO __PUTB1SN
                 	LDD  R26,Y+@0
                 	LDD  R27,Y+@0+1
                 	SUBI R26,LOW(-@1)
                 	SBCI R27,HIGH(-@1)
                 	ST   X,R30
                 	.ENDM
                 
                 	.MACRO __PUTW1SN
                 	LDD  R26,Y+@0
                 	LDD  R27,Y+@0+1
                 	SUBI R26,LOW(-@1)
                 	SBCI R27,HIGH(-@1)
                 	ST   X+,R30
                 	ST   X,R31
                 	.ENDM
                 
                 	.MACRO __PUTD1SN
                 	LDD  R26,Y+@0
                 	LDD  R27,Y+@0+1
                 	SUBI R26,LOW(-@1)
                 	SBCI R27,HIGH(-@1)
                 	CALL __PUTDP1
                 	.ENDM
                 
                 	.MACRO __PUTB1SNS
                 	LDD  R26,Y+@0
                 	LDD  R27,Y+@0+1
                 	ADIW R26,@1
                 	ST   X,R30
                 	.ENDM
                 
                 	.MACRO __PUTW1SNS
                 	LDD  R26,Y+@0
                 	LDD  R27,Y+@0+1
                 	ADIW R26,@1
                 	ST   X+,R30
                 	ST   X,R31
                 	.ENDM
                 
                 	.MACRO __PUTD1SNS
                 	LDD  R26,Y+@0
                 	LDD  R27,Y+@0+1
                 	ADIW R26,@1
                 	CALL __PUTDP1
                 	.ENDM
                 
                 	.MACRO __PUTB1PMN
                 	LDS  R26,@0
                 	LDS  R27,@0+1
                 	SUBI R26,LOW(-@1)
                 	SBCI R27,HIGH(-@1)
                 	ST   X,R30
                 	.ENDM
                 
                 	.MACRO __PUTW1PMN
                 	LDS  R26,@0
                 	LDS  R27,@0+1
                 	SUBI R26,LOW(-@1)
                 	SBCI R27,HIGH(-@1)
                 	ST   X+,R30
                 	ST   X,R31
                 	.ENDM
                 
                 	.MACRO __PUTD1PMN
                 	LDS  R26,@0
                 	LDS  R27,@0+1
                 	SUBI R26,LOW(-@1)
                 	SBCI R27,HIGH(-@1)
                 	CALL __PUTDP1
                 	.ENDM
                 
                 	.MACRO __PUTB1PMNS
                 	LDS  R26,@0
                 	LDS  R27,@0+1
                 	ADIW R26,@1
                 	ST   X,R30
                 	.ENDM
                 
                 	.MACRO __PUTW1PMNS
                 	LDS  R26,@0
                 	LDS  R27,@0+1
                 	ADIW R26,@1
                 	ST   X+,R30
                 	ST   X,R31
                 	.ENDM
                 
                 	.MACRO __PUTD1PMNS
                 	LDS  R26,@0
                 	LDS  R27,@0+1
                 	ADIW R26,@1
                 	CALL __PUTDP1
                 	.ENDM
                 
                 	.MACRO __PUTB1RN
                 	MOVW R26,R@0
                 	SUBI R26,LOW(-@1)
                 	SBCI R27,HIGH(-@1)
                 	ST   X,R30
                 	.ENDM
                 
                 	.MACRO __PUTW1RN
                 	MOVW R26,R@0
                 	SUBI R26,LOW(-@1)
                 	SBCI R27,HIGH(-@1)
                 	ST   X+,R30
                 	ST   X,R31
                 	.ENDM
                 
                 	.MACRO __PUTD1RN
                 	MOVW R26,R@0
                 	SUBI R26,LOW(-@1)
                 	SBCI R27,HIGH(-@1)
                 	CALL __PUTDP1
                 	.ENDM
                 
                 	.MACRO __PUTB1RNS
                 	MOVW R26,R@0
                 	ADIW R26,@1
                 	ST   X,R30
                 	.ENDM
                 
                 	.MACRO __PUTW1RNS
                 	MOVW R26,R@0
                 	ADIW R26,@1
                 	ST   X+,R30
                 	ST   X,R31
                 	.ENDM
                 
                 	.MACRO __PUTD1RNS
                 	MOVW R26,R@0
                 	ADIW R26,@1
                 	CALL __PUTDP1
                 	.ENDM
                 
                 	.MACRO __PUTB1RON
                 	MOV  R26,R@0
                 	MOV  R27,R@1
                 	SUBI R26,LOW(-@2)
                 	SBCI R27,HIGH(-@2)
                 	ST   X,R30
                 	.ENDM
                 
                 	.MACRO __PUTW1RON
                 	MOV  R26,R@0
                 	MOV  R27,R@1
                 	SUBI R26,LOW(-@2)
                 	SBCI R27,HIGH(-@2)
                 	ST   X+,R30
                 	ST   X,R31
                 	.ENDM
                 
                 	.MACRO __PUTD1RON
                 	MOV  R26,R@0
                 	MOV  R27,R@1
                 	SUBI R26,LOW(-@2)
                 	SBCI R27,HIGH(-@2)
                 	CALL __PUTDP1
                 	.ENDM
                 
                 	.MACRO __PUTB1RONS
                 	MOV  R26,R@0
                 	MOV  R27,R@1
                 	ADIW R26,@2
                 	ST   X,R30
                 	.ENDM
                 
                 	.MACRO __PUTW1RONS
                 	MOV  R26,R@0
                 	MOV  R27,R@1
                 	ADIW R26,@2
                 	ST   X+,R30
                 	ST   X,R31
                 	.ENDM
                 
                 	.MACRO __PUTD1RONS
                 	MOV  R26,R@0
                 	MOV  R27,R@1
                 	ADIW R26,@2
                 	CALL __PUTDP1
                 	.ENDM
                 
                 
                 	.MACRO __GETB1SX
                 	MOVW R30,R28
                 	SUBI R30,LOW(-@0)
                 	SBCI R31,HIGH(-@0)
                 	LD   R30,Z
                 	.ENDM
                 
                 	.MACRO __GETB1HSX
                 	MOVW R30,R28
                 	SUBI R30,LOW(-@0)
                 	SBCI R31,HIGH(-@0)
                 	LD   R31,Z
                 	.ENDM
                 
                 	.MACRO __GETW1SX
                 	MOVW R30,R28
                 	SUBI R30,LOW(-@0)
                 	SBCI R31,HIGH(-@0)
                 	LD   R0,Z+
                 	LD   R31,Z
                 	MOV  R30,R0
                 	.ENDM
                 
                 	.MACRO __GETD1SX
                 	MOVW R30,R28
                 	SUBI R30,LOW(-@0)
                 	SBCI R31,HIGH(-@0)
                 	LD   R0,Z+
                 	LD   R1,Z+
                 	LD   R22,Z+
                 	LD   R23,Z
                 	MOVW R30,R0
                 	.ENDM
                 
                 	.MACRO __GETB2SX
                 	MOVW R26,R28
                 	SUBI R26,LOW(-@0)
                 	SBCI R27,HIGH(-@0)
                 	LD   R26,X
                 	.ENDM
                 
                 	.MACRO __GETW2SX
                 	MOVW R26,R28
                 	SUBI R26,LOW(-@0)
                 	SBCI R27,HIGH(-@0)
                 	LD   R0,X+
                 	LD   R27,X
                 	MOV  R26,R0
                 	.ENDM
                 
                 	.MACRO __GETD2SX
                 	MOVW R26,R28
                 	SUBI R26,LOW(-@0)
                 	SBCI R27,HIGH(-@0)
                 	LD   R0,X+
                 	LD   R1,X+
                 	LD   R24,X+
                 	LD   R25,X
                 	MOVW R26,R0
                 	.ENDM
                 
                 	.MACRO __GETBRSX
                 	MOVW R30,R28
                 	SUBI R30,LOW(-@1)
                 	SBCI R31,HIGH(-@1)
                 	LD   R@0,Z
                 	.ENDM
                 
                 	.MACRO __GETWRSX
                 	MOVW R30,R28
                 	SUBI R30,LOW(-@2)
                 	SBCI R31,HIGH(-@2)
                 	LD   R@0,Z+
                 	LD   R@1,Z
                 	.ENDM
                 
                 	.MACRO __GETBRSX2
                 	MOVW R26,R28
                 	SUBI R26,LOW(-@1)
                 	SBCI R27,HIGH(-@1)
                 	LD   R@0,X
                 	.ENDM
                 
                 	.MACRO __GETWRSX2
                 	MOVW R26,R28
                 	SUBI R26,LOW(-@2)
                 	SBCI R27,HIGH(-@2)
                 	LD   R@0,X+
                 	LD   R@1,X
                 	.ENDM
                 
                 	.MACRO __LSLW8SX
                 	MOVW R30,R28
                 	SUBI R30,LOW(-@0)
                 	SBCI R31,HIGH(-@0)
                 	LD   R31,Z
                 	CLR  R30
                 	.ENDM
                 
                 	.MACRO __PUTB1SX
                 	MOVW R26,R28
                 	SUBI R26,LOW(-@0)
                 	SBCI R27,HIGH(-@0)
                 	ST   X,R30
                 	.ENDM
                 
                 	.MACRO __PUTW1SX
                 	MOVW R26,R28
                 	SUBI R26,LOW(-@0)
                 	SBCI R27,HIGH(-@0)
                 	ST   X+,R30
                 	ST   X,R31
                 	.ENDM
                 
                 	.MACRO __PUTD1SX
                 	MOVW R26,R28
                 	SUBI R26,LOW(-@0)
                 	SBCI R27,HIGH(-@0)
                 	ST   X+,R30
                 	ST   X+,R31
                 	ST   X+,R22
                 	ST   X,R23
                 	.ENDM
                 
                 	.MACRO __CLRW1SX
                 	MOVW R26,R28
                 	SUBI R26,LOW(-@0)
                 	SBCI R27,HIGH(-@0)
                 	ST   X+,R30
                 	ST   X,R30
                 	.ENDM
                 
                 	.MACRO __CLRD1SX
                 	MOVW R26,R28
                 	SUBI R26,LOW(-@0)
                 	SBCI R27,HIGH(-@0)
                 	ST   X+,R30
                 	ST   X+,R30
                 	ST   X+,R30
                 	ST   X,R30
                 	.ENDM
                 
                 	.MACRO __PUTB2SX
                 	MOVW R30,R28
                 	SUBI R30,LOW(-@0)
                 	SBCI R31,HIGH(-@0)
                 	ST   Z,R26
                 	.ENDM
                 
                 	.MACRO __PUTW2SX
                 	MOVW R30,R28
                 	SUBI R30,LOW(-@0)
                 	SBCI R31,HIGH(-@0)
                 	ST   Z+,R26
                 	ST   Z,R27
                 	.ENDM
                 
                 	.MACRO __PUTD2SX
                 	MOVW R30,R28
                 	SUBI R30,LOW(-@0)
                 	SBCI R31,HIGH(-@0)
                 	ST   Z+,R26
                 	ST   Z+,R27
                 	ST   Z+,R24
                 	ST   Z,R25
                 	.ENDM
                 
                 	.MACRO __PUTBSRX
                 	MOVW R30,R28
                 	SUBI R30,LOW(-@1)
                 	SBCI R31,HIGH(-@1)
                 	ST   Z,R@0
                 	.ENDM
                 
                 	.MACRO __PUTWSRX
                 	MOVW R30,R28
                 	SUBI R30,LOW(-@2)
                 	SBCI R31,HIGH(-@2)
                 	ST   Z+,R@0
                 	ST   Z,R@1
                 	.ENDM
                 
                 	.MACRO __PUTB1SNX
                 	MOVW R26,R28
                 	SUBI R26,LOW(-@0)
                 	SBCI R27,HIGH(-@0)
                 	LD   R0,X+
                 	LD   R27,X
                 	MOV  R26,R0
                 	SUBI R26,LOW(-@1)
                 	SBCI R27,HIGH(-@1)
                 	ST   X,R30
                 	.ENDM
                 
                 	.MACRO __PUTW1SNX
                 	MOVW R26,R28
                 	SUBI R26,LOW(-@0)
                 	SBCI R27,HIGH(-@0)
                 	LD   R0,X+
                 	LD   R27,X
                 	MOV  R26,R0
                 	SUBI R26,LOW(-@1)
                 	SBCI R27,HIGH(-@1)
                 	ST   X+,R30
                 	ST   X,R31
                 	.ENDM
                 
                 	.MACRO __PUTD1SNX
                 	MOVW R26,R28
                 	SUBI R26,LOW(-@0)
                 	SBCI R27,HIGH(-@0)
                 	LD   R0,X+
                 	LD   R27,X
                 	MOV  R26,R0
                 	SUBI R26,LOW(-@1)
                 	SBCI R27,HIGH(-@1)
                 	ST   X+,R30
                 	ST   X+,R31
                 	ST   X+,R22
                 	ST   X,R23
                 	.ENDM
                 
                 	.MACRO __MULBRR
                 	MULS R@0,R@1
                 	MOVW R30,R0
                 	.ENDM
                 
                 	.MACRO __MULBRRU
                 	MUL  R@0,R@1
                 	MOVW R30,R0
                 	.ENDM
                 
                 	.MACRO __MULBRR0
                 	MULS R@0,R@1
                 	.ENDM
                 
                 	.MACRO __MULBRRU0
                 	MUL  R@0,R@1
                 	.ENDM
                 
                 	.MACRO __MULBNWRU
                 	LDI  R26,@2
                 	MUL  R26,R@0
                 	MOVW R30,R0
                 	MUL  R26,R@1
                 	ADD  R31,R0
                 	.ENDM
                 
                 ;NAME DEFINITIONS FOR GLOBAL VARIABLES ALLOCATED TO REGISTERS
                 	.DEF _cnt=R4
                 	.DEF _cnt_msb=R5
                 	.DEF __lcd_x=R7
                 	.DEF __lcd_y=R6
                 	.DEF __lcd_maxx=R9
                 
                 	.CSEG
                 	.ORG 0x00
                 
                 ;START OF CODE MARKER
                 __START_OF_CODE:
                 
                 ;INTERRUPT VECTORS
000000 940c 0049 	JMP  __RESET
000002 940c 0076 	JMP  _ext_int0_isr
000004 940c 0000 	JMP  0x00
000006 940c 0000 	JMP  0x00
000008 940c 0000 	JMP  0x00
00000a 940c 0000 	JMP  0x00
00000c 940c 0000 	JMP  0x00
00000e 940c 0092 	JMP  _timer1_compa_isr
000010 940c 0000 	JMP  0x00
000012 940c 0000 	JMP  0x00
000014 940c 0000 	JMP  0x00
000016 940c 0000 	JMP  0x00
000018 940c 0000 	JMP  0x00
00001a 940c 0000 	JMP  0x00
00001c 940c 0000 	JMP  0x00
00001e 940c 0000 	JMP  0x00
000020 940c 0000 	JMP  0x00
000022 940c 0000 	JMP  0x00
000024 940c 0000 	JMP  0x00
000026 940c 0000 	JMP  0x00
000028 940c 0000 	JMP  0x00
                 
                 _tbl10_G100:
00002a 2710
00002b 03e8
00002c 0064
00002d 000a      	.DB  0x10,0x27,0xE8,0x3,0x64,0x0,0xA,0x0
00002e 0001      	.DB  0x1,0x0
                 _tbl16_G100:
00002f 1000
000030 0100
000031 0010
000032 0001      	.DB  0x0,0x10,0x0,0x1,0x10,0x0,0x1,0x0
                 
                 ;GLOBAL REGISTER VARIABLES INITIALIZATION
                 __REG_VARS:
000033 0000      	.DB  0x0,0x0
                 
                 _0x3:
C:\Users\Alpha\Desktop\Az_Micro\3-9531282\part3\codevision\Debug\List\a.asm(1134): warning: .cseg .db misalignment - padding zero byte
000034 0001      	.DB  0x1
                 _0x0:
000035 6954
000036 656d
000037 3072
000038 5620      	.DB  0x54,0x69,0x6D,0x65,0x72,0x30,0x20,0x56
000039 6c61
00003a 6575
00003b 203a
00003c 6425      	.DB  0x61,0x6C,0x75,0x65,0x3A,0x20,0x25,0x64
C:\Users\Alpha\Desktop\Az_Micro\3-9531282\part3\codevision\Debug\List\a.asm(1138): warning: .cseg .db misalignment - padding zero byte
00003d 0000      	.DB  0x0
                 _0x2020003:
00003e c080      	.DB  0x80,0xC0
                 
                 __GLOBAL_INI_TBL:
00003f 0002      	.DW  0x02
000040 0004      	.DW  0x04
000041 0066      	.DW  __REG_VARS*2
                 
000042 0001      	.DW  0x01
000043 0260      	.DW  _pulse_enable
000044 0068      	.DW  _0x3*2
                 
000045 0002      	.DW  0x02
000046 0262      	.DW  __base_y_G101
000047 007c      	.DW  _0x2020003*2
                 
                 _0xFFFFFFFF:
000048 0000      	.DW  0
                 
                 #define __GLOBAL_INI_TBL_PRESENT 1
                 
                 __RESET:
000049 94f8      	CLI
00004a 27ee      	CLR  R30
00004b bbec      	OUT  EECR,R30
                 
                 ;INTERRUPT VECTORS ARE PLACED
                 ;AT THE START OF FLASH
00004c e0f1      	LDI  R31,1
00004d bffb      	OUT  GICR,R31
00004e bfeb      	OUT  GICR,R30
00004f bfe5      	OUT  MCUCR,R30
                 
                 ;CLEAR R2-R14
000050 e08d      	LDI  R24,(14-2)+1
000051 e0a2      	LDI  R26,2
000052 27bb      	CLR  R27
                 __CLEAR_REG:
000053 93ed      	ST   X+,R30
000054 958a      	DEC  R24
000055 f7e9      	BRNE __CLEAR_REG
                 
                 ;CLEAR SRAM
000056 e080      	LDI  R24,LOW(__CLEAR_SRAM_SIZE)
000057 e098      	LDI  R25,HIGH(__CLEAR_SRAM_SIZE)
000058 e6a0      	LDI  R26,__SRAM_START
                 __CLEAR_SRAM:
000059 93ed      	ST   X+,R30
00005a 9701      	SBIW R24,1
00005b f7e9      	BRNE __CLEAR_SRAM
                 
                 ;GLOBAL VARIABLES INITIALIZATION
00005c e7ee      	LDI  R30,LOW(__GLOBAL_INI_TBL*2)
00005d e0f0      	LDI  R31,HIGH(__GLOBAL_INI_TBL*2)
                 __GLOBAL_INI_NEXT:
00005e 9185      	LPM  R24,Z+
00005f 9195      	LPM  R25,Z+
000060 9700      	SBIW R24,0
000061 f061      	BREQ __GLOBAL_INI_END
000062 91a5      	LPM  R26,Z+
000063 91b5      	LPM  R27,Z+
000064 9005      	LPM  R0,Z+
000065 9015      	LPM  R1,Z+
000066 01bf      	MOVW R22,R30
000067 01f0      	MOVW R30,R0
                 __GLOBAL_INI_LOOP:
000068 9005      	LPM  R0,Z+
000069 920d      	ST   X+,R0
00006a 9701      	SBIW R24,1
00006b f7e1      	BRNE __GLOBAL_INI_LOOP
00006c 01fb      	MOVW R30,R22
00006d cff0      	RJMP __GLOBAL_INI_NEXT
                 __GLOBAL_INI_END:
                 
                 ;HARDWARE STACK POINTER INITIALIZATION
00006e e5ef      	LDI  R30,LOW(__SRAM_END-__HEAP_SIZE)
00006f bfed      	OUT  SPL,R30
000070 e0e8      	LDI  R30,HIGH(__SRAM_END-__HEAP_SIZE)
000071 bfee      	OUT  SPH,R30
                 
                 ;DATA STACK POINTER INITIALIZATION
000072 e6c0      	LDI  R28,LOW(__SRAM_START+__DSTACK_SIZE)
000073 e0d2      	LDI  R29,HIGH(__SRAM_START+__DSTACK_SIZE)
                 
000074 940c 00b2 	JMP  _main
                 
                 	.ESEG
                 	.ORG 0
                 
                 	.DSEG
                 	.ORG 0x260
                 
                 	.CSEG
                 ;/*******************************************************
                 ;This program was created by the
                 ;CodeWizardAVR V3.14 Advanced
                 ;Automatic Program Generator
                 ;© Copyright 1998-2014 Pavel Haiduc, HP InfoTech s.r.l.
                 ;http://www.hpinfotech.com
                 ;
                 ;Project :
                 ;Version :
                 ;Date    : 8/9/2020
                 ;Author  :
                 ;Company :
                 ;Comments:
                 ;
                 ;
                 ;Chip type               : ATmega32
                 ;Program type            : Application
                 ;AVR Core Clock frequency: 1.000000 MHz
                 ;Memory model            : Small
                 ;External RAM size       : 0
                 ;Data Stack size         : 512
                 ;*******************************************************/
                 ;#include <stdio.h>
                 	#ifndef __SLEEP_DEFINED__
                 	#define __SLEEP_DEFINED__
                 	.EQU __se_bit=0x80
                 	.EQU __sm_mask=0x70
                 	.EQU __sm_powerdown=0x20
                 	.EQU __sm_powersave=0x30
                 	.EQU __sm_standby=0x60
                 	.EQU __sm_ext_standby=0x70
                 	.EQU __sm_adc_noise_red=0x10
                 	.SET power_ctrl_reg=mcucr
                 	#endif
                 ;#include <mega32.h>
                 ;#include <delay.h>
                 ;// Alphanumeric LCD functions
                 ;#include <alcd.h>
                 ;
                 ;// Declare your global variables here
                 ;volatile int pulse_enable=1;
                 
                 	.DSEG
                 ;int cnt=0;
                 ;// External Interrupt 0 service routine
                 ;interrupt [EXT_INT0] void ext_int0_isr(void)
                 ; 0000 0022 {
                 
                 	.CSEG
                 _ext_int0_isr:
                 ; .FSTART _ext_int0_isr
000076 93aa      	ST   -Y,R26
000077 93ba      	ST   -Y,R27
000078 93ea      	ST   -Y,R30
000079 93fa      	ST   -Y,R31
00007a b7ef      	IN   R30,SREG
00007b 93ea      	ST   -Y,R30
                 ; 0000 0023 // Place your code here
                 ; 0000 0024     pulse_enable^=1;
00007c 91a0 0260 	LDS  R26,_pulse_enable
00007e 91b0 0261 	LDS  R27,_pulse_enable+1
000080 e0e1      	LDI  R30,LOW(1)
000081 e0f0      	LDI  R31,HIGH(1)
000082 27ea      	EOR  R30,R26
000083 27fb      	EOR  R31,R27
000084 93e0 0260 	STS  _pulse_enable,R30
000086 93f0 0261 	STS  _pulse_enable+1,R31
                 ; 0000 0025     cnt=cnt+1;
000088 01f2      	MOVW R30,R4
000089 9631      	ADIW R30,1
00008a 012f      	MOVW R4,R30
                 ; 0000 0026 }
00008b 91e9      	LD   R30,Y+
00008c bfef      	OUT  SREG,R30
00008d 91f9      	LD   R31,Y+
00008e 91e9      	LD   R30,Y+
00008f 91b9      	LD   R27,Y+
000090 91a9      	LD   R26,Y+
000091 9518      	RETI
                 ; .FEND
                 ;
                 ;// Timer1 output compare A interrupt service routine
                 ;interrupt [TIM1_COMPA] void timer1_compa_isr(void)
                 ; 0000 002A {
                 _timer1_compa_isr:
                 ; .FSTART _timer1_compa_isr
000092 93aa      	ST   -Y,R26
000093 93ba      	ST   -Y,R27
000094 93ea      	ST   -Y,R30
000095 b7ef      	IN   R30,SREG
000096 93ea      	ST   -Y,R30
                 ; 0000 002B // Place your code here
                 ; 0000 002C    if(pulse_enable==1){
000097 91a0 0260 	LDS  R26,_pulse_enable
000099 91b0 0261 	LDS  R27,_pulse_enable+1
00009b 9711      	SBIW R26,1
00009c f451      	BRNE _0x4
                 ; 0000 002D         PORTB.2^=1;
00009d e0a0      	LDI  R26,0
00009e 99c2      	SBIC 0x18,2
00009f e0a1      	LDI  R26,1
0000a0 e0e1      	LDI  R30,LOW(1)
0000a1 27ea      	EOR  R30,R26
0000a2 f411      	BRNE _0x5
0000a3 98c2      	CBI  0x18,2
0000a4 c001      	RJMP _0x6
                 _0x5:
0000a5 9ac2      	SBI  0x18,2
                 _0x6:
                 ; 0000 002E    }
                 ; 0000 002F    else{
0000a6 c005      	RJMP _0x7
                 _0x4:
                 ; 0000 0030         if(PORTB.2==1)
0000a7 9bc2      	SBIS 0x18,2
0000a8 c002      	RJMP _0x8
                 ; 0000 0031             PORTB.2=0;
0000a9 98c2      	CBI  0x18,2
                 ; 0000 0032         else
0000aa c001      	RJMP _0xB
                 _0x8:
                 ; 0000 0033             PORTB.2=1;
0000ab 9ac2      	SBI  0x18,2
                 ; 0000 0034    }
                 _0xB:
                 _0x7:
                 ; 0000 0035 }
0000ac 91e9      	LD   R30,Y+
0000ad bfef      	OUT  SREG,R30
0000ae 91e9      	LD   R30,Y+
0000af 91b9      	LD   R27,Y+
0000b0 91a9      	LD   R26,Y+
0000b1 9518      	RETI
                 ; .FEND
                 ;
                 ;void main(void)
                 ; 0000 0038 {
                 _main:
                 ; .FSTART _main
                 ; 0000 0039 // Declare your local variables here
                 ; 0000 003A char lcd_buffer[16];
                 ; 0000 003B unsigned char timer0 = 0;
                 ; 0000 003C // Input/Output Ports initialization
                 ; 0000 003D // Port A initialization
                 ; 0000 003E // Function: Bit7=In Bit6=In Bit5=In Bit4=In Bit3=In Bit2=In Bit1=In Bit0=In
                 ; 0000 003F DDRA=(0<<DDA7) | (0<<DDA6) | (0<<DDA5) | (0<<DDA4) | (0<<DDA3) | (0<<DDA2) | (0<<DDA1) | (0<<DDA0);
0000b2 9760      	SBIW R28,16
                 ;	lcd_buffer -> Y+0
                 ;	timer0 -> R17
0000b3 e010      	LDI  R17,0
0000b4 e0e0      	LDI  R30,LOW(0)
0000b5 bbea      	OUT  0x1A,R30
                 ; 0000 0040 // State: Bit7=T Bit6=T Bit5=T Bit4=T Bit3=T Bit2=T Bit1=T Bit0=T
                 ; 0000 0041 PORTA=(0<<PORTA7) | (0<<PORTA6) | (0<<PORTA5) | (0<<PORTA4) | (0<<PORTA3) | (0<<PORTA2) | (0<<PORTA1) | (0<<PORTA0);
0000b6 bbeb      	OUT  0x1B,R30
                 ; 0000 0042 
                 ; 0000 0043 // Port B initialization
                 ; 0000 0044 // Function: Bit7=In Bit6=In Bit5=In Bit4=In Bit3=In Bit2=Out Bit1=In Bit0=In
                 ; 0000 0045 DDRB=(0<<DDB7) | (0<<DDB6) | (0<<DDB5) | (0<<DDB4) | (0<<DDB3) | (1<<DDB2) | (0<<DDB1) | (0<<DDB0);
0000b7 e0e4      	LDI  R30,LOW(4)
0000b8 bbe7      	OUT  0x17,R30
                 ; 0000 0046 // State: Bit7=T Bit6=T Bit5=T Bit4=T Bit3=T Bit2=0 Bit1=T Bit0=T
                 ; 0000 0047 PORTB=(0<<PORTB7) | (0<<PORTB6) | (0<<PORTB5) | (0<<PORTB4) | (0<<PORTB3) | (0<<PORTB2) | (0<<PORTB1) | (0<<PORTB0);
0000b9 e0e0      	LDI  R30,LOW(0)
0000ba bbe8      	OUT  0x18,R30
                 ; 0000 0048 
                 ; 0000 0049 // Port C initialization
                 ; 0000 004A // Function: Bit7=In Bit6=In Bit5=In Bit4=In Bit3=In Bit2=In Bit1=In Bit0=In
                 ; 0000 004B DDRC=(0<<DDC7) | (0<<DDC6) | (0<<DDC5) | (0<<DDC4) | (0<<DDC3) | (0<<DDC2) | (0<<DDC1) | (0<<DDC0);
0000bb bbe4      	OUT  0x14,R30
                 ; 0000 004C // State: Bit7=T Bit6=T Bit5=T Bit4=T Bit3=T Bit2=T Bit1=T Bit0=T
                 ; 0000 004D PORTC=(0<<PORTC7) | (0<<PORTC6) | (0<<PORTC5) | (0<<PORTC4) | (0<<PORTC3) | (0<<PORTC2) | (0<<PORTC1) | (0<<PORTC0);
0000bc bbe5      	OUT  0x15,R30
                 ; 0000 004E 
                 ; 0000 004F // Port D initialization
                 ; 0000 0050 // Function: Bit7=In Bit6=In Bit5=In Bit4=In Bit3=In Bit2=In Bit1=In Bit0=In
                 ; 0000 0051 DDRD=(0<<DDD7) | (0<<DDD6) | (0<<DDD5) | (0<<DDD4) | (0<<DDD3) | (0<<DDD2) | (0<<DDD1) | (0<<DDD0);
0000bd bbe1      	OUT  0x11,R30
                 ; 0000 0052 // State: Bit7=T Bit6=T Bit5=T Bit4=T Bit3=T Bit2=T Bit1=T Bit0=T
                 ; 0000 0053 PORTD=(0<<PORTD7) | (0<<PORTD6) | (0<<PORTD5) | (0<<PORTD4) | (0<<PORTD3) | (1<<PORTD2) | (0<<PORTD1) | (0<<PORTD0);
0000be e0e4      	LDI  R30,LOW(4)
0000bf bbe2      	OUT  0x12,R30
                 ; 0000 0054 
                 ; 0000 0055 // Timer/Counter 0 initialization
                 ; 0000 0056 // Clock source: System Clock
                 ; 0000 0057 // Clock value: 125.000 kHz
                 ; 0000 0058 // Mode: Normal top=0xFF
                 ; 0000 0059 // OC0 output: Disconnected
                 ; 0000 005A // Timer Period: 2.048 ms
                 ; 0000 005B TCCR0=(0<<WGM00) | (0<<COM01) | (0<<COM00) | (0<<WGM01) | (0<<CS02) | (1<<CS01) | (0<<CS00);
0000c0 e0e2      	LDI  R30,LOW(2)
0000c1 bfe3      	OUT  0x33,R30
                 ; 0000 005C TCNT0=0xC2;
0000c2 ece2      	LDI  R30,LOW(194)
0000c3 bfe2      	OUT  0x32,R30
                 ; 0000 005D OCR0=0xC2;
0000c4 bfec      	OUT  0x3C,R30
                 ; 0000 005E 
                 ; 0000 005F // Timer/Counter 1 initialization
                 ; 0000 0060 // Clock source: System Clock
                 ; 0000 0061 // Clock value: 1000.000 kHz
                 ; 0000 0062 // Mode: CTC top=OCR1A
                 ; 0000 0063 // OC1A output: Disconnected
                 ; 0000 0064 // OC1B output: Disconnected
                 ; 0000 0065 // Noise Canceler: Off
                 ; 0000 0066 // Input Capture on Falling Edge
                 ; 0000 0067 // Timer Period: 0.5 ms
                 ; 0000 0068 // Timer1 Overflow Interrupt: Off
                 ; 0000 0069 // Input Capture Interrupt: Off
                 ; 0000 006A // Compare A Match Interrupt: On
                 ; 0000 006B // Compare B Match Interrupt: Off
                 ; 0000 006C TCCR1A=(0<<COM1A1) | (0<<COM1A0) | (0<<COM1B1) | (0<<COM1B0) | (0<<WGM11) | (0<<WGM10);
0000c5 e0e0      	LDI  R30,LOW(0)
0000c6 bdef      	OUT  0x2F,R30
                 ; 0000 006D TCCR1B=(0<<ICNC1) | (0<<ICES1) | (0<<WGM13) | (1<<WGM12) | (0<<CS12) | (0<<CS11) | (1<<CS10);
0000c7 e0e9      	LDI  R30,LOW(9)
0000c8 bdee      	OUT  0x2E,R30
                 ; 0000 006E TCNT1H=0x01;
0000c9 e0e1      	LDI  R30,LOW(1)
0000ca bded      	OUT  0x2D,R30
                 ; 0000 006F TCNT1L=0xF3;
0000cb efe3      	LDI  R30,LOW(243)
0000cc bdec      	OUT  0x2C,R30
                 ; 0000 0070 ICR1H=0x00;
0000cd e0e0      	LDI  R30,LOW(0)
0000ce bde7      	OUT  0x27,R30
                 ; 0000 0071 ICR1L=0x00;
0000cf bde6      	OUT  0x26,R30
                 ; 0000 0072 OCR1AH=0x01;
0000d0 e0e1      	LDI  R30,LOW(1)
0000d1 bdeb      	OUT  0x2B,R30
                 ; 0000 0073 OCR1AL=0xF3;
0000d2 efe3      	LDI  R30,LOW(243)
0000d3 bdea      	OUT  0x2A,R30
                 ; 0000 0074 OCR1BH=0x00;
0000d4 e0e0      	LDI  R30,LOW(0)
0000d5 bde9      	OUT  0x29,R30
                 ; 0000 0075 OCR1BL=0x00;
0000d6 bde8      	OUT  0x28,R30
                 ; 0000 0076 
                 ; 0000 0077 // Timer/Counter 2 initialization
                 ; 0000 0078 // Clock source: System Clock
                 ; 0000 0079 // Clock value: Timer2 Stopped
                 ; 0000 007A // Mode: Normal top=0xFF
                 ; 0000 007B // OC2 output: Disconnected
                 ; 0000 007C ASSR=0<<AS2;
0000d7 bde2      	OUT  0x22,R30
                 ; 0000 007D TCCR2=(0<<PWM2) | (0<<COM21) | (0<<COM20) | (0<<CTC2) | (0<<CS22) | (0<<CS21) | (0<<CS20);
0000d8 bde5      	OUT  0x25,R30
                 ; 0000 007E TCNT2=0x00;
0000d9 bde4      	OUT  0x24,R30
                 ; 0000 007F OCR2=0x00;
0000da bde3      	OUT  0x23,R30
                 ; 0000 0080 
                 ; 0000 0081 // Timer(s)/Counter(s) Interrupt(s) initialization
                 ; 0000 0082 TIMSK=(0<<OCIE2) | (0<<TOIE2) | (0<<TICIE1) | (1<<OCIE1A) | (0<<OCIE1B) | (0<<TOIE1) | (0<<OCIE0) | (0<<TOIE0);
0000db e1e0      	LDI  R30,LOW(16)
0000dc bfe9      	OUT  0x39,R30
                 ; 0000 0083 
                 ; 0000 0084 // External Interrupt(s) initialization
                 ; 0000 0085 // INT0: On
                 ; 0000 0086 // INT0 Mode: Falling Edge
                 ; 0000 0087 // INT1: Off
                 ; 0000 0088 // INT2: Off
                 ; 0000 0089 GICR|=(0<<INT1) | (1<<INT0) | (0<<INT2);
0000dd b7eb      	IN   R30,0x3B
0000de 64e0      	ORI  R30,0x40
0000df bfeb      	OUT  0x3B,R30
                 ; 0000 008A MCUCR=(0<<ISC11) | (0<<ISC10) | (1<<ISC01) | (0<<ISC00);
0000e0 e0e2      	LDI  R30,LOW(2)
0000e1 bfe5      	OUT  0x35,R30
                 ; 0000 008B MCUCSR=(0<<ISC2);
0000e2 e0e0      	LDI  R30,LOW(0)
0000e3 bfe4      	OUT  0x34,R30
                 ; 0000 008C GIFR=(0<<INTF1) | (1<<INTF0) | (0<<INTF2);
0000e4 e4e0      	LDI  R30,LOW(64)
0000e5 bfea      	OUT  0x3A,R30
                 ; 0000 008D 
                 ; 0000 008E // USART initialization
                 ; 0000 008F // USART disabled
                 ; 0000 0090 UCSRB=(0<<RXCIE) | (0<<TXCIE) | (0<<UDRIE) | (0<<RXEN) | (0<<TXEN) | (0<<UCSZ2) | (0<<RXB8) | (0<<TXB8);
0000e6 e0e0      	LDI  R30,LOW(0)
0000e7 b9ea      	OUT  0xA,R30
                 ; 0000 0091 
                 ; 0000 0092 // Analog Comparator initialization
                 ; 0000 0093 // Analog Comparator: Off
                 ; 0000 0094 // The Analog Comparator's positive input is
                 ; 0000 0095 // connected to the AIN0 pin
                 ; 0000 0096 // The Analog Comparator's negative input is
                 ; 0000 0097 // connected to the AIN1 pin
                 ; 0000 0098 ACSR=(1<<ACD) | (0<<ACBG) | (0<<ACO) | (0<<ACI) | (0<<ACIE) | (0<<ACIC) | (0<<ACIS1) | (0<<ACIS0);
0000e8 e8e0      	LDI  R30,LOW(128)
0000e9 b9e8      	OUT  0x8,R30
                 ; 0000 0099 SFIOR=(0<<ACME);
0000ea e0e0      	LDI  R30,LOW(0)
0000eb bfe0      	OUT  0x30,R30
                 ; 0000 009A 
                 ; 0000 009B // ADC initialization
                 ; 0000 009C // ADC disabled
                 ; 0000 009D ADCSRA=(0<<ADEN) | (0<<ADSC) | (0<<ADATE) | (0<<ADIF) | (0<<ADIE) | (0<<ADPS2) | (0<<ADPS1) | (0<<ADPS0);
0000ec b9e6      	OUT  0x6,R30
                 ; 0000 009E 
                 ; 0000 009F // SPI initialization
                 ; 0000 00A0 // SPI disabled
                 ; 0000 00A1 SPCR=(0<<SPIE) | (0<<SPE) | (0<<DORD) | (0<<MSTR) | (0<<CPOL) | (0<<CPHA) | (0<<SPR1) | (0<<SPR0);
0000ed b9ed      	OUT  0xD,R30
                 ; 0000 00A2 
                 ; 0000 00A3 // TWI initialization
                 ; 0000 00A4 // TWI disabled
                 ; 0000 00A5 TWCR=(0<<TWEA) | (0<<TWSTA) | (0<<TWSTO) | (0<<TWEN) | (0<<TWIE);
0000ee bfe6      	OUT  0x36,R30
                 ; 0000 00A6 
                 ; 0000 00A7 // Alphanumeric LCD initialization
                 ; 0000 00A8 // Connections are specified in the
                 ; 0000 00A9 // Project|Configure|C Compiler|Libraries|Alphanumeric LCD menu:
                 ; 0000 00AA // RS - PORTA Bit 0
                 ; 0000 00AB // RD - PORTA Bit 1
                 ; 0000 00AC // EN - PORTA Bit 2
                 ; 0000 00AD // D4 - PORTA Bit 4
                 ; 0000 00AE // D5 - PORTA Bit 5
                 ; 0000 00AF // D6 - PORTA Bit 6
                 ; 0000 00B0 // D7 - PORTA Bit 7
                 ; 0000 00B1 // Characters/line: 16
                 ; 0000 00B2 lcd_init(16);
0000ef e1a0      	LDI  R26,LOW(16)
0000f0 940e 031b 	CALL _lcd_init
                 ; 0000 00B3 
                 ; 0000 00B4 // Global enable interrupts
                 ; 0000 00B5 #asm("sei")
0000f2 9478      	sei
                 ; 0000 00B6 
                 ; 0000 00B7 while (1)
                 _0xE:
                 ; 0000 00B8       {
                 ; 0000 00B9       // Place your code here
                 ; 0000 00BA 
                 ; 0000 00BB        lcd_clear();
0000f3 940e 02e9 	CALL _lcd_clear
                 ; 0000 00BC        sprintf(lcd_buffer,"Timer0 Value: %d",TCNT1H);
0000f5 01fe      	MOVW R30,R28
0000f6 93fa      	ST   -Y,R31
0000f7 93ea      	ST   -Y,R30
                +
0000f8 e6ea     +LDI R30 , LOW ( 2 * _0x0 + ( 0 ) )
0000f9 e0f0     +LDI R31 , HIGH ( 2 * _0x0 + ( 0 ) )
                 	__POINTW1FN _0x0,0
0000fa 93fa      	ST   -Y,R31
0000fb 93ea      	ST   -Y,R30
0000fc b5ed      	IN   R30,0x2D
0000fd 27ff      	CLR  R31
0000fe 2766      	CLR  R22
0000ff 2777      	CLR  R23
000100 940e 03b4 	CALL __PUTPARD1
000102 e084      	LDI  R24,4
000103 940e 0288 	CALL _sprintf
000105 9628      	ADIW R28,8
                 ; 0000 00BD        lcd_gotoxy(0,0);
000106 e0e0      	LDI  R30,LOW(0)
000107 93ea      	ST   -Y,R30
000108 e0a0      	LDI  R26,LOW(0)
000109 940e 02dc 	CALL _lcd_gotoxy
                 ; 0000 00BE        lcd_puts(lcd_buffer);
00010b 01de      	MOVW R26,R28
00010c 940e 030a 	CALL _lcd_puts
                 ; 0000 00BF        delay_ms(500);
00010e efa4      	LDI  R26,LOW(500)
00010f e0b1      	LDI  R27,HIGH(500)
000110 940e 039a 	CALL _delay_ms
                 ; 0000 00C0 
                 ; 0000 00C1       }
000112 cfe0      	RJMP _0xE
                 ; 0000 00C2 }
                 _0x11:
000113 cfff      	RJMP _0x11
                 ; .FEND
                 	#ifndef __SLEEP_DEFINED__
                 	#endif
                 
                 	.CSEG
                 _put_buff_G100:
                 ; .FSTART _put_buff_G100
000114 93ba      	ST   -Y,R27
000115 93aa      	ST   -Y,R26
000116 931a      	ST   -Y,R17
000117 930a      	ST   -Y,R16
000118 81aa      	LDD  R26,Y+2
000119 81bb      	LDD  R27,Y+2+1
00011a 9612      	ADIW R26,2
00011b 940e 03ac 	CALL __GETW1P
00011d 9730      	SBIW R30,0
00011e f159      	BREQ _0x2000010
00011f 81aa      	LDD  R26,Y+2
000120 81bb      	LDD  R27,Y+2+1
000121 9614      	ADIW R26,4
000122 940e 03ac 	CALL __GETW1P
000124 018f      	MOVW R16,R30
000125 9730      	SBIW R30,0
000126 f061      	BREQ _0x2000012
                +
000127 3002     +CPI R16 , LOW ( 2 )
000128 e0e0     +LDI R30 , HIGH ( 2 )
000129 071e     +CPC R17 , R30
                 	__CPWRN 16,17,2
00012a f098      	BRLO _0x2000013
00012b 01f8      	MOVW R30,R16
00012c 9731      	SBIW R30,1
00012d 018f      	MOVW R16,R30
                +
00012e 81aa     +LDD R26 , Y + 2
00012f 81bb     +LDD R27 , Y + 2 + 1
000130 9614     +ADIW R26 , 4
000131 93ed     +ST X + , R30
000132 93fc     +ST X , R31
                 	__PUTW1SNS 2,4
                 _0x2000012:
000133 81aa      	LDD  R26,Y+2
000134 81bb      	LDD  R27,Y+2+1
000135 9612      	ADIW R26,2
000136 91ed      	LD   R30,X+
000137 91fd      	LD   R31,X+
000138 9631      	ADIW R30,1
000139 93fe      	ST   -X,R31
00013a 93ee      	ST   -X,R30
00013b 9731      	SBIW R30,1
00013c 81ac      	LDD  R26,Y+4
00013d 83a0      	STD  Z+0,R26
                 _0x2000013:
00013e 81aa      	LDD  R26,Y+2
00013f 81bb      	LDD  R27,Y+2+1
000140 940e 03ac 	CALL __GETW1P
000142 23ff      	TST  R31
000143 f02a      	BRMI _0x2000014
000144 91ed      	LD   R30,X+
000145 91fd      	LD   R31,X+
000146 9631      	ADIW R30,1
000147 93fe      	ST   -X,R31
000148 93ee      	ST   -X,R30
                 _0x2000014:
000149 c006      	RJMP _0x2000015
                 _0x2000010:
00014a 81aa      	LDD  R26,Y+2
00014b 81bb      	LDD  R27,Y+2+1
00014c efef      	LDI  R30,LOW(65535)
00014d efff      	LDI  R31,HIGH(65535)
00014e 93ed      	ST   X+,R30
00014f 93fc      	ST   X,R31
                 _0x2000015:
000150 8119      	LDD  R17,Y+1
000151 8108      	LDD  R16,Y+0
000152 9625      	ADIW R28,5
000153 9508      	RET
                 ; .FEND
                 __print_G100:
                 ; .FSTART __print_G100
000154 93ba      	ST   -Y,R27
000155 93aa      	ST   -Y,R26
000156 9726      	SBIW R28,6
000157 940e 03b9 	CALL __SAVELOCR6
000159 e010      	LDI  R17,0
00015a 85ac      	LDD  R26,Y+12
00015b 85bd      	LDD  R27,Y+12+1
00015c e0e0      	LDI  R30,LOW(0)
00015d e0f0      	LDI  R31,HIGH(0)
00015e 93ed      	ST   X+,R30
00015f 93fc      	ST   X,R31
                 _0x2000016:
000160 89ea      	LDD  R30,Y+18
000161 89fb      	LDD  R31,Y+18+1
000162 9631      	ADIW R30,1
000163 8bea      	STD  Y+18,R30
000164 8bfb      	STD  Y+18+1,R31
000165 9731      	SBIW R30,1
000166 91e4      	LPM  R30,Z
000167 2f2e      	MOV  R18,R30
000168 30e0      	CPI  R30,0
000169 f409      	BRNE PC+2
00016a c115      	RJMP _0x2000018
00016b 2fe1      	MOV  R30,R17
00016c 30e0      	CPI  R30,0
00016d f439      	BRNE _0x200001C
00016e 3225      	CPI  R18,37
00016f f411      	BRNE _0x200001D
000170 e011      	LDI  R17,LOW(1)
000171 c002      	RJMP _0x200001E
                 _0x200001D:
000172 940e 0361 	CALL SUBOPT_0x0
                 _0x200001E:
000174 c10a      	RJMP _0x200001B
                 _0x200001C:
000175 30e1      	CPI  R30,LOW(0x1)
000176 f4a9      	BRNE _0x200001F
000177 3225      	CPI  R18,37
000178 f419      	BRNE _0x2000020
000179 940e 0361 	CALL SUBOPT_0x0
00017b c102      	RJMP _0x20000CC
                 _0x2000020:
00017c e012      	LDI  R17,LOW(2)
00017d e040      	LDI  R20,LOW(0)
00017e e000      	LDI  R16,LOW(0)
00017f 322d      	CPI  R18,45
000180 f411      	BRNE _0x2000021
000181 e001      	LDI  R16,LOW(1)
000182 c0fc      	RJMP _0x200001B
                 _0x2000021:
000183 322b      	CPI  R18,43
000184 f411      	BRNE _0x2000022
000185 e24b      	LDI  R20,LOW(43)
000186 c0f8      	RJMP _0x200001B
                 _0x2000022:
000187 3220      	CPI  R18,32
000188 f411      	BRNE _0x2000023
000189 e240      	LDI  R20,LOW(32)
00018a c0f4      	RJMP _0x200001B
                 _0x2000023:
00018b c002      	RJMP _0x2000024
                 _0x200001F:
00018c 30e2      	CPI  R30,LOW(0x2)
00018d f439      	BRNE _0x2000025
                 _0x2000024:
00018e e050      	LDI  R21,LOW(0)
00018f e013      	LDI  R17,LOW(3)
000190 3320      	CPI  R18,48
000191 f411      	BRNE _0x2000026
000192 6800      	ORI  R16,LOW(128)
000193 c0eb      	RJMP _0x200001B
                 _0x2000026:
000194 c003      	RJMP _0x2000027
                 _0x2000025:
000195 30e3      	CPI  R30,LOW(0x3)
000196 f009      	BREQ PC+2
000197 c0e7      	RJMP _0x200001B
                 _0x2000027:
000198 3320      	CPI  R18,48
000199 f010      	BRLO _0x200002A
00019a 332a      	CPI  R18,58
00019b f008      	BRLO _0x200002B
                 _0x200002A:
00019c c007      	RJMP _0x2000029
                 _0x200002B:
00019d e0aa      	LDI  R26,LOW(10)
00019e 9f5a      	MUL  R21,R26
00019f 2d50      	MOV  R21,R0
0001a0 2fe2      	MOV  R30,R18
0001a1 53e0      	SUBI R30,LOW(48)
0001a2 0f5e      	ADD  R21,R30
0001a3 c0db      	RJMP _0x200001B
                 _0x2000029:
0001a4 2fe2      	MOV  R30,R18
0001a5 36e3      	CPI  R30,LOW(0x63)
0001a6 f449      	BRNE _0x200002F
0001a7 940e 0368 	CALL SUBOPT_0x1
0001a9 89e8      	LDD  R30,Y+16
0001aa 89f9      	LDD  R31,Y+16+1
0001ab 81a4      	LDD  R26,Z+4
0001ac 93aa      	ST   -Y,R26
0001ad 940e 036e 	CALL SUBOPT_0x2
0001af c0ce      	RJMP _0x2000030
                 _0x200002F:
0001b0 37e3      	CPI  R30,LOW(0x73)
0001b1 f441      	BRNE _0x2000032
0001b2 940e 0368 	CALL SUBOPT_0x1
0001b4 940e 0374 	CALL SUBOPT_0x3
0001b6 940e 0348 	CALL _strlen
0001b8 2f1e      	MOV  R17,R30
0001b9 c00a      	RJMP _0x2000033
                 _0x2000032:
0001ba 37e0      	CPI  R30,LOW(0x70)
0001bb f461      	BRNE _0x2000035
0001bc 940e 0368 	CALL SUBOPT_0x1
0001be 940e 0374 	CALL SUBOPT_0x3
0001c0 940e 0354 	CALL _strlenf
0001c2 2f1e      	MOV  R17,R30
0001c3 6008      	ORI  R16,LOW(8)
                 _0x2000033:
0001c4 6002      	ORI  R16,LOW(2)
0001c5 770f      	ANDI R16,LOW(127)
0001c6 e030      	LDI  R19,LOW(0)
0001c7 c034      	RJMP _0x2000036
                 _0x2000035:
0001c8 36e4      	CPI  R30,LOW(0x64)
0001c9 f011      	BREQ _0x2000039
0001ca 36e9      	CPI  R30,LOW(0x69)
0001cb f411      	BRNE _0x200003A
                 _0x2000039:
0001cc 6004      	ORI  R16,LOW(4)
0001cd c002      	RJMP _0x200003B
                 _0x200003A:
0001ce 37e5      	CPI  R30,LOW(0x75)
0001cf f431      	BRNE _0x200003C
                 _0x200003B:
0001d0 e5e4      	LDI  R30,LOW(_tbl10_G100*2)
0001d1 e0f0      	LDI  R31,HIGH(_tbl10_G100*2)
0001d2 83ee      	STD  Y+6,R30
0001d3 83ff      	STD  Y+6+1,R31
0001d4 e015      	LDI  R17,LOW(5)
0001d5 c00c      	RJMP _0x200003D
                 _0x200003C:
0001d6 35e8      	CPI  R30,LOW(0x58)
0001d7 f411      	BRNE _0x200003F
0001d8 6008      	ORI  R16,LOW(8)
0001d9 c003      	RJMP _0x2000040
                 _0x200003F:
0001da 37e8      	CPI  R30,LOW(0x78)
0001db f009      	BREQ PC+2
0001dc c0a1      	RJMP _0x2000071
                 _0x2000040:
0001dd e5ee      	LDI  R30,LOW(_tbl16_G100*2)
0001de e0f0      	LDI  R31,HIGH(_tbl16_G100*2)
0001df 83ee      	STD  Y+6,R30
0001e0 83ff      	STD  Y+6+1,R31
0001e1 e014      	LDI  R17,LOW(4)
                 _0x200003D:
0001e2 ff02      	SBRS R16,2
0001e3 c014      	RJMP _0x2000042
0001e4 940e 0368 	CALL SUBOPT_0x1
0001e6 940e 037e 	CALL SUBOPT_0x4
0001e8 85ab      	LDD  R26,Y+11
0001e9 23aa      	TST  R26
0001ea f43a      	BRPL _0x2000043
0001eb 85ea      	LDD  R30,Y+10
0001ec 85fb      	LDD  R31,Y+10+1
0001ed 940e 03a8 	CALL __ANEGW1
0001ef 87ea      	STD  Y+10,R30
0001f0 87fb      	STD  Y+10+1,R31
0001f1 e24d      	LDI  R20,LOW(45)
                 _0x2000043:
0001f2 3040      	CPI  R20,0
0001f3 f011      	BREQ _0x2000044
0001f4 5f1f      	SUBI R17,-LOW(1)
0001f5 c001      	RJMP _0x2000045
                 _0x2000044:
0001f6 7f0b      	ANDI R16,LOW(251)
                 _0x2000045:
0001f7 c004      	RJMP _0x2000046
                 _0x2000042:
0001f8 940e 0368 	CALL SUBOPT_0x1
0001fa 940e 037e 	CALL SUBOPT_0x4
                 _0x2000046:
                 _0x2000036:
0001fc fd00      	SBRC R16,0
0001fd c011      	RJMP _0x2000047
                 _0x2000048:
0001fe 1715      	CP   R17,R21
0001ff f478      	BRSH _0x200004A
000200 ff07      	SBRS R16,7
000201 c008      	RJMP _0x200004B
000202 ff02      	SBRS R16,2
000203 c004      	RJMP _0x200004C
000204 7f0b      	ANDI R16,LOW(251)
000205 2f24      	MOV  R18,R20
000206 5011      	SUBI R17,LOW(1)
000207 c001      	RJMP _0x200004D
                 _0x200004C:
000208 e320      	LDI  R18,LOW(48)
                 _0x200004D:
000209 c001      	RJMP _0x200004E
                 _0x200004B:
00020a e220      	LDI  R18,LOW(32)
                 _0x200004E:
00020b 940e 0361 	CALL SUBOPT_0x0
00020d 5051      	SUBI R21,LOW(1)
00020e cfef      	RJMP _0x2000048
                 _0x200004A:
                 _0x2000047:
00020f 2f31      	MOV  R19,R17
000210 ff01      	SBRS R16,1
000211 c017      	RJMP _0x200004F
                 _0x2000050:
000212 3030      	CPI  R19,0
000213 f0a1      	BREQ _0x2000052
000214 ff03      	SBRS R16,3
000215 c006      	RJMP _0x2000053
000216 81ee      	LDD  R30,Y+6
000217 81ff      	LDD  R31,Y+6+1
000218 9125      	LPM  R18,Z+
000219 83ee      	STD  Y+6,R30
00021a 83ff      	STD  Y+6+1,R31
00021b c005      	RJMP _0x2000054
                 _0x2000053:
00021c 81ae      	LDD  R26,Y+6
00021d 81bf      	LDD  R27,Y+6+1
00021e 912d      	LD   R18,X+
00021f 83ae      	STD  Y+6,R26
000220 83bf      	STD  Y+6+1,R27
                 _0x2000054:
000221 940e 0361 	CALL SUBOPT_0x0
000223 3050      	CPI  R21,0
000224 f009      	BREQ _0x2000055
000225 5051      	SUBI R21,LOW(1)
                 _0x2000055:
000226 5031      	SUBI R19,LOW(1)
000227 cfea      	RJMP _0x2000050
                 _0x2000052:
000228 c04b      	RJMP _0x2000056
                 _0x200004F:
                 _0x2000058:
000229 e320      	LDI  R18,LOW(48)
00022a 81ee      	LDD  R30,Y+6
00022b 81ff      	LDD  R31,Y+6+1
00022c 940e 03b0 	CALL __GETW1PF
00022e 87e8      	STD  Y+8,R30
00022f 87f9      	STD  Y+8+1,R31
000230 81ee      	LDD  R30,Y+6
000231 81ff      	LDD  R31,Y+6+1
000232 9632      	ADIW R30,2
000233 83ee      	STD  Y+6,R30
000234 83ff      	STD  Y+6+1,R31
                 _0x200005A:
000235 85e8      	LDD  R30,Y+8
000236 85f9      	LDD  R31,Y+8+1
000237 85aa      	LDD  R26,Y+10
000238 85bb      	LDD  R27,Y+10+1
000239 17ae      	CP   R26,R30
00023a 07bf      	CPC  R27,R31
00023b f050      	BRLO _0x200005C
00023c 5f2f      	SUBI R18,-LOW(1)
00023d 85a8      	LDD  R26,Y+8
00023e 85b9      	LDD  R27,Y+8+1
00023f 85ea      	LDD  R30,Y+10
000240 85fb      	LDD  R31,Y+10+1
000241 1bea      	SUB  R30,R26
000242 0bfb      	SBC  R31,R27
000243 87ea      	STD  Y+10,R30
000244 87fb      	STD  Y+10+1,R31
000245 cfef      	RJMP _0x200005A
                 _0x200005C:
000246 332a      	CPI  R18,58
000247 f028      	BRLO _0x200005D
000248 ff03      	SBRS R16,3
000249 c002      	RJMP _0x200005E
00024a 5f29      	SUBI R18,-LOW(7)
00024b c001      	RJMP _0x200005F
                 _0x200005E:
00024c 5d29      	SUBI R18,-LOW(39)
                 _0x200005F:
                 _0x200005D:
00024d fd04      	SBRC R16,4
00024e c01a      	RJMP _0x2000061
00024f 3321      	CPI  R18,49
000250 f420      	BRSH _0x2000063
000251 85a8      	LDD  R26,Y+8
000252 85b9      	LDD  R27,Y+8+1
000253 9711      	SBIW R26,1
000254 f409      	BRNE _0x2000062
                 _0x2000063:
000255 c009      	RJMP _0x20000CD
                 _0x2000062:
000256 1753      	CP   R21,R19
000257 f010      	BRLO _0x2000067
000258 ff00      	SBRS R16,0
000259 c001      	RJMP _0x2000068
                 _0x2000067:
00025a c013      	RJMP _0x2000066
                 _0x2000068:
00025b e220      	LDI  R18,LOW(32)
00025c ff07      	SBRS R16,7
00025d c00b      	RJMP _0x2000069
00025e e320      	LDI  R18,LOW(48)
                 _0x20000CD:
00025f 6100      	ORI  R16,LOW(16)
000260 ff02      	SBRS R16,2
000261 c007      	RJMP _0x200006A
000262 7f0b      	ANDI R16,LOW(251)
000263 934a      	ST   -Y,R20
000264 940e 036e 	CALL SUBOPT_0x2
000266 3050      	CPI  R21,0
000267 f009      	BREQ _0x200006B
000268 5051      	SUBI R21,LOW(1)
                 _0x200006B:
                 _0x200006A:
                 _0x2000069:
                 _0x2000061:
000269 940e 0361 	CALL SUBOPT_0x0
00026b 3050      	CPI  R21,0
00026c f009      	BREQ _0x200006C
00026d 5051      	SUBI R21,LOW(1)
                 _0x200006C:
                 _0x2000066:
00026e 5031      	SUBI R19,LOW(1)
00026f 85a8      	LDD  R26,Y+8
000270 85b9      	LDD  R27,Y+8+1
000271 9712      	SBIW R26,2
000272 f008      	BRLO _0x2000059
000273 cfb5      	RJMP _0x2000058
                 _0x2000059:
                 _0x2000056:
000274 ff00      	SBRS R16,0
000275 c008      	RJMP _0x200006D
                 _0x200006E:
000276 3050      	CPI  R21,0
000277 f031      	BREQ _0x2000070
000278 5051      	SUBI R21,LOW(1)
000279 e2e0      	LDI  R30,LOW(32)
00027a 93ea      	ST   -Y,R30
00027b 940e 036e 	CALL SUBOPT_0x2
00027d cff8      	RJMP _0x200006E
                 _0x2000070:
                 _0x200006D:
                 _0x2000071:
                 _0x2000030:
                 _0x20000CC:
00027e e010      	LDI  R17,LOW(0)
                 _0x200001B:
00027f cee0      	RJMP _0x2000016
                 _0x2000018:
000280 85ac      	LDD  R26,Y+12
000281 85bd      	LDD  R27,Y+12+1
000282 940e 03ac 	CALL __GETW1P
000284 940e 03c0 	CALL __LOADLOCR6
000286 9664      	ADIW R28,20
000287 9508      	RET
                 ; .FEND
                 _sprintf:
                 ; .FSTART _sprintf
000288 92ff      	PUSH R15
000289 2ef8      	MOV  R15,R24
00028a 9726      	SBIW R28,6
00028b 940e 03bb 	CALL __SAVELOCR4
00028d 940e 0386 	CALL SUBOPT_0x5
00028f 9730      	SBIW R30,0
000290 f419      	BRNE _0x2000072
000291 efef      	LDI  R30,LOW(65535)
000292 efff      	LDI  R31,HIGH(65535)
000293 c023      	RJMP _0x2080002
                 _0x2000072:
000294 01de      	MOVW R26,R28
000295 9616      	ADIW R26,6
000296 940e 03a4 	CALL __ADDW2R15
000298 018d      	MOVW R16,R26
000299 940e 0386 	CALL SUBOPT_0x5
00029b 83ee      	STD  Y+6,R30
00029c 83ff      	STD  Y+6+1,R31
00029d e0e0      	LDI  R30,LOW(0)
00029e 87e8      	STD  Y+8,R30
00029f 87e9      	STD  Y+8+1,R30
0002a0 01de      	MOVW R26,R28
0002a1 961a      	ADIW R26,10
0002a2 940e 03a4 	CALL __ADDW2R15
0002a4 940e 03ac 	CALL __GETW1P
0002a6 93fa      	ST   -Y,R31
0002a7 93ea      	ST   -Y,R30
0002a8 931a      	ST   -Y,R17
0002a9 930a      	ST   -Y,R16
0002aa e1e4      	LDI  R30,LOW(_put_buff_G100)
0002ab e0f1      	LDI  R31,HIGH(_put_buff_G100)
0002ac 93fa      	ST   -Y,R31
0002ad 93ea      	ST   -Y,R30
0002ae 01de      	MOVW R26,R28
0002af 961a      	ADIW R26,10
0002b0 dea3      	RCALL __print_G100
0002b1 019f      	MOVW R18,R30
0002b2 81ae      	LDD  R26,Y+6
0002b3 81bf      	LDD  R27,Y+6+1
0002b4 e0e0      	LDI  R30,LOW(0)
0002b5 93ec      	ST   X,R30
0002b6 01f9      	MOVW R30,R18
                 _0x2080002:
0002b7 940e 03c2 	CALL __LOADLOCR4
0002b9 962a      	ADIW R28,10
0002ba 90ff      	POP  R15
0002bb 9508      	RET
                 ; .FEND
                 	#ifndef __SLEEP_DEFINED__
                 	#endif
                 
                 	.DSEG
                 
                 	.CSEG
                 __lcd_write_nibble_G101:
                 ; .FSTART __lcd_write_nibble_G101
0002bc 93aa      	ST   -Y,R26
0002bd b3eb      	IN   R30,0x1B
0002be 70ef      	ANDI R30,LOW(0xF)
0002bf 2fae      	MOV  R26,R30
0002c0 81e8      	LD   R30,Y
0002c1 7fe0      	ANDI R30,LOW(0xF0)
0002c2 2bea      	OR   R30,R26
0002c3 bbeb      	OUT  0x1B,R30
                +
0002c4 e082     +LDI R24 , LOW ( 2 )
                +__DELAY_USB_LOOP :
0002c5 958a     +DEC R24
0002c6 f7f1     +BRNE __DELAY_USB_LOOP
                 	__DELAY_USB 2
0002c7 9ada      	SBI  0x1B,2
                +
0002c8 e082     +LDI R24 , LOW ( 2 )
                +__DELAY_USB_LOOP :
0002c9 958a     +DEC R24
0002ca f7f1     +BRNE __DELAY_USB_LOOP
                 	__DELAY_USB 2
0002cb 98da      	CBI  0x1B,2
                +
0002cc e082     +LDI R24 , LOW ( 2 )
                +__DELAY_USB_LOOP :
0002cd 958a     +DEC R24
0002ce f7f1     +BRNE __DELAY_USB_LOOP
                 	__DELAY_USB 2
0002cf c076      	RJMP _0x2080001
                 ; .FEND
                 __lcd_write_data:
                 ; .FSTART __lcd_write_data
0002d0 93aa      	ST   -Y,R26
0002d1 81a8      	LD   R26,Y
0002d2 dfe9      	RCALL __lcd_write_nibble_G101
0002d3 81e8          ld    r30,y
0002d4 95e2          swap  r30
0002d5 83e8          st    y,r30
0002d6 81a8      	LD   R26,Y
0002d7 dfe4      	RCALL __lcd_write_nibble_G101
                +
0002d8 e181     +LDI R24 , LOW ( 17 )
                +__DELAY_USB_LOOP :
0002d9 958a     +DEC R24
0002da f7f1     +BRNE __DELAY_USB_LOOP
                 	__DELAY_USB 17
0002db c06a      	RJMP _0x2080001
                 ; .FEND
                 _lcd_gotoxy:
                 ; .FSTART _lcd_gotoxy
0002dc 93aa      	ST   -Y,R26
0002dd 81e8      	LD   R30,Y
0002de e0f0      	LDI  R31,0
0002df 59ee      	SUBI R30,LOW(-__base_y_G101)
0002e0 4ffd      	SBCI R31,HIGH(-__base_y_G101)
0002e1 81e0      	LD   R30,Z
0002e2 81a9      	LDD  R26,Y+1
0002e3 0fae      	ADD  R26,R30
0002e4 dfeb      	RCALL __lcd_write_data
0002e5 8079      	LDD  R7,Y+1
0002e6 8068      	LDD  R6,Y+0
0002e7 9622      	ADIW R28,2
0002e8 9508      	RET
                 ; .FEND
                 _lcd_clear:
                 ; .FSTART _lcd_clear
0002e9 e0a2      	LDI  R26,LOW(2)
0002ea 940e 038d 	CALL SUBOPT_0x6
0002ec e0ac      	LDI  R26,LOW(12)
0002ed dfe2      	RCALL __lcd_write_data
0002ee e0a1      	LDI  R26,LOW(1)
0002ef 940e 038d 	CALL SUBOPT_0x6
0002f1 e0e0      	LDI  R30,LOW(0)
0002f2 2e6e      	MOV  R6,R30
0002f3 2e7e      	MOV  R7,R30
0002f4 9508      	RET
                 ; .FEND
                 _lcd_putchar:
                 ; .FSTART _lcd_putchar
0002f5 93aa      	ST   -Y,R26
0002f6 81a8      	LD   R26,Y
0002f7 30aa      	CPI  R26,LOW(0xA)
0002f8 f011      	BREQ _0x2020005
0002f9 1479      	CP   R7,R9
0002fa f048      	BRLO _0x2020004
                 _0x2020005:
0002fb e0e0      	LDI  R30,LOW(0)
0002fc 93ea      	ST   -Y,R30
0002fd 9463      	INC  R6
0002fe 2da6      	MOV  R26,R6
0002ff dfdc      	RCALL _lcd_gotoxy
000300 81a8      	LD   R26,Y
000301 30aa      	CPI  R26,LOW(0xA)
000302 f409      	BRNE _0x2020007
000303 c042      	RJMP _0x2080001
                 _0x2020007:
                 _0x2020004:
000304 9473      	INC  R7
000305 9ad8      	SBI  0x1B,0
000306 81a8      	LD   R26,Y
000307 dfc8      	RCALL __lcd_write_data
000308 98d8      	CBI  0x1B,0
000309 c03c      	RJMP _0x2080001
                 ; .FEND
                 _lcd_puts:
                 ; .FSTART _lcd_puts
00030a 93ba      	ST   -Y,R27
00030b 93aa      	ST   -Y,R26
00030c 931a      	ST   -Y,R17
                 _0x2020008:
00030d 81a9      	LDD  R26,Y+1
00030e 81ba      	LDD  R27,Y+1+1
00030f 91ed      	LD   R30,X+
000310 83a9      	STD  Y+1,R26
000311 83ba      	STD  Y+1+1,R27
000312 2f1e      	MOV  R17,R30
000313 30e0      	CPI  R30,0
000314 f019      	BREQ _0x202000A
000315 2fa1      	MOV  R26,R17
000316 dfde      	RCALL _lcd_putchar
000317 cff5      	RJMP _0x2020008
                 _0x202000A:
000318 8118      	LDD  R17,Y+0
000319 9623      	ADIW R28,3
00031a 9508      	RET
                 ; .FEND
                 _lcd_init:
                 ; .FSTART _lcd_init
00031b 93aa      	ST   -Y,R26
00031c b3ea      	IN   R30,0x1A
00031d 6fe0      	ORI  R30,LOW(0xF0)
00031e bbea      	OUT  0x1A,R30
00031f 9ad2      	SBI  0x1A,2
000320 9ad0      	SBI  0x1A,0
000321 9ad1      	SBI  0x1A,1
000322 98da      	CBI  0x1B,2
000323 98d8      	CBI  0x1B,0
000324 98d9      	CBI  0x1B,1
000325 8098      	LDD  R9,Y+0
000326 81e8      	LD   R30,Y
000327 58e0      	SUBI R30,-LOW(128)
                +
000328 93e0 0264+STS __base_y_G101 + ( 2 ) , R30
                 	__PUTB1MN __base_y_G101,2
00032a 81e8      	LD   R30,Y
00032b 54e0      	SUBI R30,-LOW(192)
                +
00032c 93e0 0265+STS __base_y_G101 + ( 3 ) , R30
                 	__PUTB1MN __base_y_G101,3
00032e e1a4      	LDI  R26,LOW(20)
00032f e0b0      	LDI  R27,0
000330 940e 039a 	CALL _delay_ms
000332 940e 0393 	CALL SUBOPT_0x7
000334 940e 0393 	CALL SUBOPT_0x7
000336 940e 0393 	CALL SUBOPT_0x7
000338 e2a0      	LDI  R26,LOW(32)
000339 df82      	RCALL __lcd_write_nibble_G101
                +
00033a e281     +LDI R24 , LOW ( 33 )
                +__DELAY_USB_LOOP :
00033b 958a     +DEC R24
00033c f7f1     +BRNE __DELAY_USB_LOOP
                 	__DELAY_USB 33
00033d e2a8      	LDI  R26,LOW(40)
00033e df91      	RCALL __lcd_write_data
00033f e0a4      	LDI  R26,LOW(4)
000340 df8f      	RCALL __lcd_write_data
000341 e8a5      	LDI  R26,LOW(133)
000342 df8d      	RCALL __lcd_write_data
000343 e0a6      	LDI  R26,LOW(6)
000344 df8b      	RCALL __lcd_write_data
000345 dfa3      	RCALL _lcd_clear
                 _0x2080001:
000346 9621      	ADIW R28,1
000347 9508      	RET
                 ; .FEND
                 
                 	.CSEG
                 
                 	.CSEG
                 _strlen:
                 ; .FSTART _strlen
000348 93ba      	ST   -Y,R27
000349 93aa      	ST   -Y,R26
00034a 91a9          ld   r26,y+
00034b 91b9          ld   r27,y+
00034c 27ee          clr  r30
00034d 27ff          clr  r31
                 strlen0:
00034e 916d          ld   r22,x+
00034f 2366          tst  r22
000350 f011          breq strlen1
000351 9631          adiw r30,1
000352 cffb          rjmp strlen0
                 strlen1:
000353 9508          ret
                 ; .FEND
                 _strlenf:
                 ; .FSTART _strlenf
000354 93ba      	ST   -Y,R27
000355 93aa      	ST   -Y,R26
000356 27aa          clr  r26
000357 27bb          clr  r27
000358 91e9          ld   r30,y+
000359 91f9          ld   r31,y+
                 strlenf0:
00035a 9005      	lpm  r0,z+
00035b 2000          tst  r0
00035c f011          breq strlenf1
00035d 9611          adiw r26,1
00035e cffb          rjmp strlenf0
                 strlenf1:
00035f 01fd          movw r30,r26
000360 9508          ret
                 ; .FEND
                 
                 	.DSEG
                 _pulse_enable:
000260           	.BYTE 0x2
                 __base_y_G101:
000262           	.BYTE 0x4
                 
                 	.CSEG
                 ;OPTIMIZER ADDED SUBROUTINE, CALLED 5 TIMES, CODE SIZE REDUCTION:13 WORDS
                 SUBOPT_0x0:
000361 932a      	ST   -Y,R18
000362 85ad      	LDD  R26,Y+13
000363 85be      	LDD  R27,Y+13+1
000364 85ef      	LDD  R30,Y+15
000365 89f8      	LDD  R31,Y+15+1
000366 9509      	ICALL
000367 9508      	RET
                 
                 ;OPTIMIZER ADDED SUBROUTINE, CALLED 5 TIMES, CODE SIZE REDUCTION:9 WORDS
                 SUBOPT_0x1:
000368 89e8      	LDD  R30,Y+16
000369 89f9      	LDD  R31,Y+16+1
00036a 9734      	SBIW R30,4
00036b 8be8      	STD  Y+16,R30
00036c 8bf9      	STD  Y+16+1,R31
00036d 9508      	RET
                 
                 ;OPTIMIZER ADDED SUBROUTINE, CALLED 3 TIMES, CODE SIZE REDUCTION:3 WORDS
                 SUBOPT_0x2:
00036e 85ad      	LDD  R26,Y+13
00036f 85be      	LDD  R27,Y+13+1
000370 85ef      	LDD  R30,Y+15
000371 89f8      	LDD  R31,Y+15+1
000372 9509      	ICALL
000373 9508      	RET
                 
                 ;OPTIMIZER ADDED SUBROUTINE, CALLED 2 TIMES, CODE SIZE REDUCTION:4 WORDS
                 SUBOPT_0x3:
000374 89a8      	LDD  R26,Y+16
000375 89b9      	LDD  R27,Y+16+1
000376 9614      	ADIW R26,4
000377 940e 03ac 	CALL __GETW1P
000379 83ee      	STD  Y+6,R30
00037a 83ff      	STD  Y+6+1,R31
00037b 81ae      	LDD  R26,Y+6
00037c 81bf      	LDD  R27,Y+6+1
00037d 9508      	RET
                 
                 ;OPTIMIZER ADDED SUBROUTINE, CALLED 2 TIMES, CODE SIZE REDUCTION:2 WORDS
                 SUBOPT_0x4:
00037e 89a8      	LDD  R26,Y+16
00037f 89b9      	LDD  R27,Y+16+1
000380 9614      	ADIW R26,4
000381 940e 03ac 	CALL __GETW1P
000383 87ea      	STD  Y+10,R30
000384 87fb      	STD  Y+10+1,R31
000385 9508      	RET
                 
                 ;OPTIMIZER ADDED SUBROUTINE, CALLED 2 TIMES, CODE SIZE REDUCTION:1 WORDS
                 SUBOPT_0x5:
000386 01de      	MOVW R26,R28
000387 961c      	ADIW R26,12
000388 940e 03a4 	CALL __ADDW2R15
00038a 940e 03ac 	CALL __GETW1P
00038c 9508      	RET
                 
                 ;OPTIMIZER ADDED SUBROUTINE, CALLED 2 TIMES, CODE SIZE REDUCTION:1 WORDS
                 SUBOPT_0x6:
00038d 940e 02d0 	CALL __lcd_write_data
00038f e0a3      	LDI  R26,LOW(3)
000390 e0b0      	LDI  R27,0
000391 940c 039a 	JMP  _delay_ms
                 
                 ;OPTIMIZER ADDED SUBROUTINE, CALLED 3 TIMES, CODE SIZE REDUCTION:5 WORDS
                 SUBOPT_0x7:
000393 e3a0      	LDI  R26,LOW(48)
000394 940e 02bc 	CALL __lcd_write_nibble_G101
                +
000396 e281     +LDI R24 , LOW ( 33 )
                +__DELAY_USB_LOOP :
000397 958a     +DEC R24
000398 f7f1     +BRNE __DELAY_USB_LOOP
                 	__DELAY_USB 33
000399 9508      	RET
                 
                 
                 	.CSEG
                 _delay_ms:
00039a 9610      	adiw r26,0
00039b f039      	breq __delay_ms1
                 __delay_ms0:
00039c 95a8      	wdr
                +
00039d ef8a     +LDI R24 , LOW ( 0xFA )
00039e e090     +LDI R25 , HIGH ( 0xFA )
                +__DELAY_USW_LOOP :
00039f 9701     +SBIW R24 , 1
0003a0 f7f1     +BRNE __DELAY_USW_LOOP
                 	__DELAY_USW 0xFA
0003a1 9711      	sbiw r26,1
0003a2 f7c9      	brne __delay_ms0
                 __delay_ms1:
0003a3 9508      	ret
                 
                 __ADDW2R15:
0003a4 2400      	CLR  R0
0003a5 0daf      	ADD  R26,R15
0003a6 1db0      	ADC  R27,R0
0003a7 9508      	RET
                 
                 __ANEGW1:
0003a8 95f1      	NEG  R31
0003a9 95e1      	NEG  R30
0003aa 40f0      	SBCI R31,0
0003ab 9508      	RET
                 
                 __GETW1P:
0003ac 91ed      	LD   R30,X+
0003ad 91fc      	LD   R31,X
0003ae 9711      	SBIW R26,1
0003af 9508      	RET
                 
                 __GETW1PF:
0003b0 9005      	LPM  R0,Z+
0003b1 91f4      	LPM  R31,Z
0003b2 2de0      	MOV  R30,R0
0003b3 9508      	RET
                 
                 __PUTPARD1:
0003b4 937a      	ST   -Y,R23
0003b5 936a      	ST   -Y,R22
0003b6 93fa      	ST   -Y,R31
0003b7 93ea      	ST   -Y,R30
0003b8 9508      	RET
                 
                 __SAVELOCR6:
0003b9 935a      	ST   -Y,R21
                 __SAVELOCR5:
0003ba 934a      	ST   -Y,R20
                 __SAVELOCR4:
0003bb 933a      	ST   -Y,R19
                 __SAVELOCR3:
0003bc 932a      	ST   -Y,R18
                 __SAVELOCR2:
0003bd 931a      	ST   -Y,R17
0003be 930a      	ST   -Y,R16
0003bf 9508      	RET
                 
                 __LOADLOCR6:
0003c0 815d      	LDD  R21,Y+5
                 __LOADLOCR5:
0003c1 814c      	LDD  R20,Y+4
                 __LOADLOCR4:
0003c2 813b      	LDD  R19,Y+3
                 __LOADLOCR3:
0003c3 812a      	LDD  R18,Y+2
                 __LOADLOCR2:
0003c4 8119      	LDD  R17,Y+1
0003c5 8108      	LD   R16,Y
0003c6 9508      	RET
                 
                 ;END OF CODE MARKER
                 __END_OF_CODE:


RESOURCE USE INFORMATION
------------------------

Notice:
The register and instruction counts are symbol table hit counts,
and hence implicitly used resources are not counted, eg, the
'lpm' instruction without operands implicitly uses r0 and z,
none of which are counted.

x,y,z are separate entities in the symbol table and are
counted separately from r26..r31 here.

.dseg memory usage only counts static data declared with .byte

ATmega32 register use summary:
r0 :  11 r1 :   1 r2 :   0 r3 :   0 r4 :   2 r5 :   0 r6 :   4 r7 :   4 
r8 :   0 r9 :   2 r10:   0 r11:   0 r12:   0 r13:   0 r14:   0 r15:   4 
r16:  34 r17:  25 r18:  29 r19:   8 r20:   9 r21:  17 r22:   6 r23:   2 
r24:  23 r25:   3 r26: 109 r27:  44 r28:  17 r29:   1 r30: 226 r31:  62 
x  :  23 y  : 184 z  :  15 
Registers used: 26 out of 35 (74.3%)

ATmega32 instruction use summary:
.lds  :   0 .lds.l:   0 .sts  :   0 .sts.l:   0 adc   :   1 add   :   3 
adiw  :  25 and   :   0 andi  :   6 asr   :   0 bclr  :   0 bld   :   0 
brbc  :   0 brbs  :   0 brcc  :   0 brcs  :   0 break :   0 breq  :  17 
brge  :   0 brhc  :   0 brhs  :   0 brid  :   0 brie  :   0 brlo  :   8 
brlt  :   0 brmi  :   1 brne  :  32 brpl  :   1 brsh  :   2 brtc  :   0 
brts  :   0 brvc  :   0 brvs  :   0 bset  :   0 bst   :   0 call  :  53 
cbi   :   7 cbr   :   0 clc   :   0 clh   :   0 cli   :   1 cln   :   0 
clr   :  10 cls   :   0 clt   :   0 clv   :   0 clz   :   0 com   :   0 
cp    :   4 cpc   :   2 cpi   :  33 cpse  :   0 dec   :   7 des   :   0 
eor   :   3 fmul  :   0 fmuls :   0 fmulsu:   0 icall :   2 ijmp  :   0 
in    :   6 inc   :   2 jmp   :  23 ld    :  34 ldd   :  77 ldi   : 108 
lds   :   4 lpm   :  14 lsl   :   0 lsr   :   0 mov   :  17 movw  :  18 
mul   :   1 muls  :   0 mulsu :   0 neg   :   2 nop   :   0 or    :   1 
ori   :   8 out   :  46 pop   :   1 push  :   1 rcall :  14 ret   :  24 
reti  :   2 rjmp  :  63 rol   :   0 ror   :   0 sbc   :   1 sbci  :   2 
sbi   :   7 sbic  :   1 sbis  :   1 sbiw  :  19 sbr   :   0 sbrc  :   2 
sbrs  :  10 sec   :   0 seh   :   0 sei   :   1 sen   :   0 ser   :   0 
ses   :   0 set   :   0 sev   :   0 sez   :   0 sleep :   0 spm   :   0 
st    :  68 std   :  31 sts   :   4 sub   :   1 subi  :  16 swap  :   1 
tst   :   4 wdr   :   1 
Instructions used: 58 out of 116 (50.0%)

ATmega32 memory use summary [bytes]:
Segment   Begin    End      Code   Data   Used    Size   Use%
---------------------------------------------------------------
[.cseg] 0x000000 0x00078e   1872     62   1934   32768   5.9%
[.dseg] 0x000060 0x000266      0      6      6    2048   0.3%
[.eseg] 0x000000 0x000000      0      0      0    1024   0.0%

Assembly complete, 0 errors, 7 warnings
